[2025-11-05T00:01:33.824+0000] {processor.py:161} INFO - Started process (PID=8505) to work on /opt/airflow/dags/qi_refresh_us.py
[2025-11-05T00:01:33.825+0000] {processor.py:830} INFO - Processing file /opt/airflow/dags/qi_refresh_us.py for tasks to queue
[2025-11-05T00:01:33.826+0000] {logging_mixin.py:188} INFO - [2025-11-05T00:01:33.826+0000] {dagbag.py:545} INFO - Filling up the DagBag from /opt/airflow/dags/qi_refresh_us.py
[2025-11-05T00:01:34.376+0000] {processor.py:840} INFO - DAG(s) 'refresh_us_dag' retrieved from /opt/airflow/dags/qi_refresh_us.py
[2025-11-05T00:01:34.395+0000] {logging_mixin.py:188} INFO - [2025-11-05T00:01:34.395+0000] {dag.py:3089} INFO - Sync 1 DAGs
[2025-11-05T00:01:34.406+0000] {logging_mixin.py:188} INFO - [2025-11-05T00:01:34.406+0000] {dag.py:3947} INFO - Setting next_dagrun for refresh_us_dag to 2025-10-31 19:30:00+00:00, run_after=2025-11-07 19:30:00+00:00
[2025-11-05T00:01:34.418+0000] {processor.py:183} INFO - Processing /opt/airflow/dags/qi_refresh_us.py took 0.597 seconds
[2025-11-05T00:17:03.612+0000] {processor.py:161} INFO - Started process (PID=8508) to work on /opt/airflow/dags/qi_refresh_us.py
[2025-11-05T00:17:03.612+0000] {processor.py:830} INFO - Processing file /opt/airflow/dags/qi_refresh_us.py for tasks to queue
[2025-11-05T00:17:03.615+0000] {logging_mixin.py:188} INFO - [2025-11-05T00:17:03.615+0000] {dagbag.py:545} INFO - Filling up the DagBag from /opt/airflow/dags/qi_refresh_us.py
[2025-11-05T00:17:04.168+0000] {processor.py:840} INFO - DAG(s) 'refresh_us_dag' retrieved from /opt/airflow/dags/qi_refresh_us.py
[2025-11-05T00:17:04.184+0000] {logging_mixin.py:188} INFO - [2025-11-05T00:17:04.184+0000] {dag.py:3089} INFO - Sync 1 DAGs
[2025-11-05T00:17:04.195+0000] {logging_mixin.py:188} INFO - [2025-11-05T00:17:04.195+0000] {dag.py:3947} INFO - Setting next_dagrun for refresh_us_dag to 2025-10-31 19:30:00+00:00, run_after=2025-11-07 19:30:00+00:00
[2025-11-05T00:17:04.206+0000] {processor.py:183} INFO - Processing /opt/airflow/dags/qi_refresh_us.py took 0.598 seconds
[2025-11-05T00:32:34.163+0000] {processor.py:161} INFO - Started process (PID=8511) to work on /opt/airflow/dags/qi_refresh_us.py
[2025-11-05T00:32:34.165+0000] {processor.py:830} INFO - Processing file /opt/airflow/dags/qi_refresh_us.py for tasks to queue
[2025-11-05T00:32:34.165+0000] {logging_mixin.py:188} INFO - [2025-11-05T00:32:34.165+0000] {dagbag.py:545} INFO - Filling up the DagBag from /opt/airflow/dags/qi_refresh_us.py
[2025-11-05T00:32:34.786+0000] {processor.py:840} INFO - DAG(s) 'refresh_us_dag' retrieved from /opt/airflow/dags/qi_refresh_us.py
[2025-11-05T00:32:34.806+0000] {logging_mixin.py:188} INFO - [2025-11-05T00:32:34.806+0000] {dag.py:3089} INFO - Sync 1 DAGs
[2025-11-05T00:32:34.818+0000] {logging_mixin.py:188} INFO - [2025-11-05T00:32:34.818+0000] {dag.py:3947} INFO - Setting next_dagrun for refresh_us_dag to 2025-10-31 19:30:00+00:00, run_after=2025-11-07 19:30:00+00:00
[2025-11-05T00:32:34.830+0000] {processor.py:183} INFO - Processing /opt/airflow/dags/qi_refresh_us.py took 0.671 seconds
[2025-11-05T01:02:35.534+0000] {processor.py:161} INFO - Started process (PID=8514) to work on /opt/airflow/dags/qi_refresh_us.py
[2025-11-05T01:02:35.535+0000] {processor.py:830} INFO - Processing file /opt/airflow/dags/qi_refresh_us.py for tasks to queue
[2025-11-05T01:02:35.537+0000] {logging_mixin.py:188} INFO - [2025-11-05T01:02:35.537+0000] {dagbag.py:545} INFO - Filling up the DagBag from /opt/airflow/dags/qi_refresh_us.py
[2025-11-05T01:02:36.141+0000] {processor.py:840} INFO - DAG(s) 'refresh_us_dag' retrieved from /opt/airflow/dags/qi_refresh_us.py
[2025-11-05T01:02:36.164+0000] {logging_mixin.py:188} INFO - [2025-11-05T01:02:36.164+0000] {dag.py:3089} INFO - Sync 1 DAGs
[2025-11-05T01:02:36.177+0000] {logging_mixin.py:188} INFO - [2025-11-05T01:02:36.177+0000] {dag.py:3947} INFO - Setting next_dagrun for refresh_us_dag to 2025-10-31 19:30:00+00:00, run_after=2025-11-07 19:30:00+00:00
[2025-11-05T01:02:36.189+0000] {processor.py:183} INFO - Processing /opt/airflow/dags/qi_refresh_us.py took 0.658 seconds
[2025-11-05T01:21:20.262+0000] {processor.py:161} INFO - Started process (PID=8517) to work on /opt/airflow/dags/qi_refresh_us.py
[2025-11-05T01:21:20.262+0000] {processor.py:830} INFO - Processing file /opt/airflow/dags/qi_refresh_us.py for tasks to queue
[2025-11-05T01:21:20.264+0000] {logging_mixin.py:188} INFO - [2025-11-05T01:21:20.263+0000] {dagbag.py:545} INFO - Filling up the DagBag from /opt/airflow/dags/qi_refresh_us.py
[2025-11-05T01:21:20.828+0000] {processor.py:840} INFO - DAG(s) 'refresh_us_dag' retrieved from /opt/airflow/dags/qi_refresh_us.py
[2025-11-05T01:21:20.841+0000] {logging_mixin.py:188} INFO - [2025-11-05T01:21:20.841+0000] {dag.py:3089} INFO - Sync 1 DAGs
[2025-11-05T01:21:20.851+0000] {logging_mixin.py:188} INFO - [2025-11-05T01:21:20.851+0000] {dag.py:3947} INFO - Setting next_dagrun for refresh_us_dag to 2025-10-31 19:30:00+00:00, run_after=2025-11-07 19:30:00+00:00
[2025-11-05T01:21:20.859+0000] {processor.py:183} INFO - Processing /opt/airflow/dags/qi_refresh_us.py took 0.601 seconds
[2025-11-05T01:42:03.638+0000] {processor.py:161} INFO - Started process (PID=8520) to work on /opt/airflow/dags/qi_refresh_us.py
[2025-11-05T01:42:03.638+0000] {processor.py:830} INFO - Processing file /opt/airflow/dags/qi_refresh_us.py for tasks to queue
[2025-11-05T01:42:03.639+0000] {logging_mixin.py:188} INFO - [2025-11-05T01:42:03.639+0000] {dagbag.py:545} INFO - Filling up the DagBag from /opt/airflow/dags/qi_refresh_us.py
[2025-11-05T01:42:04.244+0000] {processor.py:840} INFO - DAG(s) 'refresh_us_dag' retrieved from /opt/airflow/dags/qi_refresh_us.py
[2025-11-05T01:42:04.260+0000] {logging_mixin.py:188} INFO - [2025-11-05T01:42:04.259+0000] {dag.py:3089} INFO - Sync 1 DAGs
[2025-11-05T01:42:04.268+0000] {logging_mixin.py:188} INFO - [2025-11-05T01:42:04.268+0000] {dag.py:3947} INFO - Setting next_dagrun for refresh_us_dag to 2025-10-31 19:30:00+00:00, run_after=2025-11-07 19:30:00+00:00
[2025-11-05T01:42:04.276+0000] {processor.py:183} INFO - Processing /opt/airflow/dags/qi_refresh_us.py took 0.641 seconds
[2025-11-05T02:03:27.258+0000] {processor.py:161} INFO - Started process (PID=8523) to work on /opt/airflow/dags/qi_refresh_us.py
[2025-11-05T02:03:27.259+0000] {processor.py:830} INFO - Processing file /opt/airflow/dags/qi_refresh_us.py for tasks to queue
[2025-11-05T02:03:27.260+0000] {logging_mixin.py:188} INFO - [2025-11-05T02:03:27.260+0000] {dagbag.py:545} INFO - Filling up the DagBag from /opt/airflow/dags/qi_refresh_us.py
[2025-11-05T02:03:27.950+0000] {processor.py:840} INFO - DAG(s) 'refresh_us_dag' retrieved from /opt/airflow/dags/qi_refresh_us.py
[2025-11-05T02:03:27.972+0000] {logging_mixin.py:188} INFO - [2025-11-05T02:03:27.972+0000] {dag.py:3089} INFO - Sync 1 DAGs
[2025-11-05T02:03:27.989+0000] {logging_mixin.py:188} INFO - [2025-11-05T02:03:27.989+0000] {dag.py:3947} INFO - Setting next_dagrun for refresh_us_dag to 2025-10-31 19:30:00+00:00, run_after=2025-11-07 19:30:00+00:00
[2025-11-05T02:03:28.004+0000] {processor.py:183} INFO - Processing /opt/airflow/dags/qi_refresh_us.py took 0.750 seconds
[2025-11-05T02:18:57.213+0000] {processor.py:161} INFO - Started process (PID=8526) to work on /opt/airflow/dags/qi_refresh_us.py
[2025-11-05T02:18:57.213+0000] {processor.py:830} INFO - Processing file /opt/airflow/dags/qi_refresh_us.py for tasks to queue
[2025-11-05T02:18:57.214+0000] {logging_mixin.py:188} INFO - [2025-11-05T02:18:57.214+0000] {dagbag.py:545} INFO - Filling up the DagBag from /opt/airflow/dags/qi_refresh_us.py
[2025-11-05T02:19:01.715+0000] {processor.py:840} INFO - DAG(s) 'refresh_us_dag' retrieved from /opt/airflow/dags/qi_refresh_us.py
[2025-11-05T02:19:01.728+0000] {logging_mixin.py:188} INFO - [2025-11-05T02:19:01.728+0000] {dag.py:3089} INFO - Sync 1 DAGs
[2025-11-05T02:19:01.738+0000] {logging_mixin.py:188} INFO - [2025-11-05T02:19:01.738+0000] {dag.py:3947} INFO - Setting next_dagrun for refresh_us_dag to 2025-10-31 19:30:00+00:00, run_after=2025-11-07 19:30:00+00:00
[2025-11-05T02:19:01.748+0000] {processor.py:183} INFO - Processing /opt/airflow/dags/qi_refresh_us.py took 4.539 seconds
[2025-11-05T02:34:26.910+0000] {processor.py:161} INFO - Started process (PID=8529) to work on /opt/airflow/dags/qi_refresh_us.py
[2025-11-05T02:34:26.911+0000] {processor.py:830} INFO - Processing file /opt/airflow/dags/qi_refresh_us.py for tasks to queue
[2025-11-05T02:34:26.912+0000] {logging_mixin.py:188} INFO - [2025-11-05T02:34:26.912+0000] {dagbag.py:545} INFO - Filling up the DagBag from /opt/airflow/dags/qi_refresh_us.py
[2025-11-05T02:34:27.472+0000] {processor.py:840} INFO - DAG(s) 'refresh_us_dag' retrieved from /opt/airflow/dags/qi_refresh_us.py
[2025-11-05T02:34:27.485+0000] {logging_mixin.py:188} INFO - [2025-11-05T02:34:27.485+0000] {dag.py:3089} INFO - Sync 1 DAGs
[2025-11-05T02:34:27.495+0000] {logging_mixin.py:188} INFO - [2025-11-05T02:34:27.495+0000] {dag.py:3947} INFO - Setting next_dagrun for refresh_us_dag to 2025-10-31 19:30:00+00:00, run_after=2025-11-07 19:30:00+00:00
[2025-11-05T02:34:27.502+0000] {processor.py:183} INFO - Processing /opt/airflow/dags/qi_refresh_us.py took 0.595 seconds
[2025-11-05T03:04:28.185+0000] {processor.py:161} INFO - Started process (PID=8532) to work on /opt/airflow/dags/qi_refresh_us.py
[2025-11-05T03:04:28.186+0000] {processor.py:830} INFO - Processing file /opt/airflow/dags/qi_refresh_us.py for tasks to queue
[2025-11-05T03:04:28.187+0000] {logging_mixin.py:188} INFO - [2025-11-05T03:04:28.186+0000] {dagbag.py:545} INFO - Filling up the DagBag from /opt/airflow/dags/qi_refresh_us.py
[2025-11-05T03:04:28.736+0000] {processor.py:840} INFO - DAG(s) 'refresh_us_dag' retrieved from /opt/airflow/dags/qi_refresh_us.py
[2025-11-05T03:04:28.748+0000] {logging_mixin.py:188} INFO - [2025-11-05T03:04:28.747+0000] {dag.py:3089} INFO - Sync 1 DAGs
[2025-11-05T03:04:28.758+0000] {logging_mixin.py:188} INFO - [2025-11-05T03:04:28.758+0000] {dag.py:3947} INFO - Setting next_dagrun for refresh_us_dag to 2025-10-31 19:30:00+00:00, run_after=2025-11-07 19:30:00+00:00
[2025-11-05T03:04:28.767+0000] {processor.py:183} INFO - Processing /opt/airflow/dags/qi_refresh_us.py took 0.584 seconds
[2025-11-05T03:19:58.738+0000] {processor.py:161} INFO - Started process (PID=8535) to work on /opt/airflow/dags/qi_refresh_us.py
[2025-11-05T03:19:58.739+0000] {processor.py:830} INFO - Processing file /opt/airflow/dags/qi_refresh_us.py for tasks to queue
[2025-11-05T03:19:58.741+0000] {logging_mixin.py:188} INFO - [2025-11-05T03:19:58.740+0000] {dagbag.py:545} INFO - Filling up the DagBag from /opt/airflow/dags/qi_refresh_us.py
[2025-11-05T03:19:59.501+0000] {processor.py:840} INFO - DAG(s) 'refresh_us_dag' retrieved from /opt/airflow/dags/qi_refresh_us.py
[2025-11-05T03:19:59.545+0000] {logging_mixin.py:188} INFO - [2025-11-05T03:19:59.545+0000] {dag.py:3089} INFO - Sync 1 DAGs
[2025-11-05T03:19:59.570+0000] {logging_mixin.py:188} INFO - [2025-11-05T03:19:59.570+0000] {dag.py:3947} INFO - Setting next_dagrun for refresh_us_dag to 2025-10-31 19:30:00+00:00, run_after=2025-11-07 19:30:00+00:00
[2025-11-05T03:19:59.593+0000] {processor.py:183} INFO - Processing /opt/airflow/dags/qi_refresh_us.py took 0.858 seconds
[2025-11-05T03:35:28.891+0000] {processor.py:161} INFO - Started process (PID=8538) to work on /opt/airflow/dags/qi_refresh_us.py
[2025-11-05T03:35:28.892+0000] {processor.py:830} INFO - Processing file /opt/airflow/dags/qi_refresh_us.py for tasks to queue
[2025-11-05T03:35:28.893+0000] {logging_mixin.py:188} INFO - [2025-11-05T03:35:28.893+0000] {dagbag.py:545} INFO - Filling up the DagBag from /opt/airflow/dags/qi_refresh_us.py
[2025-11-05T03:35:29.667+0000] {processor.py:840} INFO - DAG(s) 'refresh_us_dag' retrieved from /opt/airflow/dags/qi_refresh_us.py
[2025-11-05T03:35:29.705+0000] {logging_mixin.py:188} INFO - [2025-11-05T03:35:29.705+0000] {dag.py:3089} INFO - Sync 1 DAGs
[2025-11-05T03:35:29.732+0000] {logging_mixin.py:188} INFO - [2025-11-05T03:35:29.731+0000] {dag.py:3947} INFO - Setting next_dagrun for refresh_us_dag to 2025-10-31 19:30:00+00:00, run_after=2025-11-07 19:30:00+00:00
[2025-11-05T03:35:29.763+0000] {processor.py:183} INFO - Processing /opt/airflow/dags/qi_refresh_us.py took 0.875 seconds
[2025-11-05T04:05:30.693+0000] {processor.py:161} INFO - Started process (PID=8541) to work on /opt/airflow/dags/qi_refresh_us.py
[2025-11-05T04:05:30.693+0000] {processor.py:830} INFO - Processing file /opt/airflow/dags/qi_refresh_us.py for tasks to queue
[2025-11-05T04:05:30.694+0000] {logging_mixin.py:188} INFO - [2025-11-05T04:05:30.694+0000] {dagbag.py:545} INFO - Filling up the DagBag from /opt/airflow/dags/qi_refresh_us.py
[2025-11-05T04:05:31.712+0000] {processor.py:840} INFO - DAG(s) 'refresh_us_dag' retrieved from /opt/airflow/dags/qi_refresh_us.py
[2025-11-05T04:05:31.936+0000] {logging_mixin.py:188} INFO - [2025-11-05T04:05:31.934+0000] {dag.py:3089} INFO - Sync 1 DAGs
[2025-11-05T04:05:32.170+0000] {logging_mixin.py:188} INFO - [2025-11-05T04:05:32.170+0000] {dag.py:3947} INFO - Setting next_dagrun for refresh_us_dag to 2025-10-31 19:30:00+00:00, run_after=2025-11-07 19:30:00+00:00
[2025-11-05T04:05:32.189+0000] {processor.py:183} INFO - Processing /opt/airflow/dags/qi_refresh_us.py took 1.499 seconds
[2025-11-05T04:24:24.941+0000] {processor.py:161} INFO - Started process (PID=8544) to work on /opt/airflow/dags/qi_refresh_us.py
[2025-11-05T04:24:24.941+0000] {processor.py:830} INFO - Processing file /opt/airflow/dags/qi_refresh_us.py for tasks to queue
[2025-11-05T04:24:24.943+0000] {logging_mixin.py:188} INFO - [2025-11-05T04:24:24.942+0000] {dagbag.py:545} INFO - Filling up the DagBag from /opt/airflow/dags/qi_refresh_us.py
[2025-11-05T04:24:26.349+0000] {processor.py:840} INFO - DAG(s) 'refresh_us_dag' retrieved from /opt/airflow/dags/qi_refresh_us.py
[2025-11-05T04:24:26.361+0000] {logging_mixin.py:188} INFO - [2025-11-05T04:24:26.361+0000] {dag.py:3089} INFO - Sync 1 DAGs
[2025-11-05T04:24:26.370+0000] {logging_mixin.py:188} INFO - [2025-11-05T04:24:26.370+0000] {dag.py:3947} INFO - Setting next_dagrun for refresh_us_dag to 2025-10-31 19:30:00+00:00, run_after=2025-11-07 19:30:00+00:00
[2025-11-05T04:24:26.379+0000] {processor.py:183} INFO - Processing /opt/airflow/dags/qi_refresh_us.py took 1.442 seconds
[2025-11-05T04:39:55.254+0000] {processor.py:161} INFO - Started process (PID=8547) to work on /opt/airflow/dags/qi_refresh_us.py
[2025-11-05T04:39:55.254+0000] {processor.py:830} INFO - Processing file /opt/airflow/dags/qi_refresh_us.py for tasks to queue
[2025-11-05T04:39:55.256+0000] {logging_mixin.py:188} INFO - [2025-11-05T04:39:55.256+0000] {dagbag.py:545} INFO - Filling up the DagBag from /opt/airflow/dags/qi_refresh_us.py
[2025-11-05T04:39:55.801+0000] {processor.py:840} INFO - DAG(s) 'refresh_us_dag' retrieved from /opt/airflow/dags/qi_refresh_us.py
[2025-11-05T04:39:55.814+0000] {logging_mixin.py:188} INFO - [2025-11-05T04:39:55.814+0000] {dag.py:3089} INFO - Sync 1 DAGs
[2025-11-05T04:39:55.823+0000] {logging_mixin.py:188} INFO - [2025-11-05T04:39:55.823+0000] {dag.py:3947} INFO - Setting next_dagrun for refresh_us_dag to 2025-10-31 19:30:00+00:00, run_after=2025-11-07 19:30:00+00:00
[2025-11-05T04:39:55.832+0000] {processor.py:183} INFO - Processing /opt/airflow/dags/qi_refresh_us.py took 0.582 seconds
[2025-11-05T05:06:25.333+0000] {processor.py:161} INFO - Started process (PID=8550) to work on /opt/airflow/dags/qi_refresh_us.py
[2025-11-05T05:06:25.334+0000] {processor.py:830} INFO - Processing file /opt/airflow/dags/qi_refresh_us.py for tasks to queue
[2025-11-05T05:06:25.335+0000] {logging_mixin.py:188} INFO - [2025-11-05T05:06:25.335+0000] {dagbag.py:545} INFO - Filling up the DagBag from /opt/airflow/dags/qi_refresh_us.py
[2025-11-05T05:06:26.302+0000] {processor.py:840} INFO - DAG(s) 'refresh_us_dag' retrieved from /opt/airflow/dags/qi_refresh_us.py
[2025-11-05T05:06:26.519+0000] {logging_mixin.py:188} INFO - [2025-11-05T05:06:26.518+0000] {dag.py:3089} INFO - Sync 1 DAGs
[2025-11-05T05:06:26.640+0000] {logging_mixin.py:188} INFO - [2025-11-05T05:06:26.639+0000] {dag.py:3947} INFO - Setting next_dagrun for refresh_us_dag to 2025-10-31 19:30:00+00:00, run_after=2025-11-07 19:30:00+00:00
[2025-11-05T05:06:26.739+0000] {processor.py:183} INFO - Processing /opt/airflow/dags/qi_refresh_us.py took 1.408 seconds
[2025-11-05T05:21:54.727+0000] {processor.py:161} INFO - Started process (PID=8553) to work on /opt/airflow/dags/qi_refresh_us.py
[2025-11-05T05:21:54.728+0000] {processor.py:830} INFO - Processing file /opt/airflow/dags/qi_refresh_us.py for tasks to queue
[2025-11-05T05:21:54.730+0000] {logging_mixin.py:188} INFO - [2025-11-05T05:21:54.729+0000] {dagbag.py:545} INFO - Filling up the DagBag from /opt/airflow/dags/qi_refresh_us.py
[2025-11-05T05:21:58.282+0000] {processor.py:840} INFO - DAG(s) 'refresh_us_dag' retrieved from /opt/airflow/dags/qi_refresh_us.py
[2025-11-05T05:21:58.351+0000] {logging_mixin.py:188} INFO - [2025-11-05T05:21:58.350+0000] {dag.py:3089} INFO - Sync 1 DAGs
[2025-11-05T05:21:58.392+0000] {logging_mixin.py:188} INFO - [2025-11-05T05:21:58.391+0000] {dag.py:3947} INFO - Setting next_dagrun for refresh_us_dag to 2025-10-31 19:30:00+00:00, run_after=2025-11-07 19:30:00+00:00
[2025-11-05T05:21:58.435+0000] {processor.py:183} INFO - Processing /opt/airflow/dags/qi_refresh_us.py took 3.714 seconds
[2025-11-05T05:37:25.664+0000] {processor.py:161} INFO - Started process (PID=8556) to work on /opt/airflow/dags/qi_refresh_us.py
[2025-11-05T05:37:25.665+0000] {processor.py:830} INFO - Processing file /opt/airflow/dags/qi_refresh_us.py for tasks to queue
[2025-11-05T05:37:25.666+0000] {logging_mixin.py:188} INFO - [2025-11-05T05:37:25.666+0000] {dagbag.py:545} INFO - Filling up the DagBag from /opt/airflow/dags/qi_refresh_us.py
[2025-11-05T05:37:26.217+0000] {processor.py:840} INFO - DAG(s) 'refresh_us_dag' retrieved from /opt/airflow/dags/qi_refresh_us.py
[2025-11-05T05:37:26.230+0000] {logging_mixin.py:188} INFO - [2025-11-05T05:37:26.230+0000] {dag.py:3089} INFO - Sync 1 DAGs
[2025-11-05T05:37:26.240+0000] {logging_mixin.py:188} INFO - [2025-11-05T05:37:26.239+0000] {dag.py:3947} INFO - Setting next_dagrun for refresh_us_dag to 2025-10-31 19:30:00+00:00, run_after=2025-11-07 19:30:00+00:00
[2025-11-05T05:37:26.247+0000] {processor.py:183} INFO - Processing /opt/airflow/dags/qi_refresh_us.py took 0.586 seconds
[2025-11-05T06:10:16.243+0000] {processor.py:161} INFO - Started process (PID=8559) to work on /opt/airflow/dags/qi_refresh_us.py
[2025-11-05T06:10:16.244+0000] {processor.py:830} INFO - Processing file /opt/airflow/dags/qi_refresh_us.py for tasks to queue
[2025-11-05T06:10:16.245+0000] {logging_mixin.py:188} INFO - [2025-11-05T06:10:16.245+0000] {dagbag.py:545} INFO - Filling up the DagBag from /opt/airflow/dags/qi_refresh_us.py
[2025-11-05T06:10:16.831+0000] {processor.py:840} INFO - DAG(s) 'refresh_us_dag' retrieved from /opt/airflow/dags/qi_refresh_us.py
[2025-11-05T06:10:16.846+0000] {logging_mixin.py:188} INFO - [2025-11-05T06:10:16.846+0000] {dag.py:3089} INFO - Sync 1 DAGs
[2025-11-05T06:10:16.858+0000] {logging_mixin.py:188} INFO - [2025-11-05T06:10:16.858+0000] {dag.py:3947} INFO - Setting next_dagrun for refresh_us_dag to 2025-10-31 19:30:00+00:00, run_after=2025-11-07 19:30:00+00:00
[2025-11-05T06:10:16.869+0000] {processor.py:183} INFO - Processing /opt/airflow/dags/qi_refresh_us.py took 0.630 seconds
[2025-11-05T06:16:03.051+0000] {processor.py:161} INFO - Started process (PID=8562) to work on /opt/airflow/dags/qi_refresh_us.py
[2025-11-05T06:16:03.052+0000] {processor.py:830} INFO - Processing file /opt/airflow/dags/qi_refresh_us.py for tasks to queue
[2025-11-05T06:16:03.053+0000] {logging_mixin.py:188} INFO - [2025-11-05T06:16:03.053+0000] {dagbag.py:545} INFO - Filling up the DagBag from /opt/airflow/dags/qi_refresh_us.py
[2025-11-05T06:16:03.627+0000] {processor.py:840} INFO - DAG(s) 'refresh_us_dag' retrieved from /opt/airflow/dags/qi_refresh_us.py
[2025-11-05T06:16:03.639+0000] {logging_mixin.py:188} INFO - [2025-11-05T06:16:03.639+0000] {dag.py:3089} INFO - Sync 1 DAGs
[2025-11-05T06:16:03.649+0000] {logging_mixin.py:188} INFO - [2025-11-05T06:16:03.649+0000] {dag.py:3947} INFO - Setting next_dagrun for refresh_us_dag to 2025-10-31 19:30:00+00:00, run_after=2025-11-07 19:30:00+00:00
[2025-11-05T06:16:03.656+0000] {processor.py:183} INFO - Processing /opt/airflow/dags/qi_refresh_us.py took 0.609 seconds
[2025-11-05T06:31:56.312+0000] {processor.py:161} INFO - Started process (PID=8565) to work on /opt/airflow/dags/qi_refresh_us.py
[2025-11-05T06:31:56.313+0000] {processor.py:830} INFO - Processing file /opt/airflow/dags/qi_refresh_us.py for tasks to queue
[2025-11-05T06:31:56.315+0000] {logging_mixin.py:188} INFO - [2025-11-05T06:31:56.314+0000] {dagbag.py:545} INFO - Filling up the DagBag from /opt/airflow/dags/qi_refresh_us.py
[2025-11-05T06:31:57.684+0000] {processor.py:840} INFO - DAG(s) 'refresh_us_dag' retrieved from /opt/airflow/dags/qi_refresh_us.py
[2025-11-05T06:31:57.727+0000] {logging_mixin.py:188} INFO - [2025-11-05T06:31:57.726+0000] {dag.py:3089} INFO - Sync 1 DAGs
[2025-11-05T06:31:57.756+0000] {logging_mixin.py:188} INFO - [2025-11-05T06:31:57.756+0000] {dag.py:3947} INFO - Setting next_dagrun for refresh_us_dag to 2025-10-31 19:30:00+00:00, run_after=2025-11-07 19:30:00+00:00
[2025-11-05T06:31:57.780+0000] {processor.py:183} INFO - Processing /opt/airflow/dags/qi_refresh_us.py took 1.472 seconds
[2025-11-05T07:08:11.992+0000] {processor.py:161} INFO - Started process (PID=8568) to work on /opt/airflow/dags/qi_refresh_us.py
[2025-11-05T07:08:11.992+0000] {processor.py:830} INFO - Processing file /opt/airflow/dags/qi_refresh_us.py for tasks to queue
[2025-11-05T07:08:11.993+0000] {logging_mixin.py:188} INFO - [2025-11-05T07:08:11.993+0000] {dagbag.py:545} INFO - Filling up the DagBag from /opt/airflow/dags/qi_refresh_us.py
[2025-11-05T07:08:12.564+0000] {processor.py:840} INFO - DAG(s) 'refresh_us_dag' retrieved from /opt/airflow/dags/qi_refresh_us.py
[2025-11-05T07:08:12.577+0000] {logging_mixin.py:188} INFO - [2025-11-05T07:08:12.576+0000] {dag.py:3089} INFO - Sync 1 DAGs
[2025-11-05T07:08:12.585+0000] {logging_mixin.py:188} INFO - [2025-11-05T07:08:12.585+0000] {dag.py:3947} INFO - Setting next_dagrun for refresh_us_dag to 2025-10-31 19:30:00+00:00, run_after=2025-11-07 19:30:00+00:00
[2025-11-05T07:08:12.594+0000] {processor.py:183} INFO - Processing /opt/airflow/dags/qi_refresh_us.py took 0.605 seconds
[2025-11-05T07:23:42.630+0000] {processor.py:161} INFO - Started process (PID=8571) to work on /opt/airflow/dags/qi_refresh_us.py
[2025-11-05T07:23:42.631+0000] {processor.py:830} INFO - Processing file /opt/airflow/dags/qi_refresh_us.py for tasks to queue
[2025-11-05T07:23:42.632+0000] {logging_mixin.py:188} INFO - [2025-11-05T07:23:42.632+0000] {dagbag.py:545} INFO - Filling up the DagBag from /opt/airflow/dags/qi_refresh_us.py
[2025-11-05T07:23:43.189+0000] {processor.py:840} INFO - DAG(s) 'refresh_us_dag' retrieved from /opt/airflow/dags/qi_refresh_us.py
[2025-11-05T07:23:43.202+0000] {logging_mixin.py:188} INFO - [2025-11-05T07:23:43.202+0000] {dag.py:3089} INFO - Sync 1 DAGs
[2025-11-05T07:23:43.211+0000] {logging_mixin.py:188} INFO - [2025-11-05T07:23:43.211+0000] {dag.py:3947} INFO - Setting next_dagrun for refresh_us_dag to 2025-10-31 19:30:00+00:00, run_after=2025-11-07 19:30:00+00:00
[2025-11-05T07:23:43.220+0000] {processor.py:183} INFO - Processing /opt/airflow/dags/qi_refresh_us.py took 0.593 seconds
[2025-11-05T07:37:56.368+0000] {processor.py:161} INFO - Started process (PID=8574) to work on /opt/airflow/dags/qi_refresh_us.py
[2025-11-05T07:37:56.369+0000] {processor.py:830} INFO - Processing file /opt/airflow/dags/qi_refresh_us.py for tasks to queue
[2025-11-05T07:37:56.370+0000] {logging_mixin.py:188} INFO - [2025-11-05T07:37:56.370+0000] {dagbag.py:545} INFO - Filling up the DagBag from /opt/airflow/dags/qi_refresh_us.py
[2025-11-05T07:37:56.913+0000] {processor.py:840} INFO - DAG(s) 'refresh_us_dag' retrieved from /opt/airflow/dags/qi_refresh_us.py
[2025-11-05T07:37:56.926+0000] {logging_mixin.py:188} INFO - [2025-11-05T07:37:56.926+0000] {dag.py:3089} INFO - Sync 1 DAGs
[2025-11-05T07:37:56.935+0000] {logging_mixin.py:188} INFO - [2025-11-05T07:37:56.935+0000] {dag.py:3947} INFO - Setting next_dagrun for refresh_us_dag to 2025-10-31 19:30:00+00:00, run_after=2025-11-07 19:30:00+00:00
[2025-11-05T07:37:56.944+0000] {processor.py:183} INFO - Processing /opt/airflow/dags/qi_refresh_us.py took 0.579 seconds
[2025-11-05T08:04:14.164+0000] {processor.py:161} INFO - Started process (PID=8577) to work on /opt/airflow/dags/qi_refresh_us.py
[2025-11-05T08:04:14.165+0000] {processor.py:830} INFO - Processing file /opt/airflow/dags/qi_refresh_us.py for tasks to queue
[2025-11-05T08:04:14.166+0000] {logging_mixin.py:188} INFO - [2025-11-05T08:04:14.166+0000] {dagbag.py:545} INFO - Filling up the DagBag from /opt/airflow/dags/qi_refresh_us.py
[2025-11-05T08:04:14.723+0000] {processor.py:840} INFO - DAG(s) 'refresh_us_dag' retrieved from /opt/airflow/dags/qi_refresh_us.py
[2025-11-05T08:04:14.735+0000] {logging_mixin.py:188} INFO - [2025-11-05T08:04:14.735+0000] {dag.py:3089} INFO - Sync 1 DAGs
[2025-11-05T08:04:14.745+0000] {logging_mixin.py:188} INFO - [2025-11-05T08:04:14.744+0000] {dag.py:3947} INFO - Setting next_dagrun for refresh_us_dag to 2025-10-31 19:30:00+00:00, run_after=2025-11-07 19:30:00+00:00
[2025-11-05T08:04:14.753+0000] {processor.py:183} INFO - Processing /opt/airflow/dags/qi_refresh_us.py took 0.591 seconds
[2025-11-05T08:28:13.423+0000] {processor.py:161} INFO - Started process (PID=8580) to work on /opt/airflow/dags/qi_refresh_us.py
[2025-11-05T08:28:13.425+0000] {processor.py:830} INFO - Processing file /opt/airflow/dags/qi_refresh_us.py for tasks to queue
[2025-11-05T08:28:13.427+0000] {logging_mixin.py:188} INFO - [2025-11-05T08:28:13.427+0000] {dagbag.py:545} INFO - Filling up the DagBag from /opt/airflow/dags/qi_refresh_us.py
[2025-11-05T08:28:16.252+0000] {processor.py:840} INFO - DAG(s) 'refresh_us_dag' retrieved from /opt/airflow/dags/qi_refresh_us.py
[2025-11-05T08:28:16.318+0000] {logging_mixin.py:188} INFO - [2025-11-05T08:28:16.318+0000] {dag.py:3089} INFO - Sync 1 DAGs
[2025-11-05T08:28:16.363+0000] {logging_mixin.py:188} INFO - [2025-11-05T08:28:16.362+0000] {dag.py:3947} INFO - Setting next_dagrun for refresh_us_dag to 2025-10-31 19:30:00+00:00, run_after=2025-11-07 19:30:00+00:00
[2025-11-05T08:28:16.410+0000] {processor.py:183} INFO - Processing /opt/airflow/dags/qi_refresh_us.py took 2.994 seconds
[2025-11-05T08:43:45.363+0000] {processor.py:161} INFO - Started process (PID=8583) to work on /opt/airflow/dags/qi_refresh_us.py
[2025-11-05T08:43:45.364+0000] {processor.py:830} INFO - Processing file /opt/airflow/dags/qi_refresh_us.py for tasks to queue
[2025-11-05T08:43:45.365+0000] {logging_mixin.py:188} INFO - [2025-11-05T08:43:45.365+0000] {dagbag.py:545} INFO - Filling up the DagBag from /opt/airflow/dags/qi_refresh_us.py
[2025-11-05T08:43:45.939+0000] {processor.py:840} INFO - DAG(s) 'refresh_us_dag' retrieved from /opt/airflow/dags/qi_refresh_us.py
[2025-11-05T08:43:45.952+0000] {logging_mixin.py:188} INFO - [2025-11-05T08:43:45.952+0000] {dag.py:3089} INFO - Sync 1 DAGs
[2025-11-05T08:43:45.961+0000] {logging_mixin.py:188} INFO - [2025-11-05T08:43:45.961+0000] {dag.py:3947} INFO - Setting next_dagrun for refresh_us_dag to 2025-10-31 19:30:00+00:00, run_after=2025-11-07 19:30:00+00:00
[2025-11-05T08:43:45.969+0000] {processor.py:183} INFO - Processing /opt/airflow/dags/qi_refresh_us.py took 0.609 seconds
[2025-11-05T09:09:26.074+0000] {processor.py:161} INFO - Started process (PID=8586) to work on /opt/airflow/dags/qi_refresh_us.py
[2025-11-05T09:09:26.074+0000] {processor.py:830} INFO - Processing file /opt/airflow/dags/qi_refresh_us.py for tasks to queue
[2025-11-05T09:09:26.075+0000] {logging_mixin.py:188} INFO - [2025-11-05T09:09:26.075+0000] {dagbag.py:545} INFO - Filling up the DagBag from /opt/airflow/dags/qi_refresh_us.py
[2025-11-05T09:09:26.623+0000] {processor.py:840} INFO - DAG(s) 'refresh_us_dag' retrieved from /opt/airflow/dags/qi_refresh_us.py
[2025-11-05T09:09:26.635+0000] {logging_mixin.py:188} INFO - [2025-11-05T09:09:26.635+0000] {dag.py:3089} INFO - Sync 1 DAGs
[2025-11-05T09:09:26.644+0000] {logging_mixin.py:188} INFO - [2025-11-05T09:09:26.644+0000] {dag.py:3947} INFO - Setting next_dagrun for refresh_us_dag to 2025-10-31 19:30:00+00:00, run_after=2025-11-07 19:30:00+00:00
[2025-11-05T09:09:26.651+0000] {processor.py:183} INFO - Processing /opt/airflow/dags/qi_refresh_us.py took 0.581 seconds
[2025-11-05T09:24:55.978+0000] {processor.py:161} INFO - Started process (PID=8589) to work on /opt/airflow/dags/qi_refresh_us.py
[2025-11-05T09:24:55.979+0000] {processor.py:830} INFO - Processing file /opt/airflow/dags/qi_refresh_us.py for tasks to queue
[2025-11-05T09:24:55.980+0000] {logging_mixin.py:188} INFO - [2025-11-05T09:24:55.980+0000] {dagbag.py:545} INFO - Filling up the DagBag from /opt/airflow/dags/qi_refresh_us.py
[2025-11-05T09:24:56.545+0000] {processor.py:840} INFO - DAG(s) 'refresh_us_dag' retrieved from /opt/airflow/dags/qi_refresh_us.py
[2025-11-05T09:24:56.558+0000] {logging_mixin.py:188} INFO - [2025-11-05T09:24:56.557+0000] {dag.py:3089} INFO - Sync 1 DAGs
[2025-11-05T09:24:56.695+0000] {logging_mixin.py:188} INFO - [2025-11-05T09:24:56.694+0000] {dag.py:3947} INFO - Setting next_dagrun for refresh_us_dag to 2025-10-31 19:30:00+00:00, run_after=2025-11-07 19:30:00+00:00
[2025-11-05T09:24:56.800+0000] {processor.py:183} INFO - Processing /opt/airflow/dags/qi_refresh_us.py took 0.825 seconds
[2025-11-05T09:53:21.961+0000] {processor.py:161} INFO - Started process (PID=8592) to work on /opt/airflow/dags/qi_refresh_us.py
[2025-11-05T09:53:21.961+0000] {processor.py:830} INFO - Processing file /opt/airflow/dags/qi_refresh_us.py for tasks to queue
[2025-11-05T09:53:21.962+0000] {logging_mixin.py:188} INFO - [2025-11-05T09:53:21.962+0000] {dagbag.py:545} INFO - Filling up the DagBag from /opt/airflow/dags/qi_refresh_us.py
[2025-11-05T09:53:22.702+0000] {processor.py:840} INFO - DAG(s) 'refresh_us_dag' retrieved from /opt/airflow/dags/qi_refresh_us.py
[2025-11-05T09:53:22.718+0000] {logging_mixin.py:188} INFO - [2025-11-05T09:53:22.718+0000] {dag.py:3089} INFO - Sync 1 DAGs
[2025-11-05T09:53:22.729+0000] {logging_mixin.py:188} INFO - [2025-11-05T09:53:22.728+0000] {dag.py:3947} INFO - Setting next_dagrun for refresh_us_dag to 2025-10-31 19:30:00+00:00, run_after=2025-11-07 19:30:00+00:00
[2025-11-05T09:53:22.739+0000] {processor.py:183} INFO - Processing /opt/airflow/dags/qi_refresh_us.py took 0.782 seconds
[2025-11-05T10:10:33.908+0000] {processor.py:161} INFO - Started process (PID=8595) to work on /opt/airflow/dags/qi_refresh_us.py
[2025-11-05T10:10:33.908+0000] {processor.py:830} INFO - Processing file /opt/airflow/dags/qi_refresh_us.py for tasks to queue
[2025-11-05T10:10:33.909+0000] {logging_mixin.py:188} INFO - [2025-11-05T10:10:33.909+0000] {dagbag.py:545} INFO - Filling up the DagBag from /opt/airflow/dags/qi_refresh_us.py
[2025-11-05T10:10:34.473+0000] {processor.py:840} INFO - DAG(s) 'refresh_us_dag' retrieved from /opt/airflow/dags/qi_refresh_us.py
[2025-11-05T10:10:34.485+0000] {logging_mixin.py:188} INFO - [2025-11-05T10:10:34.485+0000] {dag.py:3089} INFO - Sync 1 DAGs
[2025-11-05T10:10:34.495+0000] {logging_mixin.py:188} INFO - [2025-11-05T10:10:34.495+0000] {dag.py:3947} INFO - Setting next_dagrun for refresh_us_dag to 2025-10-31 19:30:00+00:00, run_after=2025-11-07 19:30:00+00:00
[2025-11-05T10:10:34.503+0000] {processor.py:183} INFO - Processing /opt/airflow/dags/qi_refresh_us.py took 0.599 seconds
[2025-11-05T10:33:00.331+0000] {processor.py:161} INFO - Started process (PID=8598) to work on /opt/airflow/dags/qi_refresh_us.py
[2025-11-05T10:33:00.335+0000] {processor.py:830} INFO - Processing file /opt/airflow/dags/qi_refresh_us.py for tasks to queue
[2025-11-05T10:33:00.341+0000] {logging_mixin.py:188} INFO - [2025-11-05T10:33:00.341+0000] {dagbag.py:545} INFO - Filling up the DagBag from /opt/airflow/dags/qi_refresh_us.py
[2025-11-05T10:33:05.512+0000] {processor.py:840} INFO - DAG(s) 'refresh_us_dag' retrieved from /opt/airflow/dags/qi_refresh_us.py
[2025-11-05T10:33:05.570+0000] {logging_mixin.py:188} INFO - [2025-11-05T10:33:05.568+0000] {dag.py:3089} INFO - Sync 1 DAGs
[2025-11-05T10:33:05.619+0000] {logging_mixin.py:188} INFO - [2025-11-05T10:33:05.619+0000] {dag.py:3947} INFO - Setting next_dagrun for refresh_us_dag to 2025-10-31 19:30:00+00:00, run_after=2025-11-07 19:30:00+00:00
[2025-11-05T10:33:05.664+0000] {processor.py:183} INFO - Processing /opt/airflow/dags/qi_refresh_us.py took 5.344 seconds
[2025-11-05T10:50:53.617+0000] {processor.py:161} INFO - Started process (PID=8601) to work on /opt/airflow/dags/qi_refresh_us.py
[2025-11-05T10:50:53.620+0000] {processor.py:830} INFO - Processing file /opt/airflow/dags/qi_refresh_us.py for tasks to queue
[2025-11-05T10:50:53.625+0000] {logging_mixin.py:188} INFO - [2025-11-05T10:50:53.624+0000] {dagbag.py:545} INFO - Filling up the DagBag from /opt/airflow/dags/qi_refresh_us.py
[2025-11-05T10:50:55.000+0000] {processor.py:840} INFO - DAG(s) 'refresh_us_dag' retrieved from /opt/airflow/dags/qi_refresh_us.py
[2025-11-05T10:50:55.014+0000] {logging_mixin.py:188} INFO - [2025-11-05T10:50:55.013+0000] {dag.py:3089} INFO - Sync 1 DAGs
[2025-11-05T10:50:55.023+0000] {logging_mixin.py:188} INFO - [2025-11-05T10:50:55.023+0000] {dag.py:3947} INFO - Setting next_dagrun for refresh_us_dag to 2025-10-31 19:30:00+00:00, run_after=2025-11-07 19:30:00+00:00
[2025-11-05T10:50:55.032+0000] {processor.py:183} INFO - Processing /opt/airflow/dags/qi_refresh_us.py took 1.426 seconds
[2025-11-05T10:52:29.671+0000] {processor.py:161} INFO - Started process (PID=8604) to work on /opt/airflow/dags/qi_refresh_us.py
[2025-11-05T10:52:29.671+0000] {processor.py:830} INFO - Processing file /opt/airflow/dags/qi_refresh_us.py for tasks to queue
[2025-11-05T10:52:29.673+0000] {logging_mixin.py:188} INFO - [2025-11-05T10:52:29.673+0000] {dagbag.py:545} INFO - Filling up the DagBag from /opt/airflow/dags/qi_refresh_us.py
[2025-11-05T10:52:30.369+0000] {processor.py:840} INFO - DAG(s) 'refresh_us_dag' retrieved from /opt/airflow/dags/qi_refresh_us.py
[2025-11-05T10:52:30.385+0000] {logging_mixin.py:188} INFO - [2025-11-05T10:52:30.385+0000] {dag.py:3089} INFO - Sync 1 DAGs
[2025-11-05T10:52:30.395+0000] {logging_mixin.py:188} INFO - [2025-11-05T10:52:30.395+0000] {dag.py:3947} INFO - Setting next_dagrun for refresh_us_dag to 2025-10-31 19:30:00+00:00, run_after=2025-11-07 19:30:00+00:00
[2025-11-05T10:52:30.403+0000] {processor.py:183} INFO - Processing /opt/airflow/dags/qi_refresh_us.py took 0.736 seconds
[2025-11-05T10:53:13.491+0000] {processor.py:161} INFO - Started process (PID=8607) to work on /opt/airflow/dags/qi_refresh_us.py
[2025-11-05T10:53:13.493+0000] {processor.py:830} INFO - Processing file /opt/airflow/dags/qi_refresh_us.py for tasks to queue
[2025-11-05T10:53:13.496+0000] {logging_mixin.py:188} INFO - [2025-11-05T10:53:13.496+0000] {dagbag.py:545} INFO - Filling up the DagBag from /opt/airflow/dags/qi_refresh_us.py
[2025-11-05T10:53:14.221+0000] {processor.py:840} INFO - DAG(s) 'refresh_us_dag' retrieved from /opt/airflow/dags/qi_refresh_us.py
[2025-11-05T10:53:14.234+0000] {logging_mixin.py:188} INFO - [2025-11-05T10:53:14.234+0000] {dag.py:3089} INFO - Sync 1 DAGs
[2025-11-05T10:53:14.244+0000] {logging_mixin.py:188} INFO - [2025-11-05T10:53:14.243+0000] {dag.py:3947} INFO - Setting next_dagrun for refresh_us_dag to 2025-10-31 19:30:00+00:00, run_after=2025-11-07 19:30:00+00:00
[2025-11-05T10:53:14.252+0000] {processor.py:183} INFO - Processing /opt/airflow/dags/qi_refresh_us.py took 0.768 seconds
[2025-11-05T10:54:30.906+0000] {processor.py:161} INFO - Started process (PID=8610) to work on /opt/airflow/dags/qi_refresh_us.py
[2025-11-05T10:54:30.907+0000] {processor.py:830} INFO - Processing file /opt/airflow/dags/qi_refresh_us.py for tasks to queue
[2025-11-05T10:54:30.909+0000] {logging_mixin.py:188} INFO - [2025-11-05T10:54:30.909+0000] {dagbag.py:545} INFO - Filling up the DagBag from /opt/airflow/dags/qi_refresh_us.py
[2025-11-05T10:54:31.649+0000] {processor.py:840} INFO - DAG(s) 'refresh_us_dag' retrieved from /opt/airflow/dags/qi_refresh_us.py
[2025-11-05T10:54:31.664+0000] {logging_mixin.py:188} INFO - [2025-11-05T10:54:31.664+0000] {dag.py:3089} INFO - Sync 1 DAGs
[2025-11-05T10:54:31.674+0000] {logging_mixin.py:188} INFO - [2025-11-05T10:54:31.674+0000] {dag.py:3947} INFO - Setting next_dagrun for refresh_us_dag to 2025-10-31 19:30:00+00:00, run_after=2025-11-07 19:30:00+00:00
[2025-11-05T10:54:31.686+0000] {processor.py:183} INFO - Processing /opt/airflow/dags/qi_refresh_us.py took 0.785 seconds
[2025-11-05T10:57:01.143+0000] {processor.py:161} INFO - Started process (PID=8613) to work on /opt/airflow/dags/qi_refresh_us.py
[2025-11-05T10:57:01.143+0000] {processor.py:830} INFO - Processing file /opt/airflow/dags/qi_refresh_us.py for tasks to queue
[2025-11-05T10:57:01.145+0000] {logging_mixin.py:188} INFO - [2025-11-05T10:57:01.144+0000] {dagbag.py:545} INFO - Filling up the DagBag from /opt/airflow/dags/qi_refresh_us.py
[2025-11-05T10:57:01.989+0000] {processor.py:840} INFO - DAG(s) 'refresh_us_dag' retrieved from /opt/airflow/dags/qi_refresh_us.py
[2025-11-05T10:57:02.010+0000] {logging_mixin.py:188} INFO - [2025-11-05T10:57:02.010+0000] {dag.py:3089} INFO - Sync 1 DAGs
[2025-11-05T10:57:02.023+0000] {logging_mixin.py:188} INFO - [2025-11-05T10:57:02.023+0000] {dag.py:3947} INFO - Setting next_dagrun for refresh_us_dag to 2025-10-31 19:30:00+00:00, run_after=2025-11-07 19:30:00+00:00
[2025-11-05T10:57:02.032+0000] {processor.py:183} INFO - Processing /opt/airflow/dags/qi_refresh_us.py took 0.893 seconds
[2025-11-05T11:12:43.126+0000] {processor.py:161} INFO - Started process (PID=8616) to work on /opt/airflow/dags/qi_refresh_us.py
[2025-11-05T11:12:43.127+0000] {processor.py:830} INFO - Processing file /opt/airflow/dags/qi_refresh_us.py for tasks to queue
[2025-11-05T11:12:43.128+0000] {logging_mixin.py:188} INFO - [2025-11-05T11:12:43.128+0000] {dagbag.py:545} INFO - Filling up the DagBag from /opt/airflow/dags/qi_refresh_us.py
[2025-11-05T11:12:43.687+0000] {processor.py:840} INFO - DAG(s) 'refresh_us_dag' retrieved from /opt/airflow/dags/qi_refresh_us.py
[2025-11-05T11:12:43.704+0000] {logging_mixin.py:188} INFO - [2025-11-05T11:12:43.703+0000] {dag.py:3089} INFO - Sync 1 DAGs
[2025-11-05T11:12:43.713+0000] {logging_mixin.py:188} INFO - [2025-11-05T11:12:43.713+0000] {dag.py:3947} INFO - Setting next_dagrun for refresh_us_dag to 2025-10-31 19:30:00+00:00, run_after=2025-11-07 19:30:00+00:00
[2025-11-05T11:12:43.722+0000] {processor.py:183} INFO - Processing /opt/airflow/dags/qi_refresh_us.py took 0.599 seconds
[2025-11-05T11:28:11.885+0000] {processor.py:161} INFO - Started process (PID=8619) to work on /opt/airflow/dags/qi_refresh_us.py
[2025-11-05T11:28:11.886+0000] {processor.py:830} INFO - Processing file /opt/airflow/dags/qi_refresh_us.py for tasks to queue
[2025-11-05T11:28:11.888+0000] {logging_mixin.py:188} INFO - [2025-11-05T11:28:11.888+0000] {dagbag.py:545} INFO - Filling up the DagBag from /opt/airflow/dags/qi_refresh_us.py
[2025-11-05T11:28:12.503+0000] {processor.py:840} INFO - DAG(s) 'refresh_us_dag' retrieved from /opt/airflow/dags/qi_refresh_us.py
[2025-11-05T11:28:12.515+0000] {logging_mixin.py:188} INFO - [2025-11-05T11:28:12.515+0000] {dag.py:3089} INFO - Sync 1 DAGs
[2025-11-05T11:28:12.523+0000] {logging_mixin.py:188} INFO - [2025-11-05T11:28:12.523+0000] {dag.py:3947} INFO - Setting next_dagrun for refresh_us_dag to 2025-10-31 19:30:00+00:00, run_after=2025-11-07 19:30:00+00:00
[2025-11-05T11:28:12.535+0000] {processor.py:183} INFO - Processing /opt/airflow/dags/qi_refresh_us.py took 0.653 seconds
[2025-11-05T11:53:52.455+0000] {processor.py:161} INFO - Started process (PID=8622) to work on /opt/airflow/dags/qi_refresh_us.py
[2025-11-05T11:53:52.456+0000] {processor.py:830} INFO - Processing file /opt/airflow/dags/qi_refresh_us.py for tasks to queue
[2025-11-05T11:53:52.457+0000] {logging_mixin.py:188} INFO - [2025-11-05T11:53:52.457+0000] {dagbag.py:545} INFO - Filling up the DagBag from /opt/airflow/dags/qi_refresh_us.py
[2025-11-05T11:53:53.174+0000] {processor.py:840} INFO - DAG(s) 'refresh_us_dag' retrieved from /opt/airflow/dags/qi_refresh_us.py
[2025-11-05T11:53:53.193+0000] {logging_mixin.py:188} INFO - [2025-11-05T11:53:53.192+0000] {dag.py:3089} INFO - Sync 1 DAGs
[2025-11-05T11:53:53.208+0000] {logging_mixin.py:188} INFO - [2025-11-05T11:53:53.208+0000] {dag.py:3947} INFO - Setting next_dagrun for refresh_us_dag to 2025-10-31 19:30:00+00:00, run_after=2025-11-07 19:30:00+00:00
[2025-11-05T11:53:53.219+0000] {processor.py:183} INFO - Processing /opt/airflow/dags/qi_refresh_us.py took 0.767 seconds
[2025-11-05T12:11:49.166+0000] {processor.py:161} INFO - Started process (PID=8625) to work on /opt/airflow/dags/qi_refresh_us.py
[2025-11-05T12:11:49.166+0000] {processor.py:830} INFO - Processing file /opt/airflow/dags/qi_refresh_us.py for tasks to queue
[2025-11-05T12:11:49.167+0000] {logging_mixin.py:188} INFO - [2025-11-05T12:11:49.167+0000] {dagbag.py:545} INFO - Filling up the DagBag from /opt/airflow/dags/qi_refresh_us.py
[2025-11-05T12:11:49.877+0000] {processor.py:840} INFO - DAG(s) 'refresh_us_dag' retrieved from /opt/airflow/dags/qi_refresh_us.py
[2025-11-05T12:11:49.891+0000] {logging_mixin.py:188} INFO - [2025-11-05T12:11:49.891+0000] {dag.py:3089} INFO - Sync 1 DAGs
[2025-11-05T12:11:49.901+0000] {logging_mixin.py:188} INFO - [2025-11-05T12:11:49.901+0000] {dag.py:3947} INFO - Setting next_dagrun for refresh_us_dag to 2025-10-31 19:30:00+00:00, run_after=2025-11-07 19:30:00+00:00
[2025-11-05T12:11:49.914+0000] {processor.py:183} INFO - Processing /opt/airflow/dags/qi_refresh_us.py took 0.751 seconds
[2025-11-05T12:42:21.943+0000] {processor.py:161} INFO - Started process (PID=8628) to work on /opt/airflow/dags/qi_refresh_us.py
[2025-11-05T12:42:21.944+0000] {processor.py:830} INFO - Processing file /opt/airflow/dags/qi_refresh_us.py for tasks to queue
[2025-11-05T12:42:21.945+0000] {logging_mixin.py:188} INFO - [2025-11-05T12:42:21.945+0000] {dagbag.py:545} INFO - Filling up the DagBag from /opt/airflow/dags/qi_refresh_us.py
[2025-11-05T12:42:22.715+0000] {processor.py:840} INFO - DAG(s) 'refresh_us_dag' retrieved from /opt/airflow/dags/qi_refresh_us.py
[2025-11-05T12:42:22.748+0000] {logging_mixin.py:188} INFO - [2025-11-05T12:42:22.748+0000] {dag.py:3089} INFO - Sync 1 DAGs
[2025-11-05T12:42:22.776+0000] {logging_mixin.py:188} INFO - [2025-11-05T12:42:22.776+0000] {dag.py:3947} INFO - Setting next_dagrun for refresh_us_dag to 2025-10-31 19:30:00+00:00, run_after=2025-11-07 19:30:00+00:00
[2025-11-05T12:42:22.799+0000] {processor.py:183} INFO - Processing /opt/airflow/dags/qi_refresh_us.py took 0.859 seconds
[2025-11-05T13:12:33.084+0000] {processor.py:161} INFO - Started process (PID=8631) to work on /opt/airflow/dags/qi_refresh_us.py
[2025-11-05T13:12:33.086+0000] {processor.py:830} INFO - Processing file /opt/airflow/dags/qi_refresh_us.py for tasks to queue
[2025-11-05T13:12:33.089+0000] {logging_mixin.py:188} INFO - [2025-11-05T13:12:33.089+0000] {dagbag.py:545} INFO - Filling up the DagBag from /opt/airflow/dags/qi_refresh_us.py
[2025-11-05T13:12:36.710+0000] {processor.py:840} INFO - DAG(s) 'refresh_us_dag' retrieved from /opt/airflow/dags/qi_refresh_us.py
[2025-11-05T13:12:36.769+0000] {logging_mixin.py:188} INFO - [2025-11-05T13:12:36.769+0000] {dag.py:3089} INFO - Sync 1 DAGs
[2025-11-05T13:12:36.808+0000] {logging_mixin.py:188} INFO - [2025-11-05T13:12:36.807+0000] {dag.py:3947} INFO - Setting next_dagrun for refresh_us_dag to 2025-10-31 19:30:00+00:00, run_after=2025-11-07 19:30:00+00:00
[2025-11-05T13:12:36.848+0000] {processor.py:183} INFO - Processing /opt/airflow/dags/qi_refresh_us.py took 3.773 seconds
[2025-11-05T13:17:41.519+0000] {processor.py:161} INFO - Started process (PID=8634) to work on /opt/airflow/dags/qi_refresh_us.py
[2025-11-05T13:17:41.519+0000] {processor.py:830} INFO - Processing file /opt/airflow/dags/qi_refresh_us.py for tasks to queue
[2025-11-05T13:17:41.520+0000] {logging_mixin.py:188} INFO - [2025-11-05T13:17:41.520+0000] {dagbag.py:545} INFO - Filling up the DagBag from /opt/airflow/dags/qi_refresh_us.py
[2025-11-05T13:17:42.064+0000] {processor.py:840} INFO - DAG(s) 'refresh_us_dag' retrieved from /opt/airflow/dags/qi_refresh_us.py
[2025-11-05T13:17:42.077+0000] {logging_mixin.py:188} INFO - [2025-11-05T13:17:42.077+0000] {dag.py:3089} INFO - Sync 1 DAGs
[2025-11-05T13:17:42.085+0000] {logging_mixin.py:188} INFO - [2025-11-05T13:17:42.085+0000] {dag.py:3947} INFO - Setting next_dagrun for refresh_us_dag to 2025-10-31 19:30:00+00:00, run_after=2025-11-07 19:30:00+00:00
[2025-11-05T13:17:42.093+0000] {processor.py:183} INFO - Processing /opt/airflow/dags/qi_refresh_us.py took 0.577 seconds
[2025-11-05T13:33:20.743+0000] {processor.py:161} INFO - Started process (PID=8637) to work on /opt/airflow/dags/qi_refresh_us.py
[2025-11-05T13:33:20.743+0000] {processor.py:830} INFO - Processing file /opt/airflow/dags/qi_refresh_us.py for tasks to queue
[2025-11-05T13:33:20.746+0000] {logging_mixin.py:188} INFO - [2025-11-05T13:33:20.746+0000] {dagbag.py:545} INFO - Filling up the DagBag from /opt/airflow/dags/qi_refresh_us.py
[2025-11-05T13:33:21.292+0000] {processor.py:840} INFO - DAG(s) 'refresh_us_dag' retrieved from /opt/airflow/dags/qi_refresh_us.py
[2025-11-05T13:33:21.307+0000] {logging_mixin.py:188} INFO - [2025-11-05T13:33:21.307+0000] {dag.py:3089} INFO - Sync 1 DAGs
[2025-11-05T13:33:21.316+0000] {logging_mixin.py:188} INFO - [2025-11-05T13:33:21.316+0000] {dag.py:3947} INFO - Setting next_dagrun for refresh_us_dag to 2025-10-31 19:30:00+00:00, run_after=2025-11-07 19:30:00+00:00
[2025-11-05T13:33:21.324+0000] {processor.py:183} INFO - Processing /opt/airflow/dags/qi_refresh_us.py took 0.584 seconds
[2025-11-05T14:21:01.233+0000] {processor.py:161} INFO - Started process (PID=8640) to work on /opt/airflow/dags/qi_refresh_us.py
[2025-11-05T14:21:01.235+0000] {processor.py:830} INFO - Processing file /opt/airflow/dags/qi_refresh_us.py for tasks to queue
[2025-11-05T14:21:01.238+0000] {logging_mixin.py:188} INFO - [2025-11-05T14:21:01.237+0000] {dagbag.py:545} INFO - Filling up the DagBag from /opt/airflow/dags/qi_refresh_us.py
[2025-11-05T14:21:03.657+0000] {processor.py:840} INFO - DAG(s) 'refresh_us_dag' retrieved from /opt/airflow/dags/qi_refresh_us.py
[2025-11-05T14:21:03.711+0000] {logging_mixin.py:188} INFO - [2025-11-05T14:21:03.710+0000] {dag.py:3089} INFO - Sync 1 DAGs
[2025-11-05T14:21:03.756+0000] {logging_mixin.py:188} INFO - [2025-11-05T14:21:03.755+0000] {dag.py:3947} INFO - Setting next_dagrun for refresh_us_dag to 2025-10-31 19:30:00+00:00, run_after=2025-11-07 19:30:00+00:00
[2025-11-05T14:21:03.809+0000] {processor.py:183} INFO - Processing /opt/airflow/dags/qi_refresh_us.py took 2.587 seconds
[2025-11-05T14:36:29.112+0000] {processor.py:161} INFO - Started process (PID=8643) to work on /opt/airflow/dags/qi_refresh_us.py
[2025-11-05T14:36:29.113+0000] {processor.py:830} INFO - Processing file /opt/airflow/dags/qi_refresh_us.py for tasks to queue
[2025-11-05T14:36:29.114+0000] {logging_mixin.py:188} INFO - [2025-11-05T14:36:29.114+0000] {dagbag.py:545} INFO - Filling up the DagBag from /opt/airflow/dags/qi_refresh_us.py
[2025-11-05T14:36:30.443+0000] {processor.py:840} INFO - DAG(s) 'refresh_us_dag' retrieved from /opt/airflow/dags/qi_refresh_us.py
[2025-11-05T14:36:30.594+0000] {logging_mixin.py:188} INFO - [2025-11-05T14:36:30.593+0000] {dag.py:3089} INFO - Sync 1 DAGs
[2025-11-05T14:36:30.859+0000] {logging_mixin.py:188} INFO - [2025-11-05T14:36:30.858+0000] {dag.py:3947} INFO - Setting next_dagrun for refresh_us_dag to 2025-10-31 19:30:00+00:00, run_after=2025-11-07 19:30:00+00:00
[2025-11-05T14:36:35.765+0000] {processor.py:183} INFO - Processing /opt/airflow/dags/qi_refresh_us.py took 6.656 seconds
[2025-11-05T14:51:57.811+0000] {processor.py:161} INFO - Started process (PID=8646) to work on /opt/airflow/dags/qi_refresh_us.py
[2025-11-05T14:51:57.812+0000] {processor.py:830} INFO - Processing file /opt/airflow/dags/qi_refresh_us.py for tasks to queue
[2025-11-05T14:51:57.813+0000] {logging_mixin.py:188} INFO - [2025-11-05T14:51:57.813+0000] {dagbag.py:545} INFO - Filling up the DagBag from /opt/airflow/dags/qi_refresh_us.py
[2025-11-05T14:51:58.349+0000] {processor.py:840} INFO - DAG(s) 'refresh_us_dag' retrieved from /opt/airflow/dags/qi_refresh_us.py
[2025-11-05T14:51:58.362+0000] {logging_mixin.py:188} INFO - [2025-11-05T14:51:58.362+0000] {dag.py:3089} INFO - Sync 1 DAGs
[2025-11-05T14:51:58.371+0000] {logging_mixin.py:188} INFO - [2025-11-05T14:51:58.371+0000] {dag.py:3947} INFO - Setting next_dagrun for refresh_us_dag to 2025-10-31 19:30:00+00:00, run_after=2025-11-07 19:30:00+00:00
[2025-11-05T14:51:58.379+0000] {processor.py:183} INFO - Processing /opt/airflow/dags/qi_refresh_us.py took 0.571 seconds
[2025-11-05T15:14:31.942+0000] {processor.py:161} INFO - Started process (PID=8649) to work on /opt/airflow/dags/qi_refresh_us.py
[2025-11-05T15:14:31.943+0000] {processor.py:830} INFO - Processing file /opt/airflow/dags/qi_refresh_us.py for tasks to queue
[2025-11-05T15:14:31.944+0000] {logging_mixin.py:188} INFO - [2025-11-05T15:14:31.944+0000] {dagbag.py:545} INFO - Filling up the DagBag from /opt/airflow/dags/qi_refresh_us.py
[2025-11-05T15:14:32.765+0000] {processor.py:840} INFO - DAG(s) 'refresh_us_dag' retrieved from /opt/airflow/dags/qi_refresh_us.py
[2025-11-05T15:14:32.821+0000] {logging_mixin.py:188} INFO - [2025-11-05T15:14:32.820+0000] {dag.py:3089} INFO - Sync 1 DAGs
[2025-11-05T15:14:32.874+0000] {logging_mixin.py:188} INFO - [2025-11-05T15:14:32.873+0000] {dag.py:3947} INFO - Setting next_dagrun for refresh_us_dag to 2025-10-31 19:30:00+00:00, run_after=2025-11-07 19:30:00+00:00
[2025-11-05T15:14:32.961+0000] {processor.py:183} INFO - Processing /opt/airflow/dags/qi_refresh_us.py took 1.022 seconds
[2025-11-05T15:30:02.883+0000] {processor.py:161} INFO - Started process (PID=8652) to work on /opt/airflow/dags/qi_refresh_us.py
[2025-11-05T15:30:02.884+0000] {processor.py:830} INFO - Processing file /opt/airflow/dags/qi_refresh_us.py for tasks to queue
[2025-11-05T15:30:02.886+0000] {logging_mixin.py:188} INFO - [2025-11-05T15:30:02.885+0000] {dagbag.py:545} INFO - Filling up the DagBag from /opt/airflow/dags/qi_refresh_us.py
[2025-11-05T15:30:03.479+0000] {processor.py:840} INFO - DAG(s) 'refresh_us_dag' retrieved from /opt/airflow/dags/qi_refresh_us.py
[2025-11-05T15:30:03.498+0000] {logging_mixin.py:188} INFO - [2025-11-05T15:30:03.498+0000] {dag.py:3089} INFO - Sync 1 DAGs
[2025-11-05T15:30:03.514+0000] {logging_mixin.py:188} INFO - [2025-11-05T15:30:03.514+0000] {dag.py:3947} INFO - Setting next_dagrun for refresh_us_dag to 2025-10-31 19:30:00+00:00, run_after=2025-11-07 19:30:00+00:00
[2025-11-05T15:30:03.529+0000] {processor.py:183} INFO - Processing /opt/airflow/dags/qi_refresh_us.py took 0.648 seconds
[2025-11-05T15:45:38.269+0000] {processor.py:161} INFO - Started process (PID=8655) to work on /opt/airflow/dags/qi_refresh_us.py
[2025-11-05T15:45:38.270+0000] {processor.py:830} INFO - Processing file /opt/airflow/dags/qi_refresh_us.py for tasks to queue
[2025-11-05T15:45:38.271+0000] {logging_mixin.py:188} INFO - [2025-11-05T15:45:38.271+0000] {dagbag.py:545} INFO - Filling up the DagBag from /opt/airflow/dags/qi_refresh_us.py
[2025-11-05T15:45:41.729+0000] {processor.py:840} INFO - DAG(s) 'refresh_us_dag' retrieved from /opt/airflow/dags/qi_refresh_us.py
[2025-11-05T15:45:42.025+0000] {logging_mixin.py:188} INFO - [2025-11-05T15:45:42.024+0000] {dag.py:3089} INFO - Sync 1 DAGs
[2025-11-05T15:45:42.064+0000] {logging_mixin.py:188} INFO - [2025-11-05T15:45:42.063+0000] {dag.py:3947} INFO - Setting next_dagrun for refresh_us_dag to 2025-10-31 19:30:00+00:00, run_after=2025-11-07 19:30:00+00:00
[2025-11-05T15:45:42.139+0000] {processor.py:183} INFO - Processing /opt/airflow/dags/qi_refresh_us.py took 3.873 seconds
[2025-11-05T16:13:19.552+0000] {processor.py:161} INFO - Started process (PID=8658) to work on /opt/airflow/dags/qi_refresh_us.py
[2025-11-05T16:13:19.553+0000] {processor.py:830} INFO - Processing file /opt/airflow/dags/qi_refresh_us.py for tasks to queue
[2025-11-05T16:13:19.554+0000] {logging_mixin.py:188} INFO - [2025-11-05T16:13:19.554+0000] {dagbag.py:545} INFO - Filling up the DagBag from /opt/airflow/dags/qi_refresh_us.py
[2025-11-05T16:13:21.202+0000] {processor.py:840} INFO - DAG(s) 'refresh_us_dag' retrieved from /opt/airflow/dags/qi_refresh_us.py
[2025-11-05T16:13:21.214+0000] {logging_mixin.py:188} INFO - [2025-11-05T16:13:21.214+0000] {dag.py:3089} INFO - Sync 1 DAGs
[2025-11-05T16:13:21.224+0000] {logging_mixin.py:188} INFO - [2025-11-05T16:13:21.224+0000] {dag.py:3947} INFO - Setting next_dagrun for refresh_us_dag to 2025-10-31 19:30:00+00:00, run_after=2025-11-07 19:30:00+00:00
[2025-11-05T16:13:21.233+0000] {processor.py:183} INFO - Processing /opt/airflow/dags/qi_refresh_us.py took 1.686 seconds
[2025-11-05T16:33:44.471+0000] {processor.py:161} INFO - Started process (PID=8661) to work on /opt/airflow/dags/qi_refresh_us.py
[2025-11-05T16:33:44.501+0000] {processor.py:830} INFO - Processing file /opt/airflow/dags/qi_refresh_us.py for tasks to queue
[2025-11-05T16:33:44.510+0000] {logging_mixin.py:188} INFO - [2025-11-05T16:33:44.508+0000] {dagbag.py:545} INFO - Filling up the DagBag from /opt/airflow/dags/qi_refresh_us.py
[2025-11-05T16:33:46.686+0000] {processor.py:840} INFO - DAG(s) 'refresh_us_dag' retrieved from /opt/airflow/dags/qi_refresh_us.py
[2025-11-05T16:33:46.698+0000] {logging_mixin.py:188} INFO - [2025-11-05T16:33:46.698+0000] {dag.py:3089} INFO - Sync 1 DAGs
[2025-11-05T16:33:46.708+0000] {logging_mixin.py:188} INFO - [2025-11-05T16:33:46.707+0000] {dag.py:3947} INFO - Setting next_dagrun for refresh_us_dag to 2025-10-31 19:30:00+00:00, run_after=2025-11-07 19:30:00+00:00
[2025-11-05T16:33:46.716+0000] {processor.py:183} INFO - Processing /opt/airflow/dags/qi_refresh_us.py took 2.280 seconds
[2025-11-05T17:01:22.111+0000] {processor.py:161} INFO - Started process (PID=8664) to work on /opt/airflow/dags/qi_refresh_us.py
[2025-11-05T17:01:22.112+0000] {processor.py:830} INFO - Processing file /opt/airflow/dags/qi_refresh_us.py for tasks to queue
[2025-11-05T17:01:22.112+0000] {logging_mixin.py:188} INFO - [2025-11-05T17:01:22.112+0000] {dagbag.py:545} INFO - Filling up the DagBag from /opt/airflow/dags/qi_refresh_us.py
[2025-11-05T17:01:22.605+0000] {processor.py:840} INFO - DAG(s) 'refresh_us_dag' retrieved from /opt/airflow/dags/qi_refresh_us.py
[2025-11-05T17:01:22.618+0000] {logging_mixin.py:188} INFO - [2025-11-05T17:01:22.618+0000] {dag.py:3089} INFO - Sync 1 DAGs
[2025-11-05T17:01:22.628+0000] {logging_mixin.py:188} INFO - [2025-11-05T17:01:22.628+0000] {dag.py:3947} INFO - Setting next_dagrun for refresh_us_dag to 2025-10-31 19:30:00+00:00, run_after=2025-11-07 19:30:00+00:00
[2025-11-05T17:01:22.637+0000] {processor.py:183} INFO - Processing /opt/airflow/dags/qi_refresh_us.py took 0.529 seconds
[2025-11-05T17:16:52.531+0000] {processor.py:161} INFO - Started process (PID=8667) to work on /opt/airflow/dags/qi_refresh_us.py
[2025-11-05T17:16:52.532+0000] {processor.py:830} INFO - Processing file /opt/airflow/dags/qi_refresh_us.py for tasks to queue
[2025-11-05T17:16:52.533+0000] {logging_mixin.py:188} INFO - [2025-11-05T17:16:52.532+0000] {dagbag.py:545} INFO - Filling up the DagBag from /opt/airflow/dags/qi_refresh_us.py
[2025-11-05T17:16:53.014+0000] {processor.py:840} INFO - DAG(s) 'refresh_us_dag' retrieved from /opt/airflow/dags/qi_refresh_us.py
[2025-11-05T17:16:53.027+0000] {logging_mixin.py:188} INFO - [2025-11-05T17:16:53.026+0000] {dag.py:3089} INFO - Sync 1 DAGs
[2025-11-05T17:16:53.035+0000] {logging_mixin.py:188} INFO - [2025-11-05T17:16:53.035+0000] {dag.py:3947} INFO - Setting next_dagrun for refresh_us_dag to 2025-10-31 19:30:00+00:00, run_after=2025-11-07 19:30:00+00:00
[2025-11-05T17:16:53.043+0000] {processor.py:183} INFO - Processing /opt/airflow/dags/qi_refresh_us.py took 0.516 seconds
[2025-11-05T17:32:22.632+0000] {processor.py:161} INFO - Started process (PID=8670) to work on /opt/airflow/dags/qi_refresh_us.py
[2025-11-05T17:32:22.633+0000] {processor.py:830} INFO - Processing file /opt/airflow/dags/qi_refresh_us.py for tasks to queue
[2025-11-05T17:32:22.634+0000] {logging_mixin.py:188} INFO - [2025-11-05T17:32:22.634+0000] {dagbag.py:545} INFO - Filling up the DagBag from /opt/airflow/dags/qi_refresh_us.py
[2025-11-05T17:32:23.131+0000] {processor.py:840} INFO - DAG(s) 'refresh_us_dag' retrieved from /opt/airflow/dags/qi_refresh_us.py
[2025-11-05T17:32:23.143+0000] {logging_mixin.py:188} INFO - [2025-11-05T17:32:23.143+0000] {dag.py:3089} INFO - Sync 1 DAGs
[2025-11-05T17:32:23.152+0000] {logging_mixin.py:188} INFO - [2025-11-05T17:32:23.152+0000] {dag.py:3947} INFO - Setting next_dagrun for refresh_us_dag to 2025-10-31 19:30:00+00:00, run_after=2025-11-07 19:30:00+00:00
[2025-11-05T17:32:23.160+0000] {processor.py:183} INFO - Processing /opt/airflow/dags/qi_refresh_us.py took 0.531 seconds
[2025-11-05T18:02:24.065+0000] {processor.py:161} INFO - Started process (PID=8673) to work on /opt/airflow/dags/qi_refresh_us.py
[2025-11-05T18:02:24.066+0000] {processor.py:830} INFO - Processing file /opt/airflow/dags/qi_refresh_us.py for tasks to queue
[2025-11-05T18:02:24.068+0000] {logging_mixin.py:188} INFO - [2025-11-05T18:02:24.068+0000] {dagbag.py:545} INFO - Filling up the DagBag from /opt/airflow/dags/qi_refresh_us.py
[2025-11-05T18:02:25.231+0000] {processor.py:840} INFO - DAG(s) 'refresh_us_dag' retrieved from /opt/airflow/dags/qi_refresh_us.py
[2025-11-05T18:02:25.245+0000] {logging_mixin.py:188} INFO - [2025-11-05T18:02:25.245+0000] {dag.py:3089} INFO - Sync 1 DAGs
[2025-11-05T18:02:25.255+0000] {logging_mixin.py:188} INFO - [2025-11-05T18:02:25.255+0000] {dag.py:3947} INFO - Setting next_dagrun for refresh_us_dag to 2025-10-31 19:30:00+00:00, run_after=2025-11-07 19:30:00+00:00
[2025-11-05T18:02:25.263+0000] {processor.py:183} INFO - Processing /opt/airflow/dags/qi_refresh_us.py took 1.202 seconds
[2025-11-05T18:22:02.449+0000] {processor.py:161} INFO - Started process (PID=8676) to work on /opt/airflow/dags/qi_refresh_us.py
[2025-11-05T18:22:02.449+0000] {processor.py:830} INFO - Processing file /opt/airflow/dags/qi_refresh_us.py for tasks to queue
[2025-11-05T18:22:02.450+0000] {logging_mixin.py:188} INFO - [2025-11-05T18:22:02.450+0000] {dagbag.py:545} INFO - Filling up the DagBag from /opt/airflow/dags/qi_refresh_us.py
[2025-11-05T18:22:03.226+0000] {processor.py:840} INFO - DAG(s) 'refresh_us_dag' retrieved from /opt/airflow/dags/qi_refresh_us.py
[2025-11-05T18:22:03.262+0000] {logging_mixin.py:188} INFO - [2025-11-05T18:22:03.262+0000] {dag.py:3089} INFO - Sync 1 DAGs
[2025-11-05T18:22:03.294+0000] {logging_mixin.py:188} INFO - [2025-11-05T18:22:03.294+0000] {dag.py:3947} INFO - Setting next_dagrun for refresh_us_dag to 2025-10-31 19:30:00+00:00, run_after=2025-11-07 19:30:00+00:00
[2025-11-05T18:22:03.321+0000] {processor.py:183} INFO - Processing /opt/airflow/dags/qi_refresh_us.py took 0.875 seconds
[2025-11-05T18:37:31.866+0000] {processor.py:161} INFO - Started process (PID=8679) to work on /opt/airflow/dags/qi_refresh_us.py
[2025-11-05T18:37:31.867+0000] {processor.py:830} INFO - Processing file /opt/airflow/dags/qi_refresh_us.py for tasks to queue
[2025-11-05T18:37:31.868+0000] {logging_mixin.py:188} INFO - [2025-11-05T18:37:31.868+0000] {dagbag.py:545} INFO - Filling up the DagBag from /opt/airflow/dags/qi_refresh_us.py
[2025-11-05T18:37:32.362+0000] {processor.py:840} INFO - DAG(s) 'refresh_us_dag' retrieved from /opt/airflow/dags/qi_refresh_us.py
[2025-11-05T18:37:32.375+0000] {logging_mixin.py:188} INFO - [2025-11-05T18:37:32.375+0000] {dag.py:3089} INFO - Sync 1 DAGs
[2025-11-05T18:37:32.384+0000] {logging_mixin.py:188} INFO - [2025-11-05T18:37:32.384+0000] {dag.py:3947} INFO - Setting next_dagrun for refresh_us_dag to 2025-10-31 19:30:00+00:00, run_after=2025-11-07 19:30:00+00:00
[2025-11-05T18:37:32.392+0000] {processor.py:183} INFO - Processing /opt/airflow/dags/qi_refresh_us.py took 0.529 seconds
[2025-11-05T19:09:58.252+0000] {processor.py:161} INFO - Started process (PID=8682) to work on /opt/airflow/dags/qi_refresh_us.py
[2025-11-05T19:09:58.252+0000] {processor.py:830} INFO - Processing file /opt/airflow/dags/qi_refresh_us.py for tasks to queue
[2025-11-05T19:09:58.253+0000] {logging_mixin.py:188} INFO - [2025-11-05T19:09:58.253+0000] {dagbag.py:545} INFO - Filling up the DagBag from /opt/airflow/dags/qi_refresh_us.py
[2025-11-05T19:09:58.745+0000] {processor.py:840} INFO - DAG(s) 'refresh_us_dag' retrieved from /opt/airflow/dags/qi_refresh_us.py
[2025-11-05T19:09:58.760+0000] {logging_mixin.py:188} INFO - [2025-11-05T19:09:58.760+0000] {dag.py:3089} INFO - Sync 1 DAGs
[2025-11-05T19:09:58.770+0000] {logging_mixin.py:188} INFO - [2025-11-05T19:09:58.769+0000] {dag.py:3947} INFO - Setting next_dagrun for refresh_us_dag to 2025-10-31 19:30:00+00:00, run_after=2025-11-07 19:30:00+00:00
[2025-11-05T19:09:58.777+0000] {processor.py:183} INFO - Processing /opt/airflow/dags/qi_refresh_us.py took 0.529 seconds
[2025-11-05T19:39:26.256+0000] {processor.py:161} INFO - Started process (PID=8685) to work on /opt/airflow/dags/qi_refresh_us.py
[2025-11-05T19:39:26.257+0000] {processor.py:830} INFO - Processing file /opt/airflow/dags/qi_refresh_us.py for tasks to queue
[2025-11-05T19:39:26.258+0000] {logging_mixin.py:188} INFO - [2025-11-05T19:39:26.258+0000] {dagbag.py:545} INFO - Filling up the DagBag from /opt/airflow/dags/qi_refresh_us.py
[2025-11-05T19:39:26.798+0000] {processor.py:840} INFO - DAG(s) 'refresh_us_dag' retrieved from /opt/airflow/dags/qi_refresh_us.py
[2025-11-05T19:39:26.812+0000] {logging_mixin.py:188} INFO - [2025-11-05T19:39:26.812+0000] {dag.py:3089} INFO - Sync 1 DAGs
[2025-11-05T19:39:26.825+0000] {logging_mixin.py:188} INFO - [2025-11-05T19:39:26.825+0000] {dag.py:3947} INFO - Setting next_dagrun for refresh_us_dag to 2025-10-31 19:30:00+00:00, run_after=2025-11-07 19:30:00+00:00
[2025-11-05T19:39:26.834+0000] {processor.py:183} INFO - Processing /opt/airflow/dags/qi_refresh_us.py took 0.582 seconds
[2025-11-05T19:40:10.244+0000] {processor.py:161} INFO - Started process (PID=8688) to work on /opt/airflow/dags/qi_refresh_us.py
[2025-11-05T19:40:10.245+0000] {processor.py:830} INFO - Processing file /opt/airflow/dags/qi_refresh_us.py for tasks to queue
[2025-11-05T19:40:10.247+0000] {logging_mixin.py:188} INFO - [2025-11-05T19:40:10.246+0000] {dagbag.py:545} INFO - Filling up the DagBag from /opt/airflow/dags/qi_refresh_us.py
[2025-11-05T19:40:12.884+0000] {processor.py:840} INFO - DAG(s) 'refresh_us_dag' retrieved from /opt/airflow/dags/qi_refresh_us.py
[2025-11-05T19:40:12.898+0000] {logging_mixin.py:188} INFO - [2025-11-05T19:40:12.897+0000] {dag.py:3089} INFO - Sync 1 DAGs
[2025-11-05T19:40:12.907+0000] {logging_mixin.py:188} INFO - [2025-11-05T19:40:12.906+0000] {dag.py:3947} INFO - Setting next_dagrun for refresh_us_dag to 2025-10-31 19:30:00+00:00, run_after=2025-11-07 19:30:00+00:00
[2025-11-05T19:40:12.919+0000] {processor.py:183} INFO - Processing /opt/airflow/dags/qi_refresh_us.py took 2.679 seconds
[2025-11-05T20:04:23.547+0000] {processor.py:161} INFO - Started process (PID=8691) to work on /opt/airflow/dags/qi_refresh_us.py
[2025-11-05T20:04:23.547+0000] {processor.py:830} INFO - Processing file /opt/airflow/dags/qi_refresh_us.py for tasks to queue
[2025-11-05T20:04:23.548+0000] {logging_mixin.py:188} INFO - [2025-11-05T20:04:23.548+0000] {dagbag.py:545} INFO - Filling up the DagBag from /opt/airflow/dags/qi_refresh_us.py
[2025-11-05T20:04:24.843+0000] {processor.py:840} INFO - DAG(s) 'refresh_us_dag' retrieved from /opt/airflow/dags/qi_refresh_us.py
[2025-11-05T20:04:24.856+0000] {logging_mixin.py:188} INFO - [2025-11-05T20:04:24.856+0000] {dag.py:3089} INFO - Sync 1 DAGs
[2025-11-05T20:04:24.866+0000] {logging_mixin.py:188} INFO - [2025-11-05T20:04:24.866+0000] {dag.py:3947} INFO - Setting next_dagrun for refresh_us_dag to 2025-10-31 19:30:00+00:00, run_after=2025-11-07 19:30:00+00:00
[2025-11-05T20:04:24.874+0000] {processor.py:183} INFO - Processing /opt/airflow/dags/qi_refresh_us.py took 1.330 seconds
[2025-11-05T20:27:23.874+0000] {processor.py:161} INFO - Started process (PID=8694) to work on /opt/airflow/dags/qi_refresh_us.py
[2025-11-05T20:27:23.874+0000] {processor.py:830} INFO - Processing file /opt/airflow/dags/qi_refresh_us.py for tasks to queue
[2025-11-05T20:27:23.875+0000] {logging_mixin.py:188} INFO - [2025-11-05T20:27:23.875+0000] {dagbag.py:545} INFO - Filling up the DagBag from /opt/airflow/dags/qi_refresh_us.py
[2025-11-05T20:27:24.644+0000] {processor.py:840} INFO - DAG(s) 'refresh_us_dag' retrieved from /opt/airflow/dags/qi_refresh_us.py
[2025-11-05T20:27:24.703+0000] {logging_mixin.py:188} INFO - [2025-11-05T20:27:24.703+0000] {dag.py:3089} INFO - Sync 1 DAGs
[2025-11-05T20:27:24.760+0000] {logging_mixin.py:188} INFO - [2025-11-05T20:27:24.759+0000] {dag.py:3947} INFO - Setting next_dagrun for refresh_us_dag to 2025-10-31 19:30:00+00:00, run_after=2025-11-07 19:30:00+00:00
[2025-11-05T20:27:24.813+0000] {processor.py:183} INFO - Processing /opt/airflow/dags/qi_refresh_us.py took 0.942 seconds
[2025-11-05T20:42:52.989+0000] {processor.py:161} INFO - Started process (PID=8697) to work on /opt/airflow/dags/qi_refresh_us.py
[2025-11-05T20:42:52.990+0000] {processor.py:830} INFO - Processing file /opt/airflow/dags/qi_refresh_us.py for tasks to queue
[2025-11-05T20:42:52.991+0000] {logging_mixin.py:188} INFO - [2025-11-05T20:42:52.991+0000] {dagbag.py:545} INFO - Filling up the DagBag from /opt/airflow/dags/qi_refresh_us.py
[2025-11-05T20:42:53.484+0000] {processor.py:840} INFO - DAG(s) 'refresh_us_dag' retrieved from /opt/airflow/dags/qi_refresh_us.py
[2025-11-05T20:42:53.498+0000] {logging_mixin.py:188} INFO - [2025-11-05T20:42:53.498+0000] {dag.py:3089} INFO - Sync 1 DAGs
[2025-11-05T20:42:53.508+0000] {logging_mixin.py:188} INFO - [2025-11-05T20:42:53.508+0000] {dag.py:3947} INFO - Setting next_dagrun for refresh_us_dag to 2025-10-31 19:30:00+00:00, run_after=2025-11-07 19:30:00+00:00
[2025-11-05T20:42:53.515+0000] {processor.py:183} INFO - Processing /opt/airflow/dags/qi_refresh_us.py took 0.529 seconds
[2025-11-05T20:52:52.576+0000] {processor.py:161} INFO - Started process (PID=8700) to work on /opt/airflow/dags/qi_refresh_us.py
[2025-11-05T20:52:52.578+0000] {processor.py:830} INFO - Processing file /opt/airflow/dags/qi_refresh_us.py for tasks to queue
[2025-11-05T20:52:52.581+0000] {logging_mixin.py:188} INFO - [2025-11-05T20:52:52.580+0000] {dagbag.py:545} INFO - Filling up the DagBag from /opt/airflow/dags/qi_refresh_us.py
[2025-11-05T20:52:53.133+0000] {processor.py:840} INFO - DAG(s) 'refresh_us_dag' retrieved from /opt/airflow/dags/qi_refresh_us.py
[2025-11-05T20:52:53.146+0000] {logging_mixin.py:188} INFO - [2025-11-05T20:52:53.146+0000] {dag.py:3089} INFO - Sync 1 DAGs
[2025-11-05T20:52:53.155+0000] {logging_mixin.py:188} INFO - [2025-11-05T20:52:53.155+0000] {dag.py:3947} INFO - Setting next_dagrun for refresh_us_dag to 2025-10-31 19:30:00+00:00, run_after=2025-11-07 19:30:00+00:00
[2025-11-05T20:52:53.163+0000] {processor.py:183} INFO - Processing /opt/airflow/dags/qi_refresh_us.py took 0.595 seconds
[2025-11-05T21:17:18.479+0000] {processor.py:161} INFO - Started process (PID=8703) to work on /opt/airflow/dags/qi_refresh_us.py
[2025-11-05T21:17:18.479+0000] {processor.py:830} INFO - Processing file /opt/airflow/dags/qi_refresh_us.py for tasks to queue
[2025-11-05T21:17:18.480+0000] {logging_mixin.py:188} INFO - [2025-11-05T21:17:18.480+0000] {dagbag.py:545} INFO - Filling up the DagBag from /opt/airflow/dags/qi_refresh_us.py
[2025-11-05T21:17:18.989+0000] {processor.py:840} INFO - DAG(s) 'refresh_us_dag' retrieved from /opt/airflow/dags/qi_refresh_us.py
[2025-11-05T21:17:19.005+0000] {logging_mixin.py:188} INFO - [2025-11-05T21:17:19.005+0000] {dag.py:3089} INFO - Sync 1 DAGs
[2025-11-05T21:17:19.015+0000] {logging_mixin.py:188} INFO - [2025-11-05T21:17:19.015+0000] {dag.py:3947} INFO - Setting next_dagrun for refresh_us_dag to 2025-10-31 19:30:00+00:00, run_after=2025-11-07 19:30:00+00:00
[2025-11-05T21:17:19.022+0000] {processor.py:183} INFO - Processing /opt/airflow/dags/qi_refresh_us.py took 0.547 seconds
[2025-11-05T21:18:25.184+0000] {processor.py:161} INFO - Started process (PID=8706) to work on /opt/airflow/dags/qi_refresh_us.py
[2025-11-05T21:18:25.185+0000] {processor.py:830} INFO - Processing file /opt/airflow/dags/qi_refresh_us.py for tasks to queue
[2025-11-05T21:18:25.187+0000] {logging_mixin.py:188} INFO - [2025-11-05T21:18:25.186+0000] {dagbag.py:545} INFO - Filling up the DagBag from /opt/airflow/dags/qi_refresh_us.py
[2025-11-05T21:18:25.705+0000] {processor.py:840} INFO - DAG(s) 'refresh_us_dag' retrieved from /opt/airflow/dags/qi_refresh_us.py
[2025-11-05T21:18:25.718+0000] {logging_mixin.py:188} INFO - [2025-11-05T21:18:25.718+0000] {dag.py:3089} INFO - Sync 1 DAGs
[2025-11-05T21:18:25.733+0000] {logging_mixin.py:188} INFO - [2025-11-05T21:18:25.733+0000] {dag.py:3947} INFO - Setting next_dagrun for refresh_us_dag to 2025-10-31 19:30:00+00:00, run_after=2025-11-07 19:30:00+00:00
[2025-11-05T21:18:25.742+0000] {processor.py:183} INFO - Processing /opt/airflow/dags/qi_refresh_us.py took 0.564 seconds
[2025-11-05T21:20:30.045+0000] {processor.py:161} INFO - Started process (PID=8709) to work on /opt/airflow/dags/qi_refresh_us.py
[2025-11-05T21:20:30.045+0000] {processor.py:830} INFO - Processing file /opt/airflow/dags/qi_refresh_us.py for tasks to queue
[2025-11-05T21:20:30.047+0000] {logging_mixin.py:188} INFO - [2025-11-05T21:20:30.047+0000] {dagbag.py:545} INFO - Filling up the DagBag from /opt/airflow/dags/qi_refresh_us.py
[2025-11-05T21:20:30.546+0000] {processor.py:840} INFO - DAG(s) 'refresh_us_dag' retrieved from /opt/airflow/dags/qi_refresh_us.py
[2025-11-05T21:20:30.559+0000] {logging_mixin.py:188} INFO - [2025-11-05T21:20:30.559+0000] {dag.py:3089} INFO - Sync 1 DAGs
[2025-11-05T21:20:30.570+0000] {logging_mixin.py:188} INFO - [2025-11-05T21:20:30.570+0000] {dag.py:3947} INFO - Setting next_dagrun for refresh_us_dag to 2025-10-31 19:30:00+00:00, run_after=2025-11-07 19:30:00+00:00
[2025-11-05T21:20:30.578+0000] {processor.py:183} INFO - Processing /opt/airflow/dags/qi_refresh_us.py took 0.538 seconds
[2025-11-05T21:36:50.483+0000] {processor.py:161} INFO - Started process (PID=8712) to work on /opt/airflow/dags/qi_refresh_us.py
[2025-11-05T21:36:50.484+0000] {processor.py:830} INFO - Processing file /opt/airflow/dags/qi_refresh_us.py for tasks to queue
[2025-11-05T21:36:50.485+0000] {logging_mixin.py:188} INFO - [2025-11-05T21:36:50.484+0000] {dagbag.py:545} INFO - Filling up the DagBag from /opt/airflow/dags/qi_refresh_us.py
[2025-11-05T21:36:50.979+0000] {processor.py:840} INFO - DAG(s) 'refresh_us_dag' retrieved from /opt/airflow/dags/qi_refresh_us.py
[2025-11-05T21:36:50.991+0000] {logging_mixin.py:188} INFO - [2025-11-05T21:36:50.991+0000] {dag.py:3089} INFO - Sync 1 DAGs
[2025-11-05T21:36:51.001+0000] {logging_mixin.py:188} INFO - [2025-11-05T21:36:51.001+0000] {dag.py:3947} INFO - Setting next_dagrun for refresh_us_dag to 2025-10-31 19:30:00+00:00, run_after=2025-11-07 19:30:00+00:00
[2025-11-05T21:36:51.009+0000] {processor.py:183} INFO - Processing /opt/airflow/dags/qi_refresh_us.py took 0.529 seconds
[2025-11-05T21:52:21.942+0000] {processor.py:161} INFO - Started process (PID=8715) to work on /opt/airflow/dags/qi_refresh_us.py
[2025-11-05T21:52:21.942+0000] {processor.py:830} INFO - Processing file /opt/airflow/dags/qi_refresh_us.py for tasks to queue
[2025-11-05T21:52:21.943+0000] {logging_mixin.py:188} INFO - [2025-11-05T21:52:21.943+0000] {dagbag.py:545} INFO - Filling up the DagBag from /opt/airflow/dags/qi_refresh_us.py
[2025-11-05T21:52:22.430+0000] {processor.py:840} INFO - DAG(s) 'refresh_us_dag' retrieved from /opt/airflow/dags/qi_refresh_us.py
[2025-11-05T21:52:22.442+0000] {logging_mixin.py:188} INFO - [2025-11-05T21:52:22.442+0000] {dag.py:3089} INFO - Sync 1 DAGs
[2025-11-05T21:52:22.451+0000] {logging_mixin.py:188} INFO - [2025-11-05T21:52:22.451+0000] {dag.py:3947} INFO - Setting next_dagrun for refresh_us_dag to 2025-10-31 19:30:00+00:00, run_after=2025-11-07 19:30:00+00:00
[2025-11-05T21:52:22.459+0000] {processor.py:183} INFO - Processing /opt/airflow/dags/qi_refresh_us.py took 0.520 seconds
[2025-11-05T22:29:30.135+0000] {processor.py:161} INFO - Started process (PID=8718) to work on /opt/airflow/dags/qi_refresh_us.py
[2025-11-05T22:29:30.135+0000] {processor.py:830} INFO - Processing file /opt/airflow/dags/qi_refresh_us.py for tasks to queue
[2025-11-05T22:29:30.136+0000] {logging_mixin.py:188} INFO - [2025-11-05T22:29:30.136+0000] {dagbag.py:545} INFO - Filling up the DagBag from /opt/airflow/dags/qi_refresh_us.py
[2025-11-05T22:29:30.623+0000] {processor.py:840} INFO - DAG(s) 'refresh_us_dag' retrieved from /opt/airflow/dags/qi_refresh_us.py
[2025-11-05T22:29:30.637+0000] {logging_mixin.py:188} INFO - [2025-11-05T22:29:30.636+0000] {dag.py:3089} INFO - Sync 1 DAGs
[2025-11-05T22:29:30.646+0000] {logging_mixin.py:188} INFO - [2025-11-05T22:29:30.646+0000] {dag.py:3947} INFO - Setting next_dagrun for refresh_us_dag to 2025-10-31 19:30:00+00:00, run_after=2025-11-07 19:30:00+00:00
[2025-11-05T22:29:30.654+0000] {processor.py:183} INFO - Processing /opt/airflow/dags/qi_refresh_us.py took 0.522 seconds
[2025-11-05T22:45:27.411+0000] {processor.py:161} INFO - Started process (PID=8721) to work on /opt/airflow/dags/qi_refresh_us.py
[2025-11-05T22:45:27.411+0000] {processor.py:830} INFO - Processing file /opt/airflow/dags/qi_refresh_us.py for tasks to queue
[2025-11-05T22:45:27.412+0000] {logging_mixin.py:188} INFO - [2025-11-05T22:45:27.412+0000] {dagbag.py:545} INFO - Filling up the DagBag from /opt/airflow/dags/qi_refresh_us.py
[2025-11-05T22:45:27.897+0000] {processor.py:840} INFO - DAG(s) 'refresh_us_dag' retrieved from /opt/airflow/dags/qi_refresh_us.py
[2025-11-05T22:45:27.912+0000] {logging_mixin.py:188} INFO - [2025-11-05T22:45:27.912+0000] {dag.py:3089} INFO - Sync 1 DAGs
[2025-11-05T22:45:27.921+0000] {logging_mixin.py:188} INFO - [2025-11-05T22:45:27.921+0000] {dag.py:3947} INFO - Setting next_dagrun for refresh_us_dag to 2025-10-31 19:30:00+00:00, run_after=2025-11-07 19:30:00+00:00
[2025-11-05T22:45:27.929+0000] {processor.py:183} INFO - Processing /opt/airflow/dags/qi_refresh_us.py took 0.522 seconds
[2025-11-05T23:00:02.011+0000] {processor.py:161} INFO - Started process (PID=8724) to work on /opt/airflow/dags/qi_refresh_us.py
[2025-11-05T23:00:02.011+0000] {processor.py:830} INFO - Processing file /opt/airflow/dags/qi_refresh_us.py for tasks to queue
[2025-11-05T23:00:02.012+0000] {logging_mixin.py:188} INFO - [2025-11-05T23:00:02.012+0000] {dagbag.py:545} INFO - Filling up the DagBag from /opt/airflow/dags/qi_refresh_us.py
[2025-11-05T23:00:02.498+0000] {processor.py:840} INFO - DAG(s) 'refresh_us_dag' retrieved from /opt/airflow/dags/qi_refresh_us.py
[2025-11-05T23:00:02.511+0000] {logging_mixin.py:188} INFO - [2025-11-05T23:00:02.511+0000] {dag.py:3089} INFO - Sync 1 DAGs
[2025-11-05T23:00:02.521+0000] {logging_mixin.py:188} INFO - [2025-11-05T23:00:02.521+0000] {dag.py:3947} INFO - Setting next_dagrun for refresh_us_dag to 2025-10-31 19:30:00+00:00, run_after=2025-11-07 19:30:00+00:00
[2025-11-05T23:00:02.529+0000] {processor.py:183} INFO - Processing /opt/airflow/dags/qi_refresh_us.py took 0.521 seconds
[2025-11-05T23:07:14.089+0000] {processor.py:161} INFO - Started process (PID=8727) to work on /opt/airflow/dags/qi_refresh_us.py
[2025-11-05T23:07:14.090+0000] {processor.py:830} INFO - Processing file /opt/airflow/dags/qi_refresh_us.py for tasks to queue
[2025-11-05T23:07:14.091+0000] {logging_mixin.py:188} INFO - [2025-11-05T23:07:14.091+0000] {dagbag.py:545} INFO - Filling up the DagBag from /opt/airflow/dags/qi_refresh_us.py
[2025-11-05T23:07:14.575+0000] {processor.py:840} INFO - DAG(s) 'refresh_us_dag' retrieved from /opt/airflow/dags/qi_refresh_us.py
[2025-11-05T23:07:14.588+0000] {logging_mixin.py:188} INFO - [2025-11-05T23:07:14.588+0000] {dag.py:3089} INFO - Sync 1 DAGs
[2025-11-05T23:07:14.598+0000] {logging_mixin.py:188} INFO - [2025-11-05T23:07:14.598+0000] {dag.py:3947} INFO - Setting next_dagrun for refresh_us_dag to 2025-10-31 19:30:00+00:00, run_after=2025-11-07 19:30:00+00:00
[2025-11-05T23:07:14.611+0000] {processor.py:183} INFO - Processing /opt/airflow/dags/qi_refresh_us.py took 0.524 seconds
[2025-11-05T23:23:51.631+0000] {processor.py:161} INFO - Started process (PID=8730) to work on /opt/airflow/dags/qi_refresh_us.py
[2025-11-05T23:23:51.632+0000] {processor.py:830} INFO - Processing file /opt/airflow/dags/qi_refresh_us.py for tasks to queue
[2025-11-05T23:23:51.633+0000] {logging_mixin.py:188} INFO - [2025-11-05T23:23:51.633+0000] {dagbag.py:545} INFO - Filling up the DagBag from /opt/airflow/dags/qi_refresh_us.py
[2025-11-05T23:23:52.121+0000] {processor.py:840} INFO - DAG(s) 'refresh_us_dag' retrieved from /opt/airflow/dags/qi_refresh_us.py
[2025-11-05T23:23:52.134+0000] {logging_mixin.py:188} INFO - [2025-11-05T23:23:52.134+0000] {dag.py:3089} INFO - Sync 1 DAGs
[2025-11-05T23:23:52.146+0000] {logging_mixin.py:188} INFO - [2025-11-05T23:23:52.146+0000] {dag.py:3947} INFO - Setting next_dagrun for refresh_us_dag to 2025-10-31 19:30:00+00:00, run_after=2025-11-07 19:30:00+00:00
[2025-11-05T23:23:52.154+0000] {processor.py:183} INFO - Processing /opt/airflow/dags/qi_refresh_us.py took 0.526 seconds
[2025-11-05T23:44:06.368+0000] {processor.py:161} INFO - Started process (PID=8733) to work on /opt/airflow/dags/qi_refresh_us.py
[2025-11-05T23:44:06.373+0000] {processor.py:830} INFO - Processing file /opt/airflow/dags/qi_refresh_us.py for tasks to queue
[2025-11-05T23:44:06.383+0000] {logging_mixin.py:188} INFO - [2025-11-05T23:44:06.382+0000] {dagbag.py:545} INFO - Filling up the DagBag from /opt/airflow/dags/qi_refresh_us.py
[2025-11-05T23:44:09.124+0000] {processor.py:840} INFO - DAG(s) 'refresh_us_dag' retrieved from /opt/airflow/dags/qi_refresh_us.py
[2025-11-05T23:44:09.181+0000] {logging_mixin.py:188} INFO - [2025-11-05T23:44:09.181+0000] {dag.py:3089} INFO - Sync 1 DAGs
[2025-11-05T23:44:09.241+0000] {logging_mixin.py:188} INFO - [2025-11-05T23:44:09.240+0000] {dag.py:3947} INFO - Setting next_dagrun for refresh_us_dag to 2025-10-31 19:30:00+00:00, run_after=2025-11-07 19:30:00+00:00
[2025-11-05T23:44:09.349+0000] {processor.py:183} INFO - Processing /opt/airflow/dags/qi_refresh_us.py took 3.004 seconds
