[2025-11-05T00:01:34.433+0000] {processor.py:161} INFO - Started process (PID=8506) to work on /opt/airflow/dags/qi_refresh_fundamentals.py
[2025-11-05T00:01:34.434+0000] {processor.py:830} INFO - Processing file /opt/airflow/dags/qi_refresh_fundamentals.py for tasks to queue
[2025-11-05T00:01:34.435+0000] {logging_mixin.py:188} INFO - [2025-11-05T00:01:34.434+0000] {dagbag.py:545} INFO - Filling up the DagBag from /opt/airflow/dags/qi_refresh_fundamentals.py
[2025-11-05T00:01:34.441+0000] {processor.py:840} INFO - DAG(s) 'refresh_fundamentals_dag' retrieved from /opt/airflow/dags/qi_refresh_fundamentals.py
[2025-11-05T00:01:34.456+0000] {logging_mixin.py:188} INFO - [2025-11-05T00:01:34.455+0000] {dag.py:3089} INFO - Sync 1 DAGs
[2025-11-05T00:01:34.465+0000] {logging_mixin.py:188} INFO - [2025-11-05T00:01:34.465+0000] {dag.py:3947} INFO - Setting next_dagrun for refresh_fundamentals_dag to 2025-11-05 05:00:00+00:00, run_after=2025-12-05 05:00:00+00:00
[2025-11-05T00:01:34.472+0000] {processor.py:183} INFO - Processing /opt/airflow/dags/qi_refresh_fundamentals.py took 0.042 seconds
[2025-11-05T00:17:04.224+0000] {processor.py:161} INFO - Started process (PID=8509) to work on /opt/airflow/dags/qi_refresh_fundamentals.py
[2025-11-05T00:17:04.225+0000] {processor.py:830} INFO - Processing file /opt/airflow/dags/qi_refresh_fundamentals.py for tasks to queue
[2025-11-05T00:17:04.226+0000] {logging_mixin.py:188} INFO - [2025-11-05T00:17:04.226+0000] {dagbag.py:545} INFO - Filling up the DagBag from /opt/airflow/dags/qi_refresh_fundamentals.py
[2025-11-05T00:17:04.232+0000] {processor.py:840} INFO - DAG(s) 'refresh_fundamentals_dag' retrieved from /opt/airflow/dags/qi_refresh_fundamentals.py
[2025-11-05T00:17:04.247+0000] {logging_mixin.py:188} INFO - [2025-11-05T00:17:04.247+0000] {dag.py:3089} INFO - Sync 1 DAGs
[2025-11-05T00:17:04.257+0000] {logging_mixin.py:188} INFO - [2025-11-05T00:17:04.257+0000] {dag.py:3947} INFO - Setting next_dagrun for refresh_fundamentals_dag to 2025-11-05 05:00:00+00:00, run_after=2025-12-05 05:00:00+00:00
[2025-11-05T00:17:04.265+0000] {processor.py:183} INFO - Processing /opt/airflow/dags/qi_refresh_fundamentals.py took 0.044 seconds
[2025-11-05T00:32:34.810+0000] {processor.py:161} INFO - Started process (PID=8512) to work on /opt/airflow/dags/qi_refresh_fundamentals.py
[2025-11-05T00:32:34.810+0000] {processor.py:830} INFO - Processing file /opt/airflow/dags/qi_refresh_fundamentals.py for tasks to queue
[2025-11-05T00:32:34.813+0000] {logging_mixin.py:188} INFO - [2025-11-05T00:32:34.813+0000] {dagbag.py:545} INFO - Filling up the DagBag from /opt/airflow/dags/qi_refresh_fundamentals.py
[2025-11-05T00:32:34.822+0000] {processor.py:840} INFO - DAG(s) 'refresh_fundamentals_dag' retrieved from /opt/airflow/dags/qi_refresh_fundamentals.py
[2025-11-05T00:32:34.845+0000] {logging_mixin.py:188} INFO - [2025-11-05T00:32:34.845+0000] {dag.py:3089} INFO - Sync 1 DAGs
[2025-11-05T00:32:34.929+0000] {logging_mixin.py:188} INFO - [2025-11-05T00:32:34.928+0000] {dag.py:3947} INFO - Setting next_dagrun for refresh_fundamentals_dag to 2025-11-05 05:00:00+00:00, run_after=2025-12-05 05:00:00+00:00
[2025-11-05T00:32:34.936+0000] {processor.py:183} INFO - Processing /opt/airflow/dags/qi_refresh_fundamentals.py took 0.130 seconds
[2025-11-05T01:02:36.207+0000] {processor.py:161} INFO - Started process (PID=8515) to work on /opt/airflow/dags/qi_refresh_fundamentals.py
[2025-11-05T01:02:36.207+0000] {processor.py:830} INFO - Processing file /opt/airflow/dags/qi_refresh_fundamentals.py for tasks to queue
[2025-11-05T01:02:36.208+0000] {logging_mixin.py:188} INFO - [2025-11-05T01:02:36.208+0000] {dagbag.py:545} INFO - Filling up the DagBag from /opt/airflow/dags/qi_refresh_fundamentals.py
[2025-11-05T01:02:36.215+0000] {processor.py:840} INFO - DAG(s) 'refresh_fundamentals_dag' retrieved from /opt/airflow/dags/qi_refresh_fundamentals.py
[2025-11-05T01:02:36.232+0000] {logging_mixin.py:188} INFO - [2025-11-05T01:02:36.232+0000] {dag.py:3089} INFO - Sync 1 DAGs
[2025-11-05T01:02:36.317+0000] {logging_mixin.py:188} INFO - [2025-11-05T01:02:36.316+0000] {dag.py:3947} INFO - Setting next_dagrun for refresh_fundamentals_dag to 2025-11-05 05:00:00+00:00, run_after=2025-12-05 05:00:00+00:00
[2025-11-05T01:02:36.324+0000] {processor.py:183} INFO - Processing /opt/airflow/dags/qi_refresh_fundamentals.py took 0.120 seconds
[2025-11-05T01:21:20.876+0000] {processor.py:161} INFO - Started process (PID=8518) to work on /opt/airflow/dags/qi_refresh_fundamentals.py
[2025-11-05T01:21:20.877+0000] {processor.py:830} INFO - Processing file /opt/airflow/dags/qi_refresh_fundamentals.py for tasks to queue
[2025-11-05T01:21:20.878+0000] {logging_mixin.py:188} INFO - [2025-11-05T01:21:20.878+0000] {dagbag.py:545} INFO - Filling up the DagBag from /opt/airflow/dags/qi_refresh_fundamentals.py
[2025-11-05T01:21:20.884+0000] {processor.py:840} INFO - DAG(s) 'refresh_fundamentals_dag' retrieved from /opt/airflow/dags/qi_refresh_fundamentals.py
[2025-11-05T01:21:20.975+0000] {logging_mixin.py:188} INFO - [2025-11-05T01:21:20.975+0000] {dag.py:3089} INFO - Sync 1 DAGs
[2025-11-05T01:21:20.984+0000] {logging_mixin.py:188} INFO - [2025-11-05T01:21:20.984+0000] {dag.py:3947} INFO - Setting next_dagrun for refresh_fundamentals_dag to 2025-11-05 05:00:00+00:00, run_after=2025-12-05 05:00:00+00:00
[2025-11-05T01:21:20.991+0000] {processor.py:183} INFO - Processing /opt/airflow/dags/qi_refresh_fundamentals.py took 0.118 seconds
[2025-11-05T01:42:04.294+0000] {processor.py:161} INFO - Started process (PID=8521) to work on /opt/airflow/dags/qi_refresh_fundamentals.py
[2025-11-05T01:42:04.295+0000] {processor.py:830} INFO - Processing file /opt/airflow/dags/qi_refresh_fundamentals.py for tasks to queue
[2025-11-05T01:42:04.295+0000] {logging_mixin.py:188} INFO - [2025-11-05T01:42:04.295+0000] {dagbag.py:545} INFO - Filling up the DagBag from /opt/airflow/dags/qi_refresh_fundamentals.py
[2025-11-05T01:42:04.302+0000] {processor.py:840} INFO - DAG(s) 'refresh_fundamentals_dag' retrieved from /opt/airflow/dags/qi_refresh_fundamentals.py
[2025-11-05T01:42:04.318+0000] {logging_mixin.py:188} INFO - [2025-11-05T01:42:04.318+0000] {dag.py:3089} INFO - Sync 1 DAGs
[2025-11-05T01:42:04.328+0000] {logging_mixin.py:188} INFO - [2025-11-05T01:42:04.328+0000] {dag.py:3947} INFO - Setting next_dagrun for refresh_fundamentals_dag to 2025-11-05 05:00:00+00:00, run_after=2025-12-05 05:00:00+00:00
[2025-11-05T01:42:04.335+0000] {processor.py:183} INFO - Processing /opt/airflow/dags/qi_refresh_fundamentals.py took 0.045 seconds
[2025-11-05T02:03:28.036+0000] {processor.py:161} INFO - Started process (PID=8524) to work on /opt/airflow/dags/qi_refresh_fundamentals.py
[2025-11-05T02:03:28.037+0000] {processor.py:830} INFO - Processing file /opt/airflow/dags/qi_refresh_fundamentals.py for tasks to queue
[2025-11-05T02:03:28.039+0000] {logging_mixin.py:188} INFO - [2025-11-05T02:03:28.039+0000] {dagbag.py:545} INFO - Filling up the DagBag from /opt/airflow/dags/qi_refresh_fundamentals.py
[2025-11-05T02:03:28.051+0000] {processor.py:840} INFO - DAG(s) 'refresh_fundamentals_dag' retrieved from /opt/airflow/dags/qi_refresh_fundamentals.py
[2025-11-05T02:03:28.084+0000] {logging_mixin.py:188} INFO - [2025-11-05T02:03:28.084+0000] {dag.py:3089} INFO - Sync 1 DAGs
[2025-11-05T02:03:28.107+0000] {logging_mixin.py:188} INFO - [2025-11-05T02:03:28.106+0000] {dag.py:3947} INFO - Setting next_dagrun for refresh_fundamentals_dag to 2025-11-05 05:00:00+00:00, run_after=2025-12-05 05:00:00+00:00
[2025-11-05T02:03:28.130+0000] {processor.py:183} INFO - Processing /opt/airflow/dags/qi_refresh_fundamentals.py took 0.100 seconds
[2025-11-05T02:19:01.771+0000] {processor.py:161} INFO - Started process (PID=8527) to work on /opt/airflow/dags/qi_refresh_fundamentals.py
[2025-11-05T02:19:01.771+0000] {processor.py:830} INFO - Processing file /opt/airflow/dags/qi_refresh_fundamentals.py for tasks to queue
[2025-11-05T02:19:01.772+0000] {logging_mixin.py:188} INFO - [2025-11-05T02:19:01.772+0000] {dagbag.py:545} INFO - Filling up the DagBag from /opt/airflow/dags/qi_refresh_fundamentals.py
[2025-11-05T02:19:01.779+0000] {processor.py:840} INFO - DAG(s) 'refresh_fundamentals_dag' retrieved from /opt/airflow/dags/qi_refresh_fundamentals.py
[2025-11-05T02:19:01.796+0000] {logging_mixin.py:188} INFO - [2025-11-05T02:19:01.796+0000] {dag.py:3089} INFO - Sync 1 DAGs
[2025-11-05T02:19:01.807+0000] {logging_mixin.py:188} INFO - [2025-11-05T02:19:01.807+0000] {dag.py:3947} INFO - Setting next_dagrun for refresh_fundamentals_dag to 2025-11-05 05:00:00+00:00, run_after=2025-12-05 05:00:00+00:00
[2025-11-05T02:19:01.900+0000] {processor.py:183} INFO - Processing /opt/airflow/dags/qi_refresh_fundamentals.py took 0.133 seconds
[2025-11-05T02:34:27.523+0000] {processor.py:161} INFO - Started process (PID=8530) to work on /opt/airflow/dags/qi_refresh_fundamentals.py
[2025-11-05T02:34:27.523+0000] {processor.py:830} INFO - Processing file /opt/airflow/dags/qi_refresh_fundamentals.py for tasks to queue
[2025-11-05T02:34:27.524+0000] {logging_mixin.py:188} INFO - [2025-11-05T02:34:27.524+0000] {dagbag.py:545} INFO - Filling up the DagBag from /opt/airflow/dags/qi_refresh_fundamentals.py
[2025-11-05T02:34:27.531+0000] {processor.py:840} INFO - DAG(s) 'refresh_fundamentals_dag' retrieved from /opt/airflow/dags/qi_refresh_fundamentals.py
[2025-11-05T02:34:27.547+0000] {logging_mixin.py:188} INFO - [2025-11-05T02:34:27.547+0000] {dag.py:3089} INFO - Sync 1 DAGs
[2025-11-05T02:34:27.632+0000] {logging_mixin.py:188} INFO - [2025-11-05T02:34:27.632+0000] {dag.py:3947} INFO - Setting next_dagrun for refresh_fundamentals_dag to 2025-11-05 05:00:00+00:00, run_after=2025-12-05 05:00:00+00:00
[2025-11-05T02:34:27.639+0000] {processor.py:183} INFO - Processing /opt/airflow/dags/qi_refresh_fundamentals.py took 0.120 seconds
[2025-11-05T03:04:28.774+0000] {processor.py:161} INFO - Started process (PID=8533) to work on /opt/airflow/dags/qi_refresh_fundamentals.py
[2025-11-05T03:04:28.775+0000] {processor.py:830} INFO - Processing file /opt/airflow/dags/qi_refresh_fundamentals.py for tasks to queue
[2025-11-05T03:04:28.777+0000] {logging_mixin.py:188} INFO - [2025-11-05T03:04:28.777+0000] {dagbag.py:545} INFO - Filling up the DagBag from /opt/airflow/dags/qi_refresh_fundamentals.py
[2025-11-05T03:04:28.784+0000] {processor.py:840} INFO - DAG(s) 'refresh_fundamentals_dag' retrieved from /opt/airflow/dags/qi_refresh_fundamentals.py
[2025-11-05T03:04:28.869+0000] {logging_mixin.py:188} INFO - [2025-11-05T03:04:28.869+0000] {dag.py:3089} INFO - Sync 1 DAGs
[2025-11-05T03:04:28.878+0000] {logging_mixin.py:188} INFO - [2025-11-05T03:04:28.878+0000] {dag.py:3947} INFO - Setting next_dagrun for refresh_fundamentals_dag to 2025-11-05 05:00:00+00:00, run_after=2025-12-05 05:00:00+00:00
[2025-11-05T03:04:28.885+0000] {processor.py:183} INFO - Processing /opt/airflow/dags/qi_refresh_fundamentals.py took 0.114 seconds
[2025-11-05T03:19:59.649+0000] {processor.py:161} INFO - Started process (PID=8536) to work on /opt/airflow/dags/qi_refresh_fundamentals.py
[2025-11-05T03:19:59.651+0000] {processor.py:830} INFO - Processing file /opt/airflow/dags/qi_refresh_fundamentals.py for tasks to queue
[2025-11-05T03:19:59.656+0000] {logging_mixin.py:188} INFO - [2025-11-05T03:19:59.655+0000] {dagbag.py:545} INFO - Filling up the DagBag from /opt/airflow/dags/qi_refresh_fundamentals.py
[2025-11-05T03:19:59.674+0000] {processor.py:840} INFO - DAG(s) 'refresh_fundamentals_dag' retrieved from /opt/airflow/dags/qi_refresh_fundamentals.py
[2025-11-05T03:19:59.724+0000] {logging_mixin.py:188} INFO - [2025-11-05T03:19:59.723+0000] {dag.py:3089} INFO - Sync 1 DAGs
[2025-11-05T03:19:59.756+0000] {logging_mixin.py:188} INFO - [2025-11-05T03:19:59.755+0000] {dag.py:3947} INFO - Setting next_dagrun for refresh_fundamentals_dag to 2025-11-05 05:00:00+00:00, run_after=2025-12-05 05:00:00+00:00
[2025-11-05T03:19:59.783+0000] {processor.py:183} INFO - Processing /opt/airflow/dags/qi_refresh_fundamentals.py took 0.143 seconds
[2025-11-05T03:35:29.827+0000] {processor.py:161} INFO - Started process (PID=8539) to work on /opt/airflow/dags/qi_refresh_fundamentals.py
[2025-11-05T03:35:29.829+0000] {processor.py:830} INFO - Processing file /opt/airflow/dags/qi_refresh_fundamentals.py for tasks to queue
[2025-11-05T03:35:29.833+0000] {logging_mixin.py:188} INFO - [2025-11-05T03:35:29.833+0000] {dagbag.py:545} INFO - Filling up the DagBag from /opt/airflow/dags/qi_refresh_fundamentals.py
[2025-11-05T03:35:29.857+0000] {processor.py:840} INFO - DAG(s) 'refresh_fundamentals_dag' retrieved from /opt/airflow/dags/qi_refresh_fundamentals.py
[2025-11-05T03:35:29.925+0000] {logging_mixin.py:188} INFO - [2025-11-05T03:35:29.924+0000] {dag.py:3089} INFO - Sync 1 DAGs
[2025-11-05T03:35:29.980+0000] {logging_mixin.py:188} INFO - [2025-11-05T03:35:29.979+0000] {dag.py:3947} INFO - Setting next_dagrun for refresh_fundamentals_dag to 2025-11-05 05:00:00+00:00, run_after=2025-12-05 05:00:00+00:00
[2025-11-05T03:35:30.088+0000] {processor.py:183} INFO - Processing /opt/airflow/dags/qi_refresh_fundamentals.py took 0.273 seconds
[2025-11-05T04:05:32.206+0000] {processor.py:161} INFO - Started process (PID=8542) to work on /opt/airflow/dags/qi_refresh_fundamentals.py
[2025-11-05T04:05:32.207+0000] {processor.py:830} INFO - Processing file /opt/airflow/dags/qi_refresh_fundamentals.py for tasks to queue
[2025-11-05T04:05:32.207+0000] {logging_mixin.py:188} INFO - [2025-11-05T04:05:32.207+0000] {dagbag.py:545} INFO - Filling up the DagBag from /opt/airflow/dags/qi_refresh_fundamentals.py
[2025-11-05T04:05:32.214+0000] {processor.py:840} INFO - DAG(s) 'refresh_fundamentals_dag' retrieved from /opt/airflow/dags/qi_refresh_fundamentals.py
[2025-11-05T04:05:32.231+0000] {logging_mixin.py:188} INFO - [2025-11-05T04:05:32.231+0000] {dag.py:3089} INFO - Sync 1 DAGs
[2025-11-05T04:05:32.242+0000] {logging_mixin.py:188} INFO - [2025-11-05T04:05:32.241+0000] {dag.py:3947} INFO - Setting next_dagrun for refresh_fundamentals_dag to 2025-11-05 05:00:00+00:00, run_after=2025-12-05 05:00:00+00:00
[2025-11-05T04:05:32.328+0000] {processor.py:183} INFO - Processing /opt/airflow/dags/qi_refresh_fundamentals.py took 0.125 seconds
[2025-11-05T04:24:26.394+0000] {processor.py:161} INFO - Started process (PID=8545) to work on /opt/airflow/dags/qi_refresh_fundamentals.py
[2025-11-05T04:24:26.395+0000] {processor.py:830} INFO - Processing file /opt/airflow/dags/qi_refresh_fundamentals.py for tasks to queue
[2025-11-05T04:24:26.396+0000] {logging_mixin.py:188} INFO - [2025-11-05T04:24:26.396+0000] {dagbag.py:545} INFO - Filling up the DagBag from /opt/airflow/dags/qi_refresh_fundamentals.py
[2025-11-05T04:24:26.402+0000] {processor.py:840} INFO - DAG(s) 'refresh_fundamentals_dag' retrieved from /opt/airflow/dags/qi_refresh_fundamentals.py
[2025-11-05T04:24:26.418+0000] {logging_mixin.py:188} INFO - [2025-11-05T04:24:26.417+0000] {dag.py:3089} INFO - Sync 1 DAGs
[2025-11-05T04:24:26.502+0000] {logging_mixin.py:188} INFO - [2025-11-05T04:24:26.502+0000] {dag.py:3947} INFO - Setting next_dagrun for refresh_fundamentals_dag to 2025-11-05 05:00:00+00:00, run_after=2025-12-05 05:00:00+00:00
[2025-11-05T04:24:26.510+0000] {processor.py:183} INFO - Processing /opt/airflow/dags/qi_refresh_fundamentals.py took 0.118 seconds
[2025-11-05T04:39:55.852+0000] {processor.py:161} INFO - Started process (PID=8548) to work on /opt/airflow/dags/qi_refresh_fundamentals.py
[2025-11-05T04:39:55.852+0000] {processor.py:830} INFO - Processing file /opt/airflow/dags/qi_refresh_fundamentals.py for tasks to queue
[2025-11-05T04:39:55.854+0000] {logging_mixin.py:188} INFO - [2025-11-05T04:39:55.853+0000] {dagbag.py:545} INFO - Filling up the DagBag from /opt/airflow/dags/qi_refresh_fundamentals.py
[2025-11-05T04:39:55.859+0000] {processor.py:840} INFO - DAG(s) 'refresh_fundamentals_dag' retrieved from /opt/airflow/dags/qi_refresh_fundamentals.py
[2025-11-05T04:39:55.874+0000] {logging_mixin.py:188} INFO - [2025-11-05T04:39:55.874+0000] {dag.py:3089} INFO - Sync 1 DAGs
[2025-11-05T04:39:55.954+0000] {logging_mixin.py:188} INFO - [2025-11-05T04:39:55.954+0000] {dag.py:3947} INFO - Setting next_dagrun for refresh_fundamentals_dag to 2025-11-05 05:00:00+00:00, run_after=2025-12-05 05:00:00+00:00
[2025-11-05T04:39:55.962+0000] {processor.py:183} INFO - Processing /opt/airflow/dags/qi_refresh_fundamentals.py took 0.113 seconds
[2025-11-05T05:06:28.379+0000] {processor.py:161} INFO - Started process (PID=8551) to work on /opt/airflow/dags/qi_refresh_fundamentals.py
[2025-11-05T05:06:28.383+0000] {processor.py:830} INFO - Processing file /opt/airflow/dags/qi_refresh_fundamentals.py for tasks to queue
[2025-11-05T05:06:28.391+0000] {logging_mixin.py:188} INFO - [2025-11-05T05:06:28.390+0000] {dagbag.py:545} INFO - Filling up the DagBag from /opt/airflow/dags/qi_refresh_fundamentals.py
[2025-11-05T05:06:28.474+0000] {processor.py:840} INFO - DAG(s) 'refresh_fundamentals_dag' retrieved from /opt/airflow/dags/qi_refresh_fundamentals.py
[2025-11-05T05:06:28.601+0000] {logging_mixin.py:188} INFO - [2025-11-05T05:06:28.598+0000] {dag.py:3089} INFO - Sync 1 DAGs
[2025-11-05T05:06:28.663+0000] {logging_mixin.py:188} INFO - [2025-11-05T05:06:28.663+0000] {dag.py:3947} INFO - Setting next_dagrun for refresh_fundamentals_dag to 2025-11-05 05:00:00+00:00, run_after=2025-12-05 05:00:00+00:00
[2025-11-05T05:06:28.711+0000] {processor.py:183} INFO - Processing /opt/airflow/dags/qi_refresh_fundamentals.py took 0.361 seconds
[2025-11-05T05:21:58.494+0000] {processor.py:161} INFO - Started process (PID=8554) to work on /opt/airflow/dags/qi_refresh_fundamentals.py
[2025-11-05T05:21:58.498+0000] {processor.py:830} INFO - Processing file /opt/airflow/dags/qi_refresh_fundamentals.py for tasks to queue
[2025-11-05T05:21:58.502+0000] {logging_mixin.py:188} INFO - [2025-11-05T05:21:58.501+0000] {dagbag.py:545} INFO - Filling up the DagBag from /opt/airflow/dags/qi_refresh_fundamentals.py
[2025-11-05T05:21:58.531+0000] {processor.py:840} INFO - DAG(s) 'refresh_fundamentals_dag' retrieved from /opt/airflow/dags/qi_refresh_fundamentals.py
[2025-11-05T05:21:58.598+0000] {logging_mixin.py:188} INFO - [2025-11-05T05:21:58.597+0000] {dag.py:3089} INFO - Sync 1 DAGs
[2025-11-05T05:21:58.645+0000] {logging_mixin.py:188} INFO - [2025-11-05T05:21:58.644+0000] {dag.py:3947} INFO - Setting next_dagrun for refresh_fundamentals_dag to 2025-11-05 05:00:00+00:00, run_after=2025-12-05 05:00:00+00:00
[2025-11-05T05:21:58.685+0000] {processor.py:183} INFO - Processing /opt/airflow/dags/qi_refresh_fundamentals.py took 0.210 seconds
[2025-11-05T05:37:26.264+0000] {processor.py:161} INFO - Started process (PID=8557) to work on /opt/airflow/dags/qi_refresh_fundamentals.py
[2025-11-05T05:37:26.265+0000] {processor.py:830} INFO - Processing file /opt/airflow/dags/qi_refresh_fundamentals.py for tasks to queue
[2025-11-05T05:37:26.266+0000] {logging_mixin.py:188} INFO - [2025-11-05T05:37:26.266+0000] {dagbag.py:545} INFO - Filling up the DagBag from /opt/airflow/dags/qi_refresh_fundamentals.py
[2025-11-05T05:37:26.272+0000] {processor.py:840} INFO - DAG(s) 'refresh_fundamentals_dag' retrieved from /opt/airflow/dags/qi_refresh_fundamentals.py
[2025-11-05T05:37:26.287+0000] {logging_mixin.py:188} INFO - [2025-11-05T05:37:26.287+0000] {dag.py:3089} INFO - Sync 1 DAGs
[2025-11-05T05:37:26.297+0000] {logging_mixin.py:188} INFO - [2025-11-05T05:37:26.297+0000] {dag.py:3947} INFO - Setting next_dagrun for refresh_fundamentals_dag to 2025-11-05 05:00:00+00:00, run_after=2025-12-05 05:00:00+00:00
[2025-11-05T05:37:26.305+0000] {processor.py:183} INFO - Processing /opt/airflow/dags/qi_refresh_fundamentals.py took 0.043 seconds
[2025-11-05T06:10:16.888+0000] {processor.py:161} INFO - Started process (PID=8560) to work on /opt/airflow/dags/qi_refresh_fundamentals.py
[2025-11-05T06:10:16.889+0000] {processor.py:830} INFO - Processing file /opt/airflow/dags/qi_refresh_fundamentals.py for tasks to queue
[2025-11-05T06:10:16.890+0000] {logging_mixin.py:188} INFO - [2025-11-05T06:10:16.890+0000] {dagbag.py:545} INFO - Filling up the DagBag from /opt/airflow/dags/qi_refresh_fundamentals.py
[2025-11-05T06:10:16.897+0000] {processor.py:840} INFO - DAG(s) 'refresh_fundamentals_dag' retrieved from /opt/airflow/dags/qi_refresh_fundamentals.py
[2025-11-05T06:10:16.917+0000] {logging_mixin.py:188} INFO - [2025-11-05T06:10:16.917+0000] {dag.py:3089} INFO - Sync 1 DAGs
[2025-11-05T06:10:17.019+0000] {logging_mixin.py:188} INFO - [2025-11-05T06:10:17.018+0000] {dag.py:3947} INFO - Setting next_dagrun for refresh_fundamentals_dag to 2025-11-05 05:00:00+00:00, run_after=2025-12-05 05:00:00+00:00
[2025-11-05T06:10:17.029+0000] {processor.py:183} INFO - Processing /opt/airflow/dags/qi_refresh_fundamentals.py took 0.145 seconds
[2025-11-05T06:16:03.674+0000] {processor.py:161} INFO - Started process (PID=8563) to work on /opt/airflow/dags/qi_refresh_fundamentals.py
[2025-11-05T06:16:03.675+0000] {processor.py:830} INFO - Processing file /opt/airflow/dags/qi_refresh_fundamentals.py for tasks to queue
[2025-11-05T06:16:03.676+0000] {logging_mixin.py:188} INFO - [2025-11-05T06:16:03.676+0000] {dagbag.py:545} INFO - Filling up the DagBag from /opt/airflow/dags/qi_refresh_fundamentals.py
[2025-11-05T06:16:03.683+0000] {processor.py:840} INFO - DAG(s) 'refresh_fundamentals_dag' retrieved from /opt/airflow/dags/qi_refresh_fundamentals.py
[2025-11-05T06:16:03.699+0000] {logging_mixin.py:188} INFO - [2025-11-05T06:16:03.699+0000] {dag.py:3089} INFO - Sync 1 DAGs
[2025-11-05T06:16:03.780+0000] {logging_mixin.py:188} INFO - [2025-11-05T06:16:03.780+0000] {dag.py:3947} INFO - Setting next_dagrun for refresh_fundamentals_dag to 2025-11-05 05:00:00+00:00, run_after=2025-12-05 05:00:00+00:00
[2025-11-05T06:16:03.788+0000] {processor.py:183} INFO - Processing /opt/airflow/dags/qi_refresh_fundamentals.py took 0.117 seconds
[2025-11-05T06:31:57.839+0000] {processor.py:161} INFO - Started process (PID=8566) to work on /opt/airflow/dags/qi_refresh_fundamentals.py
[2025-11-05T06:31:57.840+0000] {processor.py:830} INFO - Processing file /opt/airflow/dags/qi_refresh_fundamentals.py for tasks to queue
[2025-11-05T06:31:57.844+0000] {logging_mixin.py:188} INFO - [2025-11-05T06:31:57.843+0000] {dagbag.py:545} INFO - Filling up the DagBag from /opt/airflow/dags/qi_refresh_fundamentals.py
[2025-11-05T06:31:57.864+0000] {processor.py:840} INFO - DAG(s) 'refresh_fundamentals_dag' retrieved from /opt/airflow/dags/qi_refresh_fundamentals.py
[2025-11-05T06:31:58.146+0000] {logging_mixin.py:188} INFO - [2025-11-05T06:31:58.146+0000] {dag.py:3089} INFO - Sync 1 DAGs
[2025-11-05T06:31:58.169+0000] {logging_mixin.py:188} INFO - [2025-11-05T06:31:58.169+0000] {dag.py:3947} INFO - Setting next_dagrun for refresh_fundamentals_dag to 2025-11-05 05:00:00+00:00, run_after=2025-12-05 05:00:00+00:00
[2025-11-05T06:31:58.192+0000] {processor.py:183} INFO - Processing /opt/airflow/dags/qi_refresh_fundamentals.py took 0.363 seconds
[2025-11-05T07:08:12.610+0000] {processor.py:161} INFO - Started process (PID=8569) to work on /opt/airflow/dags/qi_refresh_fundamentals.py
[2025-11-05T07:08:12.611+0000] {processor.py:830} INFO - Processing file /opt/airflow/dags/qi_refresh_fundamentals.py for tasks to queue
[2025-11-05T07:08:12.612+0000] {logging_mixin.py:188} INFO - [2025-11-05T07:08:12.612+0000] {dagbag.py:545} INFO - Filling up the DagBag from /opt/airflow/dags/qi_refresh_fundamentals.py
[2025-11-05T07:08:12.618+0000] {processor.py:840} INFO - DAG(s) 'refresh_fundamentals_dag' retrieved from /opt/airflow/dags/qi_refresh_fundamentals.py
[2025-11-05T07:08:12.634+0000] {logging_mixin.py:188} INFO - [2025-11-05T07:08:12.634+0000] {dag.py:3089} INFO - Sync 1 DAGs
[2025-11-05T07:08:12.646+0000] {logging_mixin.py:188} INFO - [2025-11-05T07:08:12.646+0000] {dag.py:3947} INFO - Setting next_dagrun for refresh_fundamentals_dag to 2025-11-05 05:00:00+00:00, run_after=2025-12-05 05:00:00+00:00
[2025-11-05T07:08:12.656+0000] {processor.py:183} INFO - Processing /opt/airflow/dags/qi_refresh_fundamentals.py took 0.049 seconds
[2025-11-05T07:23:43.237+0000] {processor.py:161} INFO - Started process (PID=8572) to work on /opt/airflow/dags/qi_refresh_fundamentals.py
[2025-11-05T07:23:43.238+0000] {processor.py:830} INFO - Processing file /opt/airflow/dags/qi_refresh_fundamentals.py for tasks to queue
[2025-11-05T07:23:43.239+0000] {logging_mixin.py:188} INFO - [2025-11-05T07:23:43.238+0000] {dagbag.py:545} INFO - Filling up the DagBag from /opt/airflow/dags/qi_refresh_fundamentals.py
[2025-11-05T07:23:43.245+0000] {processor.py:840} INFO - DAG(s) 'refresh_fundamentals_dag' retrieved from /opt/airflow/dags/qi_refresh_fundamentals.py
[2025-11-05T07:23:43.261+0000] {logging_mixin.py:188} INFO - [2025-11-05T07:23:43.261+0000] {dag.py:3089} INFO - Sync 1 DAGs
[2025-11-05T07:23:43.271+0000] {logging_mixin.py:188} INFO - [2025-11-05T07:23:43.271+0000] {dag.py:3947} INFO - Setting next_dagrun for refresh_fundamentals_dag to 2025-11-05 05:00:00+00:00, run_after=2025-12-05 05:00:00+00:00
[2025-11-05T07:23:43.279+0000] {processor.py:183} INFO - Processing /opt/airflow/dags/qi_refresh_fundamentals.py took 0.046 seconds
[2025-11-05T07:37:56.963+0000] {processor.py:161} INFO - Started process (PID=8575) to work on /opt/airflow/dags/qi_refresh_fundamentals.py
[2025-11-05T07:37:56.964+0000] {processor.py:830} INFO - Processing file /opt/airflow/dags/qi_refresh_fundamentals.py for tasks to queue
[2025-11-05T07:37:56.965+0000] {logging_mixin.py:188} INFO - [2025-11-05T07:37:56.965+0000] {dagbag.py:545} INFO - Filling up the DagBag from /opt/airflow/dags/qi_refresh_fundamentals.py
[2025-11-05T07:37:56.971+0000] {processor.py:840} INFO - DAG(s) 'refresh_fundamentals_dag' retrieved from /opt/airflow/dags/qi_refresh_fundamentals.py
[2025-11-05T07:37:56.986+0000] {logging_mixin.py:188} INFO - [2025-11-05T07:37:56.986+0000] {dag.py:3089} INFO - Sync 1 DAGs
[2025-11-05T07:37:56.996+0000] {logging_mixin.py:188} INFO - [2025-11-05T07:37:56.996+0000] {dag.py:3947} INFO - Setting next_dagrun for refresh_fundamentals_dag to 2025-11-05 05:00:00+00:00, run_after=2025-12-05 05:00:00+00:00
[2025-11-05T07:37:57.081+0000] {processor.py:183} INFO - Processing /opt/airflow/dags/qi_refresh_fundamentals.py took 0.120 seconds
[2025-11-05T08:04:14.766+0000] {processor.py:161} INFO - Started process (PID=8578) to work on /opt/airflow/dags/qi_refresh_fundamentals.py
[2025-11-05T08:04:14.767+0000] {processor.py:830} INFO - Processing file /opt/airflow/dags/qi_refresh_fundamentals.py for tasks to queue
[2025-11-05T08:04:14.768+0000] {logging_mixin.py:188} INFO - [2025-11-05T08:04:14.768+0000] {dagbag.py:545} INFO - Filling up the DagBag from /opt/airflow/dags/qi_refresh_fundamentals.py
[2025-11-05T08:04:14.774+0000] {processor.py:840} INFO - DAG(s) 'refresh_fundamentals_dag' retrieved from /opt/airflow/dags/qi_refresh_fundamentals.py
[2025-11-05T08:04:14.791+0000] {logging_mixin.py:188} INFO - [2025-11-05T08:04:14.791+0000] {dag.py:3089} INFO - Sync 1 DAGs
[2025-11-05T08:04:14.877+0000] {logging_mixin.py:188} INFO - [2025-11-05T08:04:14.877+0000] {dag.py:3947} INFO - Setting next_dagrun for refresh_fundamentals_dag to 2025-11-05 05:00:00+00:00, run_after=2025-12-05 05:00:00+00:00
[2025-11-05T08:04:14.885+0000] {processor.py:183} INFO - Processing /opt/airflow/dags/qi_refresh_fundamentals.py took 0.122 seconds
[2025-11-05T08:28:16.664+0000] {processor.py:161} INFO - Started process (PID=8581) to work on /opt/airflow/dags/qi_refresh_fundamentals.py
[2025-11-05T08:28:16.667+0000] {processor.py:830} INFO - Processing file /opt/airflow/dags/qi_refresh_fundamentals.py for tasks to queue
[2025-11-05T08:28:16.672+0000] {logging_mixin.py:188} INFO - [2025-11-05T08:28:16.672+0000] {dagbag.py:545} INFO - Filling up the DagBag from /opt/airflow/dags/qi_refresh_fundamentals.py
[2025-11-05T08:28:16.700+0000] {processor.py:840} INFO - DAG(s) 'refresh_fundamentals_dag' retrieved from /opt/airflow/dags/qi_refresh_fundamentals.py
[2025-11-05T08:28:17.237+0000] {logging_mixin.py:188} INFO - [2025-11-05T08:28:17.236+0000] {dag.py:3089} INFO - Sync 1 DAGs
[2025-11-05T08:28:17.270+0000] {logging_mixin.py:188} INFO - [2025-11-05T08:28:17.270+0000] {dag.py:3947} INFO - Setting next_dagrun for refresh_fundamentals_dag to 2025-11-05 05:00:00+00:00, run_after=2025-12-05 05:00:00+00:00
[2025-11-05T08:28:17.299+0000] {processor.py:183} INFO - Processing /opt/airflow/dags/qi_refresh_fundamentals.py took 0.647 seconds
[2025-11-05T08:43:45.989+0000] {processor.py:161} INFO - Started process (PID=8584) to work on /opt/airflow/dags/qi_refresh_fundamentals.py
[2025-11-05T08:43:45.990+0000] {processor.py:830} INFO - Processing file /opt/airflow/dags/qi_refresh_fundamentals.py for tasks to queue
[2025-11-05T08:43:45.991+0000] {logging_mixin.py:188} INFO - [2025-11-05T08:43:45.991+0000] {dagbag.py:545} INFO - Filling up the DagBag from /opt/airflow/dags/qi_refresh_fundamentals.py
[2025-11-05T08:43:45.997+0000] {processor.py:840} INFO - DAG(s) 'refresh_fundamentals_dag' retrieved from /opt/airflow/dags/qi_refresh_fundamentals.py
[2025-11-05T08:43:46.013+0000] {logging_mixin.py:188} INFO - [2025-11-05T08:43:46.013+0000] {dag.py:3089} INFO - Sync 1 DAGs
[2025-11-05T08:43:46.024+0000] {logging_mixin.py:188} INFO - [2025-11-05T08:43:46.024+0000] {dag.py:3947} INFO - Setting next_dagrun for refresh_fundamentals_dag to 2025-11-05 05:00:00+00:00, run_after=2025-12-05 05:00:00+00:00
[2025-11-05T08:43:46.032+0000] {processor.py:183} INFO - Processing /opt/airflow/dags/qi_refresh_fundamentals.py took 0.046 seconds
[2025-11-05T09:09:26.667+0000] {processor.py:161} INFO - Started process (PID=8587) to work on /opt/airflow/dags/qi_refresh_fundamentals.py
[2025-11-05T09:09:26.667+0000] {processor.py:830} INFO - Processing file /opt/airflow/dags/qi_refresh_fundamentals.py for tasks to queue
[2025-11-05T09:09:26.668+0000] {logging_mixin.py:188} INFO - [2025-11-05T09:09:26.668+0000] {dagbag.py:545} INFO - Filling up the DagBag from /opt/airflow/dags/qi_refresh_fundamentals.py
[2025-11-05T09:09:26.674+0000] {processor.py:840} INFO - DAG(s) 'refresh_fundamentals_dag' retrieved from /opt/airflow/dags/qi_refresh_fundamentals.py
[2025-11-05T09:09:26.690+0000] {logging_mixin.py:188} INFO - [2025-11-05T09:09:26.689+0000] {dag.py:3089} INFO - Sync 1 DAGs
[2025-11-05T09:09:26.700+0000] {logging_mixin.py:188} INFO - [2025-11-05T09:09:26.700+0000] {dag.py:3947} INFO - Setting next_dagrun for refresh_fundamentals_dag to 2025-11-05 05:00:00+00:00, run_after=2025-12-05 05:00:00+00:00
[2025-11-05T09:09:26.708+0000] {processor.py:183} INFO - Processing /opt/airflow/dags/qi_refresh_fundamentals.py took 0.044 seconds
[2025-11-05T09:24:56.823+0000] {processor.py:161} INFO - Started process (PID=8590) to work on /opt/airflow/dags/qi_refresh_fundamentals.py
[2025-11-05T09:24:56.824+0000] {processor.py:830} INFO - Processing file /opt/airflow/dags/qi_refresh_fundamentals.py for tasks to queue
[2025-11-05T09:24:56.825+0000] {logging_mixin.py:188} INFO - [2025-11-05T09:24:56.825+0000] {dagbag.py:545} INFO - Filling up the DagBag from /opt/airflow/dags/qi_refresh_fundamentals.py
[2025-11-05T09:24:56.833+0000] {processor.py:840} INFO - DAG(s) 'refresh_fundamentals_dag' retrieved from /opt/airflow/dags/qi_refresh_fundamentals.py
[2025-11-05T09:24:56.852+0000] {logging_mixin.py:188} INFO - [2025-11-05T09:24:56.851+0000] {dag.py:3089} INFO - Sync 1 DAGs
[2025-11-05T09:24:56.864+0000] {logging_mixin.py:188} INFO - [2025-11-05T09:24:56.864+0000] {dag.py:3947} INFO - Setting next_dagrun for refresh_fundamentals_dag to 2025-11-05 05:00:00+00:00, run_after=2025-12-05 05:00:00+00:00
[2025-11-05T09:24:56.954+0000] {processor.py:183} INFO - Processing /opt/airflow/dags/qi_refresh_fundamentals.py took 0.134 seconds
[2025-11-05T09:53:22.758+0000] {processor.py:161} INFO - Started process (PID=8593) to work on /opt/airflow/dags/qi_refresh_fundamentals.py
[2025-11-05T09:53:22.759+0000] {processor.py:830} INFO - Processing file /opt/airflow/dags/qi_refresh_fundamentals.py for tasks to queue
[2025-11-05T09:53:22.760+0000] {logging_mixin.py:188} INFO - [2025-11-05T09:53:22.760+0000] {dagbag.py:545} INFO - Filling up the DagBag from /opt/airflow/dags/qi_refresh_fundamentals.py
[2025-11-05T09:53:22.766+0000] {processor.py:840} INFO - DAG(s) 'refresh_fundamentals_dag' retrieved from /opt/airflow/dags/qi_refresh_fundamentals.py
[2025-11-05T09:53:22.783+0000] {logging_mixin.py:188} INFO - [2025-11-05T09:53:22.783+0000] {dag.py:3089} INFO - Sync 1 DAGs
[2025-11-05T09:53:22.868+0000] {logging_mixin.py:188} INFO - [2025-11-05T09:53:22.868+0000] {dag.py:3947} INFO - Setting next_dagrun for refresh_fundamentals_dag to 2025-11-05 05:00:00+00:00, run_after=2025-12-05 05:00:00+00:00
[2025-11-05T09:53:22.876+0000] {processor.py:183} INFO - Processing /opt/airflow/dags/qi_refresh_fundamentals.py took 0.121 seconds
[2025-11-05T10:10:34.520+0000] {processor.py:161} INFO - Started process (PID=8596) to work on /opt/airflow/dags/qi_refresh_fundamentals.py
[2025-11-05T10:10:34.520+0000] {processor.py:830} INFO - Processing file /opt/airflow/dags/qi_refresh_fundamentals.py for tasks to queue
[2025-11-05T10:10:34.522+0000] {logging_mixin.py:188} INFO - [2025-11-05T10:10:34.522+0000] {dagbag.py:545} INFO - Filling up the DagBag from /opt/airflow/dags/qi_refresh_fundamentals.py
[2025-11-05T10:10:34.527+0000] {processor.py:840} INFO - DAG(s) 'refresh_fundamentals_dag' retrieved from /opt/airflow/dags/qi_refresh_fundamentals.py
[2025-11-05T10:10:34.543+0000] {logging_mixin.py:188} INFO - [2025-11-05T10:10:34.543+0000] {dag.py:3089} INFO - Sync 1 DAGs
[2025-11-05T10:10:34.627+0000] {logging_mixin.py:188} INFO - [2025-11-05T10:10:34.627+0000] {dag.py:3947} INFO - Setting next_dagrun for refresh_fundamentals_dag to 2025-11-05 05:00:00+00:00, run_after=2025-12-05 05:00:00+00:00
[2025-11-05T10:10:34.634+0000] {processor.py:183} INFO - Processing /opt/airflow/dags/qi_refresh_fundamentals.py took 0.118 seconds
[2025-11-05T10:33:05.766+0000] {processor.py:161} INFO - Started process (PID=8599) to work on /opt/airflow/dags/qi_refresh_fundamentals.py
[2025-11-05T10:33:05.768+0000] {processor.py:830} INFO - Processing file /opt/airflow/dags/qi_refresh_fundamentals.py for tasks to queue
[2025-11-05T10:33:05.779+0000] {logging_mixin.py:188} INFO - [2025-11-05T10:33:05.779+0000] {dagbag.py:545} INFO - Filling up the DagBag from /opt/airflow/dags/qi_refresh_fundamentals.py
[2025-11-05T10:33:05.813+0000] {processor.py:840} INFO - DAG(s) 'refresh_fundamentals_dag' retrieved from /opt/airflow/dags/qi_refresh_fundamentals.py
[2025-11-05T10:33:06.648+0000] {logging_mixin.py:188} INFO - [2025-11-05T10:33:06.647+0000] {dag.py:3089} INFO - Sync 1 DAGs
[2025-11-05T10:33:06.680+0000] {logging_mixin.py:188} INFO - [2025-11-05T10:33:06.680+0000] {dag.py:3947} INFO - Setting next_dagrun for refresh_fundamentals_dag to 2025-11-05 05:00:00+00:00, run_after=2025-12-05 05:00:00+00:00
[2025-11-05T10:33:06.707+0000] {processor.py:183} INFO - Processing /opt/airflow/dags/qi_refresh_fundamentals.py took 0.956 seconds
[2025-11-05T10:50:55.045+0000] {processor.py:161} INFO - Started process (PID=8602) to work on /opt/airflow/dags/qi_refresh_fundamentals.py
[2025-11-05T10:50:55.046+0000] {processor.py:830} INFO - Processing file /opt/airflow/dags/qi_refresh_fundamentals.py for tasks to queue
[2025-11-05T10:50:55.047+0000] {logging_mixin.py:188} INFO - [2025-11-05T10:50:55.047+0000] {dagbag.py:545} INFO - Filling up the DagBag from /opt/airflow/dags/qi_refresh_fundamentals.py
[2025-11-05T10:50:55.054+0000] {processor.py:840} INFO - DAG(s) 'refresh_fundamentals_dag' retrieved from /opt/airflow/dags/qi_refresh_fundamentals.py
[2025-11-05T10:50:55.070+0000] {logging_mixin.py:188} INFO - [2025-11-05T10:50:55.070+0000] {dag.py:3089} INFO - Sync 1 DAGs
[2025-11-05T10:50:55.081+0000] {logging_mixin.py:188} INFO - [2025-11-05T10:50:55.081+0000] {dag.py:3947} INFO - Setting next_dagrun for refresh_fundamentals_dag to 2025-11-05 05:00:00+00:00, run_after=2025-12-05 05:00:00+00:00
[2025-11-05T10:50:55.091+0000] {processor.py:183} INFO - Processing /opt/airflow/dags/qi_refresh_fundamentals.py took 0.049 seconds
[2025-11-05T10:52:30.422+0000] {processor.py:161} INFO - Started process (PID=8605) to work on /opt/airflow/dags/qi_refresh_fundamentals.py
[2025-11-05T10:52:30.423+0000] {processor.py:830} INFO - Processing file /opt/airflow/dags/qi_refresh_fundamentals.py for tasks to queue
[2025-11-05T10:52:30.424+0000] {logging_mixin.py:188} INFO - [2025-11-05T10:52:30.424+0000] {dagbag.py:545} INFO - Filling up the DagBag from /opt/airflow/dags/qi_refresh_fundamentals.py
[2025-11-05T10:52:30.430+0000] {processor.py:840} INFO - DAG(s) 'refresh_fundamentals_dag' retrieved from /opt/airflow/dags/qi_refresh_fundamentals.py
[2025-11-05T10:52:30.449+0000] {logging_mixin.py:188} INFO - [2025-11-05T10:52:30.449+0000] {dag.py:3089} INFO - Sync 1 DAGs
[2025-11-05T10:52:30.461+0000] {logging_mixin.py:188} INFO - [2025-11-05T10:52:30.461+0000] {dag.py:3947} INFO - Setting next_dagrun for refresh_fundamentals_dag to 2025-11-05 05:00:00+00:00, run_after=2025-12-05 05:00:00+00:00
[2025-11-05T10:52:30.471+0000] {processor.py:183} INFO - Processing /opt/airflow/dags/qi_refresh_fundamentals.py took 0.052 seconds
[2025-11-05T10:53:14.270+0000] {processor.py:161} INFO - Started process (PID=8608) to work on /opt/airflow/dags/qi_refresh_fundamentals.py
[2025-11-05T10:53:14.271+0000] {processor.py:830} INFO - Processing file /opt/airflow/dags/qi_refresh_fundamentals.py for tasks to queue
[2025-11-05T10:53:14.273+0000] {logging_mixin.py:188} INFO - [2025-11-05T10:53:14.272+0000] {dagbag.py:545} INFO - Filling up the DagBag from /opt/airflow/dags/qi_refresh_fundamentals.py
[2025-11-05T10:53:14.279+0000] {processor.py:840} INFO - DAG(s) 'refresh_fundamentals_dag' retrieved from /opt/airflow/dags/qi_refresh_fundamentals.py
[2025-11-05T10:53:14.298+0000] {logging_mixin.py:188} INFO - [2025-11-05T10:53:14.298+0000] {dag.py:3089} INFO - Sync 1 DAGs
[2025-11-05T10:53:14.311+0000] {logging_mixin.py:188} INFO - [2025-11-05T10:53:14.311+0000] {dag.py:3947} INFO - Setting next_dagrun for refresh_fundamentals_dag to 2025-11-05 05:00:00+00:00, run_after=2025-12-05 05:00:00+00:00
[2025-11-05T10:53:14.412+0000] {processor.py:183} INFO - Processing /opt/airflow/dags/qi_refresh_fundamentals.py took 0.145 seconds
[2025-11-05T10:54:31.706+0000] {processor.py:161} INFO - Started process (PID=8611) to work on /opt/airflow/dags/qi_refresh_fundamentals.py
[2025-11-05T10:54:31.706+0000] {processor.py:830} INFO - Processing file /opt/airflow/dags/qi_refresh_fundamentals.py for tasks to queue
[2025-11-05T10:54:31.708+0000] {logging_mixin.py:188} INFO - [2025-11-05T10:54:31.708+0000] {dagbag.py:545} INFO - Filling up the DagBag from /opt/airflow/dags/qi_refresh_fundamentals.py
[2025-11-05T10:54:31.717+0000] {processor.py:840} INFO - DAG(s) 'refresh_fundamentals_dag' retrieved from /opt/airflow/dags/qi_refresh_fundamentals.py
[2025-11-05T10:54:31.738+0000] {logging_mixin.py:188} INFO - [2025-11-05T10:54:31.738+0000] {dag.py:3089} INFO - Sync 1 DAGs
[2025-11-05T10:54:31.828+0000] {logging_mixin.py:188} INFO - [2025-11-05T10:54:31.828+0000] {dag.py:3947} INFO - Setting next_dagrun for refresh_fundamentals_dag to 2025-11-05 05:00:00+00:00, run_after=2025-12-05 05:00:00+00:00
[2025-11-05T10:54:31.835+0000] {processor.py:183} INFO - Processing /opt/airflow/dags/qi_refresh_fundamentals.py took 0.133 seconds
[2025-11-05T10:57:02.051+0000] {processor.py:161} INFO - Started process (PID=8614) to work on /opt/airflow/dags/qi_refresh_fundamentals.py
[2025-11-05T10:57:02.052+0000] {processor.py:830} INFO - Processing file /opt/airflow/dags/qi_refresh_fundamentals.py for tasks to queue
[2025-11-05T10:57:02.053+0000] {logging_mixin.py:188} INFO - [2025-11-05T10:57:02.053+0000] {dagbag.py:545} INFO - Filling up the DagBag from /opt/airflow/dags/qi_refresh_fundamentals.py
[2025-11-05T10:57:02.060+0000] {processor.py:840} INFO - DAG(s) 'refresh_fundamentals_dag' retrieved from /opt/airflow/dags/qi_refresh_fundamentals.py
[2025-11-05T10:57:02.176+0000] {logging_mixin.py:188} INFO - [2025-11-05T10:57:02.176+0000] {dag.py:3089} INFO - Sync 1 DAGs
[2025-11-05T10:57:02.186+0000] {logging_mixin.py:188} INFO - [2025-11-05T10:57:02.185+0000] {dag.py:3947} INFO - Setting next_dagrun for refresh_fundamentals_dag to 2025-11-05 05:00:00+00:00, run_after=2025-12-05 05:00:00+00:00
[2025-11-05T10:57:02.193+0000] {processor.py:183} INFO - Processing /opt/airflow/dags/qi_refresh_fundamentals.py took 0.146 seconds
[2025-11-05T11:12:43.740+0000] {processor.py:161} INFO - Started process (PID=8617) to work on /opt/airflow/dags/qi_refresh_fundamentals.py
[2025-11-05T11:12:43.741+0000] {processor.py:830} INFO - Processing file /opt/airflow/dags/qi_refresh_fundamentals.py for tasks to queue
[2025-11-05T11:12:43.742+0000] {logging_mixin.py:188} INFO - [2025-11-05T11:12:43.742+0000] {dagbag.py:545} INFO - Filling up the DagBag from /opt/airflow/dags/qi_refresh_fundamentals.py
[2025-11-05T11:12:43.748+0000] {processor.py:840} INFO - DAG(s) 'refresh_fundamentals_dag' retrieved from /opt/airflow/dags/qi_refresh_fundamentals.py
[2025-11-05T11:12:43.834+0000] {logging_mixin.py:188} INFO - [2025-11-05T11:12:43.834+0000] {dag.py:3089} INFO - Sync 1 DAGs
[2025-11-05T11:12:43.842+0000] {logging_mixin.py:188} INFO - [2025-11-05T11:12:43.842+0000] {dag.py:3947} INFO - Setting next_dagrun for refresh_fundamentals_dag to 2025-11-05 05:00:00+00:00, run_after=2025-12-05 05:00:00+00:00
[2025-11-05T11:12:43.850+0000] {processor.py:183} INFO - Processing /opt/airflow/dags/qi_refresh_fundamentals.py took 0.113 seconds
[2025-11-05T11:28:12.554+0000] {processor.py:161} INFO - Started process (PID=8620) to work on /opt/airflow/dags/qi_refresh_fundamentals.py
[2025-11-05T11:28:12.554+0000] {processor.py:830} INFO - Processing file /opt/airflow/dags/qi_refresh_fundamentals.py for tasks to queue
[2025-11-05T11:28:12.555+0000] {logging_mixin.py:188} INFO - [2025-11-05T11:28:12.555+0000] {dagbag.py:545} INFO - Filling up the DagBag from /opt/airflow/dags/qi_refresh_fundamentals.py
[2025-11-05T11:28:12.561+0000] {processor.py:840} INFO - DAG(s) 'refresh_fundamentals_dag' retrieved from /opt/airflow/dags/qi_refresh_fundamentals.py
[2025-11-05T11:28:12.576+0000] {logging_mixin.py:188} INFO - [2025-11-05T11:28:12.576+0000] {dag.py:3089} INFO - Sync 1 DAGs
[2025-11-05T11:28:12.586+0000] {logging_mixin.py:188} INFO - [2025-11-05T11:28:12.586+0000] {dag.py:3947} INFO - Setting next_dagrun for refresh_fundamentals_dag to 2025-11-05 05:00:00+00:00, run_after=2025-12-05 05:00:00+00:00
[2025-11-05T11:28:12.593+0000] {processor.py:183} INFO - Processing /opt/airflow/dags/qi_refresh_fundamentals.py took 0.043 seconds
[2025-11-05T11:53:53.236+0000] {processor.py:161} INFO - Started process (PID=8623) to work on /opt/airflow/dags/qi_refresh_fundamentals.py
[2025-11-05T11:53:53.237+0000] {processor.py:830} INFO - Processing file /opt/airflow/dags/qi_refresh_fundamentals.py for tasks to queue
[2025-11-05T11:53:53.238+0000] {logging_mixin.py:188} INFO - [2025-11-05T11:53:53.238+0000] {dagbag.py:545} INFO - Filling up the DagBag from /opt/airflow/dags/qi_refresh_fundamentals.py
[2025-11-05T11:53:53.245+0000] {processor.py:840} INFO - DAG(s) 'refresh_fundamentals_dag' retrieved from /opt/airflow/dags/qi_refresh_fundamentals.py
[2025-11-05T11:53:53.263+0000] {logging_mixin.py:188} INFO - [2025-11-05T11:53:53.263+0000] {dag.py:3089} INFO - Sync 1 DAGs
[2025-11-05T11:53:53.275+0000] {logging_mixin.py:188} INFO - [2025-11-05T11:53:53.275+0000] {dag.py:3947} INFO - Setting next_dagrun for refresh_fundamentals_dag to 2025-11-05 05:00:00+00:00, run_after=2025-12-05 05:00:00+00:00
[2025-11-05T11:53:53.285+0000] {processor.py:183} INFO - Processing /opt/airflow/dags/qi_refresh_fundamentals.py took 0.053 seconds
[2025-11-05T12:11:49.937+0000] {processor.py:161} INFO - Started process (PID=8626) to work on /opt/airflow/dags/qi_refresh_fundamentals.py
[2025-11-05T12:11:49.938+0000] {processor.py:830} INFO - Processing file /opt/airflow/dags/qi_refresh_fundamentals.py for tasks to queue
[2025-11-05T12:11:49.939+0000] {logging_mixin.py:188} INFO - [2025-11-05T12:11:49.939+0000] {dagbag.py:545} INFO - Filling up the DagBag from /opt/airflow/dags/qi_refresh_fundamentals.py
[2025-11-05T12:11:49.945+0000] {processor.py:840} INFO - DAG(s) 'refresh_fundamentals_dag' retrieved from /opt/airflow/dags/qi_refresh_fundamentals.py
[2025-11-05T12:11:49.962+0000] {logging_mixin.py:188} INFO - [2025-11-05T12:11:49.962+0000] {dag.py:3089} INFO - Sync 1 DAGs
[2025-11-05T12:11:50.052+0000] {logging_mixin.py:188} INFO - [2025-11-05T12:11:50.052+0000] {dag.py:3947} INFO - Setting next_dagrun for refresh_fundamentals_dag to 2025-11-05 05:00:00+00:00, run_after=2025-12-05 05:00:00+00:00
[2025-11-05T12:11:50.061+0000] {processor.py:183} INFO - Processing /opt/airflow/dags/qi_refresh_fundamentals.py took 0.127 seconds
[2025-11-05T12:42:22.851+0000] {processor.py:161} INFO - Started process (PID=8629) to work on /opt/airflow/dags/qi_refresh_fundamentals.py
[2025-11-05T12:42:22.853+0000] {processor.py:830} INFO - Processing file /opt/airflow/dags/qi_refresh_fundamentals.py for tasks to queue
[2025-11-05T12:42:22.856+0000] {logging_mixin.py:188} INFO - [2025-11-05T12:42:22.855+0000] {dagbag.py:545} INFO - Filling up the DagBag from /opt/airflow/dags/qi_refresh_fundamentals.py
[2025-11-05T12:42:22.876+0000] {processor.py:840} INFO - DAG(s) 'refresh_fundamentals_dag' retrieved from /opt/airflow/dags/qi_refresh_fundamentals.py
[2025-11-05T12:42:22.932+0000] {logging_mixin.py:188} INFO - [2025-11-05T12:42:22.931+0000] {dag.py:3089} INFO - Sync 1 DAGs
[2025-11-05T12:42:23.841+0000] {logging_mixin.py:188} INFO - [2025-11-05T12:42:23.838+0000] {dag.py:3947} INFO - Setting next_dagrun for refresh_fundamentals_dag to 2025-11-05 05:00:00+00:00, run_after=2025-12-05 05:00:00+00:00
[2025-11-05T12:42:23.924+0000] {processor.py:183} INFO - Processing /opt/airflow/dags/qi_refresh_fundamentals.py took 1.083 seconds
[2025-11-05T13:12:36.935+0000] {processor.py:161} INFO - Started process (PID=8632) to work on /opt/airflow/dags/qi_refresh_fundamentals.py
[2025-11-05T13:12:36.937+0000] {processor.py:830} INFO - Processing file /opt/airflow/dags/qi_refresh_fundamentals.py for tasks to queue
[2025-11-05T13:12:36.943+0000] {logging_mixin.py:188} INFO - [2025-11-05T13:12:36.942+0000] {dagbag.py:545} INFO - Filling up the DagBag from /opt/airflow/dags/qi_refresh_fundamentals.py
[2025-11-05T13:12:36.965+0000] {processor.py:840} INFO - DAG(s) 'refresh_fundamentals_dag' retrieved from /opt/airflow/dags/qi_refresh_fundamentals.py
[2025-11-05T13:12:37.285+0000] {logging_mixin.py:188} INFO - [2025-11-05T13:12:37.284+0000] {dag.py:3089} INFO - Sync 1 DAGs
[2025-11-05T13:12:37.314+0000] {logging_mixin.py:188} INFO - [2025-11-05T13:12:37.314+0000] {dag.py:3947} INFO - Setting next_dagrun for refresh_fundamentals_dag to 2025-11-05 05:00:00+00:00, run_after=2025-12-05 05:00:00+00:00
[2025-11-05T13:12:37.343+0000] {processor.py:183} INFO - Processing /opt/airflow/dags/qi_refresh_fundamentals.py took 0.420 seconds
[2025-11-05T13:17:42.109+0000] {processor.py:161} INFO - Started process (PID=8635) to work on /opt/airflow/dags/qi_refresh_fundamentals.py
[2025-11-05T13:17:42.110+0000] {processor.py:830} INFO - Processing file /opt/airflow/dags/qi_refresh_fundamentals.py for tasks to queue
[2025-11-05T13:17:42.111+0000] {logging_mixin.py:188} INFO - [2025-11-05T13:17:42.111+0000] {dagbag.py:545} INFO - Filling up the DagBag from /opt/airflow/dags/qi_refresh_fundamentals.py
[2025-11-05T13:17:42.116+0000] {processor.py:840} INFO - DAG(s) 'refresh_fundamentals_dag' retrieved from /opt/airflow/dags/qi_refresh_fundamentals.py
[2025-11-05T13:17:42.133+0000] {logging_mixin.py:188} INFO - [2025-11-05T13:17:42.133+0000] {dag.py:3089} INFO - Sync 1 DAGs
[2025-11-05T13:17:42.143+0000] {logging_mixin.py:188} INFO - [2025-11-05T13:17:42.143+0000] {dag.py:3947} INFO - Setting next_dagrun for refresh_fundamentals_dag to 2025-11-05 05:00:00+00:00, run_after=2025-12-05 05:00:00+00:00
[2025-11-05T13:17:42.150+0000] {processor.py:183} INFO - Processing /opt/airflow/dags/qi_refresh_fundamentals.py took 0.044 seconds
[2025-11-05T13:33:21.341+0000] {processor.py:161} INFO - Started process (PID=8638) to work on /opt/airflow/dags/qi_refresh_fundamentals.py
[2025-11-05T13:33:21.342+0000] {processor.py:830} INFO - Processing file /opt/airflow/dags/qi_refresh_fundamentals.py for tasks to queue
[2025-11-05T13:33:21.343+0000] {logging_mixin.py:188} INFO - [2025-11-05T13:33:21.343+0000] {dagbag.py:545} INFO - Filling up the DagBag from /opt/airflow/dags/qi_refresh_fundamentals.py
[2025-11-05T13:33:21.349+0000] {processor.py:840} INFO - DAG(s) 'refresh_fundamentals_dag' retrieved from /opt/airflow/dags/qi_refresh_fundamentals.py
[2025-11-05T13:33:21.365+0000] {logging_mixin.py:188} INFO - [2025-11-05T13:33:21.365+0000] {dag.py:3089} INFO - Sync 1 DAGs
[2025-11-05T13:33:21.375+0000] {logging_mixin.py:188} INFO - [2025-11-05T13:33:21.375+0000] {dag.py:3947} INFO - Setting next_dagrun for refresh_fundamentals_dag to 2025-11-05 05:00:00+00:00, run_after=2025-12-05 05:00:00+00:00
[2025-11-05T13:33:21.383+0000] {processor.py:183} INFO - Processing /opt/airflow/dags/qi_refresh_fundamentals.py took 0.045 seconds
[2025-11-05T14:21:03.891+0000] {processor.py:161} INFO - Started process (PID=8641) to work on /opt/airflow/dags/qi_refresh_fundamentals.py
[2025-11-05T14:21:03.893+0000] {processor.py:830} INFO - Processing file /opt/airflow/dags/qi_refresh_fundamentals.py for tasks to queue
[2025-11-05T14:21:03.898+0000] {logging_mixin.py:188} INFO - [2025-11-05T14:21:03.897+0000] {dagbag.py:545} INFO - Filling up the DagBag from /opt/airflow/dags/qi_refresh_fundamentals.py
[2025-11-05T14:21:03.932+0000] {processor.py:840} INFO - DAG(s) 'refresh_fundamentals_dag' retrieved from /opt/airflow/dags/qi_refresh_fundamentals.py
[2025-11-05T14:21:04.004+0000] {logging_mixin.py:188} INFO - [2025-11-05T14:21:04.003+0000] {dag.py:3089} INFO - Sync 1 DAGs
[2025-11-05T14:21:04.050+0000] {logging_mixin.py:188} INFO - [2025-11-05T14:21:04.049+0000] {dag.py:3947} INFO - Setting next_dagrun for refresh_fundamentals_dag to 2025-11-05 05:00:00+00:00, run_after=2025-12-05 05:00:00+00:00
[2025-11-05T14:21:04.365+0000] {processor.py:183} INFO - Processing /opt/airflow/dags/qi_refresh_fundamentals.py took 0.487 seconds
[2025-11-05T14:36:35.852+0000] {processor.py:161} INFO - Started process (PID=8644) to work on /opt/airflow/dags/qi_refresh_fundamentals.py
[2025-11-05T14:36:35.855+0000] {processor.py:830} INFO - Processing file /opt/airflow/dags/qi_refresh_fundamentals.py for tasks to queue
[2025-11-05T14:36:35.859+0000] {logging_mixin.py:188} INFO - [2025-11-05T14:36:35.859+0000] {dagbag.py:545} INFO - Filling up the DagBag from /opt/airflow/dags/qi_refresh_fundamentals.py
[2025-11-05T14:36:35.884+0000] {processor.py:840} INFO - DAG(s) 'refresh_fundamentals_dag' retrieved from /opt/airflow/dags/qi_refresh_fundamentals.py
[2025-11-05T14:36:36.077+0000] {logging_mixin.py:188} INFO - [2025-11-05T14:36:36.076+0000] {dag.py:3089} INFO - Sync 1 DAGs
[2025-11-05T14:36:36.760+0000] {logging_mixin.py:188} INFO - [2025-11-05T14:36:36.759+0000] {dag.py:3947} INFO - Setting next_dagrun for refresh_fundamentals_dag to 2025-11-05 05:00:00+00:00, run_after=2025-12-05 05:00:00+00:00
[2025-11-05T14:36:36.802+0000] {processor.py:183} INFO - Processing /opt/airflow/dags/qi_refresh_fundamentals.py took 0.959 seconds
[2025-11-05T14:51:58.396+0000] {processor.py:161} INFO - Started process (PID=8647) to work on /opt/airflow/dags/qi_refresh_fundamentals.py
[2025-11-05T14:51:58.397+0000] {processor.py:830} INFO - Processing file /opt/airflow/dags/qi_refresh_fundamentals.py for tasks to queue
[2025-11-05T14:51:58.398+0000] {logging_mixin.py:188} INFO - [2025-11-05T14:51:58.398+0000] {dagbag.py:545} INFO - Filling up the DagBag from /opt/airflow/dags/qi_refresh_fundamentals.py
[2025-11-05T14:51:58.404+0000] {processor.py:840} INFO - DAG(s) 'refresh_fundamentals_dag' retrieved from /opt/airflow/dags/qi_refresh_fundamentals.py
[2025-11-05T14:51:58.488+0000] {logging_mixin.py:188} INFO - [2025-11-05T14:51:58.488+0000] {dag.py:3089} INFO - Sync 1 DAGs
[2025-11-05T14:51:58.497+0000] {logging_mixin.py:188} INFO - [2025-11-05T14:51:58.497+0000] {dag.py:3947} INFO - Setting next_dagrun for refresh_fundamentals_dag to 2025-11-05 05:00:00+00:00, run_after=2025-12-05 05:00:00+00:00
[2025-11-05T14:51:58.505+0000] {processor.py:183} INFO - Processing /opt/airflow/dags/qi_refresh_fundamentals.py took 0.112 seconds
[2025-11-05T15:14:33.266+0000] {processor.py:161} INFO - Started process (PID=8650) to work on /opt/airflow/dags/qi_refresh_fundamentals.py
[2025-11-05T15:14:33.270+0000] {processor.py:830} INFO - Processing file /opt/airflow/dags/qi_refresh_fundamentals.py for tasks to queue
[2025-11-05T15:14:33.284+0000] {logging_mixin.py:188} INFO - [2025-11-05T15:14:33.283+0000] {dagbag.py:545} INFO - Filling up the DagBag from /opt/airflow/dags/qi_refresh_fundamentals.py
[2025-11-05T15:14:33.437+0000] {processor.py:840} INFO - DAG(s) 'refresh_fundamentals_dag' retrieved from /opt/airflow/dags/qi_refresh_fundamentals.py
[2025-11-05T15:14:34.435+0000] {logging_mixin.py:188} INFO - [2025-11-05T15:14:34.434+0000] {dag.py:3089} INFO - Sync 1 DAGs
[2025-11-05T15:14:34.536+0000] {logging_mixin.py:188} INFO - [2025-11-05T15:14:34.535+0000] {dag.py:3947} INFO - Setting next_dagrun for refresh_fundamentals_dag to 2025-11-05 05:00:00+00:00, run_after=2025-12-05 05:00:00+00:00
[2025-11-05T15:14:34.622+0000] {processor.py:183} INFO - Processing /opt/airflow/dags/qi_refresh_fundamentals.py took 1.384 seconds
[2025-11-05T15:30:03.558+0000] {processor.py:161} INFO - Started process (PID=8653) to work on /opt/airflow/dags/qi_refresh_fundamentals.py
[2025-11-05T15:30:03.559+0000] {processor.py:830} INFO - Processing file /opt/airflow/dags/qi_refresh_fundamentals.py for tasks to queue
[2025-11-05T15:30:03.560+0000] {logging_mixin.py:188} INFO - [2025-11-05T15:30:03.560+0000] {dagbag.py:545} INFO - Filling up the DagBag from /opt/airflow/dags/qi_refresh_fundamentals.py
[2025-11-05T15:30:03.570+0000] {processor.py:840} INFO - DAG(s) 'refresh_fundamentals_dag' retrieved from /opt/airflow/dags/qi_refresh_fundamentals.py
[2025-11-05T15:30:03.595+0000] {logging_mixin.py:188} INFO - [2025-11-05T15:30:03.595+0000] {dag.py:3089} INFO - Sync 1 DAGs
[2025-11-05T15:30:03.612+0000] {logging_mixin.py:188} INFO - [2025-11-05T15:30:03.612+0000] {dag.py:3947} INFO - Setting next_dagrun for refresh_fundamentals_dag to 2025-11-05 05:00:00+00:00, run_after=2025-12-05 05:00:00+00:00
[2025-11-05T15:30:03.625+0000] {processor.py:183} INFO - Processing /opt/airflow/dags/qi_refresh_fundamentals.py took 0.071 seconds
[2025-11-05T15:45:42.204+0000] {processor.py:161} INFO - Started process (PID=8656) to work on /opt/airflow/dags/qi_refresh_fundamentals.py
[2025-11-05T15:45:42.207+0000] {processor.py:830} INFO - Processing file /opt/airflow/dags/qi_refresh_fundamentals.py for tasks to queue
[2025-11-05T15:45:42.211+0000] {logging_mixin.py:188} INFO - [2025-11-05T15:45:42.210+0000] {dagbag.py:545} INFO - Filling up the DagBag from /opt/airflow/dags/qi_refresh_fundamentals.py
[2025-11-05T15:45:42.242+0000] {processor.py:840} INFO - DAG(s) 'refresh_fundamentals_dag' retrieved from /opt/airflow/dags/qi_refresh_fundamentals.py
[2025-11-05T15:45:42.306+0000] {logging_mixin.py:188} INFO - [2025-11-05T15:45:42.306+0000] {dag.py:3089} INFO - Sync 1 DAGs
[2025-11-05T15:45:42.352+0000] {logging_mixin.py:188} INFO - [2025-11-05T15:45:42.352+0000] {dag.py:3947} INFO - Setting next_dagrun for refresh_fundamentals_dag to 2025-11-05 05:00:00+00:00, run_after=2025-12-05 05:00:00+00:00
[2025-11-05T15:45:42.390+0000] {processor.py:183} INFO - Processing /opt/airflow/dags/qi_refresh_fundamentals.py took 0.194 seconds
[2025-11-05T16:13:21.252+0000] {processor.py:161} INFO - Started process (PID=8659) to work on /opt/airflow/dags/qi_refresh_fundamentals.py
[2025-11-05T16:13:21.253+0000] {processor.py:830} INFO - Processing file /opt/airflow/dags/qi_refresh_fundamentals.py for tasks to queue
[2025-11-05T16:13:21.254+0000] {logging_mixin.py:188} INFO - [2025-11-05T16:13:21.254+0000] {dagbag.py:545} INFO - Filling up the DagBag from /opt/airflow/dags/qi_refresh_fundamentals.py
[2025-11-05T16:13:21.260+0000] {processor.py:840} INFO - DAG(s) 'refresh_fundamentals_dag' retrieved from /opt/airflow/dags/qi_refresh_fundamentals.py
[2025-11-05T16:13:21.276+0000] {logging_mixin.py:188} INFO - [2025-11-05T16:13:21.276+0000] {dag.py:3089} INFO - Sync 1 DAGs
[2025-11-05T16:13:21.286+0000] {logging_mixin.py:188} INFO - [2025-11-05T16:13:21.286+0000] {dag.py:3947} INFO - Setting next_dagrun for refresh_fundamentals_dag to 2025-11-05 05:00:00+00:00, run_after=2025-12-05 05:00:00+00:00
[2025-11-05T16:13:21.293+0000] {processor.py:183} INFO - Processing /opt/airflow/dags/qi_refresh_fundamentals.py took 0.044 seconds
[2025-11-05T16:33:46.734+0000] {processor.py:161} INFO - Started process (PID=8662) to work on /opt/airflow/dags/qi_refresh_fundamentals.py
[2025-11-05T16:33:46.735+0000] {processor.py:830} INFO - Processing file /opt/airflow/dags/qi_refresh_fundamentals.py for tasks to queue
[2025-11-05T16:33:46.736+0000] {logging_mixin.py:188} INFO - [2025-11-05T16:33:46.736+0000] {dagbag.py:545} INFO - Filling up the DagBag from /opt/airflow/dags/qi_refresh_fundamentals.py
[2025-11-05T16:33:46.742+0000] {processor.py:840} INFO - DAG(s) 'refresh_fundamentals_dag' retrieved from /opt/airflow/dags/qi_refresh_fundamentals.py
[2025-11-05T16:33:46.758+0000] {logging_mixin.py:188} INFO - [2025-11-05T16:33:46.757+0000] {dag.py:3089} INFO - Sync 1 DAGs
[2025-11-05T16:33:46.767+0000] {logging_mixin.py:188} INFO - [2025-11-05T16:33:46.767+0000] {dag.py:3947} INFO - Setting next_dagrun for refresh_fundamentals_dag to 2025-11-05 05:00:00+00:00, run_after=2025-12-05 05:00:00+00:00
[2025-11-05T16:33:46.775+0000] {processor.py:183} INFO - Processing /opt/airflow/dags/qi_refresh_fundamentals.py took 0.044 seconds
[2025-11-05T17:01:22.654+0000] {processor.py:161} INFO - Started process (PID=8665) to work on /opt/airflow/dags/qi_refresh_fundamentals.py
[2025-11-05T17:01:22.655+0000] {processor.py:830} INFO - Processing file /opt/airflow/dags/qi_refresh_fundamentals.py for tasks to queue
[2025-11-05T17:01:22.655+0000] {logging_mixin.py:188} INFO - [2025-11-05T17:01:22.655+0000] {dagbag.py:545} INFO - Filling up the DagBag from /opt/airflow/dags/qi_refresh_fundamentals.py
[2025-11-05T17:01:22.662+0000] {processor.py:840} INFO - DAG(s) 'refresh_fundamentals_dag' retrieved from /opt/airflow/dags/qi_refresh_fundamentals.py
[2025-11-05T17:01:22.682+0000] {logging_mixin.py:188} INFO - [2025-11-05T17:01:22.682+0000] {dag.py:3089} INFO - Sync 1 DAGs
[2025-11-05T17:01:22.695+0000] {logging_mixin.py:188} INFO - [2025-11-05T17:01:22.695+0000] {dag.py:3947} INFO - Setting next_dagrun for refresh_fundamentals_dag to 2025-11-05 05:00:00+00:00, run_after=2025-12-05 05:00:00+00:00
[2025-11-05T17:01:22.705+0000] {processor.py:183} INFO - Processing /opt/airflow/dags/qi_refresh_fundamentals.py took 0.054 seconds
[2025-11-05T17:16:53.061+0000] {processor.py:161} INFO - Started process (PID=8668) to work on /opt/airflow/dags/qi_refresh_fundamentals.py
[2025-11-05T17:16:53.061+0000] {processor.py:830} INFO - Processing file /opt/airflow/dags/qi_refresh_fundamentals.py for tasks to queue
[2025-11-05T17:16:53.062+0000] {logging_mixin.py:188} INFO - [2025-11-05T17:16:53.062+0000] {dagbag.py:545} INFO - Filling up the DagBag from /opt/airflow/dags/qi_refresh_fundamentals.py
[2025-11-05T17:16:53.068+0000] {processor.py:840} INFO - DAG(s) 'refresh_fundamentals_dag' retrieved from /opt/airflow/dags/qi_refresh_fundamentals.py
[2025-11-05T17:16:53.084+0000] {logging_mixin.py:188} INFO - [2025-11-05T17:16:53.083+0000] {dag.py:3089} INFO - Sync 1 DAGs
[2025-11-05T17:16:53.093+0000] {logging_mixin.py:188} INFO - [2025-11-05T17:16:53.093+0000] {dag.py:3947} INFO - Setting next_dagrun for refresh_fundamentals_dag to 2025-11-05 05:00:00+00:00, run_after=2025-12-05 05:00:00+00:00
[2025-11-05T17:16:53.101+0000] {processor.py:183} INFO - Processing /opt/airflow/dags/qi_refresh_fundamentals.py took 0.044 seconds
[2025-11-05T17:32:23.177+0000] {processor.py:161} INFO - Started process (PID=8671) to work on /opt/airflow/dags/qi_refresh_fundamentals.py
[2025-11-05T17:32:23.178+0000] {processor.py:830} INFO - Processing file /opt/airflow/dags/qi_refresh_fundamentals.py for tasks to queue
[2025-11-05T17:32:23.179+0000] {logging_mixin.py:188} INFO - [2025-11-05T17:32:23.179+0000] {dagbag.py:545} INFO - Filling up the DagBag from /opt/airflow/dags/qi_refresh_fundamentals.py
[2025-11-05T17:32:23.185+0000] {processor.py:840} INFO - DAG(s) 'refresh_fundamentals_dag' retrieved from /opt/airflow/dags/qi_refresh_fundamentals.py
[2025-11-05T17:32:23.200+0000] {logging_mixin.py:188} INFO - [2025-11-05T17:32:23.200+0000] {dag.py:3089} INFO - Sync 1 DAGs
[2025-11-05T17:32:23.210+0000] {logging_mixin.py:188} INFO - [2025-11-05T17:32:23.210+0000] {dag.py:3947} INFO - Setting next_dagrun for refresh_fundamentals_dag to 2025-11-05 05:00:00+00:00, run_after=2025-12-05 05:00:00+00:00
[2025-11-05T17:32:23.218+0000] {processor.py:183} INFO - Processing /opt/airflow/dags/qi_refresh_fundamentals.py took 0.044 seconds
[2025-11-05T18:02:25.280+0000] {processor.py:161} INFO - Started process (PID=8674) to work on /opt/airflow/dags/qi_refresh_fundamentals.py
[2025-11-05T18:02:25.281+0000] {processor.py:830} INFO - Processing file /opt/airflow/dags/qi_refresh_fundamentals.py for tasks to queue
[2025-11-05T18:02:25.282+0000] {logging_mixin.py:188} INFO - [2025-11-05T18:02:25.282+0000] {dagbag.py:545} INFO - Filling up the DagBag from /opt/airflow/dags/qi_refresh_fundamentals.py
[2025-11-05T18:02:25.288+0000] {processor.py:840} INFO - DAG(s) 'refresh_fundamentals_dag' retrieved from /opt/airflow/dags/qi_refresh_fundamentals.py
[2025-11-05T18:02:25.303+0000] {logging_mixin.py:188} INFO - [2025-11-05T18:02:25.303+0000] {dag.py:3089} INFO - Sync 1 DAGs
[2025-11-05T18:02:25.314+0000] {logging_mixin.py:188} INFO - [2025-11-05T18:02:25.314+0000] {dag.py:3947} INFO - Setting next_dagrun for refresh_fundamentals_dag to 2025-11-05 05:00:00+00:00, run_after=2025-12-05 05:00:00+00:00
[2025-11-05T18:02:25.321+0000] {processor.py:183} INFO - Processing /opt/airflow/dags/qi_refresh_fundamentals.py took 0.044 seconds
[2025-11-05T18:22:03.387+0000] {processor.py:161} INFO - Started process (PID=8677) to work on /opt/airflow/dags/qi_refresh_fundamentals.py
[2025-11-05T18:22:03.390+0000] {processor.py:830} INFO - Processing file /opt/airflow/dags/qi_refresh_fundamentals.py for tasks to queue
[2025-11-05T18:22:03.395+0000] {logging_mixin.py:188} INFO - [2025-11-05T18:22:03.394+0000] {dagbag.py:545} INFO - Filling up the DagBag from /opt/airflow/dags/qi_refresh_fundamentals.py
[2025-11-05T18:22:03.427+0000] {processor.py:840} INFO - DAG(s) 'refresh_fundamentals_dag' retrieved from /opt/airflow/dags/qi_refresh_fundamentals.py
[2025-11-05T18:22:03.508+0000] {logging_mixin.py:188} INFO - [2025-11-05T18:22:03.507+0000] {dag.py:3089} INFO - Sync 1 DAGs
[2025-11-05T18:22:03.565+0000] {logging_mixin.py:188} INFO - [2025-11-05T18:22:03.563+0000] {dag.py:3947} INFO - Setting next_dagrun for refresh_fundamentals_dag to 2025-11-05 05:00:00+00:00, run_after=2025-12-05 05:00:00+00:00
[2025-11-05T18:22:03.618+0000] {processor.py:183} INFO - Processing /opt/airflow/dags/qi_refresh_fundamentals.py took 0.243 seconds
[2025-11-05T18:37:32.410+0000] {processor.py:161} INFO - Started process (PID=8680) to work on /opt/airflow/dags/qi_refresh_fundamentals.py
[2025-11-05T18:37:32.411+0000] {processor.py:830} INFO - Processing file /opt/airflow/dags/qi_refresh_fundamentals.py for tasks to queue
[2025-11-05T18:37:32.412+0000] {logging_mixin.py:188} INFO - [2025-11-05T18:37:32.412+0000] {dagbag.py:545} INFO - Filling up the DagBag from /opt/airflow/dags/qi_refresh_fundamentals.py
[2025-11-05T18:37:32.418+0000] {processor.py:840} INFO - DAG(s) 'refresh_fundamentals_dag' retrieved from /opt/airflow/dags/qi_refresh_fundamentals.py
[2025-11-05T18:37:32.434+0000] {logging_mixin.py:188} INFO - [2025-11-05T18:37:32.434+0000] {dag.py:3089} INFO - Sync 1 DAGs
[2025-11-05T18:37:32.445+0000] {logging_mixin.py:188} INFO - [2025-11-05T18:37:32.445+0000] {dag.py:3947} INFO - Setting next_dagrun for refresh_fundamentals_dag to 2025-11-05 05:00:00+00:00, run_after=2025-12-05 05:00:00+00:00
[2025-11-05T18:37:32.453+0000] {processor.py:183} INFO - Processing /opt/airflow/dags/qi_refresh_fundamentals.py took 0.046 seconds
[2025-11-05T19:09:58.798+0000] {processor.py:161} INFO - Started process (PID=8683) to work on /opt/airflow/dags/qi_refresh_fundamentals.py
[2025-11-05T19:09:58.798+0000] {processor.py:830} INFO - Processing file /opt/airflow/dags/qi_refresh_fundamentals.py for tasks to queue
[2025-11-05T19:09:58.799+0000] {logging_mixin.py:188} INFO - [2025-11-05T19:09:58.799+0000] {dagbag.py:545} INFO - Filling up the DagBag from /opt/airflow/dags/qi_refresh_fundamentals.py
[2025-11-05T19:09:58.805+0000] {processor.py:840} INFO - DAG(s) 'refresh_fundamentals_dag' retrieved from /opt/airflow/dags/qi_refresh_fundamentals.py
[2025-11-05T19:09:58.822+0000] {logging_mixin.py:188} INFO - [2025-11-05T19:09:58.822+0000] {dag.py:3089} INFO - Sync 1 DAGs
[2025-11-05T19:09:58.833+0000] {logging_mixin.py:188} INFO - [2025-11-05T19:09:58.833+0000] {dag.py:3947} INFO - Setting next_dagrun for refresh_fundamentals_dag to 2025-11-05 05:00:00+00:00, run_after=2025-12-05 05:00:00+00:00
[2025-11-05T19:09:58.841+0000] {processor.py:183} INFO - Processing /opt/airflow/dags/qi_refresh_fundamentals.py took 0.047 seconds
[2025-11-05T19:39:26.853+0000] {processor.py:161} INFO - Started process (PID=8686) to work on /opt/airflow/dags/qi_refresh_fundamentals.py
[2025-11-05T19:39:26.853+0000] {processor.py:830} INFO - Processing file /opt/airflow/dags/qi_refresh_fundamentals.py for tasks to queue
[2025-11-05T19:39:26.855+0000] {logging_mixin.py:188} INFO - [2025-11-05T19:39:26.854+0000] {dagbag.py:545} INFO - Filling up the DagBag from /opt/airflow/dags/qi_refresh_fundamentals.py
[2025-11-05T19:39:26.862+0000] {processor.py:840} INFO - DAG(s) 'refresh_fundamentals_dag' retrieved from /opt/airflow/dags/qi_refresh_fundamentals.py
[2025-11-05T19:39:26.880+0000] {logging_mixin.py:188} INFO - [2025-11-05T19:39:26.880+0000] {dag.py:3089} INFO - Sync 1 DAGs
[2025-11-05T19:39:26.923+0000] {logging_mixin.py:188} INFO - [2025-11-05T19:39:26.923+0000] {dag.py:3947} INFO - Setting next_dagrun for refresh_fundamentals_dag to 2025-11-05 05:00:00+00:00, run_after=2025-12-05 05:00:00+00:00
[2025-11-05T19:39:26.933+0000] {processor.py:183} INFO - Processing /opt/airflow/dags/qi_refresh_fundamentals.py took 0.084 seconds
[2025-11-05T19:40:12.939+0000] {processor.py:161} INFO - Started process (PID=8689) to work on /opt/airflow/dags/qi_refresh_fundamentals.py
[2025-11-05T19:40:12.940+0000] {processor.py:830} INFO - Processing file /opt/airflow/dags/qi_refresh_fundamentals.py for tasks to queue
[2025-11-05T19:40:12.941+0000] {logging_mixin.py:188} INFO - [2025-11-05T19:40:12.941+0000] {dagbag.py:545} INFO - Filling up the DagBag from /opt/airflow/dags/qi_refresh_fundamentals.py
[2025-11-05T19:40:12.947+0000] {processor.py:840} INFO - DAG(s) 'refresh_fundamentals_dag' retrieved from /opt/airflow/dags/qi_refresh_fundamentals.py
[2025-11-05T19:40:12.962+0000] {logging_mixin.py:188} INFO - [2025-11-05T19:40:12.962+0000] {dag.py:3089} INFO - Sync 1 DAGs
[2025-11-05T19:40:12.972+0000] {logging_mixin.py:188} INFO - [2025-11-05T19:40:12.972+0000] {dag.py:3947} INFO - Setting next_dagrun for refresh_fundamentals_dag to 2025-11-05 05:00:00+00:00, run_after=2025-12-05 05:00:00+00:00
[2025-11-05T19:40:12.980+0000] {processor.py:183} INFO - Processing /opt/airflow/dags/qi_refresh_fundamentals.py took 0.043 seconds
[2025-11-05T20:04:24.892+0000] {processor.py:161} INFO - Started process (PID=8692) to work on /opt/airflow/dags/qi_refresh_fundamentals.py
[2025-11-05T20:04:24.893+0000] {processor.py:830} INFO - Processing file /opt/airflow/dags/qi_refresh_fundamentals.py for tasks to queue
[2025-11-05T20:04:24.894+0000] {logging_mixin.py:188} INFO - [2025-11-05T20:04:24.894+0000] {dagbag.py:545} INFO - Filling up the DagBag from /opt/airflow/dags/qi_refresh_fundamentals.py
[2025-11-05T20:04:24.901+0000] {processor.py:840} INFO - DAG(s) 'refresh_fundamentals_dag' retrieved from /opt/airflow/dags/qi_refresh_fundamentals.py
[2025-11-05T20:04:24.918+0000] {logging_mixin.py:188} INFO - [2025-11-05T20:04:24.918+0000] {dag.py:3089} INFO - Sync 1 DAGs
[2025-11-05T20:04:24.929+0000] {logging_mixin.py:188} INFO - [2025-11-05T20:04:24.929+0000] {dag.py:3947} INFO - Setting next_dagrun for refresh_fundamentals_dag to 2025-11-05 05:00:00+00:00, run_after=2025-12-05 05:00:00+00:00
[2025-11-05T20:04:24.937+0000] {processor.py:183} INFO - Processing /opt/airflow/dags/qi_refresh_fundamentals.py took 0.048 seconds
[2025-11-05T20:27:25.195+0000] {processor.py:161} INFO - Started process (PID=8695) to work on /opt/airflow/dags/qi_refresh_fundamentals.py
[2025-11-05T20:27:25.200+0000] {processor.py:830} INFO - Processing file /opt/airflow/dags/qi_refresh_fundamentals.py for tasks to queue
[2025-11-05T20:27:25.208+0000] {logging_mixin.py:188} INFO - [2025-11-05T20:27:25.207+0000] {dagbag.py:545} INFO - Filling up the DagBag from /opt/airflow/dags/qi_refresh_fundamentals.py
[2025-11-05T20:27:25.273+0000] {processor.py:840} INFO - DAG(s) 'refresh_fundamentals_dag' retrieved from /opt/airflow/dags/qi_refresh_fundamentals.py
[2025-11-05T20:27:25.443+0000] {logging_mixin.py:188} INFO - [2025-11-05T20:27:25.442+0000] {dag.py:3089} INFO - Sync 1 DAGs
[2025-11-05T20:27:25.584+0000] {logging_mixin.py:188} INFO - [2025-11-05T20:27:25.584+0000] {dag.py:3947} INFO - Setting next_dagrun for refresh_fundamentals_dag to 2025-11-05 05:00:00+00:00, run_after=2025-12-05 05:00:00+00:00
[2025-11-05T20:27:25.594+0000] {processor.py:183} INFO - Processing /opt/airflow/dags/qi_refresh_fundamentals.py took 0.434 seconds
[2025-11-05T20:42:53.532+0000] {processor.py:161} INFO - Started process (PID=8698) to work on /opt/airflow/dags/qi_refresh_fundamentals.py
[2025-11-05T20:42:53.533+0000] {processor.py:830} INFO - Processing file /opt/airflow/dags/qi_refresh_fundamentals.py for tasks to queue
[2025-11-05T20:42:53.534+0000] {logging_mixin.py:188} INFO - [2025-11-05T20:42:53.533+0000] {dagbag.py:545} INFO - Filling up the DagBag from /opt/airflow/dags/qi_refresh_fundamentals.py
[2025-11-05T20:42:53.540+0000] {processor.py:840} INFO - DAG(s) 'refresh_fundamentals_dag' retrieved from /opt/airflow/dags/qi_refresh_fundamentals.py
[2025-11-05T20:42:53.556+0000] {logging_mixin.py:188} INFO - [2025-11-05T20:42:53.555+0000] {dag.py:3089} INFO - Sync 1 DAGs
[2025-11-05T20:42:53.565+0000] {logging_mixin.py:188} INFO - [2025-11-05T20:42:53.565+0000] {dag.py:3947} INFO - Setting next_dagrun for refresh_fundamentals_dag to 2025-11-05 05:00:00+00:00, run_after=2025-12-05 05:00:00+00:00
[2025-11-05T20:42:53.572+0000] {processor.py:183} INFO - Processing /opt/airflow/dags/qi_refresh_fundamentals.py took 0.043 seconds
[2025-11-05T20:52:53.179+0000] {processor.py:161} INFO - Started process (PID=8701) to work on /opt/airflow/dags/qi_refresh_fundamentals.py
[2025-11-05T20:52:53.180+0000] {processor.py:830} INFO - Processing file /opt/airflow/dags/qi_refresh_fundamentals.py for tasks to queue
[2025-11-05T20:52:53.181+0000] {logging_mixin.py:188} INFO - [2025-11-05T20:52:53.181+0000] {dagbag.py:545} INFO - Filling up the DagBag from /opt/airflow/dags/qi_refresh_fundamentals.py
[2025-11-05T20:52:53.187+0000] {processor.py:840} INFO - DAG(s) 'refresh_fundamentals_dag' retrieved from /opt/airflow/dags/qi_refresh_fundamentals.py
[2025-11-05T20:52:53.203+0000] {logging_mixin.py:188} INFO - [2025-11-05T20:52:53.203+0000] {dag.py:3089} INFO - Sync 1 DAGs
[2025-11-05T20:52:53.213+0000] {logging_mixin.py:188} INFO - [2025-11-05T20:52:53.213+0000] {dag.py:3947} INFO - Setting next_dagrun for refresh_fundamentals_dag to 2025-11-05 05:00:00+00:00, run_after=2025-12-05 05:00:00+00:00
[2025-11-05T20:52:53.221+0000] {processor.py:183} INFO - Processing /opt/airflow/dags/qi_refresh_fundamentals.py took 0.044 seconds
[2025-11-05T21:17:19.042+0000] {processor.py:161} INFO - Started process (PID=8704) to work on /opt/airflow/dags/qi_refresh_fundamentals.py
[2025-11-05T21:17:19.042+0000] {processor.py:830} INFO - Processing file /opt/airflow/dags/qi_refresh_fundamentals.py for tasks to queue
[2025-11-05T21:17:19.043+0000] {logging_mixin.py:188} INFO - [2025-11-05T21:17:19.043+0000] {dagbag.py:545} INFO - Filling up the DagBag from /opt/airflow/dags/qi_refresh_fundamentals.py
[2025-11-05T21:17:19.050+0000] {processor.py:840} INFO - DAG(s) 'refresh_fundamentals_dag' retrieved from /opt/airflow/dags/qi_refresh_fundamentals.py
[2025-11-05T21:17:19.067+0000] {logging_mixin.py:188} INFO - [2025-11-05T21:17:19.067+0000] {dag.py:3089} INFO - Sync 1 DAGs
[2025-11-05T21:17:19.077+0000] {logging_mixin.py:188} INFO - [2025-11-05T21:17:19.077+0000] {dag.py:3947} INFO - Setting next_dagrun for refresh_fundamentals_dag to 2025-11-05 05:00:00+00:00, run_after=2025-12-05 05:00:00+00:00
[2025-11-05T21:17:19.087+0000] {processor.py:183} INFO - Processing /opt/airflow/dags/qi_refresh_fundamentals.py took 0.050 seconds
[2025-11-05T21:18:25.759+0000] {processor.py:161} INFO - Started process (PID=8707) to work on /opt/airflow/dags/qi_refresh_fundamentals.py
[2025-11-05T21:18:25.760+0000] {processor.py:830} INFO - Processing file /opt/airflow/dags/qi_refresh_fundamentals.py for tasks to queue
[2025-11-05T21:18:25.761+0000] {logging_mixin.py:188} INFO - [2025-11-05T21:18:25.760+0000] {dagbag.py:545} INFO - Filling up the DagBag from /opt/airflow/dags/qi_refresh_fundamentals.py
[2025-11-05T21:18:25.767+0000] {processor.py:840} INFO - DAG(s) 'refresh_fundamentals_dag' retrieved from /opt/airflow/dags/qi_refresh_fundamentals.py
[2025-11-05T21:18:25.783+0000] {logging_mixin.py:188} INFO - [2025-11-05T21:18:25.783+0000] {dag.py:3089} INFO - Sync 1 DAGs
[2025-11-05T21:18:25.793+0000] {logging_mixin.py:188} INFO - [2025-11-05T21:18:25.793+0000] {dag.py:3947} INFO - Setting next_dagrun for refresh_fundamentals_dag to 2025-11-05 05:00:00+00:00, run_after=2025-12-05 05:00:00+00:00
[2025-11-05T21:18:25.801+0000] {processor.py:183} INFO - Processing /opt/airflow/dags/qi_refresh_fundamentals.py took 0.045 seconds
[2025-11-05T21:20:30.596+0000] {processor.py:161} INFO - Started process (PID=8710) to work on /opt/airflow/dags/qi_refresh_fundamentals.py
[2025-11-05T21:20:30.596+0000] {processor.py:830} INFO - Processing file /opt/airflow/dags/qi_refresh_fundamentals.py for tasks to queue
[2025-11-05T21:20:30.597+0000] {logging_mixin.py:188} INFO - [2025-11-05T21:20:30.597+0000] {dagbag.py:545} INFO - Filling up the DagBag from /opt/airflow/dags/qi_refresh_fundamentals.py
[2025-11-05T21:20:30.610+0000] {processor.py:840} INFO - DAG(s) 'refresh_fundamentals_dag' retrieved from /opt/airflow/dags/qi_refresh_fundamentals.py
[2025-11-05T21:20:30.627+0000] {logging_mixin.py:188} INFO - [2025-11-05T21:20:30.627+0000] {dag.py:3089} INFO - Sync 1 DAGs
[2025-11-05T21:20:30.638+0000] {logging_mixin.py:188} INFO - [2025-11-05T21:20:30.638+0000] {dag.py:3947} INFO - Setting next_dagrun for refresh_fundamentals_dag to 2025-11-05 05:00:00+00:00, run_after=2025-12-05 05:00:00+00:00
[2025-11-05T21:20:30.648+0000] {processor.py:183} INFO - Processing /opt/airflow/dags/qi_refresh_fundamentals.py took 0.055 seconds
[2025-11-05T21:36:51.024+0000] {processor.py:161} INFO - Started process (PID=8713) to work on /opt/airflow/dags/qi_refresh_fundamentals.py
[2025-11-05T21:36:51.024+0000] {processor.py:830} INFO - Processing file /opt/airflow/dags/qi_refresh_fundamentals.py for tasks to queue
[2025-11-05T21:36:51.025+0000] {logging_mixin.py:188} INFO - [2025-11-05T21:36:51.025+0000] {dagbag.py:545} INFO - Filling up the DagBag from /opt/airflow/dags/qi_refresh_fundamentals.py
[2025-11-05T21:36:51.031+0000] {processor.py:840} INFO - DAG(s) 'refresh_fundamentals_dag' retrieved from /opt/airflow/dags/qi_refresh_fundamentals.py
[2025-11-05T21:36:51.047+0000] {logging_mixin.py:188} INFO - [2025-11-05T21:36:51.047+0000] {dag.py:3089} INFO - Sync 1 DAGs
[2025-11-05T21:36:51.056+0000] {logging_mixin.py:188} INFO - [2025-11-05T21:36:51.056+0000] {dag.py:3947} INFO - Setting next_dagrun for refresh_fundamentals_dag to 2025-11-05 05:00:00+00:00, run_after=2025-12-05 05:00:00+00:00
[2025-11-05T21:36:51.064+0000] {processor.py:183} INFO - Processing /opt/airflow/dags/qi_refresh_fundamentals.py took 0.044 seconds
[2025-11-05T21:52:22.476+0000] {processor.py:161} INFO - Started process (PID=8716) to work on /opt/airflow/dags/qi_refresh_fundamentals.py
[2025-11-05T21:52:22.476+0000] {processor.py:830} INFO - Processing file /opt/airflow/dags/qi_refresh_fundamentals.py for tasks to queue
[2025-11-05T21:52:22.477+0000] {logging_mixin.py:188} INFO - [2025-11-05T21:52:22.477+0000] {dagbag.py:545} INFO - Filling up the DagBag from /opt/airflow/dags/qi_refresh_fundamentals.py
[2025-11-05T21:52:22.483+0000] {processor.py:840} INFO - DAG(s) 'refresh_fundamentals_dag' retrieved from /opt/airflow/dags/qi_refresh_fundamentals.py
[2025-11-05T21:52:22.499+0000] {logging_mixin.py:188} INFO - [2025-11-05T21:52:22.499+0000] {dag.py:3089} INFO - Sync 1 DAGs
[2025-11-05T21:52:22.509+0000] {logging_mixin.py:188} INFO - [2025-11-05T21:52:22.509+0000] {dag.py:3947} INFO - Setting next_dagrun for refresh_fundamentals_dag to 2025-11-05 05:00:00+00:00, run_after=2025-12-05 05:00:00+00:00
[2025-11-05T21:52:22.517+0000] {processor.py:183} INFO - Processing /opt/airflow/dags/qi_refresh_fundamentals.py took 0.044 seconds
[2025-11-05T22:29:30.670+0000] {processor.py:161} INFO - Started process (PID=8719) to work on /opt/airflow/dags/qi_refresh_fundamentals.py
[2025-11-05T22:29:30.671+0000] {processor.py:830} INFO - Processing file /opt/airflow/dags/qi_refresh_fundamentals.py for tasks to queue
[2025-11-05T22:29:30.672+0000] {logging_mixin.py:188} INFO - [2025-11-05T22:29:30.671+0000] {dagbag.py:545} INFO - Filling up the DagBag from /opt/airflow/dags/qi_refresh_fundamentals.py
[2025-11-05T22:29:30.678+0000] {processor.py:840} INFO - DAG(s) 'refresh_fundamentals_dag' retrieved from /opt/airflow/dags/qi_refresh_fundamentals.py
[2025-11-05T22:29:30.693+0000] {logging_mixin.py:188} INFO - [2025-11-05T22:29:30.693+0000] {dag.py:3089} INFO - Sync 1 DAGs
[2025-11-05T22:29:30.702+0000] {logging_mixin.py:188} INFO - [2025-11-05T22:29:30.702+0000] {dag.py:3947} INFO - Setting next_dagrun for refresh_fundamentals_dag to 2025-11-05 05:00:00+00:00, run_after=2025-12-05 05:00:00+00:00
[2025-11-05T22:29:30.710+0000] {processor.py:183} INFO - Processing /opt/airflow/dags/qi_refresh_fundamentals.py took 0.043 seconds
[2025-11-05T22:45:27.946+0000] {processor.py:161} INFO - Started process (PID=8722) to work on /opt/airflow/dags/qi_refresh_fundamentals.py
[2025-11-05T22:45:27.946+0000] {processor.py:830} INFO - Processing file /opt/airflow/dags/qi_refresh_fundamentals.py for tasks to queue
[2025-11-05T22:45:27.947+0000] {logging_mixin.py:188} INFO - [2025-11-05T22:45:27.947+0000] {dagbag.py:545} INFO - Filling up the DagBag from /opt/airflow/dags/qi_refresh_fundamentals.py
[2025-11-05T22:45:27.953+0000] {processor.py:840} INFO - DAG(s) 'refresh_fundamentals_dag' retrieved from /opt/airflow/dags/qi_refresh_fundamentals.py
[2025-11-05T22:45:27.969+0000] {logging_mixin.py:188} INFO - [2025-11-05T22:45:27.969+0000] {dag.py:3089} INFO - Sync 1 DAGs
[2025-11-05T22:45:27.979+0000] {logging_mixin.py:188} INFO - [2025-11-05T22:45:27.979+0000] {dag.py:3947} INFO - Setting next_dagrun for refresh_fundamentals_dag to 2025-11-05 05:00:00+00:00, run_after=2025-12-05 05:00:00+00:00
[2025-11-05T22:45:27.987+0000] {processor.py:183} INFO - Processing /opt/airflow/dags/qi_refresh_fundamentals.py took 0.044 seconds
[2025-11-05T23:00:02.545+0000] {processor.py:161} INFO - Started process (PID=8725) to work on /opt/airflow/dags/qi_refresh_fundamentals.py
[2025-11-05T23:00:02.545+0000] {processor.py:830} INFO - Processing file /opt/airflow/dags/qi_refresh_fundamentals.py for tasks to queue
[2025-11-05T23:00:02.546+0000] {logging_mixin.py:188} INFO - [2025-11-05T23:00:02.546+0000] {dagbag.py:545} INFO - Filling up the DagBag from /opt/airflow/dags/qi_refresh_fundamentals.py
[2025-11-05T23:00:02.552+0000] {processor.py:840} INFO - DAG(s) 'refresh_fundamentals_dag' retrieved from /opt/airflow/dags/qi_refresh_fundamentals.py
[2025-11-05T23:00:02.567+0000] {logging_mixin.py:188} INFO - [2025-11-05T23:00:02.567+0000] {dag.py:3089} INFO - Sync 1 DAGs
[2025-11-05T23:00:02.577+0000] {logging_mixin.py:188} INFO - [2025-11-05T23:00:02.577+0000] {dag.py:3947} INFO - Setting next_dagrun for refresh_fundamentals_dag to 2025-11-05 05:00:00+00:00, run_after=2025-12-05 05:00:00+00:00
[2025-11-05T23:00:02.585+0000] {processor.py:183} INFO - Processing /opt/airflow/dags/qi_refresh_fundamentals.py took 0.043 seconds
[2025-11-05T23:07:14.629+0000] {processor.py:161} INFO - Started process (PID=8728) to work on /opt/airflow/dags/qi_refresh_fundamentals.py
[2025-11-05T23:07:14.630+0000] {processor.py:830} INFO - Processing file /opt/airflow/dags/qi_refresh_fundamentals.py for tasks to queue
[2025-11-05T23:07:14.631+0000] {logging_mixin.py:188} INFO - [2025-11-05T23:07:14.631+0000] {dagbag.py:545} INFO - Filling up the DagBag from /opt/airflow/dags/qi_refresh_fundamentals.py
[2025-11-05T23:07:14.637+0000] {processor.py:840} INFO - DAG(s) 'refresh_fundamentals_dag' retrieved from /opt/airflow/dags/qi_refresh_fundamentals.py
[2025-11-05T23:07:14.653+0000] {logging_mixin.py:188} INFO - [2025-11-05T23:07:14.653+0000] {dag.py:3089} INFO - Sync 1 DAGs
[2025-11-05T23:07:14.663+0000] {logging_mixin.py:188} INFO - [2025-11-05T23:07:14.663+0000] {dag.py:3947} INFO - Setting next_dagrun for refresh_fundamentals_dag to 2025-11-05 05:00:00+00:00, run_after=2025-12-05 05:00:00+00:00
[2025-11-05T23:07:14.671+0000] {processor.py:183} INFO - Processing /opt/airflow/dags/qi_refresh_fundamentals.py took 0.044 seconds
[2025-11-05T23:23:52.168+0000] {processor.py:161} INFO - Started process (PID=8731) to work on /opt/airflow/dags/qi_refresh_fundamentals.py
[2025-11-05T23:23:52.168+0000] {processor.py:830} INFO - Processing file /opt/airflow/dags/qi_refresh_fundamentals.py for tasks to queue
[2025-11-05T23:23:52.169+0000] {logging_mixin.py:188} INFO - [2025-11-05T23:23:52.169+0000] {dagbag.py:545} INFO - Filling up the DagBag from /opt/airflow/dags/qi_refresh_fundamentals.py
[2025-11-05T23:23:52.175+0000] {processor.py:840} INFO - DAG(s) 'refresh_fundamentals_dag' retrieved from /opt/airflow/dags/qi_refresh_fundamentals.py
[2025-11-05T23:23:52.191+0000] {logging_mixin.py:188} INFO - [2025-11-05T23:23:52.191+0000] {dag.py:3089} INFO - Sync 1 DAGs
[2025-11-05T23:23:52.200+0000] {logging_mixin.py:188} INFO - [2025-11-05T23:23:52.200+0000] {dag.py:3947} INFO - Setting next_dagrun for refresh_fundamentals_dag to 2025-11-05 05:00:00+00:00, run_after=2025-12-05 05:00:00+00:00
[2025-11-05T23:23:52.208+0000] {processor.py:183} INFO - Processing /opt/airflow/dags/qi_refresh_fundamentals.py took 0.043 seconds
[2025-11-05T23:44:09.179+0000] {processor.py:161} INFO - Started process (PID=8734) to work on /opt/airflow/dags/qi_refresh_fundamentals.py
[2025-11-05T23:44:09.181+0000] {processor.py:830} INFO - Processing file /opt/airflow/dags/qi_refresh_fundamentals.py for tasks to queue
[2025-11-05T23:44:09.189+0000] {logging_mixin.py:188} INFO - [2025-11-05T23:44:09.188+0000] {dagbag.py:545} INFO - Filling up the DagBag from /opt/airflow/dags/qi_refresh_fundamentals.py
[2025-11-05T23:44:09.221+0000] {processor.py:840} INFO - DAG(s) 'refresh_fundamentals_dag' retrieved from /opt/airflow/dags/qi_refresh_fundamentals.py
[2025-11-05T23:44:09.348+0000] {logging_mixin.py:188} INFO - [2025-11-05T23:44:09.346+0000] {dag.py:3089} INFO - Sync 1 DAGs
[2025-11-05T23:44:09.401+0000] {logging_mixin.py:188} INFO - [2025-11-05T23:44:09.400+0000] {dag.py:3947} INFO - Setting next_dagrun for refresh_fundamentals_dag to 2025-11-05 05:00:00+00:00, run_after=2025-12-05 05:00:00+00:00
[2025-11-05T23:44:09.445+0000] {processor.py:183} INFO - Processing /opt/airflow/dags/qi_refresh_fundamentals.py took 0.278 seconds
