[2025-11-05T00:01:33.824+0000] {processor.py:161} INFO - Started process (PID=8504) to work on /opt/airflow/dags/qi_refresh_intl.py
[2025-11-05T00:01:33.825+0000] {processor.py:830} INFO - Processing file /opt/airflow/dags/qi_refresh_intl.py for tasks to queue
[2025-11-05T00:01:33.826+0000] {logging_mixin.py:188} INFO - [2025-11-05T00:01:33.826+0000] {dagbag.py:545} INFO - Filling up the DagBag from /opt/airflow/dags/qi_refresh_intl.py
[2025-11-05T00:01:34.369+0000] {processor.py:840} INFO - DAG(s) 'refresh_intl_dag' retrieved from /opt/airflow/dags/qi_refresh_intl.py
[2025-11-05T00:01:34.384+0000] {logging_mixin.py:188} INFO - [2025-11-05T00:01:34.384+0000] {dag.py:3089} INFO - Sync 1 DAGs
[2025-11-05T00:01:34.393+0000] {logging_mixin.py:188} INFO - [2025-11-05T00:01:34.393+0000] {dag.py:3947} INFO - Setting next_dagrun for refresh_intl_dag to 2025-10-31 19:30:00+00:00, run_after=2025-11-07 19:30:00+00:00
[2025-11-05T00:01:34.408+0000] {processor.py:183} INFO - Processing /opt/airflow/dags/qi_refresh_intl.py took 0.586 seconds
[2025-11-05T00:17:03.612+0000] {processor.py:161} INFO - Started process (PID=8507) to work on /opt/airflow/dags/qi_refresh_intl.py
[2025-11-05T00:17:03.613+0000] {processor.py:830} INFO - Processing file /opt/airflow/dags/qi_refresh_intl.py for tasks to queue
[2025-11-05T00:17:03.614+0000] {logging_mixin.py:188} INFO - [2025-11-05T00:17:03.614+0000] {dagbag.py:545} INFO - Filling up the DagBag from /opt/airflow/dags/qi_refresh_intl.py
[2025-11-05T00:17:04.170+0000] {processor.py:840} INFO - DAG(s) 'refresh_intl_dag' retrieved from /opt/airflow/dags/qi_refresh_intl.py
[2025-11-05T00:17:04.187+0000] {logging_mixin.py:188} INFO - [2025-11-05T00:17:04.187+0000] {dag.py:3089} INFO - Sync 1 DAGs
[2025-11-05T00:17:04.198+0000] {logging_mixin.py:188} INFO - [2025-11-05T00:17:04.198+0000] {dag.py:3947} INFO - Setting next_dagrun for refresh_intl_dag to 2025-10-31 19:30:00+00:00, run_after=2025-11-07 19:30:00+00:00
[2025-11-05T00:17:04.211+0000] {processor.py:183} INFO - Processing /opt/airflow/dags/qi_refresh_intl.py took 0.603 seconds
[2025-11-05T00:32:34.163+0000] {processor.py:161} INFO - Started process (PID=8510) to work on /opt/airflow/dags/qi_refresh_intl.py
[2025-11-05T00:32:34.164+0000] {processor.py:830} INFO - Processing file /opt/airflow/dags/qi_refresh_intl.py for tasks to queue
[2025-11-05T00:32:34.166+0000] {logging_mixin.py:188} INFO - [2025-11-05T00:32:34.166+0000] {dagbag.py:545} INFO - Filling up the DagBag from /opt/airflow/dags/qi_refresh_intl.py
[2025-11-05T00:32:34.752+0000] {processor.py:840} INFO - DAG(s) 'refresh_intl_dag' retrieved from /opt/airflow/dags/qi_refresh_intl.py
[2025-11-05T00:32:34.765+0000] {logging_mixin.py:188} INFO - [2025-11-05T00:32:34.764+0000] {dag.py:3089} INFO - Sync 1 DAGs
[2025-11-05T00:32:34.774+0000] {logging_mixin.py:188} INFO - [2025-11-05T00:32:34.774+0000] {dag.py:3947} INFO - Setting next_dagrun for refresh_intl_dag to 2025-10-31 19:30:00+00:00, run_after=2025-11-07 19:30:00+00:00
[2025-11-05T00:32:34.788+0000] {processor.py:183} INFO - Processing /opt/airflow/dags/qi_refresh_intl.py took 0.628 seconds
[2025-11-05T01:02:35.534+0000] {processor.py:161} INFO - Started process (PID=8513) to work on /opt/airflow/dags/qi_refresh_intl.py
[2025-11-05T01:02:35.536+0000] {processor.py:830} INFO - Processing file /opt/airflow/dags/qi_refresh_intl.py for tasks to queue
[2025-11-05T01:02:35.537+0000] {logging_mixin.py:188} INFO - [2025-11-05T01:02:35.537+0000] {dagbag.py:545} INFO - Filling up the DagBag from /opt/airflow/dags/qi_refresh_intl.py
[2025-11-05T01:02:36.129+0000] {processor.py:840} INFO - DAG(s) 'refresh_intl_dag' retrieved from /opt/airflow/dags/qi_refresh_intl.py
[2025-11-05T01:02:36.151+0000] {logging_mixin.py:188} INFO - [2025-11-05T01:02:36.150+0000] {dag.py:3089} INFO - Sync 1 DAGs
[2025-11-05T01:02:36.165+0000] {logging_mixin.py:188} INFO - [2025-11-05T01:02:36.165+0000] {dag.py:3947} INFO - Setting next_dagrun for refresh_intl_dag to 2025-10-31 19:30:00+00:00, run_after=2025-11-07 19:30:00+00:00
[2025-11-05T01:02:36.182+0000] {processor.py:183} INFO - Processing /opt/airflow/dags/qi_refresh_intl.py took 0.651 seconds
[2025-11-05T01:21:20.262+0000] {processor.py:161} INFO - Started process (PID=8516) to work on /opt/airflow/dags/qi_refresh_intl.py
[2025-11-05T01:21:20.262+0000] {processor.py:830} INFO - Processing file /opt/airflow/dags/qi_refresh_intl.py for tasks to queue
[2025-11-05T01:21:20.264+0000] {logging_mixin.py:188} INFO - [2025-11-05T01:21:20.263+0000] {dagbag.py:545} INFO - Filling up the DagBag from /opt/airflow/dags/qi_refresh_intl.py
[2025-11-05T01:21:20.828+0000] {processor.py:840} INFO - DAG(s) 'refresh_intl_dag' retrieved from /opt/airflow/dags/qi_refresh_intl.py
[2025-11-05T01:21:20.841+0000] {logging_mixin.py:188} INFO - [2025-11-05T01:21:20.841+0000] {dag.py:3089} INFO - Sync 1 DAGs
[2025-11-05T01:21:20.851+0000] {logging_mixin.py:188} INFO - [2025-11-05T01:21:20.851+0000] {dag.py:3947} INFO - Setting next_dagrun for refresh_intl_dag to 2025-10-31 19:30:00+00:00, run_after=2025-11-07 19:30:00+00:00
[2025-11-05T01:21:20.859+0000] {processor.py:183} INFO - Processing /opt/airflow/dags/qi_refresh_intl.py took 0.601 seconds
[2025-11-05T01:42:03.637+0000] {processor.py:161} INFO - Started process (PID=8519) to work on /opt/airflow/dags/qi_refresh_intl.py
[2025-11-05T01:42:03.638+0000] {processor.py:830} INFO - Processing file /opt/airflow/dags/qi_refresh_intl.py for tasks to queue
[2025-11-05T01:42:03.639+0000] {logging_mixin.py:188} INFO - [2025-11-05T01:42:03.639+0000] {dagbag.py:545} INFO - Filling up the DagBag from /opt/airflow/dags/qi_refresh_intl.py
[2025-11-05T01:42:04.244+0000] {processor.py:840} INFO - DAG(s) 'refresh_intl_dag' retrieved from /opt/airflow/dags/qi_refresh_intl.py
[2025-11-05T01:42:04.260+0000] {logging_mixin.py:188} INFO - [2025-11-05T01:42:04.260+0000] {dag.py:3089} INFO - Sync 1 DAGs
[2025-11-05T01:42:04.271+0000] {logging_mixin.py:188} INFO - [2025-11-05T01:42:04.271+0000] {dag.py:3947} INFO - Setting next_dagrun for refresh_intl_dag to 2025-10-31 19:30:00+00:00, run_after=2025-11-07 19:30:00+00:00
[2025-11-05T01:42:04.279+0000] {processor.py:183} INFO - Processing /opt/airflow/dags/qi_refresh_intl.py took 0.645 seconds
[2025-11-05T02:03:27.258+0000] {processor.py:161} INFO - Started process (PID=8522) to work on /opt/airflow/dags/qi_refresh_intl.py
[2025-11-05T02:03:27.259+0000] {processor.py:830} INFO - Processing file /opt/airflow/dags/qi_refresh_intl.py for tasks to queue
[2025-11-05T02:03:27.260+0000] {logging_mixin.py:188} INFO - [2025-11-05T02:03:27.260+0000] {dagbag.py:545} INFO - Filling up the DagBag from /opt/airflow/dags/qi_refresh_intl.py
[2025-11-05T02:03:27.950+0000] {processor.py:840} INFO - DAG(s) 'refresh_intl_dag' retrieved from /opt/airflow/dags/qi_refresh_intl.py
[2025-11-05T02:03:27.972+0000] {logging_mixin.py:188} INFO - [2025-11-05T02:03:27.972+0000] {dag.py:3089} INFO - Sync 1 DAGs
[2025-11-05T02:03:27.989+0000] {logging_mixin.py:188} INFO - [2025-11-05T02:03:27.989+0000] {dag.py:3947} INFO - Setting next_dagrun for refresh_intl_dag to 2025-10-31 19:30:00+00:00, run_after=2025-11-07 19:30:00+00:00
[2025-11-05T02:03:28.004+0000] {processor.py:183} INFO - Processing /opt/airflow/dags/qi_refresh_intl.py took 0.750 seconds
[2025-11-05T02:18:57.212+0000] {processor.py:161} INFO - Started process (PID=8525) to work on /opt/airflow/dags/qi_refresh_intl.py
[2025-11-05T02:18:57.213+0000] {processor.py:830} INFO - Processing file /opt/airflow/dags/qi_refresh_intl.py for tasks to queue
[2025-11-05T02:18:57.214+0000] {logging_mixin.py:188} INFO - [2025-11-05T02:18:57.214+0000] {dagbag.py:545} INFO - Filling up the DagBag from /opt/airflow/dags/qi_refresh_intl.py
[2025-11-05T02:19:01.724+0000] {processor.py:840} INFO - DAG(s) 'refresh_intl_dag' retrieved from /opt/airflow/dags/qi_refresh_intl.py
[2025-11-05T02:19:01.736+0000] {logging_mixin.py:188} INFO - [2025-11-05T02:19:01.736+0000] {dag.py:3089} INFO - Sync 1 DAGs
[2025-11-05T02:19:01.745+0000] {logging_mixin.py:188} INFO - [2025-11-05T02:19:01.745+0000] {dag.py:3947} INFO - Setting next_dagrun for refresh_intl_dag to 2025-10-31 19:30:00+00:00, run_after=2025-11-07 19:30:00+00:00
[2025-11-05T02:19:01.754+0000] {processor.py:183} INFO - Processing /opt/airflow/dags/qi_refresh_intl.py took 4.546 seconds
[2025-11-05T02:34:26.910+0000] {processor.py:161} INFO - Started process (PID=8528) to work on /opt/airflow/dags/qi_refresh_intl.py
[2025-11-05T02:34:26.911+0000] {processor.py:830} INFO - Processing file /opt/airflow/dags/qi_refresh_intl.py for tasks to queue
[2025-11-05T02:34:26.912+0000] {logging_mixin.py:188} INFO - [2025-11-05T02:34:26.912+0000] {dagbag.py:545} INFO - Filling up the DagBag from /opt/airflow/dags/qi_refresh_intl.py
[2025-11-05T02:34:27.472+0000] {processor.py:840} INFO - DAG(s) 'refresh_intl_dag' retrieved from /opt/airflow/dags/qi_refresh_intl.py
[2025-11-05T02:34:27.485+0000] {logging_mixin.py:188} INFO - [2025-11-05T02:34:27.485+0000] {dag.py:3089} INFO - Sync 1 DAGs
[2025-11-05T02:34:27.495+0000] {logging_mixin.py:188} INFO - [2025-11-05T02:34:27.495+0000] {dag.py:3947} INFO - Setting next_dagrun for refresh_intl_dag to 2025-10-31 19:30:00+00:00, run_after=2025-11-07 19:30:00+00:00
[2025-11-05T02:34:27.503+0000] {processor.py:183} INFO - Processing /opt/airflow/dags/qi_refresh_intl.py took 0.596 seconds
[2025-11-05T03:04:28.185+0000] {processor.py:161} INFO - Started process (PID=8531) to work on /opt/airflow/dags/qi_refresh_intl.py
[2025-11-05T03:04:28.186+0000] {processor.py:830} INFO - Processing file /opt/airflow/dags/qi_refresh_intl.py for tasks to queue
[2025-11-05T03:04:28.187+0000] {logging_mixin.py:188} INFO - [2025-11-05T03:04:28.186+0000] {dagbag.py:545} INFO - Filling up the DagBag from /opt/airflow/dags/qi_refresh_intl.py
[2025-11-05T03:04:28.725+0000] {processor.py:840} INFO - DAG(s) 'refresh_intl_dag' retrieved from /opt/airflow/dags/qi_refresh_intl.py
[2025-11-05T03:04:28.737+0000] {logging_mixin.py:188} INFO - [2025-11-05T03:04:28.737+0000] {dag.py:3089} INFO - Sync 1 DAGs
[2025-11-05T03:04:28.747+0000] {logging_mixin.py:188} INFO - [2025-11-05T03:04:28.747+0000] {dag.py:3947} INFO - Setting next_dagrun for refresh_intl_dag to 2025-10-31 19:30:00+00:00, run_after=2025-11-07 19:30:00+00:00
[2025-11-05T03:04:28.755+0000] {processor.py:183} INFO - Processing /opt/airflow/dags/qi_refresh_intl.py took 0.574 seconds
[2025-11-05T03:19:58.738+0000] {processor.py:161} INFO - Started process (PID=8534) to work on /opt/airflow/dags/qi_refresh_intl.py
[2025-11-05T03:19:58.739+0000] {processor.py:830} INFO - Processing file /opt/airflow/dags/qi_refresh_intl.py for tasks to queue
[2025-11-05T03:19:58.741+0000] {logging_mixin.py:188} INFO - [2025-11-05T03:19:58.740+0000] {dagbag.py:545} INFO - Filling up the DagBag from /opt/airflow/dags/qi_refresh_intl.py
[2025-11-05T03:19:59.514+0000] {processor.py:840} INFO - DAG(s) 'refresh_intl_dag' retrieved from /opt/airflow/dags/qi_refresh_intl.py
[2025-11-05T03:19:59.546+0000] {logging_mixin.py:188} INFO - [2025-11-05T03:19:59.546+0000] {dag.py:3089} INFO - Sync 1 DAGs
[2025-11-05T03:19:59.572+0000] {logging_mixin.py:188} INFO - [2025-11-05T03:19:59.572+0000] {dag.py:3947} INFO - Setting next_dagrun for refresh_intl_dag to 2025-10-31 19:30:00+00:00, run_after=2025-11-07 19:30:00+00:00
[2025-11-05T03:19:59.595+0000] {processor.py:183} INFO - Processing /opt/airflow/dags/qi_refresh_intl.py took 0.860 seconds
[2025-11-05T03:35:28.890+0000] {processor.py:161} INFO - Started process (PID=8537) to work on /opt/airflow/dags/qi_refresh_intl.py
[2025-11-05T03:35:28.891+0000] {processor.py:830} INFO - Processing file /opt/airflow/dags/qi_refresh_intl.py for tasks to queue
[2025-11-05T03:35:28.892+0000] {logging_mixin.py:188} INFO - [2025-11-05T03:35:28.891+0000] {dagbag.py:545} INFO - Filling up the DagBag from /opt/airflow/dags/qi_refresh_intl.py
[2025-11-05T03:35:29.667+0000] {processor.py:840} INFO - DAG(s) 'refresh_intl_dag' retrieved from /opt/airflow/dags/qi_refresh_intl.py
[2025-11-05T03:35:29.705+0000] {logging_mixin.py:188} INFO - [2025-11-05T03:35:29.705+0000] {dag.py:3089} INFO - Sync 1 DAGs
[2025-11-05T03:35:29.732+0000] {logging_mixin.py:188} INFO - [2025-11-05T03:35:29.732+0000] {dag.py:3947} INFO - Setting next_dagrun for refresh_intl_dag to 2025-10-31 19:30:00+00:00, run_after=2025-11-07 19:30:00+00:00
[2025-11-05T03:35:29.765+0000] {processor.py:183} INFO - Processing /opt/airflow/dags/qi_refresh_intl.py took 0.878 seconds
[2025-11-05T04:05:30.693+0000] {processor.py:161} INFO - Started process (PID=8540) to work on /opt/airflow/dags/qi_refresh_intl.py
[2025-11-05T04:05:30.693+0000] {processor.py:830} INFO - Processing file /opt/airflow/dags/qi_refresh_intl.py for tasks to queue
[2025-11-05T04:05:30.694+0000] {logging_mixin.py:188} INFO - [2025-11-05T04:05:30.694+0000] {dagbag.py:545} INFO - Filling up the DagBag from /opt/airflow/dags/qi_refresh_intl.py
[2025-11-05T04:05:31.673+0000] {processor.py:840} INFO - DAG(s) 'refresh_intl_dag' retrieved from /opt/airflow/dags/qi_refresh_intl.py
[2025-11-05T04:05:31.930+0000] {logging_mixin.py:188} INFO - [2025-11-05T04:05:31.929+0000] {dag.py:3089} INFO - Sync 1 DAGs
[2025-11-05T04:05:32.179+0000] {logging_mixin.py:188} INFO - [2025-11-05T04:05:32.179+0000] {dag.py:3947} INFO - Setting next_dagrun for refresh_intl_dag to 2025-10-31 19:30:00+00:00, run_after=2025-11-07 19:30:00+00:00
[2025-11-05T04:05:32.190+0000] {processor.py:183} INFO - Processing /opt/airflow/dags/qi_refresh_intl.py took 1.501 seconds
[2025-11-05T04:24:24.941+0000] {processor.py:161} INFO - Started process (PID=8543) to work on /opt/airflow/dags/qi_refresh_intl.py
[2025-11-05T04:24:24.941+0000] {processor.py:830} INFO - Processing file /opt/airflow/dags/qi_refresh_intl.py for tasks to queue
[2025-11-05T04:24:24.943+0000] {logging_mixin.py:188} INFO - [2025-11-05T04:24:24.942+0000] {dagbag.py:545} INFO - Filling up the DagBag from /opt/airflow/dags/qi_refresh_intl.py
[2025-11-05T04:24:26.341+0000] {processor.py:840} INFO - DAG(s) 'refresh_intl_dag' retrieved from /opt/airflow/dags/qi_refresh_intl.py
[2025-11-05T04:24:26.354+0000] {logging_mixin.py:188} INFO - [2025-11-05T04:24:26.354+0000] {dag.py:3089} INFO - Sync 1 DAGs
[2025-11-05T04:24:26.364+0000] {logging_mixin.py:188} INFO - [2025-11-05T04:24:26.364+0000] {dag.py:3947} INFO - Setting next_dagrun for refresh_intl_dag to 2025-10-31 19:30:00+00:00, run_after=2025-11-07 19:30:00+00:00
[2025-11-05T04:24:26.373+0000] {processor.py:183} INFO - Processing /opt/airflow/dags/qi_refresh_intl.py took 1.437 seconds
[2025-11-05T04:39:55.254+0000] {processor.py:161} INFO - Started process (PID=8546) to work on /opt/airflow/dags/qi_refresh_intl.py
[2025-11-05T04:39:55.254+0000] {processor.py:830} INFO - Processing file /opt/airflow/dags/qi_refresh_intl.py for tasks to queue
[2025-11-05T04:39:55.256+0000] {logging_mixin.py:188} INFO - [2025-11-05T04:39:55.255+0000] {dagbag.py:545} INFO - Filling up the DagBag from /opt/airflow/dags/qi_refresh_intl.py
[2025-11-05T04:39:55.810+0000] {processor.py:840} INFO - DAG(s) 'refresh_intl_dag' retrieved from /opt/airflow/dags/qi_refresh_intl.py
[2025-11-05T04:39:55.821+0000] {logging_mixin.py:188} INFO - [2025-11-05T04:39:55.821+0000] {dag.py:3089} INFO - Sync 1 DAGs
[2025-11-05T04:39:55.831+0000] {logging_mixin.py:188} INFO - [2025-11-05T04:39:55.831+0000] {dag.py:3947} INFO - Setting next_dagrun for refresh_intl_dag to 2025-10-31 19:30:00+00:00, run_after=2025-11-07 19:30:00+00:00
[2025-11-05T04:39:55.839+0000] {processor.py:183} INFO - Processing /opt/airflow/dags/qi_refresh_intl.py took 0.589 seconds
[2025-11-05T05:06:25.333+0000] {processor.py:161} INFO - Started process (PID=8549) to work on /opt/airflow/dags/qi_refresh_intl.py
[2025-11-05T05:06:25.334+0000] {processor.py:830} INFO - Processing file /opt/airflow/dags/qi_refresh_intl.py for tasks to queue
[2025-11-05T05:06:25.335+0000] {logging_mixin.py:188} INFO - [2025-11-05T05:06:25.335+0000] {dagbag.py:545} INFO - Filling up the DagBag from /opt/airflow/dags/qi_refresh_intl.py
[2025-11-05T05:06:26.340+0000] {processor.py:840} INFO - DAG(s) 'refresh_intl_dag' retrieved from /opt/airflow/dags/qi_refresh_intl.py
[2025-11-05T05:06:26.530+0000] {logging_mixin.py:188} INFO - [2025-11-05T05:06:26.529+0000] {dag.py:3089} INFO - Sync 1 DAGs
[2025-11-05T05:06:26.657+0000] {logging_mixin.py:188} INFO - [2025-11-05T05:06:26.656+0000] {dag.py:3947} INFO - Setting next_dagrun for refresh_intl_dag to 2025-10-31 19:30:00+00:00, run_after=2025-11-07 19:30:00+00:00
[2025-11-05T05:06:26.771+0000] {processor.py:183} INFO - Processing /opt/airflow/dags/qi_refresh_intl.py took 1.440 seconds
[2025-11-05T05:21:54.726+0000] {processor.py:161} INFO - Started process (PID=8552) to work on /opt/airflow/dags/qi_refresh_intl.py
[2025-11-05T05:21:54.727+0000] {processor.py:830} INFO - Processing file /opt/airflow/dags/qi_refresh_intl.py for tasks to queue
[2025-11-05T05:21:54.728+0000] {logging_mixin.py:188} INFO - [2025-11-05T05:21:54.728+0000] {dagbag.py:545} INFO - Filling up the DagBag from /opt/airflow/dags/qi_refresh_intl.py
[2025-11-05T05:21:58.199+0000] {processor.py:840} INFO - DAG(s) 'refresh_intl_dag' retrieved from /opt/airflow/dags/qi_refresh_intl.py
[2025-11-05T05:21:58.270+0000] {logging_mixin.py:188} INFO - [2025-11-05T05:21:58.269+0000] {dag.py:3089} INFO - Sync 1 DAGs
[2025-11-05T05:21:58.321+0000] {logging_mixin.py:188} INFO - [2025-11-05T05:21:58.320+0000] {dag.py:3947} INFO - Setting next_dagrun for refresh_intl_dag to 2025-10-31 19:30:00+00:00, run_after=2025-11-07 19:30:00+00:00
[2025-11-05T05:21:58.377+0000] {processor.py:183} INFO - Processing /opt/airflow/dags/qi_refresh_intl.py took 3.657 seconds
[2025-11-05T05:37:25.664+0000] {processor.py:161} INFO - Started process (PID=8555) to work on /opt/airflow/dags/qi_refresh_intl.py
[2025-11-05T05:37:25.664+0000] {processor.py:830} INFO - Processing file /opt/airflow/dags/qi_refresh_intl.py for tasks to queue
[2025-11-05T05:37:25.666+0000] {logging_mixin.py:188} INFO - [2025-11-05T05:37:25.665+0000] {dagbag.py:545} INFO - Filling up the DagBag from /opt/airflow/dags/qi_refresh_intl.py
[2025-11-05T05:37:26.215+0000] {processor.py:840} INFO - DAG(s) 'refresh_intl_dag' retrieved from /opt/airflow/dags/qi_refresh_intl.py
[2025-11-05T05:37:26.230+0000] {logging_mixin.py:188} INFO - [2025-11-05T05:37:26.230+0000] {dag.py:3089} INFO - Sync 1 DAGs
[2025-11-05T05:37:26.240+0000] {logging_mixin.py:188} INFO - [2025-11-05T05:37:26.239+0000] {dag.py:3947} INFO - Setting next_dagrun for refresh_intl_dag to 2025-10-31 19:30:00+00:00, run_after=2025-11-07 19:30:00+00:00
[2025-11-05T05:37:26.247+0000] {processor.py:183} INFO - Processing /opt/airflow/dags/qi_refresh_intl.py took 0.587 seconds
[2025-11-05T06:10:16.243+0000] {processor.py:161} INFO - Started process (PID=8558) to work on /opt/airflow/dags/qi_refresh_intl.py
[2025-11-05T06:10:16.244+0000] {processor.py:830} INFO - Processing file /opt/airflow/dags/qi_refresh_intl.py for tasks to queue
[2025-11-05T06:10:16.245+0000] {logging_mixin.py:188} INFO - [2025-11-05T06:10:16.245+0000] {dagbag.py:545} INFO - Filling up the DagBag from /opt/airflow/dags/qi_refresh_intl.py
[2025-11-05T06:10:16.821+0000] {processor.py:840} INFO - DAG(s) 'refresh_intl_dag' retrieved from /opt/airflow/dags/qi_refresh_intl.py
[2025-11-05T06:10:16.837+0000] {logging_mixin.py:188} INFO - [2025-11-05T06:10:16.837+0000] {dag.py:3089} INFO - Sync 1 DAGs
[2025-11-05T06:10:16.849+0000] {logging_mixin.py:188} INFO - [2025-11-05T06:10:16.849+0000] {dag.py:3947} INFO - Setting next_dagrun for refresh_intl_dag to 2025-10-31 19:30:00+00:00, run_after=2025-11-07 19:30:00+00:00
[2025-11-05T06:10:16.862+0000] {processor.py:183} INFO - Processing /opt/airflow/dags/qi_refresh_intl.py took 0.623 seconds
[2025-11-05T06:16:03.050+0000] {processor.py:161} INFO - Started process (PID=8561) to work on /opt/airflow/dags/qi_refresh_intl.py
[2025-11-05T06:16:03.050+0000] {processor.py:830} INFO - Processing file /opt/airflow/dags/qi_refresh_intl.py for tasks to queue
[2025-11-05T06:16:03.052+0000] {logging_mixin.py:188} INFO - [2025-11-05T06:16:03.051+0000] {dagbag.py:545} INFO - Filling up the DagBag from /opt/airflow/dags/qi_refresh_intl.py
[2025-11-05T06:16:03.632+0000] {processor.py:840} INFO - DAG(s) 'refresh_intl_dag' retrieved from /opt/airflow/dags/qi_refresh_intl.py
[2025-11-05T06:16:03.645+0000] {logging_mixin.py:188} INFO - [2025-11-05T06:16:03.645+0000] {dag.py:3089} INFO - Sync 1 DAGs
[2025-11-05T06:16:03.656+0000] {logging_mixin.py:188} INFO - [2025-11-05T06:16:03.656+0000] {dag.py:3947} INFO - Setting next_dagrun for refresh_intl_dag to 2025-10-31 19:30:00+00:00, run_after=2025-11-07 19:30:00+00:00
[2025-11-05T06:16:03.663+0000] {processor.py:183} INFO - Processing /opt/airflow/dags/qi_refresh_intl.py took 0.616 seconds
[2025-11-05T06:31:56.311+0000] {processor.py:161} INFO - Started process (PID=8564) to work on /opt/airflow/dags/qi_refresh_intl.py
[2025-11-05T06:31:56.312+0000] {processor.py:830} INFO - Processing file /opt/airflow/dags/qi_refresh_intl.py for tasks to queue
[2025-11-05T06:31:56.313+0000] {logging_mixin.py:188} INFO - [2025-11-05T06:31:56.313+0000] {dagbag.py:545} INFO - Filling up the DagBag from /opt/airflow/dags/qi_refresh_intl.py
[2025-11-05T06:31:57.683+0000] {processor.py:840} INFO - DAG(s) 'refresh_intl_dag' retrieved from /opt/airflow/dags/qi_refresh_intl.py
[2025-11-05T06:31:57.726+0000] {logging_mixin.py:188} INFO - [2025-11-05T06:31:57.726+0000] {dag.py:3089} INFO - Sync 1 DAGs
[2025-11-05T06:31:57.753+0000] {logging_mixin.py:188} INFO - [2025-11-05T06:31:57.753+0000] {dag.py:3947} INFO - Setting next_dagrun for refresh_intl_dag to 2025-10-31 19:30:00+00:00, run_after=2025-11-07 19:30:00+00:00
[2025-11-05T06:31:57.778+0000] {processor.py:183} INFO - Processing /opt/airflow/dags/qi_refresh_intl.py took 1.472 seconds
[2025-11-05T07:08:11.991+0000] {processor.py:161} INFO - Started process (PID=8567) to work on /opt/airflow/dags/qi_refresh_intl.py
[2025-11-05T07:08:11.991+0000] {processor.py:830} INFO - Processing file /opt/airflow/dags/qi_refresh_intl.py for tasks to queue
[2025-11-05T07:08:11.992+0000] {logging_mixin.py:188} INFO - [2025-11-05T07:08:11.992+0000] {dagbag.py:545} INFO - Filling up the DagBag from /opt/airflow/dags/qi_refresh_intl.py
[2025-11-05T07:08:12.555+0000] {processor.py:840} INFO - DAG(s) 'refresh_intl_dag' retrieved from /opt/airflow/dags/qi_refresh_intl.py
[2025-11-05T07:08:12.569+0000] {logging_mixin.py:188} INFO - [2025-11-05T07:08:12.569+0000] {dag.py:3089} INFO - Sync 1 DAGs
[2025-11-05T07:08:12.578+0000] {logging_mixin.py:188} INFO - [2025-11-05T07:08:12.578+0000] {dag.py:3947} INFO - Setting next_dagrun for refresh_intl_dag to 2025-10-31 19:30:00+00:00, run_after=2025-11-07 19:30:00+00:00
[2025-11-05T07:08:12.588+0000] {processor.py:183} INFO - Processing /opt/airflow/dags/qi_refresh_intl.py took 0.600 seconds
[2025-11-05T07:23:42.630+0000] {processor.py:161} INFO - Started process (PID=8570) to work on /opt/airflow/dags/qi_refresh_intl.py
[2025-11-05T07:23:42.631+0000] {processor.py:830} INFO - Processing file /opt/airflow/dags/qi_refresh_intl.py for tasks to queue
[2025-11-05T07:23:42.632+0000] {logging_mixin.py:188} INFO - [2025-11-05T07:23:42.632+0000] {dagbag.py:545} INFO - Filling up the DagBag from /opt/airflow/dags/qi_refresh_intl.py
[2025-11-05T07:23:43.187+0000] {processor.py:840} INFO - DAG(s) 'refresh_intl_dag' retrieved from /opt/airflow/dags/qi_refresh_intl.py
[2025-11-05T07:23:43.202+0000] {logging_mixin.py:188} INFO - [2025-11-05T07:23:43.202+0000] {dag.py:3089} INFO - Sync 1 DAGs
[2025-11-05T07:23:43.211+0000] {logging_mixin.py:188} INFO - [2025-11-05T07:23:43.211+0000] {dag.py:3947} INFO - Setting next_dagrun for refresh_intl_dag to 2025-10-31 19:30:00+00:00, run_after=2025-11-07 19:30:00+00:00
[2025-11-05T07:23:43.219+0000] {processor.py:183} INFO - Processing /opt/airflow/dags/qi_refresh_intl.py took 0.592 seconds
[2025-11-05T07:37:56.368+0000] {processor.py:161} INFO - Started process (PID=8573) to work on /opt/airflow/dags/qi_refresh_intl.py
[2025-11-05T07:37:56.369+0000] {processor.py:830} INFO - Processing file /opt/airflow/dags/qi_refresh_intl.py for tasks to queue
[2025-11-05T07:37:56.370+0000] {logging_mixin.py:188} INFO - [2025-11-05T07:37:56.370+0000] {dagbag.py:545} INFO - Filling up the DagBag from /opt/airflow/dags/qi_refresh_intl.py
[2025-11-05T07:37:56.913+0000] {processor.py:840} INFO - DAG(s) 'refresh_intl_dag' retrieved from /opt/airflow/dags/qi_refresh_intl.py
[2025-11-05T07:37:56.926+0000] {logging_mixin.py:188} INFO - [2025-11-05T07:37:56.926+0000] {dag.py:3089} INFO - Sync 1 DAGs
[2025-11-05T07:37:56.936+0000] {logging_mixin.py:188} INFO - [2025-11-05T07:37:56.935+0000] {dag.py:3947} INFO - Setting next_dagrun for refresh_intl_dag to 2025-10-31 19:30:00+00:00, run_after=2025-11-07 19:30:00+00:00
[2025-11-05T07:37:56.944+0000] {processor.py:183} INFO - Processing /opt/airflow/dags/qi_refresh_intl.py took 0.579 seconds
[2025-11-05T08:04:14.164+0000] {processor.py:161} INFO - Started process (PID=8576) to work on /opt/airflow/dags/qi_refresh_intl.py
[2025-11-05T08:04:14.165+0000] {processor.py:830} INFO - Processing file /opt/airflow/dags/qi_refresh_intl.py for tasks to queue
[2025-11-05T08:04:14.166+0000] {logging_mixin.py:188} INFO - [2025-11-05T08:04:14.166+0000] {dagbag.py:545} INFO - Filling up the DagBag from /opt/airflow/dags/qi_refresh_intl.py
[2025-11-05T08:04:14.712+0000] {processor.py:840} INFO - DAG(s) 'refresh_intl_dag' retrieved from /opt/airflow/dags/qi_refresh_intl.py
[2025-11-05T08:04:14.727+0000] {logging_mixin.py:188} INFO - [2025-11-05T08:04:14.727+0000] {dag.py:3089} INFO - Sync 1 DAGs
[2025-11-05T08:04:14.737+0000] {logging_mixin.py:188} INFO - [2025-11-05T08:04:14.737+0000] {dag.py:3947} INFO - Setting next_dagrun for refresh_intl_dag to 2025-10-31 19:30:00+00:00, run_after=2025-11-07 19:30:00+00:00
[2025-11-05T08:04:14.746+0000] {processor.py:183} INFO - Processing /opt/airflow/dags/qi_refresh_intl.py took 0.584 seconds
[2025-11-05T08:28:13.421+0000] {processor.py:161} INFO - Started process (PID=8579) to work on /opt/airflow/dags/qi_refresh_intl.py
[2025-11-05T08:28:13.422+0000] {processor.py:830} INFO - Processing file /opt/airflow/dags/qi_refresh_intl.py for tasks to queue
[2025-11-05T08:28:13.425+0000] {logging_mixin.py:188} INFO - [2025-11-05T08:28:13.425+0000] {dagbag.py:545} INFO - Filling up the DagBag from /opt/airflow/dags/qi_refresh_intl.py
[2025-11-05T08:28:16.316+0000] {processor.py:840} INFO - DAG(s) 'refresh_intl_dag' retrieved from /opt/airflow/dags/qi_refresh_intl.py
[2025-11-05T08:28:16.376+0000] {logging_mixin.py:188} INFO - [2025-11-05T08:28:16.374+0000] {dag.py:3089} INFO - Sync 1 DAGs
[2025-11-05T08:28:16.416+0000] {logging_mixin.py:188} INFO - [2025-11-05T08:28:16.416+0000] {dag.py:3947} INFO - Setting next_dagrun for refresh_intl_dag to 2025-10-31 19:30:00+00:00, run_after=2025-11-07 19:30:00+00:00
[2025-11-05T08:28:16.457+0000] {processor.py:183} INFO - Processing /opt/airflow/dags/qi_refresh_intl.py took 3.045 seconds
[2025-11-05T08:43:45.363+0000] {processor.py:161} INFO - Started process (PID=8582) to work on /opt/airflow/dags/qi_refresh_intl.py
[2025-11-05T08:43:45.363+0000] {processor.py:830} INFO - Processing file /opt/airflow/dags/qi_refresh_intl.py for tasks to queue
[2025-11-05T08:43:45.365+0000] {logging_mixin.py:188} INFO - [2025-11-05T08:43:45.365+0000] {dagbag.py:545} INFO - Filling up the DagBag from /opt/airflow/dags/qi_refresh_intl.py
[2025-11-05T08:43:45.948+0000] {processor.py:840} INFO - DAG(s) 'refresh_intl_dag' retrieved from /opt/airflow/dags/qi_refresh_intl.py
[2025-11-05T08:43:45.961+0000] {logging_mixin.py:188} INFO - [2025-11-05T08:43:45.961+0000] {dag.py:3089} INFO - Sync 1 DAGs
[2025-11-05T08:43:45.970+0000] {logging_mixin.py:188} INFO - [2025-11-05T08:43:45.970+0000] {dag.py:3947} INFO - Setting next_dagrun for refresh_intl_dag to 2025-10-31 19:30:00+00:00, run_after=2025-11-07 19:30:00+00:00
[2025-11-05T08:43:45.977+0000] {processor.py:183} INFO - Processing /opt/airflow/dags/qi_refresh_intl.py took 0.618 seconds
[2025-11-05T09:09:26.074+0000] {processor.py:161} INFO - Started process (PID=8585) to work on /opt/airflow/dags/qi_refresh_intl.py
[2025-11-05T09:09:26.074+0000] {processor.py:830} INFO - Processing file /opt/airflow/dags/qi_refresh_intl.py for tasks to queue
[2025-11-05T09:09:26.075+0000] {logging_mixin.py:188} INFO - [2025-11-05T09:09:26.075+0000] {dagbag.py:545} INFO - Filling up the DagBag from /opt/airflow/dags/qi_refresh_intl.py
[2025-11-05T09:09:26.614+0000] {processor.py:840} INFO - DAG(s) 'refresh_intl_dag' retrieved from /opt/airflow/dags/qi_refresh_intl.py
[2025-11-05T09:09:26.627+0000] {logging_mixin.py:188} INFO - [2025-11-05T09:09:26.627+0000] {dag.py:3089} INFO - Sync 1 DAGs
[2025-11-05T09:09:26.636+0000] {logging_mixin.py:188} INFO - [2025-11-05T09:09:26.636+0000] {dag.py:3947} INFO - Setting next_dagrun for refresh_intl_dag to 2025-10-31 19:30:00+00:00, run_after=2025-11-07 19:30:00+00:00
[2025-11-05T09:09:26.646+0000] {processor.py:183} INFO - Processing /opt/airflow/dags/qi_refresh_intl.py took 0.576 seconds
[2025-11-05T09:24:55.978+0000] {processor.py:161} INFO - Started process (PID=8588) to work on /opt/airflow/dags/qi_refresh_intl.py
[2025-11-05T09:24:55.979+0000] {processor.py:830} INFO - Processing file /opt/airflow/dags/qi_refresh_intl.py for tasks to queue
[2025-11-05T09:24:55.980+0000] {logging_mixin.py:188} INFO - [2025-11-05T09:24:55.980+0000] {dagbag.py:545} INFO - Filling up the DagBag from /opt/airflow/dags/qi_refresh_intl.py
[2025-11-05T09:24:56.545+0000] {processor.py:840} INFO - DAG(s) 'refresh_intl_dag' retrieved from /opt/airflow/dags/qi_refresh_intl.py
[2025-11-05T09:24:56.558+0000] {logging_mixin.py:188} INFO - [2025-11-05T09:24:56.557+0000] {dag.py:3089} INFO - Sync 1 DAGs
[2025-11-05T09:24:56.694+0000] {logging_mixin.py:188} INFO - [2025-11-05T09:24:56.694+0000] {dag.py:3947} INFO - Setting next_dagrun for refresh_intl_dag to 2025-10-31 19:30:00+00:00, run_after=2025-11-07 19:30:00+00:00
[2025-11-05T09:24:56.800+0000] {processor.py:183} INFO - Processing /opt/airflow/dags/qi_refresh_intl.py took 0.825 seconds
[2025-11-05T09:53:21.961+0000] {processor.py:161} INFO - Started process (PID=8591) to work on /opt/airflow/dags/qi_refresh_intl.py
[2025-11-05T09:53:21.961+0000] {processor.py:830} INFO - Processing file /opt/airflow/dags/qi_refresh_intl.py for tasks to queue
[2025-11-05T09:53:21.962+0000] {logging_mixin.py:188} INFO - [2025-11-05T09:53:21.962+0000] {dagbag.py:545} INFO - Filling up the DagBag from /opt/airflow/dags/qi_refresh_intl.py
[2025-11-05T09:53:22.701+0000] {processor.py:840} INFO - DAG(s) 'refresh_intl_dag' retrieved from /opt/airflow/dags/qi_refresh_intl.py
[2025-11-05T09:53:22.718+0000] {logging_mixin.py:188} INFO - [2025-11-05T09:53:22.718+0000] {dag.py:3089} INFO - Sync 1 DAGs
[2025-11-05T09:53:22.729+0000] {logging_mixin.py:188} INFO - [2025-11-05T09:53:22.728+0000] {dag.py:3947} INFO - Setting next_dagrun for refresh_intl_dag to 2025-10-31 19:30:00+00:00, run_after=2025-11-07 19:30:00+00:00
[2025-11-05T09:53:22.739+0000] {processor.py:183} INFO - Processing /opt/airflow/dags/qi_refresh_intl.py took 0.782 seconds
[2025-11-05T10:10:33.908+0000] {processor.py:161} INFO - Started process (PID=8594) to work on /opt/airflow/dags/qi_refresh_intl.py
[2025-11-05T10:10:33.908+0000] {processor.py:830} INFO - Processing file /opt/airflow/dags/qi_refresh_intl.py for tasks to queue
[2025-11-05T10:10:33.909+0000] {logging_mixin.py:188} INFO - [2025-11-05T10:10:33.909+0000] {dagbag.py:545} INFO - Filling up the DagBag from /opt/airflow/dags/qi_refresh_intl.py
[2025-11-05T10:10:34.471+0000] {processor.py:840} INFO - DAG(s) 'refresh_intl_dag' retrieved from /opt/airflow/dags/qi_refresh_intl.py
[2025-11-05T10:10:34.485+0000] {logging_mixin.py:188} INFO - [2025-11-05T10:10:34.485+0000] {dag.py:3089} INFO - Sync 1 DAGs
[2025-11-05T10:10:34.495+0000] {logging_mixin.py:188} INFO - [2025-11-05T10:10:34.495+0000] {dag.py:3947} INFO - Setting next_dagrun for refresh_intl_dag to 2025-10-31 19:30:00+00:00, run_after=2025-11-07 19:30:00+00:00
[2025-11-05T10:10:34.503+0000] {processor.py:183} INFO - Processing /opt/airflow/dags/qi_refresh_intl.py took 0.598 seconds
[2025-11-05T10:33:00.320+0000] {processor.py:161} INFO - Started process (PID=8597) to work on /opt/airflow/dags/qi_refresh_intl.py
[2025-11-05T10:33:00.321+0000] {processor.py:830} INFO - Processing file /opt/airflow/dags/qi_refresh_intl.py for tasks to queue
[2025-11-05T10:33:00.326+0000] {logging_mixin.py:188} INFO - [2025-11-05T10:33:00.325+0000] {dagbag.py:545} INFO - Filling up the DagBag from /opt/airflow/dags/qi_refresh_intl.py
[2025-11-05T10:33:05.663+0000] {processor.py:840} INFO - DAG(s) 'refresh_intl_dag' retrieved from /opt/airflow/dags/qi_refresh_intl.py
[2025-11-05T10:33:05.750+0000] {logging_mixin.py:188} INFO - [2025-11-05T10:33:05.749+0000] {dag.py:3089} INFO - Sync 1 DAGs
[2025-11-05T10:33:05.793+0000] {logging_mixin.py:188} INFO - [2025-11-05T10:33:05.790+0000] {dag.py:3947} INFO - Setting next_dagrun for refresh_intl_dag to 2025-10-31 19:30:00+00:00, run_after=2025-11-07 19:30:00+00:00
[2025-11-05T10:33:05.847+0000] {processor.py:183} INFO - Processing /opt/airflow/dags/qi_refresh_intl.py took 5.538 seconds
[2025-11-05T10:50:53.603+0000] {processor.py:161} INFO - Started process (PID=8600) to work on /opt/airflow/dags/qi_refresh_intl.py
[2025-11-05T10:50:53.605+0000] {processor.py:830} INFO - Processing file /opt/airflow/dags/qi_refresh_intl.py for tasks to queue
[2025-11-05T10:50:53.612+0000] {logging_mixin.py:188} INFO - [2025-11-05T10:50:53.611+0000] {dagbag.py:545} INFO - Filling up the DagBag from /opt/airflow/dags/qi_refresh_intl.py
[2025-11-05T10:50:54.989+0000] {processor.py:840} INFO - DAG(s) 'refresh_intl_dag' retrieved from /opt/airflow/dags/qi_refresh_intl.py
[2025-11-05T10:50:55.003+0000] {logging_mixin.py:188} INFO - [2025-11-05T10:50:55.003+0000] {dag.py:3089} INFO - Sync 1 DAGs
[2025-11-05T10:50:55.014+0000] {logging_mixin.py:188} INFO - [2025-11-05T10:50:55.014+0000] {dag.py:3947} INFO - Setting next_dagrun for refresh_intl_dag to 2025-10-31 19:30:00+00:00, run_after=2025-11-07 19:30:00+00:00
[2025-11-05T10:50:55.025+0000] {processor.py:183} INFO - Processing /opt/airflow/dags/qi_refresh_intl.py took 1.435 seconds
[2025-11-05T10:52:29.671+0000] {processor.py:161} INFO - Started process (PID=8603) to work on /opt/airflow/dags/qi_refresh_intl.py
[2025-11-05T10:52:29.671+0000] {processor.py:830} INFO - Processing file /opt/airflow/dags/qi_refresh_intl.py for tasks to queue
[2025-11-05T10:52:29.673+0000] {logging_mixin.py:188} INFO - [2025-11-05T10:52:29.673+0000] {dagbag.py:545} INFO - Filling up the DagBag from /opt/airflow/dags/qi_refresh_intl.py
[2025-11-05T10:52:30.372+0000] {processor.py:840} INFO - DAG(s) 'refresh_intl_dag' retrieved from /opt/airflow/dags/qi_refresh_intl.py
[2025-11-05T10:52:30.385+0000] {logging_mixin.py:188} INFO - [2025-11-05T10:52:30.385+0000] {dag.py:3089} INFO - Sync 1 DAGs
[2025-11-05T10:52:30.395+0000] {logging_mixin.py:188} INFO - [2025-11-05T10:52:30.395+0000] {dag.py:3947} INFO - Setting next_dagrun for refresh_intl_dag to 2025-10-31 19:30:00+00:00, run_after=2025-11-07 19:30:00+00:00
[2025-11-05T10:52:30.404+0000] {processor.py:183} INFO - Processing /opt/airflow/dags/qi_refresh_intl.py took 0.737 seconds
[2025-11-05T10:53:13.487+0000] {processor.py:161} INFO - Started process (PID=8606) to work on /opt/airflow/dags/qi_refresh_intl.py
[2025-11-05T10:53:13.489+0000] {processor.py:830} INFO - Processing file /opt/airflow/dags/qi_refresh_intl.py for tasks to queue
[2025-11-05T10:53:13.492+0000] {logging_mixin.py:188} INFO - [2025-11-05T10:53:13.492+0000] {dagbag.py:545} INFO - Filling up the DagBag from /opt/airflow/dags/qi_refresh_intl.py
[2025-11-05T10:53:14.212+0000] {processor.py:840} INFO - DAG(s) 'refresh_intl_dag' retrieved from /opt/airflow/dags/qi_refresh_intl.py
[2025-11-05T10:53:14.225+0000] {logging_mixin.py:188} INFO - [2025-11-05T10:53:14.225+0000] {dag.py:3089} INFO - Sync 1 DAGs
[2025-11-05T10:53:14.235+0000] {logging_mixin.py:188} INFO - [2025-11-05T10:53:14.235+0000] {dag.py:3947} INFO - Setting next_dagrun for refresh_intl_dag to 2025-10-31 19:30:00+00:00, run_after=2025-11-07 19:30:00+00:00
[2025-11-05T10:53:14.246+0000] {processor.py:183} INFO - Processing /opt/airflow/dags/qi_refresh_intl.py took 0.766 seconds
[2025-11-05T10:54:30.905+0000] {processor.py:161} INFO - Started process (PID=8609) to work on /opt/airflow/dags/qi_refresh_intl.py
[2025-11-05T10:54:30.905+0000] {processor.py:830} INFO - Processing file /opt/airflow/dags/qi_refresh_intl.py for tasks to queue
[2025-11-05T10:54:30.908+0000] {logging_mixin.py:188} INFO - [2025-11-05T10:54:30.907+0000] {dagbag.py:545} INFO - Filling up the DagBag from /opt/airflow/dags/qi_refresh_intl.py
[2025-11-05T10:54:31.649+0000] {processor.py:840} INFO - DAG(s) 'refresh_intl_dag' retrieved from /opt/airflow/dags/qi_refresh_intl.py
[2025-11-05T10:54:31.663+0000] {logging_mixin.py:188} INFO - [2025-11-05T10:54:31.663+0000] {dag.py:3089} INFO - Sync 1 DAGs
[2025-11-05T10:54:31.674+0000] {logging_mixin.py:188} INFO - [2025-11-05T10:54:31.674+0000] {dag.py:3947} INFO - Setting next_dagrun for refresh_intl_dag to 2025-10-31 19:30:00+00:00, run_after=2025-11-07 19:30:00+00:00
[2025-11-05T10:54:31.688+0000] {processor.py:183} INFO - Processing /opt/airflow/dags/qi_refresh_intl.py took 0.788 seconds
[2025-11-05T10:57:01.142+0000] {processor.py:161} INFO - Started process (PID=8612) to work on /opt/airflow/dags/qi_refresh_intl.py
[2025-11-05T10:57:01.143+0000] {processor.py:830} INFO - Processing file /opt/airflow/dags/qi_refresh_intl.py for tasks to queue
[2025-11-05T10:57:01.144+0000] {logging_mixin.py:188} INFO - [2025-11-05T10:57:01.144+0000] {dagbag.py:545} INFO - Filling up the DagBag from /opt/airflow/dags/qi_refresh_intl.py
[2025-11-05T10:57:01.996+0000] {processor.py:840} INFO - DAG(s) 'refresh_intl_dag' retrieved from /opt/airflow/dags/qi_refresh_intl.py
[2025-11-05T10:57:02.012+0000] {logging_mixin.py:188} INFO - [2025-11-05T10:57:02.012+0000] {dag.py:3089} INFO - Sync 1 DAGs
[2025-11-05T10:57:02.026+0000] {logging_mixin.py:188} INFO - [2025-11-05T10:57:02.025+0000] {dag.py:3947} INFO - Setting next_dagrun for refresh_intl_dag to 2025-10-31 19:30:00+00:00, run_after=2025-11-07 19:30:00+00:00
[2025-11-05T10:57:02.036+0000] {processor.py:183} INFO - Processing /opt/airflow/dags/qi_refresh_intl.py took 0.897 seconds
[2025-11-05T11:12:43.126+0000] {processor.py:161} INFO - Started process (PID=8615) to work on /opt/airflow/dags/qi_refresh_intl.py
[2025-11-05T11:12:43.127+0000] {processor.py:830} INFO - Processing file /opt/airflow/dags/qi_refresh_intl.py for tasks to queue
[2025-11-05T11:12:43.128+0000] {logging_mixin.py:188} INFO - [2025-11-05T11:12:43.128+0000] {dagbag.py:545} INFO - Filling up the DagBag from /opt/airflow/dags/qi_refresh_intl.py
[2025-11-05T11:12:43.690+0000] {processor.py:840} INFO - DAG(s) 'refresh_intl_dag' retrieved from /opt/airflow/dags/qi_refresh_intl.py
[2025-11-05T11:12:43.704+0000] {logging_mixin.py:188} INFO - [2025-11-05T11:12:43.703+0000] {dag.py:3089} INFO - Sync 1 DAGs
[2025-11-05T11:12:43.713+0000] {logging_mixin.py:188} INFO - [2025-11-05T11:12:43.713+0000] {dag.py:3947} INFO - Setting next_dagrun for refresh_intl_dag to 2025-10-31 19:30:00+00:00, run_after=2025-11-07 19:30:00+00:00
[2025-11-05T11:12:43.723+0000] {processor.py:183} INFO - Processing /opt/airflow/dags/qi_refresh_intl.py took 0.600 seconds
[2025-11-05T11:28:11.885+0000] {processor.py:161} INFO - Started process (PID=8618) to work on /opt/airflow/dags/qi_refresh_intl.py
[2025-11-05T11:28:11.885+0000] {processor.py:830} INFO - Processing file /opt/airflow/dags/qi_refresh_intl.py for tasks to queue
[2025-11-05T11:28:11.887+0000] {logging_mixin.py:188} INFO - [2025-11-05T11:28:11.886+0000] {dagbag.py:545} INFO - Filling up the DagBag from /opt/airflow/dags/qi_refresh_intl.py
[2025-11-05T11:28:12.512+0000] {processor.py:840} INFO - DAG(s) 'refresh_intl_dag' retrieved from /opt/airflow/dags/qi_refresh_intl.py
[2025-11-05T11:28:12.523+0000] {logging_mixin.py:188} INFO - [2025-11-05T11:28:12.523+0000] {dag.py:3089} INFO - Sync 1 DAGs
[2025-11-05T11:28:12.532+0000] {logging_mixin.py:188} INFO - [2025-11-05T11:28:12.532+0000] {dag.py:3947} INFO - Setting next_dagrun for refresh_intl_dag to 2025-10-31 19:30:00+00:00, run_after=2025-11-07 19:30:00+00:00
[2025-11-05T11:28:12.540+0000] {processor.py:183} INFO - Processing /opt/airflow/dags/qi_refresh_intl.py took 0.658 seconds
[2025-11-05T11:53:52.455+0000] {processor.py:161} INFO - Started process (PID=8621) to work on /opt/airflow/dags/qi_refresh_intl.py
[2025-11-05T11:53:52.457+0000] {processor.py:830} INFO - Processing file /opt/airflow/dags/qi_refresh_intl.py for tasks to queue
[2025-11-05T11:53:52.458+0000] {logging_mixin.py:188} INFO - [2025-11-05T11:53:52.458+0000] {dagbag.py:545} INFO - Filling up the DagBag from /opt/airflow/dags/qi_refresh_intl.py
[2025-11-05T11:53:53.171+0000] {processor.py:840} INFO - DAG(s) 'refresh_intl_dag' retrieved from /opt/airflow/dags/qi_refresh_intl.py
[2025-11-05T11:53:53.190+0000] {logging_mixin.py:188} INFO - [2025-11-05T11:53:53.190+0000] {dag.py:3089} INFO - Sync 1 DAGs
[2025-11-05T11:53:53.205+0000] {logging_mixin.py:188} INFO - [2025-11-05T11:53:53.205+0000] {dag.py:3947} INFO - Setting next_dagrun for refresh_intl_dag to 2025-10-31 19:30:00+00:00, run_after=2025-11-07 19:30:00+00:00
[2025-11-05T11:53:53.215+0000] {processor.py:183} INFO - Processing /opt/airflow/dags/qi_refresh_intl.py took 0.764 seconds
[2025-11-05T12:11:49.166+0000] {processor.py:161} INFO - Started process (PID=8624) to work on /opt/airflow/dags/qi_refresh_intl.py
[2025-11-05T12:11:49.166+0000] {processor.py:830} INFO - Processing file /opt/airflow/dags/qi_refresh_intl.py for tasks to queue
[2025-11-05T12:11:49.167+0000] {logging_mixin.py:188} INFO - [2025-11-05T12:11:49.167+0000] {dagbag.py:545} INFO - Filling up the DagBag from /opt/airflow/dags/qi_refresh_intl.py
[2025-11-05T12:11:49.886+0000] {processor.py:840} INFO - DAG(s) 'refresh_intl_dag' retrieved from /opt/airflow/dags/qi_refresh_intl.py
[2025-11-05T12:11:49.901+0000] {logging_mixin.py:188} INFO - [2025-11-05T12:11:49.901+0000] {dag.py:3089} INFO - Sync 1 DAGs
[2025-11-05T12:11:49.912+0000] {logging_mixin.py:188} INFO - [2025-11-05T12:11:49.911+0000] {dag.py:3947} INFO - Setting next_dagrun for refresh_intl_dag to 2025-10-31 19:30:00+00:00, run_after=2025-11-07 19:30:00+00:00
[2025-11-05T12:11:49.920+0000] {processor.py:183} INFO - Processing /opt/airflow/dags/qi_refresh_intl.py took 0.758 seconds
[2025-11-05T12:42:21.943+0000] {processor.py:161} INFO - Started process (PID=8627) to work on /opt/airflow/dags/qi_refresh_intl.py
[2025-11-05T12:42:21.944+0000] {processor.py:830} INFO - Processing file /opt/airflow/dags/qi_refresh_intl.py for tasks to queue
[2025-11-05T12:42:21.945+0000] {logging_mixin.py:188} INFO - [2025-11-05T12:42:21.945+0000] {dagbag.py:545} INFO - Filling up the DagBag from /opt/airflow/dags/qi_refresh_intl.py
[2025-11-05T12:42:22.695+0000] {processor.py:840} INFO - DAG(s) 'refresh_intl_dag' retrieved from /opt/airflow/dags/qi_refresh_intl.py
[2025-11-05T12:42:22.728+0000] {logging_mixin.py:188} INFO - [2025-11-05T12:42:22.727+0000] {dag.py:3089} INFO - Sync 1 DAGs
[2025-11-05T12:42:22.755+0000] {logging_mixin.py:188} INFO - [2025-11-05T12:42:22.755+0000] {dag.py:3947} INFO - Setting next_dagrun for refresh_intl_dag to 2025-10-31 19:30:00+00:00, run_after=2025-11-07 19:30:00+00:00
[2025-11-05T12:42:22.782+0000] {processor.py:183} INFO - Processing /opt/airflow/dags/qi_refresh_intl.py took 0.842 seconds
[2025-11-05T13:12:33.078+0000] {processor.py:161} INFO - Started process (PID=8630) to work on /opt/airflow/dags/qi_refresh_intl.py
[2025-11-05T13:12:33.080+0000] {processor.py:830} INFO - Processing file /opt/airflow/dags/qi_refresh_intl.py for tasks to queue
[2025-11-05T13:12:33.084+0000] {logging_mixin.py:188} INFO - [2025-11-05T13:12:33.083+0000] {dagbag.py:545} INFO - Filling up the DagBag from /opt/airflow/dags/qi_refresh_intl.py
[2025-11-05T13:12:36.747+0000] {processor.py:840} INFO - DAG(s) 'refresh_intl_dag' retrieved from /opt/airflow/dags/qi_refresh_intl.py
[2025-11-05T13:12:36.798+0000] {logging_mixin.py:188} INFO - [2025-11-05T13:12:36.798+0000] {dag.py:3089} INFO - Sync 1 DAGs
[2025-11-05T13:12:36.839+0000] {logging_mixin.py:188} INFO - [2025-11-05T13:12:36.839+0000] {dag.py:3947} INFO - Setting next_dagrun for refresh_intl_dag to 2025-10-31 19:30:00+00:00, run_after=2025-11-07 19:30:00+00:00
[2025-11-05T13:12:36.870+0000] {processor.py:183} INFO - Processing /opt/airflow/dags/qi_refresh_intl.py took 3.802 seconds
[2025-11-05T13:17:41.519+0000] {processor.py:161} INFO - Started process (PID=8633) to work on /opt/airflow/dags/qi_refresh_intl.py
[2025-11-05T13:17:41.519+0000] {processor.py:830} INFO - Processing file /opt/airflow/dags/qi_refresh_intl.py for tasks to queue
[2025-11-05T13:17:41.520+0000] {logging_mixin.py:188} INFO - [2025-11-05T13:17:41.520+0000] {dagbag.py:545} INFO - Filling up the DagBag from /opt/airflow/dags/qi_refresh_intl.py
[2025-11-05T13:17:42.055+0000] {processor.py:840} INFO - DAG(s) 'refresh_intl_dag' retrieved from /opt/airflow/dags/qi_refresh_intl.py
[2025-11-05T13:17:42.069+0000] {logging_mixin.py:188} INFO - [2025-11-05T13:17:42.068+0000] {dag.py:3089} INFO - Sync 1 DAGs
[2025-11-05T13:17:42.078+0000] {logging_mixin.py:188} INFO - [2025-11-05T13:17:42.078+0000] {dag.py:3947} INFO - Setting next_dagrun for refresh_intl_dag to 2025-10-31 19:30:00+00:00, run_after=2025-11-07 19:30:00+00:00
[2025-11-05T13:17:42.088+0000] {processor.py:183} INFO - Processing /opt/airflow/dags/qi_refresh_intl.py took 0.572 seconds
[2025-11-05T13:33:20.743+0000] {processor.py:161} INFO - Started process (PID=8636) to work on /opt/airflow/dags/qi_refresh_intl.py
[2025-11-05T13:33:20.743+0000] {processor.py:830} INFO - Processing file /opt/airflow/dags/qi_refresh_intl.py for tasks to queue
[2025-11-05T13:33:20.745+0000] {logging_mixin.py:188} INFO - [2025-11-05T13:33:20.745+0000] {dagbag.py:545} INFO - Filling up the DagBag from /opt/airflow/dags/qi_refresh_intl.py
[2025-11-05T13:33:21.294+0000] {processor.py:840} INFO - DAG(s) 'refresh_intl_dag' retrieved from /opt/airflow/dags/qi_refresh_intl.py
[2025-11-05T13:33:21.307+0000] {logging_mixin.py:188} INFO - [2025-11-05T13:33:21.307+0000] {dag.py:3089} INFO - Sync 1 DAGs
[2025-11-05T13:33:21.316+0000] {logging_mixin.py:188} INFO - [2025-11-05T13:33:21.316+0000] {dag.py:3947} INFO - Setting next_dagrun for refresh_intl_dag to 2025-10-31 19:30:00+00:00, run_after=2025-11-07 19:30:00+00:00
[2025-11-05T13:33:21.324+0000] {processor.py:183} INFO - Processing /opt/airflow/dags/qi_refresh_intl.py took 0.585 seconds
[2025-11-05T14:21:01.222+0000] {processor.py:161} INFO - Started process (PID=8639) to work on /opt/airflow/dags/qi_refresh_intl.py
[2025-11-05T14:21:01.224+0000] {processor.py:830} INFO - Processing file /opt/airflow/dags/qi_refresh_intl.py for tasks to queue
[2025-11-05T14:21:01.228+0000] {logging_mixin.py:188} INFO - [2025-11-05T14:21:01.227+0000] {dagbag.py:545} INFO - Filling up the DagBag from /opt/airflow/dags/qi_refresh_intl.py
[2025-11-05T14:21:03.689+0000] {processor.py:840} INFO - DAG(s) 'refresh_intl_dag' retrieved from /opt/airflow/dags/qi_refresh_intl.py
[2025-11-05T14:21:03.746+0000] {logging_mixin.py:188} INFO - [2025-11-05T14:21:03.746+0000] {dag.py:3089} INFO - Sync 1 DAGs
[2025-11-05T14:21:03.785+0000] {logging_mixin.py:188} INFO - [2025-11-05T14:21:03.785+0000] {dag.py:3947} INFO - Setting next_dagrun for refresh_intl_dag to 2025-10-31 19:30:00+00:00, run_after=2025-11-07 19:30:00+00:00
[2025-11-05T14:21:03.838+0000] {processor.py:183} INFO - Processing /opt/airflow/dags/qi_refresh_intl.py took 2.629 seconds
[2025-11-05T14:36:29.112+0000] {processor.py:161} INFO - Started process (PID=8642) to work on /opt/airflow/dags/qi_refresh_intl.py
[2025-11-05T14:36:29.113+0000] {processor.py:830} INFO - Processing file /opt/airflow/dags/qi_refresh_intl.py for tasks to queue
[2025-11-05T14:36:29.114+0000] {logging_mixin.py:188} INFO - [2025-11-05T14:36:29.114+0000] {dagbag.py:545} INFO - Filling up the DagBag from /opt/airflow/dags/qi_refresh_intl.py
[2025-11-05T14:36:31.825+0000] {processor.py:840} INFO - DAG(s) 'refresh_intl_dag' retrieved from /opt/airflow/dags/qi_refresh_intl.py
[2025-11-05T14:36:33.520+0000] {logging_mixin.py:188} INFO - [2025-11-05T14:36:33.520+0000] {dag.py:3089} INFO - Sync 1 DAGs
[2025-11-05T14:36:35.773+0000] {logging_mixin.py:188} INFO - [2025-11-05T14:36:35.772+0000] {dag.py:3947} INFO - Setting next_dagrun for refresh_intl_dag to 2025-10-31 19:30:00+00:00, run_after=2025-11-07 19:30:00+00:00
[2025-11-05T14:36:35.815+0000] {processor.py:183} INFO - Processing /opt/airflow/dags/qi_refresh_intl.py took 6.706 seconds
[2025-11-05T14:51:57.811+0000] {processor.py:161} INFO - Started process (PID=8645) to work on /opt/airflow/dags/qi_refresh_intl.py
[2025-11-05T14:51:57.812+0000] {processor.py:830} INFO - Processing file /opt/airflow/dags/qi_refresh_intl.py for tasks to queue
[2025-11-05T14:51:57.813+0000] {logging_mixin.py:188} INFO - [2025-11-05T14:51:57.813+0000] {dagbag.py:545} INFO - Filling up the DagBag from /opt/airflow/dags/qi_refresh_intl.py
[2025-11-05T14:51:58.348+0000] {processor.py:840} INFO - DAG(s) 'refresh_intl_dag' retrieved from /opt/airflow/dags/qi_refresh_intl.py
[2025-11-05T14:51:58.362+0000] {logging_mixin.py:188} INFO - [2025-11-05T14:51:58.362+0000] {dag.py:3089} INFO - Sync 1 DAGs
[2025-11-05T14:51:58.371+0000] {logging_mixin.py:188} INFO - [2025-11-05T14:51:58.371+0000] {dag.py:3947} INFO - Setting next_dagrun for refresh_intl_dag to 2025-10-31 19:30:00+00:00, run_after=2025-11-07 19:30:00+00:00
[2025-11-05T14:51:58.379+0000] {processor.py:183} INFO - Processing /opt/airflow/dags/qi_refresh_intl.py took 0.571 seconds
[2025-11-05T15:14:31.942+0000] {processor.py:161} INFO - Started process (PID=8648) to work on /opt/airflow/dags/qi_refresh_intl.py
[2025-11-05T15:14:31.943+0000] {processor.py:830} INFO - Processing file /opt/airflow/dags/qi_refresh_intl.py for tasks to queue
[2025-11-05T15:14:31.944+0000] {logging_mixin.py:188} INFO - [2025-11-05T15:14:31.944+0000] {dagbag.py:545} INFO - Filling up the DagBag from /opt/airflow/dags/qi_refresh_intl.py
[2025-11-05T15:14:32.758+0000] {processor.py:840} INFO - DAG(s) 'refresh_intl_dag' retrieved from /opt/airflow/dags/qi_refresh_intl.py
[2025-11-05T15:14:32.821+0000] {logging_mixin.py:188} INFO - [2025-11-05T15:14:32.820+0000] {dag.py:3089} INFO - Sync 1 DAGs
[2025-11-05T15:14:32.868+0000] {logging_mixin.py:188} INFO - [2025-11-05T15:14:32.867+0000] {dag.py:3947} INFO - Setting next_dagrun for refresh_intl_dag to 2025-10-31 19:30:00+00:00, run_after=2025-11-07 19:30:00+00:00
[2025-11-05T15:14:32.933+0000] {processor.py:183} INFO - Processing /opt/airflow/dags/qi_refresh_intl.py took 0.994 seconds
[2025-11-05T15:30:02.883+0000] {processor.py:161} INFO - Started process (PID=8651) to work on /opt/airflow/dags/qi_refresh_intl.py
[2025-11-05T15:30:02.884+0000] {processor.py:830} INFO - Processing file /opt/airflow/dags/qi_refresh_intl.py for tasks to queue
[2025-11-05T15:30:02.885+0000] {logging_mixin.py:188} INFO - [2025-11-05T15:30:02.884+0000] {dagbag.py:545} INFO - Filling up the DagBag from /opt/airflow/dags/qi_refresh_intl.py
[2025-11-05T15:30:03.492+0000] {processor.py:840} INFO - DAG(s) 'refresh_intl_dag' retrieved from /opt/airflow/dags/qi_refresh_intl.py
[2025-11-05T15:30:03.512+0000] {logging_mixin.py:188} INFO - [2025-11-05T15:30:03.512+0000] {dag.py:3089} INFO - Sync 1 DAGs
[2025-11-05T15:30:03.527+0000] {logging_mixin.py:188} INFO - [2025-11-05T15:30:03.527+0000] {dag.py:3947} INFO - Setting next_dagrun for refresh_intl_dag to 2025-10-31 19:30:00+00:00, run_after=2025-11-07 19:30:00+00:00
[2025-11-05T15:30:03.541+0000] {processor.py:183} INFO - Processing /opt/airflow/dags/qi_refresh_intl.py took 0.661 seconds
[2025-11-05T15:45:38.269+0000] {processor.py:161} INFO - Started process (PID=8654) to work on /opt/airflow/dags/qi_refresh_intl.py
[2025-11-05T15:45:38.270+0000] {processor.py:830} INFO - Processing file /opt/airflow/dags/qi_refresh_intl.py for tasks to queue
[2025-11-05T15:45:38.271+0000] {logging_mixin.py:188} INFO - [2025-11-05T15:45:38.271+0000] {dagbag.py:545} INFO - Filling up the DagBag from /opt/airflow/dags/qi_refresh_intl.py
[2025-11-05T15:45:41.980+0000] {processor.py:840} INFO - DAG(s) 'refresh_intl_dag' retrieved from /opt/airflow/dags/qi_refresh_intl.py
[2025-11-05T15:45:42.109+0000] {logging_mixin.py:188} INFO - [2025-11-05T15:45:42.109+0000] {dag.py:3089} INFO - Sync 1 DAGs
[2025-11-05T15:45:42.152+0000] {logging_mixin.py:188} INFO - [2025-11-05T15:45:42.152+0000] {dag.py:3947} INFO - Setting next_dagrun for refresh_intl_dag to 2025-10-31 19:30:00+00:00, run_after=2025-11-07 19:30:00+00:00
[2025-11-05T15:45:42.183+0000] {processor.py:183} INFO - Processing /opt/airflow/dags/qi_refresh_intl.py took 3.916 seconds
[2025-11-05T16:13:19.551+0000] {processor.py:161} INFO - Started process (PID=8657) to work on /opt/airflow/dags/qi_refresh_intl.py
[2025-11-05T16:13:19.551+0000] {processor.py:830} INFO - Processing file /opt/airflow/dags/qi_refresh_intl.py for tasks to queue
[2025-11-05T16:13:19.553+0000] {logging_mixin.py:188} INFO - [2025-11-05T16:13:19.553+0000] {dagbag.py:545} INFO - Filling up the DagBag from /opt/airflow/dags/qi_refresh_intl.py
[2025-11-05T16:13:21.210+0000] {processor.py:840} INFO - DAG(s) 'refresh_intl_dag' retrieved from /opt/airflow/dags/qi_refresh_intl.py
[2025-11-05T16:13:21.222+0000] {logging_mixin.py:188} INFO - [2025-11-05T16:13:21.222+0000] {dag.py:3089} INFO - Sync 1 DAGs
[2025-11-05T16:13:21.232+0000] {logging_mixin.py:188} INFO - [2025-11-05T16:13:21.231+0000] {dag.py:3947} INFO - Setting next_dagrun for refresh_intl_dag to 2025-10-31 19:30:00+00:00, run_after=2025-11-07 19:30:00+00:00
[2025-11-05T16:13:21.240+0000] {processor.py:183} INFO - Processing /opt/airflow/dags/qi_refresh_intl.py took 1.693 seconds
[2025-11-05T16:33:44.443+0000] {processor.py:161} INFO - Started process (PID=8660) to work on /opt/airflow/dags/qi_refresh_intl.py
[2025-11-05T16:33:44.482+0000] {processor.py:830} INFO - Processing file /opt/airflow/dags/qi_refresh_intl.py for tasks to queue
[2025-11-05T16:33:44.506+0000] {logging_mixin.py:188} INFO - [2025-11-05T16:33:44.503+0000] {dagbag.py:545} INFO - Filling up the DagBag from /opt/airflow/dags/qi_refresh_intl.py
[2025-11-05T16:33:46.697+0000] {processor.py:840} INFO - DAG(s) 'refresh_intl_dag' retrieved from /opt/airflow/dags/qi_refresh_intl.py
[2025-11-05T16:33:46.708+0000] {logging_mixin.py:188} INFO - [2025-11-05T16:33:46.708+0000] {dag.py:3089} INFO - Sync 1 DAGs
[2025-11-05T16:33:46.718+0000] {logging_mixin.py:188} INFO - [2025-11-05T16:33:46.718+0000] {dag.py:3947} INFO - Setting next_dagrun for refresh_intl_dag to 2025-10-31 19:30:00+00:00, run_after=2025-11-07 19:30:00+00:00
[2025-11-05T16:33:46.726+0000] {processor.py:183} INFO - Processing /opt/airflow/dags/qi_refresh_intl.py took 2.378 seconds
[2025-11-05T17:01:22.111+0000] {processor.py:161} INFO - Started process (PID=8663) to work on /opt/airflow/dags/qi_refresh_intl.py
[2025-11-05T17:01:22.112+0000] {processor.py:830} INFO - Processing file /opt/airflow/dags/qi_refresh_intl.py for tasks to queue
[2025-11-05T17:01:22.112+0000] {logging_mixin.py:188} INFO - [2025-11-05T17:01:22.112+0000] {dagbag.py:545} INFO - Filling up the DagBag from /opt/airflow/dags/qi_refresh_intl.py
[2025-11-05T17:01:22.602+0000] {processor.py:840} INFO - DAG(s) 'refresh_intl_dag' retrieved from /opt/airflow/dags/qi_refresh_intl.py
[2025-11-05T17:01:22.615+0000] {logging_mixin.py:188} INFO - [2025-11-05T17:01:22.615+0000] {dag.py:3089} INFO - Sync 1 DAGs
[2025-11-05T17:01:22.626+0000] {logging_mixin.py:188} INFO - [2025-11-05T17:01:22.625+0000] {dag.py:3947} INFO - Setting next_dagrun for refresh_intl_dag to 2025-10-31 19:30:00+00:00, run_after=2025-11-07 19:30:00+00:00
[2025-11-05T17:01:22.634+0000] {processor.py:183} INFO - Processing /opt/airflow/dags/qi_refresh_intl.py took 0.526 seconds
[2025-11-05T17:16:52.530+0000] {processor.py:161} INFO - Started process (PID=8666) to work on /opt/airflow/dags/qi_refresh_intl.py
[2025-11-05T17:16:52.531+0000] {processor.py:830} INFO - Processing file /opt/airflow/dags/qi_refresh_intl.py for tasks to queue
[2025-11-05T17:16:52.532+0000] {logging_mixin.py:188} INFO - [2025-11-05T17:16:52.532+0000] {dagbag.py:545} INFO - Filling up the DagBag from /opt/airflow/dags/qi_refresh_intl.py
[2025-11-05T17:16:53.018+0000] {processor.py:840} INFO - DAG(s) 'refresh_intl_dag' retrieved from /opt/airflow/dags/qi_refresh_intl.py
[2025-11-05T17:16:53.030+0000] {logging_mixin.py:188} INFO - [2025-11-05T17:16:53.030+0000] {dag.py:3089} INFO - Sync 1 DAGs
[2025-11-05T17:16:53.038+0000] {logging_mixin.py:188} INFO - [2025-11-05T17:16:53.038+0000] {dag.py:3947} INFO - Setting next_dagrun for refresh_intl_dag to 2025-10-31 19:30:00+00:00, run_after=2025-11-07 19:30:00+00:00
[2025-11-05T17:16:53.046+0000] {processor.py:183} INFO - Processing /opt/airflow/dags/qi_refresh_intl.py took 0.519 seconds
[2025-11-05T17:32:22.632+0000] {processor.py:161} INFO - Started process (PID=8669) to work on /opt/airflow/dags/qi_refresh_intl.py
[2025-11-05T17:32:22.633+0000] {processor.py:830} INFO - Processing file /opt/airflow/dags/qi_refresh_intl.py for tasks to queue
[2025-11-05T17:32:22.634+0000] {logging_mixin.py:188} INFO - [2025-11-05T17:32:22.634+0000] {dagbag.py:545} INFO - Filling up the DagBag from /opt/airflow/dags/qi_refresh_intl.py
[2025-11-05T17:32:23.130+0000] {processor.py:840} INFO - DAG(s) 'refresh_intl_dag' retrieved from /opt/airflow/dags/qi_refresh_intl.py
[2025-11-05T17:32:23.143+0000] {logging_mixin.py:188} INFO - [2025-11-05T17:32:23.143+0000] {dag.py:3089} INFO - Sync 1 DAGs
[2025-11-05T17:32:23.152+0000] {logging_mixin.py:188} INFO - [2025-11-05T17:32:23.152+0000] {dag.py:3947} INFO - Setting next_dagrun for refresh_intl_dag to 2025-10-31 19:30:00+00:00, run_after=2025-11-07 19:30:00+00:00
[2025-11-05T17:32:23.160+0000] {processor.py:183} INFO - Processing /opt/airflow/dags/qi_refresh_intl.py took 0.531 seconds
[2025-11-05T18:02:24.064+0000] {processor.py:161} INFO - Started process (PID=8672) to work on /opt/airflow/dags/qi_refresh_intl.py
[2025-11-05T18:02:24.065+0000] {processor.py:830} INFO - Processing file /opt/airflow/dags/qi_refresh_intl.py for tasks to queue
[2025-11-05T18:02:24.067+0000] {logging_mixin.py:188} INFO - [2025-11-05T18:02:24.067+0000] {dagbag.py:545} INFO - Filling up the DagBag from /opt/airflow/dags/qi_refresh_intl.py
[2025-11-05T18:02:25.233+0000] {processor.py:840} INFO - DAG(s) 'refresh_intl_dag' retrieved from /opt/airflow/dags/qi_refresh_intl.py
[2025-11-05T18:02:25.245+0000] {logging_mixin.py:188} INFO - [2025-11-05T18:02:25.245+0000] {dag.py:3089} INFO - Sync 1 DAGs
[2025-11-05T18:02:25.255+0000] {logging_mixin.py:188} INFO - [2025-11-05T18:02:25.255+0000] {dag.py:3947} INFO - Setting next_dagrun for refresh_intl_dag to 2025-10-31 19:30:00+00:00, run_after=2025-11-07 19:30:00+00:00
[2025-11-05T18:02:25.263+0000] {processor.py:183} INFO - Processing /opt/airflow/dags/qi_refresh_intl.py took 1.204 seconds
[2025-11-05T18:22:02.449+0000] {processor.py:161} INFO - Started process (PID=8675) to work on /opt/airflow/dags/qi_refresh_intl.py
[2025-11-05T18:22:02.449+0000] {processor.py:830} INFO - Processing file /opt/airflow/dags/qi_refresh_intl.py for tasks to queue
[2025-11-05T18:22:02.450+0000] {logging_mixin.py:188} INFO - [2025-11-05T18:22:02.450+0000] {dagbag.py:545} INFO - Filling up the DagBag from /opt/airflow/dags/qi_refresh_intl.py
[2025-11-05T18:22:03.223+0000] {processor.py:840} INFO - DAG(s) 'refresh_intl_dag' retrieved from /opt/airflow/dags/qi_refresh_intl.py
[2025-11-05T18:22:03.261+0000] {logging_mixin.py:188} INFO - [2025-11-05T18:22:03.261+0000] {dag.py:3089} INFO - Sync 1 DAGs
[2025-11-05T18:22:03.290+0000] {logging_mixin.py:188} INFO - [2025-11-05T18:22:03.290+0000] {dag.py:3947} INFO - Setting next_dagrun for refresh_intl_dag to 2025-10-31 19:30:00+00:00, run_after=2025-11-07 19:30:00+00:00
[2025-11-05T18:22:03.317+0000] {processor.py:183} INFO - Processing /opt/airflow/dags/qi_refresh_intl.py took 0.871 seconds
[2025-11-05T18:37:31.866+0000] {processor.py:161} INFO - Started process (PID=8678) to work on /opt/airflow/dags/qi_refresh_intl.py
[2025-11-05T18:37:31.867+0000] {processor.py:830} INFO - Processing file /opt/airflow/dags/qi_refresh_intl.py for tasks to queue
[2025-11-05T18:37:31.868+0000] {logging_mixin.py:188} INFO - [2025-11-05T18:37:31.868+0000] {dagbag.py:545} INFO - Filling up the DagBag from /opt/airflow/dags/qi_refresh_intl.py
[2025-11-05T18:37:32.362+0000] {processor.py:840} INFO - DAG(s) 'refresh_intl_dag' retrieved from /opt/airflow/dags/qi_refresh_intl.py
[2025-11-05T18:37:32.375+0000] {logging_mixin.py:188} INFO - [2025-11-05T18:37:32.375+0000] {dag.py:3089} INFO - Sync 1 DAGs
[2025-11-05T18:37:32.384+0000] {logging_mixin.py:188} INFO - [2025-11-05T18:37:32.384+0000] {dag.py:3947} INFO - Setting next_dagrun for refresh_intl_dag to 2025-10-31 19:30:00+00:00, run_after=2025-11-07 19:30:00+00:00
[2025-11-05T18:37:32.393+0000] {processor.py:183} INFO - Processing /opt/airflow/dags/qi_refresh_intl.py took 0.530 seconds
[2025-11-05T19:09:58.252+0000] {processor.py:161} INFO - Started process (PID=8681) to work on /opt/airflow/dags/qi_refresh_intl.py
[2025-11-05T19:09:58.252+0000] {processor.py:830} INFO - Processing file /opt/airflow/dags/qi_refresh_intl.py for tasks to queue
[2025-11-05T19:09:58.253+0000] {logging_mixin.py:188} INFO - [2025-11-05T19:09:58.253+0000] {dagbag.py:545} INFO - Filling up the DagBag from /opt/airflow/dags/qi_refresh_intl.py
[2025-11-05T19:09:58.746+0000] {processor.py:840} INFO - DAG(s) 'refresh_intl_dag' retrieved from /opt/airflow/dags/qi_refresh_intl.py
[2025-11-05T19:09:58.760+0000] {logging_mixin.py:188} INFO - [2025-11-05T19:09:58.760+0000] {dag.py:3089} INFO - Sync 1 DAGs
[2025-11-05T19:09:58.770+0000] {logging_mixin.py:188} INFO - [2025-11-05T19:09:58.769+0000] {dag.py:3947} INFO - Setting next_dagrun for refresh_intl_dag to 2025-10-31 19:30:00+00:00, run_after=2025-11-07 19:30:00+00:00
[2025-11-05T19:09:58.777+0000] {processor.py:183} INFO - Processing /opt/airflow/dags/qi_refresh_intl.py took 0.529 seconds
[2025-11-05T19:39:26.256+0000] {processor.py:161} INFO - Started process (PID=8684) to work on /opt/airflow/dags/qi_refresh_intl.py
[2025-11-05T19:39:26.257+0000] {processor.py:830} INFO - Processing file /opt/airflow/dags/qi_refresh_intl.py for tasks to queue
[2025-11-05T19:39:26.258+0000] {logging_mixin.py:188} INFO - [2025-11-05T19:39:26.258+0000] {dagbag.py:545} INFO - Filling up the DagBag from /opt/airflow/dags/qi_refresh_intl.py
[2025-11-05T19:39:26.802+0000] {processor.py:840} INFO - DAG(s) 'refresh_intl_dag' retrieved from /opt/airflow/dags/qi_refresh_intl.py
[2025-11-05T19:39:26.815+0000] {logging_mixin.py:188} INFO - [2025-11-05T19:39:26.815+0000] {dag.py:3089} INFO - Sync 1 DAGs
[2025-11-05T19:39:26.825+0000] {logging_mixin.py:188} INFO - [2025-11-05T19:39:26.825+0000] {dag.py:3947} INFO - Setting next_dagrun for refresh_intl_dag to 2025-10-31 19:30:00+00:00, run_after=2025-11-07 19:30:00+00:00
[2025-11-05T19:39:26.834+0000] {processor.py:183} INFO - Processing /opt/airflow/dags/qi_refresh_intl.py took 0.582 seconds
[2025-11-05T19:40:10.243+0000] {processor.py:161} INFO - Started process (PID=8687) to work on /opt/airflow/dags/qi_refresh_intl.py
[2025-11-05T19:40:10.243+0000] {processor.py:830} INFO - Processing file /opt/airflow/dags/qi_refresh_intl.py for tasks to queue
[2025-11-05T19:40:10.245+0000] {logging_mixin.py:188} INFO - [2025-11-05T19:40:10.244+0000] {dagbag.py:545} INFO - Filling up the DagBag from /opt/airflow/dags/qi_refresh_intl.py
[2025-11-05T19:40:12.893+0000] {processor.py:840} INFO - DAG(s) 'refresh_intl_dag' retrieved from /opt/airflow/dags/qi_refresh_intl.py
[2025-11-05T19:40:12.905+0000] {logging_mixin.py:188} INFO - [2025-11-05T19:40:12.905+0000] {dag.py:3089} INFO - Sync 1 DAGs
[2025-11-05T19:40:12.915+0000] {logging_mixin.py:188} INFO - [2025-11-05T19:40:12.915+0000] {dag.py:3947} INFO - Setting next_dagrun for refresh_intl_dag to 2025-10-31 19:30:00+00:00, run_after=2025-11-07 19:30:00+00:00
[2025-11-05T19:40:12.924+0000] {processor.py:183} INFO - Processing /opt/airflow/dags/qi_refresh_intl.py took 2.686 seconds
[2025-11-05T20:04:23.547+0000] {processor.py:161} INFO - Started process (PID=8690) to work on /opt/airflow/dags/qi_refresh_intl.py
[2025-11-05T20:04:23.547+0000] {processor.py:830} INFO - Processing file /opt/airflow/dags/qi_refresh_intl.py for tasks to queue
[2025-11-05T20:04:23.548+0000] {logging_mixin.py:188} INFO - [2025-11-05T20:04:23.548+0000] {dagbag.py:545} INFO - Filling up the DagBag from /opt/airflow/dags/qi_refresh_intl.py
[2025-11-05T20:04:24.841+0000] {processor.py:840} INFO - DAG(s) 'refresh_intl_dag' retrieved from /opt/airflow/dags/qi_refresh_intl.py
[2025-11-05T20:04:24.856+0000] {logging_mixin.py:188} INFO - [2025-11-05T20:04:24.856+0000] {dag.py:3089} INFO - Sync 1 DAGs
[2025-11-05T20:04:24.866+0000] {logging_mixin.py:188} INFO - [2025-11-05T20:04:24.866+0000] {dag.py:3947} INFO - Setting next_dagrun for refresh_intl_dag to 2025-10-31 19:30:00+00:00, run_after=2025-11-07 19:30:00+00:00
[2025-11-05T20:04:24.874+0000] {processor.py:183} INFO - Processing /opt/airflow/dags/qi_refresh_intl.py took 1.330 seconds
[2025-11-05T20:27:23.874+0000] {processor.py:161} INFO - Started process (PID=8693) to work on /opt/airflow/dags/qi_refresh_intl.py
[2025-11-05T20:27:23.874+0000] {processor.py:830} INFO - Processing file /opt/airflow/dags/qi_refresh_intl.py for tasks to queue
[2025-11-05T20:27:23.875+0000] {logging_mixin.py:188} INFO - [2025-11-05T20:27:23.875+0000] {dagbag.py:545} INFO - Filling up the DagBag from /opt/airflow/dags/qi_refresh_intl.py
[2025-11-05T20:27:24.659+0000] {processor.py:840} INFO - DAG(s) 'refresh_intl_dag' retrieved from /opt/airflow/dags/qi_refresh_intl.py
[2025-11-05T20:27:24.709+0000] {logging_mixin.py:188} INFO - [2025-11-05T20:27:24.708+0000] {dag.py:3089} INFO - Sync 1 DAGs
[2025-11-05T20:27:24.766+0000] {logging_mixin.py:188} INFO - [2025-11-05T20:27:24.766+0000] {dag.py:3947} INFO - Setting next_dagrun for refresh_intl_dag to 2025-10-31 19:30:00+00:00, run_after=2025-11-07 19:30:00+00:00
[2025-11-05T20:27:24.836+0000] {processor.py:183} INFO - Processing /opt/airflow/dags/qi_refresh_intl.py took 0.965 seconds
[2025-11-05T20:42:52.989+0000] {processor.py:161} INFO - Started process (PID=8696) to work on /opt/airflow/dags/qi_refresh_intl.py
[2025-11-05T20:42:52.990+0000] {processor.py:830} INFO - Processing file /opt/airflow/dags/qi_refresh_intl.py for tasks to queue
[2025-11-05T20:42:52.991+0000] {logging_mixin.py:188} INFO - [2025-11-05T20:42:52.991+0000] {dagbag.py:545} INFO - Filling up the DagBag from /opt/airflow/dags/qi_refresh_intl.py
[2025-11-05T20:42:53.486+0000] {processor.py:840} INFO - DAG(s) 'refresh_intl_dag' retrieved from /opt/airflow/dags/qi_refresh_intl.py
[2025-11-05T20:42:53.498+0000] {logging_mixin.py:188} INFO - [2025-11-05T20:42:53.498+0000] {dag.py:3089} INFO - Sync 1 DAGs
[2025-11-05T20:42:53.508+0000] {logging_mixin.py:188} INFO - [2025-11-05T20:42:53.508+0000] {dag.py:3947} INFO - Setting next_dagrun for refresh_intl_dag to 2025-10-31 19:30:00+00:00, run_after=2025-11-07 19:30:00+00:00
[2025-11-05T20:42:53.515+0000] {processor.py:183} INFO - Processing /opt/airflow/dags/qi_refresh_intl.py took 0.529 seconds
[2025-11-05T20:52:52.573+0000] {processor.py:161} INFO - Started process (PID=8699) to work on /opt/airflow/dags/qi_refresh_intl.py
[2025-11-05T20:52:52.574+0000] {processor.py:830} INFO - Processing file /opt/airflow/dags/qi_refresh_intl.py for tasks to queue
[2025-11-05T20:52:52.577+0000] {logging_mixin.py:188} INFO - [2025-11-05T20:52:52.577+0000] {dagbag.py:545} INFO - Filling up the DagBag from /opt/airflow/dags/qi_refresh_intl.py
[2025-11-05T20:52:53.133+0000] {processor.py:840} INFO - DAG(s) 'refresh_intl_dag' retrieved from /opt/airflow/dags/qi_refresh_intl.py
[2025-11-05T20:52:53.146+0000] {logging_mixin.py:188} INFO - [2025-11-05T20:52:53.146+0000] {dag.py:3089} INFO - Sync 1 DAGs
[2025-11-05T20:52:53.155+0000] {logging_mixin.py:188} INFO - [2025-11-05T20:52:53.155+0000] {dag.py:3947} INFO - Setting next_dagrun for refresh_intl_dag to 2025-10-31 19:30:00+00:00, run_after=2025-11-07 19:30:00+00:00
[2025-11-05T20:52:53.163+0000] {processor.py:183} INFO - Processing /opt/airflow/dags/qi_refresh_intl.py took 0.599 seconds
[2025-11-05T21:17:18.479+0000] {processor.py:161} INFO - Started process (PID=8702) to work on /opt/airflow/dags/qi_refresh_intl.py
[2025-11-05T21:17:18.479+0000] {processor.py:830} INFO - Processing file /opt/airflow/dags/qi_refresh_intl.py for tasks to queue
[2025-11-05T21:17:18.480+0000] {logging_mixin.py:188} INFO - [2025-11-05T21:17:18.480+0000] {dagbag.py:545} INFO - Filling up the DagBag from /opt/airflow/dags/qi_refresh_intl.py
[2025-11-05T21:17:18.992+0000] {processor.py:840} INFO - DAG(s) 'refresh_intl_dag' retrieved from /opt/airflow/dags/qi_refresh_intl.py
[2025-11-05T21:17:19.005+0000] {logging_mixin.py:188} INFO - [2025-11-05T21:17:19.005+0000] {dag.py:3089} INFO - Sync 1 DAGs
[2025-11-05T21:17:19.015+0000] {logging_mixin.py:188} INFO - [2025-11-05T21:17:19.015+0000] {dag.py:3947} INFO - Setting next_dagrun for refresh_intl_dag to 2025-10-31 19:30:00+00:00, run_after=2025-11-07 19:30:00+00:00
[2025-11-05T21:17:19.024+0000] {processor.py:183} INFO - Processing /opt/airflow/dags/qi_refresh_intl.py took 0.548 seconds
[2025-11-05T21:18:25.180+0000] {processor.py:161} INFO - Started process (PID=8705) to work on /opt/airflow/dags/qi_refresh_intl.py
[2025-11-05T21:18:25.182+0000] {processor.py:830} INFO - Processing file /opt/airflow/dags/qi_refresh_intl.py for tasks to queue
[2025-11-05T21:18:25.184+0000] {logging_mixin.py:188} INFO - [2025-11-05T21:18:25.184+0000] {dagbag.py:545} INFO - Filling up the DagBag from /opt/airflow/dags/qi_refresh_intl.py
[2025-11-05T21:18:25.703+0000] {processor.py:840} INFO - DAG(s) 'refresh_intl_dag' retrieved from /opt/airflow/dags/qi_refresh_intl.py
[2025-11-05T21:18:25.718+0000] {logging_mixin.py:188} INFO - [2025-11-05T21:18:25.718+0000] {dag.py:3089} INFO - Sync 1 DAGs
[2025-11-05T21:18:25.735+0000] {logging_mixin.py:188} INFO - [2025-11-05T21:18:25.734+0000] {dag.py:3947} INFO - Setting next_dagrun for refresh_intl_dag to 2025-10-31 19:30:00+00:00, run_after=2025-11-07 19:30:00+00:00
[2025-11-05T21:18:25.742+0000] {processor.py:183} INFO - Processing /opt/airflow/dags/qi_refresh_intl.py took 0.571 seconds
[2025-11-05T21:20:30.043+0000] {processor.py:161} INFO - Started process (PID=8708) to work on /opt/airflow/dags/qi_refresh_intl.py
[2025-11-05T21:20:30.044+0000] {processor.py:830} INFO - Processing file /opt/airflow/dags/qi_refresh_intl.py for tasks to queue
[2025-11-05T21:20:30.045+0000] {logging_mixin.py:188} INFO - [2025-11-05T21:20:30.045+0000] {dagbag.py:545} INFO - Filling up the DagBag from /opt/airflow/dags/qi_refresh_intl.py
[2025-11-05T21:20:30.546+0000] {processor.py:840} INFO - DAG(s) 'refresh_intl_dag' retrieved from /opt/airflow/dags/qi_refresh_intl.py
[2025-11-05T21:20:30.559+0000] {logging_mixin.py:188} INFO - [2025-11-05T21:20:30.559+0000] {dag.py:3089} INFO - Sync 1 DAGs
[2025-11-05T21:20:30.570+0000] {logging_mixin.py:188} INFO - [2025-11-05T21:20:30.570+0000] {dag.py:3947} INFO - Setting next_dagrun for refresh_intl_dag to 2025-10-31 19:30:00+00:00, run_after=2025-11-07 19:30:00+00:00
[2025-11-05T21:20:30.578+0000] {processor.py:183} INFO - Processing /opt/airflow/dags/qi_refresh_intl.py took 0.541 seconds
[2025-11-05T21:36:50.483+0000] {processor.py:161} INFO - Started process (PID=8711) to work on /opt/airflow/dags/qi_refresh_intl.py
[2025-11-05T21:36:50.484+0000] {processor.py:830} INFO - Processing file /opt/airflow/dags/qi_refresh_intl.py for tasks to queue
[2025-11-05T21:36:50.485+0000] {logging_mixin.py:188} INFO - [2025-11-05T21:36:50.484+0000] {dagbag.py:545} INFO - Filling up the DagBag from /opt/airflow/dags/qi_refresh_intl.py
[2025-11-05T21:36:50.975+0000] {processor.py:840} INFO - DAG(s) 'refresh_intl_dag' retrieved from /opt/airflow/dags/qi_refresh_intl.py
[2025-11-05T21:36:50.988+0000] {logging_mixin.py:188} INFO - [2025-11-05T21:36:50.988+0000] {dag.py:3089} INFO - Sync 1 DAGs
[2025-11-05T21:36:50.998+0000] {logging_mixin.py:188} INFO - [2025-11-05T21:36:50.998+0000] {dag.py:3947} INFO - Setting next_dagrun for refresh_intl_dag to 2025-10-31 19:30:00+00:00, run_after=2025-11-07 19:30:00+00:00
[2025-11-05T21:36:51.006+0000] {processor.py:183} INFO - Processing /opt/airflow/dags/qi_refresh_intl.py took 0.526 seconds
[2025-11-05T21:52:21.942+0000] {processor.py:161} INFO - Started process (PID=8714) to work on /opt/airflow/dags/qi_refresh_intl.py
[2025-11-05T21:52:21.942+0000] {processor.py:830} INFO - Processing file /opt/airflow/dags/qi_refresh_intl.py for tasks to queue
[2025-11-05T21:52:21.943+0000] {logging_mixin.py:188} INFO - [2025-11-05T21:52:21.943+0000] {dagbag.py:545} INFO - Filling up the DagBag from /opt/airflow/dags/qi_refresh_intl.py
[2025-11-05T21:52:22.428+0000] {processor.py:840} INFO - DAG(s) 'refresh_intl_dag' retrieved from /opt/airflow/dags/qi_refresh_intl.py
[2025-11-05T21:52:22.442+0000] {logging_mixin.py:188} INFO - [2025-11-05T21:52:22.442+0000] {dag.py:3089} INFO - Sync 1 DAGs
[2025-11-05T21:52:22.451+0000] {logging_mixin.py:188} INFO - [2025-11-05T21:52:22.451+0000] {dag.py:3947} INFO - Setting next_dagrun for refresh_intl_dag to 2025-10-31 19:30:00+00:00, run_after=2025-11-07 19:30:00+00:00
[2025-11-05T21:52:22.459+0000] {processor.py:183} INFO - Processing /opt/airflow/dags/qi_refresh_intl.py took 0.520 seconds
[2025-11-05T22:29:30.135+0000] {processor.py:161} INFO - Started process (PID=8717) to work on /opt/airflow/dags/qi_refresh_intl.py
[2025-11-05T22:29:30.135+0000] {processor.py:830} INFO - Processing file /opt/airflow/dags/qi_refresh_intl.py for tasks to queue
[2025-11-05T22:29:30.136+0000] {logging_mixin.py:188} INFO - [2025-11-05T22:29:30.136+0000] {dagbag.py:545} INFO - Filling up the DagBag from /opt/airflow/dags/qi_refresh_intl.py
[2025-11-05T22:29:30.623+0000] {processor.py:840} INFO - DAG(s) 'refresh_intl_dag' retrieved from /opt/airflow/dags/qi_refresh_intl.py
[2025-11-05T22:29:30.637+0000] {logging_mixin.py:188} INFO - [2025-11-05T22:29:30.636+0000] {dag.py:3089} INFO - Sync 1 DAGs
[2025-11-05T22:29:30.646+0000] {logging_mixin.py:188} INFO - [2025-11-05T22:29:30.646+0000] {dag.py:3947} INFO - Setting next_dagrun for refresh_intl_dag to 2025-10-31 19:30:00+00:00, run_after=2025-11-07 19:30:00+00:00
[2025-11-05T22:29:30.654+0000] {processor.py:183} INFO - Processing /opt/airflow/dags/qi_refresh_intl.py took 0.522 seconds
[2025-11-05T22:45:27.411+0000] {processor.py:161} INFO - Started process (PID=8720) to work on /opt/airflow/dags/qi_refresh_intl.py
[2025-11-05T22:45:27.411+0000] {processor.py:830} INFO - Processing file /opt/airflow/dags/qi_refresh_intl.py for tasks to queue
[2025-11-05T22:45:27.412+0000] {logging_mixin.py:188} INFO - [2025-11-05T22:45:27.412+0000] {dagbag.py:545} INFO - Filling up the DagBag from /opt/airflow/dags/qi_refresh_intl.py
[2025-11-05T22:45:27.899+0000] {processor.py:840} INFO - DAG(s) 'refresh_intl_dag' retrieved from /opt/airflow/dags/qi_refresh_intl.py
[2025-11-05T22:45:27.912+0000] {logging_mixin.py:188} INFO - [2025-11-05T22:45:27.912+0000] {dag.py:3089} INFO - Sync 1 DAGs
[2025-11-05T22:45:27.921+0000] {logging_mixin.py:188} INFO - [2025-11-05T22:45:27.921+0000] {dag.py:3947} INFO - Setting next_dagrun for refresh_intl_dag to 2025-10-31 19:30:00+00:00, run_after=2025-11-07 19:30:00+00:00
[2025-11-05T22:45:27.929+0000] {processor.py:183} INFO - Processing /opt/airflow/dags/qi_refresh_intl.py took 0.522 seconds
[2025-11-05T23:00:02.011+0000] {processor.py:161} INFO - Started process (PID=8723) to work on /opt/airflow/dags/qi_refresh_intl.py
[2025-11-05T23:00:02.011+0000] {processor.py:830} INFO - Processing file /opt/airflow/dags/qi_refresh_intl.py for tasks to queue
[2025-11-05T23:00:02.013+0000] {logging_mixin.py:188} INFO - [2025-11-05T23:00:02.013+0000] {dagbag.py:545} INFO - Filling up the DagBag from /opt/airflow/dags/qi_refresh_intl.py
[2025-11-05T23:00:02.499+0000] {processor.py:840} INFO - DAG(s) 'refresh_intl_dag' retrieved from /opt/airflow/dags/qi_refresh_intl.py
[2025-11-05T23:00:02.511+0000] {logging_mixin.py:188} INFO - [2025-11-05T23:00:02.511+0000] {dag.py:3089} INFO - Sync 1 DAGs
[2025-11-05T23:00:02.521+0000] {logging_mixin.py:188} INFO - [2025-11-05T23:00:02.521+0000] {dag.py:3947} INFO - Setting next_dagrun for refresh_intl_dag to 2025-10-31 19:30:00+00:00, run_after=2025-11-07 19:30:00+00:00
[2025-11-05T23:00:02.529+0000] {processor.py:183} INFO - Processing /opt/airflow/dags/qi_refresh_intl.py took 0.522 seconds
[2025-11-05T23:07:14.089+0000] {processor.py:161} INFO - Started process (PID=8726) to work on /opt/airflow/dags/qi_refresh_intl.py
[2025-11-05T23:07:14.090+0000] {processor.py:830} INFO - Processing file /opt/airflow/dags/qi_refresh_intl.py for tasks to queue
[2025-11-05T23:07:14.091+0000] {logging_mixin.py:188} INFO - [2025-11-05T23:07:14.091+0000] {dagbag.py:545} INFO - Filling up the DagBag from /opt/airflow/dags/qi_refresh_intl.py
[2025-11-05T23:07:14.576+0000] {processor.py:840} INFO - DAG(s) 'refresh_intl_dag' retrieved from /opt/airflow/dags/qi_refresh_intl.py
[2025-11-05T23:07:14.588+0000] {logging_mixin.py:188} INFO - [2025-11-05T23:07:14.588+0000] {dag.py:3089} INFO - Sync 1 DAGs
[2025-11-05T23:07:14.598+0000] {logging_mixin.py:188} INFO - [2025-11-05T23:07:14.598+0000] {dag.py:3947} INFO - Setting next_dagrun for refresh_intl_dag to 2025-10-31 19:30:00+00:00, run_after=2025-11-07 19:30:00+00:00
[2025-11-05T23:07:14.611+0000] {processor.py:183} INFO - Processing /opt/airflow/dags/qi_refresh_intl.py took 0.524 seconds
[2025-11-05T23:23:51.631+0000] {processor.py:161} INFO - Started process (PID=8729) to work on /opt/airflow/dags/qi_refresh_intl.py
[2025-11-05T23:23:51.631+0000] {processor.py:830} INFO - Processing file /opt/airflow/dags/qi_refresh_intl.py for tasks to queue
[2025-11-05T23:23:51.632+0000] {logging_mixin.py:188} INFO - [2025-11-05T23:23:51.632+0000] {dagbag.py:545} INFO - Filling up the DagBag from /opt/airflow/dags/qi_refresh_intl.py
[2025-11-05T23:23:52.119+0000] {processor.py:840} INFO - DAG(s) 'refresh_intl_dag' retrieved from /opt/airflow/dags/qi_refresh_intl.py
[2025-11-05T23:23:52.134+0000] {logging_mixin.py:188} INFO - [2025-11-05T23:23:52.134+0000] {dag.py:3089} INFO - Sync 1 DAGs
[2025-11-05T23:23:52.143+0000] {logging_mixin.py:188} INFO - [2025-11-05T23:23:52.143+0000] {dag.py:3947} INFO - Setting next_dagrun for refresh_intl_dag to 2025-10-31 19:30:00+00:00, run_after=2025-11-07 19:30:00+00:00
[2025-11-05T23:23:52.151+0000] {processor.py:183} INFO - Processing /opt/airflow/dags/qi_refresh_intl.py took 0.523 seconds
[2025-11-05T23:44:06.300+0000] {processor.py:161} INFO - Started process (PID=8732) to work on /opt/airflow/dags/qi_refresh_intl.py
[2025-11-05T23:44:06.312+0000] {processor.py:830} INFO - Processing file /opt/airflow/dags/qi_refresh_intl.py for tasks to queue
[2025-11-05T23:44:06.319+0000] {logging_mixin.py:188} INFO - [2025-11-05T23:44:06.318+0000] {dagbag.py:545} INFO - Filling up the DagBag from /opt/airflow/dags/qi_refresh_intl.py
[2025-11-05T23:44:08.921+0000] {processor.py:840} INFO - DAG(s) 'refresh_intl_dag' retrieved from /opt/airflow/dags/qi_refresh_intl.py
[2025-11-05T23:44:08.986+0000] {logging_mixin.py:188} INFO - [2025-11-05T23:44:08.986+0000] {dag.py:3089} INFO - Sync 1 DAGs
[2025-11-05T23:44:09.032+0000] {logging_mixin.py:188} INFO - [2025-11-05T23:44:09.031+0000] {dag.py:3947} INFO - Setting next_dagrun for refresh_intl_dag to 2025-10-31 19:30:00+00:00, run_after=2025-11-07 19:30:00+00:00
[2025-11-05T23:44:09.082+0000] {processor.py:183} INFO - Processing /opt/airflow/dags/qi_refresh_intl.py took 2.808 seconds
