[2025-11-08T00:00:01.479+0000] {processor.py:161} INFO - Started process (PID=10119) to work on /opt/airflow/dags/qi_refresh_intl.py
[2025-11-08T00:00:01.480+0000] {processor.py:830} INFO - Processing file /opt/airflow/dags/qi_refresh_intl.py for tasks to queue
[2025-11-08T00:00:01.481+0000] {logging_mixin.py:188} INFO - [2025-11-08T00:00:01.481+0000] {dagbag.py:545} INFO - Filling up the DagBag from /opt/airflow/dags/qi_refresh_intl.py
[2025-11-08T00:00:02.006+0000] {processor.py:840} INFO - DAG(s) 'refresh_intl_dag' retrieved from /opt/airflow/dags/qi_refresh_intl.py
[2025-11-08T00:00:02.021+0000] {logging_mixin.py:188} INFO - [2025-11-08T00:00:02.021+0000] {dag.py:3089} INFO - Sync 1 DAGs
[2025-11-08T00:00:02.032+0000] {logging_mixin.py:188} INFO - [2025-11-08T00:00:02.032+0000] {dag.py:3947} INFO - Setting next_dagrun for refresh_intl_dag to 2025-11-07 19:30:00+00:00, run_after=2025-11-14 19:30:00+00:00
[2025-11-08T00:00:02.047+0000] {processor.py:183} INFO - Processing /opt/airflow/dags/qi_refresh_intl.py took 0.571 seconds
[2025-11-08T00:00:32.246+0000] {processor.py:161} INFO - Started process (PID=10122) to work on /opt/airflow/dags/qi_refresh_intl.py
[2025-11-08T00:00:32.247+0000] {processor.py:830} INFO - Processing file /opt/airflow/dags/qi_refresh_intl.py for tasks to queue
[2025-11-08T00:00:32.248+0000] {logging_mixin.py:188} INFO - [2025-11-08T00:00:32.248+0000] {dagbag.py:545} INFO - Filling up the DagBag from /opt/airflow/dags/qi_refresh_intl.py
[2025-11-08T00:00:32.778+0000] {processor.py:840} INFO - DAG(s) 'refresh_intl_dag' retrieved from /opt/airflow/dags/qi_refresh_intl.py
[2025-11-08T00:00:32.795+0000] {logging_mixin.py:188} INFO - [2025-11-08T00:00:32.794+0000] {dag.py:3089} INFO - Sync 1 DAGs
[2025-11-08T00:00:32.810+0000] {processor.py:183} INFO - Processing /opt/airflow/dags/qi_refresh_intl.py took 0.567 seconds
[2025-11-08T00:01:03.038+0000] {processor.py:161} INFO - Started process (PID=10125) to work on /opt/airflow/dags/qi_refresh_intl.py
[2025-11-08T00:01:03.038+0000] {processor.py:830} INFO - Processing file /opt/airflow/dags/qi_refresh_intl.py for tasks to queue
[2025-11-08T00:01:03.040+0000] {logging_mixin.py:188} INFO - [2025-11-08T00:01:03.039+0000] {dagbag.py:545} INFO - Filling up the DagBag from /opt/airflow/dags/qi_refresh_intl.py
[2025-11-08T00:01:03.571+0000] {processor.py:840} INFO - DAG(s) 'refresh_intl_dag' retrieved from /opt/airflow/dags/qi_refresh_intl.py
[2025-11-08T00:01:03.586+0000] {logging_mixin.py:188} INFO - [2025-11-08T00:01:03.586+0000] {dag.py:3089} INFO - Sync 1 DAGs
[2025-11-08T00:01:03.605+0000] {processor.py:183} INFO - Processing /opt/airflow/dags/qi_refresh_intl.py took 0.572 seconds
[2025-11-08T00:01:33.789+0000] {processor.py:161} INFO - Started process (PID=10128) to work on /opt/airflow/dags/qi_refresh_intl.py
[2025-11-08T00:01:33.790+0000] {processor.py:830} INFO - Processing file /opt/airflow/dags/qi_refresh_intl.py for tasks to queue
[2025-11-08T00:01:33.791+0000] {logging_mixin.py:188} INFO - [2025-11-08T00:01:33.791+0000] {dagbag.py:545} INFO - Filling up the DagBag from /opt/airflow/dags/qi_refresh_intl.py
[2025-11-08T00:01:34.299+0000] {processor.py:840} INFO - DAG(s) 'refresh_intl_dag' retrieved from /opt/airflow/dags/qi_refresh_intl.py
[2025-11-08T00:01:34.312+0000] {logging_mixin.py:188} INFO - [2025-11-08T00:01:34.312+0000] {dag.py:3089} INFO - Sync 1 DAGs
[2025-11-08T00:01:34.330+0000] {processor.py:183} INFO - Processing /opt/airflow/dags/qi_refresh_intl.py took 0.544 seconds
[2025-11-08T00:02:04.582+0000] {processor.py:161} INFO - Started process (PID=10131) to work on /opt/airflow/dags/qi_refresh_intl.py
[2025-11-08T00:02:04.582+0000] {processor.py:830} INFO - Processing file /opt/airflow/dags/qi_refresh_intl.py for tasks to queue
[2025-11-08T00:02:04.584+0000] {logging_mixin.py:188} INFO - [2025-11-08T00:02:04.583+0000] {dagbag.py:545} INFO - Filling up the DagBag from /opt/airflow/dags/qi_refresh_intl.py
[2025-11-08T00:02:05.078+0000] {processor.py:840} INFO - DAG(s) 'refresh_intl_dag' retrieved from /opt/airflow/dags/qi_refresh_intl.py
[2025-11-08T00:02:05.091+0000] {logging_mixin.py:188} INFO - [2025-11-08T00:02:05.091+0000] {dag.py:3089} INFO - Sync 1 DAGs
[2025-11-08T00:02:05.109+0000] {processor.py:183} INFO - Processing /opt/airflow/dags/qi_refresh_intl.py took 0.532 seconds
[2025-11-08T00:02:35.390+0000] {processor.py:161} INFO - Started process (PID=10134) to work on /opt/airflow/dags/qi_refresh_intl.py
[2025-11-08T00:02:35.391+0000] {processor.py:830} INFO - Processing file /opt/airflow/dags/qi_refresh_intl.py for tasks to queue
[2025-11-08T00:02:35.392+0000] {logging_mixin.py:188} INFO - [2025-11-08T00:02:35.392+0000] {dagbag.py:545} INFO - Filling up the DagBag from /opt/airflow/dags/qi_refresh_intl.py
[2025-11-08T00:02:35.884+0000] {processor.py:840} INFO - DAG(s) 'refresh_intl_dag' retrieved from /opt/airflow/dags/qi_refresh_intl.py
[2025-11-08T00:02:35.896+0000] {logging_mixin.py:188} INFO - [2025-11-08T00:02:35.896+0000] {dag.py:3089} INFO - Sync 1 DAGs
[2025-11-08T00:02:35.917+0000] {processor.py:183} INFO - Processing /opt/airflow/dags/qi_refresh_intl.py took 0.532 seconds
[2025-11-08T00:03:06.197+0000] {processor.py:161} INFO - Started process (PID=10137) to work on /opt/airflow/dags/qi_refresh_intl.py
[2025-11-08T00:03:06.199+0000] {processor.py:830} INFO - Processing file /opt/airflow/dags/qi_refresh_intl.py for tasks to queue
[2025-11-08T00:03:06.201+0000] {logging_mixin.py:188} INFO - [2025-11-08T00:03:06.201+0000] {dagbag.py:545} INFO - Filling up the DagBag from /opt/airflow/dags/qi_refresh_intl.py
[2025-11-08T00:03:06.696+0000] {processor.py:840} INFO - DAG(s) 'refresh_intl_dag' retrieved from /opt/airflow/dags/qi_refresh_intl.py
[2025-11-08T00:03:06.709+0000] {logging_mixin.py:188} INFO - [2025-11-08T00:03:06.709+0000] {dag.py:3089} INFO - Sync 1 DAGs
[2025-11-08T00:03:06.725+0000] {processor.py:183} INFO - Processing /opt/airflow/dags/qi_refresh_intl.py took 0.536 seconds
[2025-11-08T00:03:36.987+0000] {processor.py:161} INFO - Started process (PID=10140) to work on /opt/airflow/dags/qi_refresh_intl.py
[2025-11-08T00:03:36.988+0000] {processor.py:830} INFO - Processing file /opt/airflow/dags/qi_refresh_intl.py for tasks to queue
[2025-11-08T00:03:36.990+0000] {logging_mixin.py:188} INFO - [2025-11-08T00:03:36.990+0000] {dagbag.py:545} INFO - Filling up the DagBag from /opt/airflow/dags/qi_refresh_intl.py
[2025-11-08T00:03:37.492+0000] {processor.py:840} INFO - DAG(s) 'refresh_intl_dag' retrieved from /opt/airflow/dags/qi_refresh_intl.py
[2025-11-08T00:03:37.505+0000] {logging_mixin.py:188} INFO - [2025-11-08T00:03:37.505+0000] {dag.py:3089} INFO - Sync 1 DAGs
[2025-11-08T00:03:37.535+0000] {processor.py:183} INFO - Processing /opt/airflow/dags/qi_refresh_intl.py took 0.556 seconds
[2025-11-08T00:05:43.137+0000] {processor.py:161} INFO - Started process (PID=10143) to work on /opt/airflow/dags/qi_refresh_intl.py
[2025-11-08T00:05:43.137+0000] {processor.py:830} INFO - Processing file /opt/airflow/dags/qi_refresh_intl.py for tasks to queue
[2025-11-08T00:05:43.138+0000] {logging_mixin.py:188} INFO - [2025-11-08T00:05:43.138+0000] {dagbag.py:545} INFO - Filling up the DagBag from /opt/airflow/dags/qi_refresh_intl.py
[2025-11-08T00:05:43.620+0000] {processor.py:840} INFO - DAG(s) 'refresh_intl_dag' retrieved from /opt/airflow/dags/qi_refresh_intl.py
[2025-11-08T00:05:43.632+0000] {logging_mixin.py:188} INFO - [2025-11-08T00:05:43.632+0000] {dag.py:3089} INFO - Sync 1 DAGs
[2025-11-08T00:05:43.649+0000] {processor.py:183} INFO - Processing /opt/airflow/dags/qi_refresh_intl.py took 0.515 seconds
[2025-11-08T00:21:12.773+0000] {processor.py:161} INFO - Started process (PID=10146) to work on /opt/airflow/dags/qi_refresh_intl.py
[2025-11-08T00:21:12.774+0000] {processor.py:830} INFO - Processing file /opt/airflow/dags/qi_refresh_intl.py for tasks to queue
[2025-11-08T00:21:12.775+0000] {logging_mixin.py:188} INFO - [2025-11-08T00:21:12.775+0000] {dagbag.py:545} INFO - Filling up the DagBag from /opt/airflow/dags/qi_refresh_intl.py
[2025-11-08T00:21:13.265+0000] {processor.py:840} INFO - DAG(s) 'refresh_intl_dag' retrieved from /opt/airflow/dags/qi_refresh_intl.py
[2025-11-08T00:21:13.277+0000] {logging_mixin.py:188} INFO - [2025-11-08T00:21:13.277+0000] {dag.py:3089} INFO - Sync 1 DAGs
[2025-11-08T00:21:13.294+0000] {processor.py:183} INFO - Processing /opt/airflow/dags/qi_refresh_intl.py took 0.524 seconds
[2025-11-08T00:39:11.307+0000] {processor.py:161} INFO - Started process (PID=10153) to work on /opt/airflow/dags/qi_refresh_intl.py
[2025-11-08T00:39:11.307+0000] {processor.py:830} INFO - Processing file /opt/airflow/dags/qi_refresh_intl.py for tasks to queue
[2025-11-08T00:39:11.308+0000] {logging_mixin.py:188} INFO - [2025-11-08T00:39:11.308+0000] {dagbag.py:545} INFO - Filling up the DagBag from /opt/airflow/dags/qi_refresh_intl.py
[2025-11-08T00:39:11.793+0000] {processor.py:840} INFO - DAG(s) 'refresh_intl_dag' retrieved from /opt/airflow/dags/qi_refresh_intl.py
[2025-11-08T00:39:11.805+0000] {logging_mixin.py:188} INFO - [2025-11-08T00:39:11.805+0000] {dag.py:3089} INFO - Sync 1 DAGs
[2025-11-08T00:39:11.822+0000] {processor.py:183} INFO - Processing /opt/airflow/dags/qi_refresh_intl.py took 0.518 seconds
[2025-11-08T00:54:41.090+0000] {processor.py:161} INFO - Started process (PID=10156) to work on /opt/airflow/dags/qi_refresh_intl.py
[2025-11-08T00:54:41.090+0000] {processor.py:830} INFO - Processing file /opt/airflow/dags/qi_refresh_intl.py for tasks to queue
[2025-11-08T00:54:41.092+0000] {logging_mixin.py:188} INFO - [2025-11-08T00:54:41.092+0000] {dagbag.py:545} INFO - Filling up the DagBag from /opt/airflow/dags/qi_refresh_intl.py
[2025-11-08T00:54:41.575+0000] {processor.py:840} INFO - DAG(s) 'refresh_intl_dag' retrieved from /opt/airflow/dags/qi_refresh_intl.py
[2025-11-08T00:54:41.588+0000] {logging_mixin.py:188} INFO - [2025-11-08T00:54:41.588+0000] {dag.py:3089} INFO - Sync 1 DAGs
[2025-11-08T00:54:41.605+0000] {processor.py:183} INFO - Processing /opt/airflow/dags/qi_refresh_intl.py took 0.518 seconds
[2025-11-08T01:25:13.678+0000] {processor.py:161} INFO - Started process (PID=10159) to work on /opt/airflow/dags/qi_refresh_intl.py
[2025-11-08T01:25:13.679+0000] {processor.py:830} INFO - Processing file /opt/airflow/dags/qi_refresh_intl.py for tasks to queue
[2025-11-08T01:25:13.680+0000] {logging_mixin.py:188} INFO - [2025-11-08T01:25:13.680+0000] {dagbag.py:545} INFO - Filling up the DagBag from /opt/airflow/dags/qi_refresh_intl.py
[2025-11-08T01:25:14.174+0000] {processor.py:840} INFO - DAG(s) 'refresh_intl_dag' retrieved from /opt/airflow/dags/qi_refresh_intl.py
[2025-11-08T01:25:14.186+0000] {logging_mixin.py:188} INFO - [2025-11-08T01:25:14.186+0000] {dag.py:3089} INFO - Sync 1 DAGs
[2025-11-08T01:25:14.202+0000] {processor.py:183} INFO - Processing /opt/airflow/dags/qi_refresh_intl.py took 0.527 seconds
[2025-11-08T01:40:43.285+0000] {processor.py:161} INFO - Started process (PID=10162) to work on /opt/airflow/dags/qi_refresh_intl.py
[2025-11-08T01:40:43.286+0000] {processor.py:830} INFO - Processing file /opt/airflow/dags/qi_refresh_intl.py for tasks to queue
[2025-11-08T01:40:43.287+0000] {logging_mixin.py:188} INFO - [2025-11-08T01:40:43.286+0000] {dagbag.py:545} INFO - Filling up the DagBag from /opt/airflow/dags/qi_refresh_intl.py
[2025-11-08T01:40:43.779+0000] {processor.py:840} INFO - DAG(s) 'refresh_intl_dag' retrieved from /opt/airflow/dags/qi_refresh_intl.py
[2025-11-08T01:40:43.791+0000] {logging_mixin.py:188} INFO - [2025-11-08T01:40:43.791+0000] {dag.py:3089} INFO - Sync 1 DAGs
[2025-11-08T01:40:43.807+0000] {processor.py:183} INFO - Processing /opt/airflow/dags/qi_refresh_intl.py took 0.525 seconds
[2025-11-08T01:56:12.945+0000] {processor.py:161} INFO - Started process (PID=10165) to work on /opt/airflow/dags/qi_refresh_intl.py
[2025-11-08T01:56:12.946+0000] {processor.py:830} INFO - Processing file /opt/airflow/dags/qi_refresh_intl.py for tasks to queue
[2025-11-08T01:56:12.947+0000] {logging_mixin.py:188} INFO - [2025-11-08T01:56:12.947+0000] {dagbag.py:545} INFO - Filling up the DagBag from /opt/airflow/dags/qi_refresh_intl.py
[2025-11-08T01:56:13.445+0000] {processor.py:840} INFO - DAG(s) 'refresh_intl_dag' retrieved from /opt/airflow/dags/qi_refresh_intl.py
[2025-11-08T01:56:13.458+0000] {logging_mixin.py:188} INFO - [2025-11-08T01:56:13.458+0000] {dag.py:3089} INFO - Sync 1 DAGs
[2025-11-08T01:56:13.467+0000] {logging_mixin.py:188} INFO - [2025-11-08T01:56:13.467+0000] {dag.py:3947} INFO - Setting next_dagrun for refresh_intl_dag to 2025-11-07 19:30:00+00:00, run_after=2025-11-14 19:30:00+00:00
[2025-11-08T01:56:13.476+0000] {processor.py:183} INFO - Processing /opt/airflow/dags/qi_refresh_intl.py took 0.534 seconds
[2025-11-08T02:20:12.854+0000] {processor.py:161} INFO - Started process (PID=10168) to work on /opt/airflow/dags/qi_refresh_intl.py
[2025-11-08T02:20:12.855+0000] {processor.py:830} INFO - Processing file /opt/airflow/dags/qi_refresh_intl.py for tasks to queue
[2025-11-08T02:20:12.856+0000] {logging_mixin.py:188} INFO - [2025-11-08T02:20:12.856+0000] {dagbag.py:545} INFO - Filling up the DagBag from /opt/airflow/dags/qi_refresh_intl.py
[2025-11-08T02:20:13.377+0000] {processor.py:840} INFO - DAG(s) 'refresh_intl_dag' retrieved from /opt/airflow/dags/qi_refresh_intl.py
[2025-11-08T02:20:13.390+0000] {logging_mixin.py:188} INFO - [2025-11-08T02:20:13.390+0000] {dag.py:3089} INFO - Sync 1 DAGs
[2025-11-08T02:20:13.399+0000] {logging_mixin.py:188} INFO - [2025-11-08T02:20:13.399+0000] {dag.py:3947} INFO - Setting next_dagrun for refresh_intl_dag to 2025-11-07 19:30:00+00:00, run_after=2025-11-14 19:30:00+00:00
[2025-11-08T02:20:13.409+0000] {processor.py:183} INFO - Processing /opt/airflow/dags/qi_refresh_intl.py took 0.559 seconds
[2025-11-08T02:35:42.443+0000] {processor.py:161} INFO - Started process (PID=10171) to work on /opt/airflow/dags/qi_refresh_intl.py
[2025-11-08T02:35:42.443+0000] {processor.py:830} INFO - Processing file /opt/airflow/dags/qi_refresh_intl.py for tasks to queue
[2025-11-08T02:35:42.444+0000] {logging_mixin.py:188} INFO - [2025-11-08T02:35:42.444+0000] {dagbag.py:545} INFO - Filling up the DagBag from /opt/airflow/dags/qi_refresh_intl.py
[2025-11-08T02:35:42.941+0000] {processor.py:840} INFO - DAG(s) 'refresh_intl_dag' retrieved from /opt/airflow/dags/qi_refresh_intl.py
[2025-11-08T02:35:42.954+0000] {logging_mixin.py:188} INFO - [2025-11-08T02:35:42.953+0000] {dag.py:3089} INFO - Sync 1 DAGs
[2025-11-08T02:35:42.963+0000] {logging_mixin.py:188} INFO - [2025-11-08T02:35:42.963+0000] {dag.py:3947} INFO - Setting next_dagrun for refresh_intl_dag to 2025-11-07 19:30:00+00:00, run_after=2025-11-14 19:30:00+00:00
[2025-11-08T02:35:42.971+0000] {processor.py:183} INFO - Processing /opt/airflow/dags/qi_refresh_intl.py took 0.531 seconds
[2025-11-08T02:51:12.450+0000] {processor.py:161} INFO - Started process (PID=10174) to work on /opt/airflow/dags/qi_refresh_intl.py
[2025-11-08T02:51:12.451+0000] {processor.py:830} INFO - Processing file /opt/airflow/dags/qi_refresh_intl.py for tasks to queue
[2025-11-08T02:51:12.452+0000] {logging_mixin.py:188} INFO - [2025-11-08T02:51:12.452+0000] {dagbag.py:545} INFO - Filling up the DagBag from /opt/airflow/dags/qi_refresh_intl.py
[2025-11-08T02:51:12.935+0000] {processor.py:840} INFO - DAG(s) 'refresh_intl_dag' retrieved from /opt/airflow/dags/qi_refresh_intl.py
[2025-11-08T02:51:12.949+0000] {logging_mixin.py:188} INFO - [2025-11-08T02:51:12.949+0000] {dag.py:3089} INFO - Sync 1 DAGs
[2025-11-08T02:51:12.959+0000] {logging_mixin.py:188} INFO - [2025-11-08T02:51:12.958+0000] {dag.py:3947} INFO - Setting next_dagrun for refresh_intl_dag to 2025-11-07 19:30:00+00:00, run_after=2025-11-14 19:30:00+00:00
[2025-11-08T02:51:12.967+0000] {processor.py:183} INFO - Processing /opt/airflow/dags/qi_refresh_intl.py took 0.520 seconds
[2025-11-08T03:21:15.293+0000] {processor.py:161} INFO - Started process (PID=10177) to work on /opt/airflow/dags/qi_refresh_intl.py
[2025-11-08T03:21:15.294+0000] {processor.py:830} INFO - Processing file /opt/airflow/dags/qi_refresh_intl.py for tasks to queue
[2025-11-08T03:21:15.295+0000] {logging_mixin.py:188} INFO - [2025-11-08T03:21:15.295+0000] {dagbag.py:545} INFO - Filling up the DagBag from /opt/airflow/dags/qi_refresh_intl.py
[2025-11-08T03:21:15.792+0000] {processor.py:840} INFO - DAG(s) 'refresh_intl_dag' retrieved from /opt/airflow/dags/qi_refresh_intl.py
[2025-11-08T03:21:15.806+0000] {logging_mixin.py:188} INFO - [2025-11-08T03:21:15.806+0000] {dag.py:3089} INFO - Sync 1 DAGs
[2025-11-08T03:21:15.816+0000] {logging_mixin.py:188} INFO - [2025-11-08T03:21:15.816+0000] {dag.py:3947} INFO - Setting next_dagrun for refresh_intl_dag to 2025-11-07 19:30:00+00:00, run_after=2025-11-14 19:30:00+00:00
[2025-11-08T03:21:15.824+0000] {processor.py:183} INFO - Processing /opt/airflow/dags/qi_refresh_intl.py took 0.534 seconds
[2025-11-08T03:36:46.500+0000] {processor.py:161} INFO - Started process (PID=10180) to work on /opt/airflow/dags/qi_refresh_intl.py
[2025-11-08T03:36:46.500+0000] {processor.py:830} INFO - Processing file /opt/airflow/dags/qi_refresh_intl.py for tasks to queue
[2025-11-08T03:36:46.502+0000] {logging_mixin.py:188} INFO - [2025-11-08T03:36:46.502+0000] {dagbag.py:545} INFO - Filling up the DagBag from /opt/airflow/dags/qi_refresh_intl.py
[2025-11-08T03:36:46.991+0000] {processor.py:840} INFO - DAG(s) 'refresh_intl_dag' retrieved from /opt/airflow/dags/qi_refresh_intl.py
[2025-11-08T03:36:47.005+0000] {logging_mixin.py:188} INFO - [2025-11-08T03:36:47.005+0000] {dag.py:3089} INFO - Sync 1 DAGs
[2025-11-08T03:36:47.018+0000] {logging_mixin.py:188} INFO - [2025-11-08T03:36:47.018+0000] {dag.py:3947} INFO - Setting next_dagrun for refresh_intl_dag to 2025-11-07 19:30:00+00:00, run_after=2025-11-14 19:30:00+00:00
[2025-11-08T03:36:47.026+0000] {processor.py:183} INFO - Processing /opt/airflow/dags/qi_refresh_intl.py took 0.530 seconds
[2025-11-08T03:52:16.200+0000] {processor.py:161} INFO - Started process (PID=10183) to work on /opt/airflow/dags/qi_refresh_intl.py
[2025-11-08T03:52:16.200+0000] {processor.py:830} INFO - Processing file /opt/airflow/dags/qi_refresh_intl.py for tasks to queue
[2025-11-08T03:52:16.201+0000] {logging_mixin.py:188} INFO - [2025-11-08T03:52:16.201+0000] {dagbag.py:545} INFO - Filling up the DagBag from /opt/airflow/dags/qi_refresh_intl.py
[2025-11-08T03:52:16.690+0000] {processor.py:840} INFO - DAG(s) 'refresh_intl_dag' retrieved from /opt/airflow/dags/qi_refresh_intl.py
[2025-11-08T03:52:16.703+0000] {logging_mixin.py:188} INFO - [2025-11-08T03:52:16.703+0000] {dag.py:3089} INFO - Sync 1 DAGs
[2025-11-08T03:52:16.712+0000] {logging_mixin.py:188} INFO - [2025-11-08T03:52:16.712+0000] {dag.py:3947} INFO - Setting next_dagrun for refresh_intl_dag to 2025-11-07 19:30:00+00:00, run_after=2025-11-14 19:30:00+00:00
[2025-11-08T03:52:16.722+0000] {processor.py:183} INFO - Processing /opt/airflow/dags/qi_refresh_intl.py took 0.525 seconds
[2025-11-08T04:22:16.441+0000] {processor.py:161} INFO - Started process (PID=10186) to work on /opt/airflow/dags/qi_refresh_intl.py
[2025-11-08T04:22:16.441+0000] {processor.py:830} INFO - Processing file /opt/airflow/dags/qi_refresh_intl.py for tasks to queue
[2025-11-08T04:22:16.442+0000] {logging_mixin.py:188} INFO - [2025-11-08T04:22:16.442+0000] {dagbag.py:545} INFO - Filling up the DagBag from /opt/airflow/dags/qi_refresh_intl.py
[2025-11-08T04:22:16.974+0000] {processor.py:840} INFO - DAG(s) 'refresh_intl_dag' retrieved from /opt/airflow/dags/qi_refresh_intl.py
[2025-11-08T04:22:16.987+0000] {logging_mixin.py:188} INFO - [2025-11-08T04:22:16.987+0000] {dag.py:3089} INFO - Sync 1 DAGs
[2025-11-08T04:22:16.997+0000] {logging_mixin.py:188} INFO - [2025-11-08T04:22:16.997+0000] {dag.py:3947} INFO - Setting next_dagrun for refresh_intl_dag to 2025-11-07 19:30:00+00:00, run_after=2025-11-14 19:30:00+00:00
[2025-11-08T04:22:17.007+0000] {processor.py:183} INFO - Processing /opt/airflow/dags/qi_refresh_intl.py took 0.570 seconds
[2025-11-08T04:37:47.304+0000] {processor.py:161} INFO - Started process (PID=10189) to work on /opt/airflow/dags/qi_refresh_intl.py
[2025-11-08T04:37:47.304+0000] {processor.py:830} INFO - Processing file /opt/airflow/dags/qi_refresh_intl.py for tasks to queue
[2025-11-08T04:37:47.305+0000] {logging_mixin.py:188} INFO - [2025-11-08T04:37:47.305+0000] {dagbag.py:545} INFO - Filling up the DagBag from /opt/airflow/dags/qi_refresh_intl.py
[2025-11-08T04:37:47.794+0000] {processor.py:840} INFO - DAG(s) 'refresh_intl_dag' retrieved from /opt/airflow/dags/qi_refresh_intl.py
[2025-11-08T04:37:47.807+0000] {logging_mixin.py:188} INFO - [2025-11-08T04:37:47.807+0000] {dag.py:3089} INFO - Sync 1 DAGs
[2025-11-08T04:37:47.817+0000] {logging_mixin.py:188} INFO - [2025-11-08T04:37:47.817+0000] {dag.py:3947} INFO - Setting next_dagrun for refresh_intl_dag to 2025-11-07 19:30:00+00:00, run_after=2025-11-14 19:30:00+00:00
[2025-11-08T04:37:47.825+0000] {processor.py:183} INFO - Processing /opt/airflow/dags/qi_refresh_intl.py took 0.524 seconds
[2025-11-08T04:53:16.977+0000] {processor.py:161} INFO - Started process (PID=10192) to work on /opt/airflow/dags/qi_refresh_intl.py
[2025-11-08T04:53:16.977+0000] {processor.py:830} INFO - Processing file /opt/airflow/dags/qi_refresh_intl.py for tasks to queue
[2025-11-08T04:53:16.979+0000] {logging_mixin.py:188} INFO - [2025-11-08T04:53:16.978+0000] {dagbag.py:545} INFO - Filling up the DagBag from /opt/airflow/dags/qi_refresh_intl.py
[2025-11-08T04:53:17.477+0000] {processor.py:840} INFO - DAG(s) 'refresh_intl_dag' retrieved from /opt/airflow/dags/qi_refresh_intl.py
[2025-11-08T04:53:17.489+0000] {logging_mixin.py:188} INFO - [2025-11-08T04:53:17.489+0000] {dag.py:3089} INFO - Sync 1 DAGs
[2025-11-08T04:53:17.498+0000] {logging_mixin.py:188} INFO - [2025-11-08T04:53:17.498+0000] {dag.py:3947} INFO - Setting next_dagrun for refresh_intl_dag to 2025-11-07 19:30:00+00:00, run_after=2025-11-14 19:30:00+00:00
[2025-11-08T04:53:17.506+0000] {processor.py:183} INFO - Processing /opt/airflow/dags/qi_refresh_intl.py took 0.533 seconds
[2025-11-08T05:23:22.332+0000] {processor.py:161} INFO - Started process (PID=10195) to work on /opt/airflow/dags/qi_refresh_intl.py
[2025-11-08T05:23:22.333+0000] {processor.py:830} INFO - Processing file /opt/airflow/dags/qi_refresh_intl.py for tasks to queue
[2025-11-08T05:23:22.334+0000] {logging_mixin.py:188} INFO - [2025-11-08T05:23:22.334+0000] {dagbag.py:545} INFO - Filling up the DagBag from /opt/airflow/dags/qi_refresh_intl.py
[2025-11-08T05:23:22.822+0000] {processor.py:840} INFO - DAG(s) 'refresh_intl_dag' retrieved from /opt/airflow/dags/qi_refresh_intl.py
[2025-11-08T05:23:22.836+0000] {logging_mixin.py:188} INFO - [2025-11-08T05:23:22.836+0000] {dag.py:3089} INFO - Sync 1 DAGs
[2025-11-08T05:23:22.846+0000] {logging_mixin.py:188} INFO - [2025-11-08T05:23:22.846+0000] {dag.py:3947} INFO - Setting next_dagrun for refresh_intl_dag to 2025-11-07 19:30:00+00:00, run_after=2025-11-14 19:30:00+00:00
[2025-11-08T05:23:22.854+0000] {processor.py:183} INFO - Processing /opt/airflow/dags/qi_refresh_intl.py took 0.525 seconds
[2025-11-08T05:38:51.990+0000] {processor.py:161} INFO - Started process (PID=10198) to work on /opt/airflow/dags/qi_refresh_intl.py
[2025-11-08T05:38:51.991+0000] {processor.py:830} INFO - Processing file /opt/airflow/dags/qi_refresh_intl.py for tasks to queue
[2025-11-08T05:38:51.992+0000] {logging_mixin.py:188} INFO - [2025-11-08T05:38:51.991+0000] {dagbag.py:545} INFO - Filling up the DagBag from /opt/airflow/dags/qi_refresh_intl.py
[2025-11-08T05:38:52.475+0000] {processor.py:840} INFO - DAG(s) 'refresh_intl_dag' retrieved from /opt/airflow/dags/qi_refresh_intl.py
[2025-11-08T05:38:52.487+0000] {logging_mixin.py:188} INFO - [2025-11-08T05:38:52.487+0000] {dag.py:3089} INFO - Sync 1 DAGs
[2025-11-08T05:38:52.496+0000] {logging_mixin.py:188} INFO - [2025-11-08T05:38:52.496+0000] {dag.py:3947} INFO - Setting next_dagrun for refresh_intl_dag to 2025-11-07 19:30:00+00:00, run_after=2025-11-14 19:30:00+00:00
[2025-11-08T05:38:52.505+0000] {processor.py:183} INFO - Processing /opt/airflow/dags/qi_refresh_intl.py took 0.518 seconds
[2025-11-08T05:54:21.728+0000] {processor.py:161} INFO - Started process (PID=10201) to work on /opt/airflow/dags/qi_refresh_intl.py
[2025-11-08T05:54:21.728+0000] {processor.py:830} INFO - Processing file /opt/airflow/dags/qi_refresh_intl.py for tasks to queue
[2025-11-08T05:54:21.730+0000] {logging_mixin.py:188} INFO - [2025-11-08T05:54:21.729+0000] {dagbag.py:545} INFO - Filling up the DagBag from /opt/airflow/dags/qi_refresh_intl.py
[2025-11-08T05:54:22.214+0000] {processor.py:840} INFO - DAG(s) 'refresh_intl_dag' retrieved from /opt/airflow/dags/qi_refresh_intl.py
[2025-11-08T05:54:22.227+0000] {logging_mixin.py:188} INFO - [2025-11-08T05:54:22.227+0000] {dag.py:3089} INFO - Sync 1 DAGs
[2025-11-08T05:54:22.237+0000] {logging_mixin.py:188} INFO - [2025-11-08T05:54:22.236+0000] {dag.py:3947} INFO - Setting next_dagrun for refresh_intl_dag to 2025-11-07 19:30:00+00:00, run_after=2025-11-14 19:30:00+00:00
[2025-11-08T05:54:22.247+0000] {processor.py:183} INFO - Processing /opt/airflow/dags/qi_refresh_intl.py took 0.523 seconds
[2025-11-08T06:24:08.324+0000] {processor.py:161} INFO - Started process (PID=10204) to work on /opt/airflow/dags/qi_refresh_intl.py
[2025-11-08T06:24:08.325+0000] {processor.py:830} INFO - Processing file /opt/airflow/dags/qi_refresh_intl.py for tasks to queue
[2025-11-08T06:24:08.327+0000] {logging_mixin.py:188} INFO - [2025-11-08T06:24:08.326+0000] {dagbag.py:545} INFO - Filling up the DagBag from /opt/airflow/dags/qi_refresh_intl.py
[2025-11-08T06:24:08.837+0000] {processor.py:840} INFO - DAG(s) 'refresh_intl_dag' retrieved from /opt/airflow/dags/qi_refresh_intl.py
[2025-11-08T06:24:08.849+0000] {logging_mixin.py:188} INFO - [2025-11-08T06:24:08.849+0000] {dag.py:3089} INFO - Sync 1 DAGs
[2025-11-08T06:24:08.860+0000] {logging_mixin.py:188} INFO - [2025-11-08T06:24:08.859+0000] {dag.py:3947} INFO - Setting next_dagrun for refresh_intl_dag to 2025-11-07 19:30:00+00:00, run_after=2025-11-14 19:30:00+00:00
[2025-11-08T06:24:08.868+0000] {processor.py:183} INFO - Processing /opt/airflow/dags/qi_refresh_intl.py took 0.547 seconds
[2025-11-08T06:39:38.208+0000] {processor.py:161} INFO - Started process (PID=10207) to work on /opt/airflow/dags/qi_refresh_intl.py
[2025-11-08T06:39:38.208+0000] {processor.py:830} INFO - Processing file /opt/airflow/dags/qi_refresh_intl.py for tasks to queue
[2025-11-08T06:39:38.209+0000] {logging_mixin.py:188} INFO - [2025-11-08T06:39:38.209+0000] {dagbag.py:545} INFO - Filling up the DagBag from /opt/airflow/dags/qi_refresh_intl.py
[2025-11-08T06:39:38.701+0000] {processor.py:840} INFO - DAG(s) 'refresh_intl_dag' retrieved from /opt/airflow/dags/qi_refresh_intl.py
[2025-11-08T06:39:38.715+0000] {logging_mixin.py:188} INFO - [2025-11-08T06:39:38.715+0000] {dag.py:3089} INFO - Sync 1 DAGs
[2025-11-08T06:39:38.725+0000] {logging_mixin.py:188} INFO - [2025-11-08T06:39:38.725+0000] {dag.py:3947} INFO - Setting next_dagrun for refresh_intl_dag to 2025-11-07 19:30:00+00:00, run_after=2025-11-14 19:30:00+00:00
[2025-11-08T06:39:38.734+0000] {processor.py:183} INFO - Processing /opt/airflow/dags/qi_refresh_intl.py took 0.530 seconds
[2025-11-08T06:55:09.492+0000] {processor.py:161} INFO - Started process (PID=10210) to work on /opt/airflow/dags/qi_refresh_intl.py
[2025-11-08T06:55:09.492+0000] {processor.py:830} INFO - Processing file /opt/airflow/dags/qi_refresh_intl.py for tasks to queue
[2025-11-08T06:55:09.493+0000] {logging_mixin.py:188} INFO - [2025-11-08T06:55:09.493+0000] {dagbag.py:545} INFO - Filling up the DagBag from /opt/airflow/dags/qi_refresh_intl.py
[2025-11-08T06:55:09.976+0000] {processor.py:840} INFO - DAG(s) 'refresh_intl_dag' retrieved from /opt/airflow/dags/qi_refresh_intl.py
[2025-11-08T06:55:09.989+0000] {logging_mixin.py:188} INFO - [2025-11-08T06:55:09.989+0000] {dag.py:3089} INFO - Sync 1 DAGs
[2025-11-08T06:55:09.998+0000] {logging_mixin.py:188} INFO - [2025-11-08T06:55:09.998+0000] {dag.py:3947} INFO - Setting next_dagrun for refresh_intl_dag to 2025-11-07 19:30:00+00:00, run_after=2025-11-14 19:30:00+00:00
[2025-11-08T06:55:10.007+0000] {processor.py:183} INFO - Processing /opt/airflow/dags/qi_refresh_intl.py took 0.518 seconds
[2025-11-08T07:25:10.453+0000] {processor.py:161} INFO - Started process (PID=10213) to work on /opt/airflow/dags/qi_refresh_intl.py
[2025-11-08T07:25:10.453+0000] {processor.py:830} INFO - Processing file /opt/airflow/dags/qi_refresh_intl.py for tasks to queue
[2025-11-08T07:25:10.455+0000] {logging_mixin.py:188} INFO - [2025-11-08T07:25:10.455+0000] {dagbag.py:545} INFO - Filling up the DagBag from /opt/airflow/dags/qi_refresh_intl.py
[2025-11-08T07:25:10.952+0000] {processor.py:840} INFO - DAG(s) 'refresh_intl_dag' retrieved from /opt/airflow/dags/qi_refresh_intl.py
[2025-11-08T07:25:10.963+0000] {logging_mixin.py:188} INFO - [2025-11-08T07:25:10.963+0000] {dag.py:3089} INFO - Sync 1 DAGs
[2025-11-08T07:25:10.973+0000] {logging_mixin.py:188} INFO - [2025-11-08T07:25:10.972+0000] {dag.py:3947} INFO - Setting next_dagrun for refresh_intl_dag to 2025-11-07 19:30:00+00:00, run_after=2025-11-14 19:30:00+00:00
[2025-11-08T07:25:10.980+0000] {processor.py:183} INFO - Processing /opt/airflow/dags/qi_refresh_intl.py took 0.530 seconds
[2025-11-08T07:40:40.794+0000] {processor.py:161} INFO - Started process (PID=10216) to work on /opt/airflow/dags/qi_refresh_intl.py
[2025-11-08T07:40:40.794+0000] {processor.py:830} INFO - Processing file /opt/airflow/dags/qi_refresh_intl.py for tasks to queue
[2025-11-08T07:40:40.796+0000] {logging_mixin.py:188} INFO - [2025-11-08T07:40:40.795+0000] {dagbag.py:545} INFO - Filling up the DagBag from /opt/airflow/dags/qi_refresh_intl.py
[2025-11-08T07:40:41.289+0000] {processor.py:840} INFO - DAG(s) 'refresh_intl_dag' retrieved from /opt/airflow/dags/qi_refresh_intl.py
[2025-11-08T07:40:41.301+0000] {logging_mixin.py:188} INFO - [2025-11-08T07:40:41.301+0000] {dag.py:3089} INFO - Sync 1 DAGs
[2025-11-08T07:40:41.310+0000] {logging_mixin.py:188} INFO - [2025-11-08T07:40:41.310+0000] {dag.py:3947} INFO - Setting next_dagrun for refresh_intl_dag to 2025-11-07 19:30:00+00:00, run_after=2025-11-14 19:30:00+00:00
[2025-11-08T07:40:41.319+0000] {processor.py:183} INFO - Processing /opt/airflow/dags/qi_refresh_intl.py took 0.528 seconds
[2025-11-08T08:02:24.008+0000] {processor.py:161} INFO - Started process (PID=10219) to work on /opt/airflow/dags/qi_refresh_intl.py
[2025-11-08T08:02:24.008+0000] {processor.py:830} INFO - Processing file /opt/airflow/dags/qi_refresh_intl.py for tasks to queue
[2025-11-08T08:02:24.009+0000] {logging_mixin.py:188} INFO - [2025-11-08T08:02:24.009+0000] {dagbag.py:545} INFO - Filling up the DagBag from /opt/airflow/dags/qi_refresh_intl.py
[2025-11-08T08:02:24.495+0000] {processor.py:840} INFO - DAG(s) 'refresh_intl_dag' retrieved from /opt/airflow/dags/qi_refresh_intl.py
[2025-11-08T08:02:24.508+0000] {logging_mixin.py:188} INFO - [2025-11-08T08:02:24.508+0000] {dag.py:3089} INFO - Sync 1 DAGs
[2025-11-08T08:02:24.519+0000] {logging_mixin.py:188} INFO - [2025-11-08T08:02:24.519+0000] {dag.py:3947} INFO - Setting next_dagrun for refresh_intl_dag to 2025-11-07 19:30:00+00:00, run_after=2025-11-14 19:30:00+00:00
[2025-11-08T08:02:24.527+0000] {processor.py:183} INFO - Processing /opt/airflow/dags/qi_refresh_intl.py took 0.523 seconds
[2025-11-08T08:26:02.833+0000] {processor.py:161} INFO - Started process (PID=10222) to work on /opt/airflow/dags/qi_refresh_intl.py
[2025-11-08T08:26:02.834+0000] {processor.py:830} INFO - Processing file /opt/airflow/dags/qi_refresh_intl.py for tasks to queue
[2025-11-08T08:26:02.835+0000] {logging_mixin.py:188} INFO - [2025-11-08T08:26:02.835+0000] {dagbag.py:545} INFO - Filling up the DagBag from /opt/airflow/dags/qi_refresh_intl.py
[2025-11-08T08:26:03.347+0000] {processor.py:840} INFO - DAG(s) 'refresh_intl_dag' retrieved from /opt/airflow/dags/qi_refresh_intl.py
[2025-11-08T08:26:03.361+0000] {logging_mixin.py:188} INFO - [2025-11-08T08:26:03.361+0000] {dag.py:3089} INFO - Sync 1 DAGs
[2025-11-08T08:26:03.372+0000] {logging_mixin.py:188} INFO - [2025-11-08T08:26:03.372+0000] {dag.py:3947} INFO - Setting next_dagrun for refresh_intl_dag to 2025-11-07 19:30:00+00:00, run_after=2025-11-14 19:30:00+00:00
[2025-11-08T08:26:03.381+0000] {processor.py:183} INFO - Processing /opt/airflow/dags/qi_refresh_intl.py took 0.551 seconds
[2025-11-08T08:33:48.612+0000] {processor.py:161} INFO - Started process (PID=10225) to work on /opt/airflow/dags/qi_refresh_intl.py
[2025-11-08T08:33:48.613+0000] {processor.py:830} INFO - Processing file /opt/airflow/dags/qi_refresh_intl.py for tasks to queue
[2025-11-08T08:33:48.614+0000] {logging_mixin.py:188} INFO - [2025-11-08T08:33:48.614+0000] {dagbag.py:545} INFO - Filling up the DagBag from /opt/airflow/dags/qi_refresh_intl.py
[2025-11-08T08:33:49.104+0000] {processor.py:840} INFO - DAG(s) 'refresh_intl_dag' retrieved from /opt/airflow/dags/qi_refresh_intl.py
[2025-11-08T08:33:49.117+0000] {logging_mixin.py:188} INFO - [2025-11-08T08:33:49.117+0000] {dag.py:3089} INFO - Sync 1 DAGs
[2025-11-08T08:33:49.126+0000] {logging_mixin.py:188} INFO - [2025-11-08T08:33:49.126+0000] {dag.py:3947} INFO - Setting next_dagrun for refresh_intl_dag to 2025-11-07 19:30:00+00:00, run_after=2025-11-14 19:30:00+00:00
[2025-11-08T08:33:49.135+0000] {processor.py:183} INFO - Processing /opt/airflow/dags/qi_refresh_intl.py took 0.525 seconds
[2025-11-08T08:34:19.451+0000] {processor.py:161} INFO - Started process (PID=10228) to work on /opt/airflow/dags/qi_refresh_intl.py
[2025-11-08T08:34:19.452+0000] {processor.py:830} INFO - Processing file /opt/airflow/dags/qi_refresh_intl.py for tasks to queue
[2025-11-08T08:34:19.454+0000] {logging_mixin.py:188} INFO - [2025-11-08T08:34:19.453+0000] {dagbag.py:545} INFO - Filling up the DagBag from /opt/airflow/dags/qi_refresh_intl.py
[2025-11-08T08:34:19.953+0000] {processor.py:840} INFO - DAG(s) 'refresh_intl_dag' retrieved from /opt/airflow/dags/qi_refresh_intl.py
[2025-11-08T08:34:19.966+0000] {logging_mixin.py:188} INFO - [2025-11-08T08:34:19.966+0000] {dag.py:3089} INFO - Sync 1 DAGs
[2025-11-08T08:34:19.978+0000] {logging_mixin.py:188} INFO - [2025-11-08T08:34:19.978+0000] {dag.py:3947} INFO - Setting next_dagrun for refresh_intl_dag to 2025-11-07 19:30:00+00:00, run_after=2025-11-14 19:30:00+00:00
[2025-11-08T08:34:19.986+0000] {processor.py:183} INFO - Processing /opt/airflow/dags/qi_refresh_intl.py took 0.542 seconds
[2025-11-08T08:34:50.277+0000] {processor.py:161} INFO - Started process (PID=10231) to work on /opt/airflow/dags/qi_refresh_intl.py
[2025-11-08T08:34:50.278+0000] {processor.py:830} INFO - Processing file /opt/airflow/dags/qi_refresh_intl.py for tasks to queue
[2025-11-08T08:34:50.279+0000] {logging_mixin.py:188} INFO - [2025-11-08T08:34:50.279+0000] {dagbag.py:545} INFO - Filling up the DagBag from /opt/airflow/dags/qi_refresh_intl.py
[2025-11-08T08:34:50.771+0000] {processor.py:840} INFO - DAG(s) 'refresh_intl_dag' retrieved from /opt/airflow/dags/qi_refresh_intl.py
[2025-11-08T08:34:50.783+0000] {logging_mixin.py:188} INFO - [2025-11-08T08:34:50.783+0000] {dag.py:3089} INFO - Sync 1 DAGs
[2025-11-08T08:34:50.792+0000] {logging_mixin.py:188} INFO - [2025-11-08T08:34:50.792+0000] {dag.py:3947} INFO - Setting next_dagrun for refresh_intl_dag to 2025-11-07 19:30:00+00:00, run_after=2025-11-14 19:30:00+00:00
[2025-11-08T08:34:50.800+0000] {processor.py:183} INFO - Processing /opt/airflow/dags/qi_refresh_intl.py took 0.527 seconds
[2025-11-08T08:35:21.060+0000] {processor.py:161} INFO - Started process (PID=10234) to work on /opt/airflow/dags/qi_refresh_intl.py
[2025-11-08T08:35:21.061+0000] {processor.py:830} INFO - Processing file /opt/airflow/dags/qi_refresh_intl.py for tasks to queue
[2025-11-08T08:35:21.062+0000] {logging_mixin.py:188} INFO - [2025-11-08T08:35:21.062+0000] {dagbag.py:545} INFO - Filling up the DagBag from /opt/airflow/dags/qi_refresh_intl.py
[2025-11-08T08:35:21.561+0000] {processor.py:840} INFO - DAG(s) 'refresh_intl_dag' retrieved from /opt/airflow/dags/qi_refresh_intl.py
[2025-11-08T08:35:21.574+0000] {logging_mixin.py:188} INFO - [2025-11-08T08:35:21.574+0000] {dag.py:3089} INFO - Sync 1 DAGs
[2025-11-08T08:35:21.584+0000] {logging_mixin.py:188} INFO - [2025-11-08T08:35:21.584+0000] {dag.py:3947} INFO - Setting next_dagrun for refresh_intl_dag to 2025-11-07 19:30:00+00:00, run_after=2025-11-14 19:30:00+00:00
[2025-11-08T08:35:21.593+0000] {processor.py:183} INFO - Processing /opt/airflow/dags/qi_refresh_intl.py took 0.538 seconds
[2025-11-08T08:35:51.890+0000] {processor.py:161} INFO - Started process (PID=10237) to work on /opt/airflow/dags/qi_refresh_intl.py
[2025-11-08T08:35:51.891+0000] {processor.py:830} INFO - Processing file /opt/airflow/dags/qi_refresh_intl.py for tasks to queue
[2025-11-08T08:35:51.894+0000] {logging_mixin.py:188} INFO - [2025-11-08T08:35:51.893+0000] {dagbag.py:545} INFO - Filling up the DagBag from /opt/airflow/dags/qi_refresh_intl.py
[2025-11-08T08:35:52.387+0000] {processor.py:840} INFO - DAG(s) 'refresh_intl_dag' retrieved from /opt/airflow/dags/qi_refresh_intl.py
[2025-11-08T08:35:52.401+0000] {logging_mixin.py:188} INFO - [2025-11-08T08:35:52.401+0000] {dag.py:3089} INFO - Sync 1 DAGs
[2025-11-08T08:35:52.411+0000] {logging_mixin.py:188} INFO - [2025-11-08T08:35:52.411+0000] {dag.py:3947} INFO - Setting next_dagrun for refresh_intl_dag to 2025-11-07 19:30:00+00:00, run_after=2025-11-14 19:30:00+00:00
[2025-11-08T08:35:52.419+0000] {processor.py:183} INFO - Processing /opt/airflow/dags/qi_refresh_intl.py took 0.537 seconds
[2025-11-08T08:36:22.700+0000] {processor.py:161} INFO - Started process (PID=10240) to work on /opt/airflow/dags/qi_refresh_intl.py
[2025-11-08T08:36:22.701+0000] {processor.py:830} INFO - Processing file /opt/airflow/dags/qi_refresh_intl.py for tasks to queue
[2025-11-08T08:36:22.702+0000] {logging_mixin.py:188} INFO - [2025-11-08T08:36:22.702+0000] {dagbag.py:545} INFO - Filling up the DagBag from /opt/airflow/dags/qi_refresh_intl.py
[2025-11-08T08:36:23.186+0000] {processor.py:840} INFO - DAG(s) 'refresh_intl_dag' retrieved from /opt/airflow/dags/qi_refresh_intl.py
[2025-11-08T08:36:23.199+0000] {logging_mixin.py:188} INFO - [2025-11-08T08:36:23.199+0000] {dag.py:3089} INFO - Sync 1 DAGs
[2025-11-08T08:36:23.209+0000] {logging_mixin.py:188} INFO - [2025-11-08T08:36:23.209+0000] {dag.py:3947} INFO - Setting next_dagrun for refresh_intl_dag to 2025-11-07 19:30:00+00:00, run_after=2025-11-14 19:30:00+00:00
[2025-11-08T08:36:23.218+0000] {processor.py:183} INFO - Processing /opt/airflow/dags/qi_refresh_intl.py took 0.523 seconds
[2025-11-08T08:36:53.564+0000] {processor.py:161} INFO - Started process (PID=10243) to work on /opt/airflow/dags/qi_refresh_intl.py
[2025-11-08T08:36:53.565+0000] {processor.py:830} INFO - Processing file /opt/airflow/dags/qi_refresh_intl.py for tasks to queue
[2025-11-08T08:36:53.567+0000] {logging_mixin.py:188} INFO - [2025-11-08T08:36:53.567+0000] {dagbag.py:545} INFO - Filling up the DagBag from /opt/airflow/dags/qi_refresh_intl.py
[2025-11-08T08:36:54.230+0000] {processor.py:840} INFO - DAG(s) 'refresh_intl_dag' retrieved from /opt/airflow/dags/qi_refresh_intl.py
[2025-11-08T08:36:54.244+0000] {logging_mixin.py:188} INFO - [2025-11-08T08:36:54.244+0000] {dag.py:3089} INFO - Sync 1 DAGs
[2025-11-08T08:36:54.254+0000] {logging_mixin.py:188} INFO - [2025-11-08T08:36:54.254+0000] {dag.py:3947} INFO - Setting next_dagrun for refresh_intl_dag to 2025-11-07 19:30:00+00:00, run_after=2025-11-14 19:30:00+00:00
[2025-11-08T08:36:54.265+0000] {processor.py:183} INFO - Processing /opt/airflow/dags/qi_refresh_intl.py took 0.708 seconds
[2025-11-08T09:07:18.832+0000] {processor.py:161} INFO - Started process (PID=10246) to work on /opt/airflow/dags/qi_refresh_intl.py
[2025-11-08T09:07:18.833+0000] {processor.py:830} INFO - Processing file /opt/airflow/dags/qi_refresh_intl.py for tasks to queue
[2025-11-08T09:07:18.834+0000] {logging_mixin.py:188} INFO - [2025-11-08T09:07:18.833+0000] {dagbag.py:545} INFO - Filling up the DagBag from /opt/airflow/dags/qi_refresh_intl.py
[2025-11-08T09:07:19.319+0000] {processor.py:840} INFO - DAG(s) 'refresh_intl_dag' retrieved from /opt/airflow/dags/qi_refresh_intl.py
[2025-11-08T09:07:19.333+0000] {logging_mixin.py:188} INFO - [2025-11-08T09:07:19.333+0000] {dag.py:3089} INFO - Sync 1 DAGs
[2025-11-08T09:07:19.343+0000] {logging_mixin.py:188} INFO - [2025-11-08T09:07:19.343+0000] {dag.py:3947} INFO - Setting next_dagrun for refresh_intl_dag to 2025-11-07 19:30:00+00:00, run_after=2025-11-14 19:30:00+00:00
[2025-11-08T09:07:19.351+0000] {processor.py:183} INFO - Processing /opt/airflow/dags/qi_refresh_intl.py took 0.522 seconds
[2025-11-08T09:22:48.511+0000] {processor.py:161} INFO - Started process (PID=10249) to work on /opt/airflow/dags/qi_refresh_intl.py
[2025-11-08T09:22:48.512+0000] {processor.py:830} INFO - Processing file /opt/airflow/dags/qi_refresh_intl.py for tasks to queue
[2025-11-08T09:22:48.513+0000] {logging_mixin.py:188} INFO - [2025-11-08T09:22:48.513+0000] {dagbag.py:545} INFO - Filling up the DagBag from /opt/airflow/dags/qi_refresh_intl.py
[2025-11-08T09:22:49.000+0000] {processor.py:840} INFO - DAG(s) 'refresh_intl_dag' retrieved from /opt/airflow/dags/qi_refresh_intl.py
[2025-11-08T09:22:49.012+0000] {logging_mixin.py:188} INFO - [2025-11-08T09:22:49.012+0000] {dag.py:3089} INFO - Sync 1 DAGs
[2025-11-08T09:22:49.021+0000] {logging_mixin.py:188} INFO - [2025-11-08T09:22:49.020+0000] {dag.py:3947} INFO - Setting next_dagrun for refresh_intl_dag to 2025-11-07 19:30:00+00:00, run_after=2025-11-14 19:30:00+00:00
[2025-11-08T09:22:49.029+0000] {processor.py:183} INFO - Processing /opt/airflow/dags/qi_refresh_intl.py took 0.521 seconds
[2025-11-08T09:26:08.746+0000] {processor.py:161} INFO - Started process (PID=10252) to work on /opt/airflow/dags/qi_refresh_intl.py
[2025-11-08T09:26:08.747+0000] {processor.py:830} INFO - Processing file /opt/airflow/dags/qi_refresh_intl.py for tasks to queue
[2025-11-08T09:26:08.748+0000] {logging_mixin.py:188} INFO - [2025-11-08T09:26:08.748+0000] {dagbag.py:545} INFO - Filling up the DagBag from /opt/airflow/dags/qi_refresh_intl.py
[2025-11-08T09:26:09.283+0000] {processor.py:840} INFO - DAG(s) 'refresh_intl_dag' retrieved from /opt/airflow/dags/qi_refresh_intl.py
[2025-11-08T09:26:09.294+0000] {logging_mixin.py:188} INFO - [2025-11-08T09:26:09.294+0000] {dag.py:3089} INFO - Sync 1 DAGs
[2025-11-08T09:26:09.304+0000] {logging_mixin.py:188} INFO - [2025-11-08T09:26:09.304+0000] {dag.py:3947} INFO - Setting next_dagrun for refresh_intl_dag to 2025-11-07 19:30:00+00:00, run_after=2025-11-14 19:30:00+00:00
[2025-11-08T09:26:09.313+0000] {processor.py:183} INFO - Processing /opt/airflow/dags/qi_refresh_intl.py took 0.572 seconds
[2025-11-08T09:26:39.589+0000] {processor.py:161} INFO - Started process (PID=10255) to work on /opt/airflow/dags/qi_refresh_intl.py
[2025-11-08T09:26:39.591+0000] {processor.py:830} INFO - Processing file /opt/airflow/dags/qi_refresh_intl.py for tasks to queue
[2025-11-08T09:26:39.593+0000] {logging_mixin.py:188} INFO - [2025-11-08T09:26:39.592+0000] {dagbag.py:545} INFO - Filling up the DagBag from /opt/airflow/dags/qi_refresh_intl.py
[2025-11-08T09:26:40.082+0000] {processor.py:840} INFO - DAG(s) 'refresh_intl_dag' retrieved from /opt/airflow/dags/qi_refresh_intl.py
[2025-11-08T09:26:40.095+0000] {logging_mixin.py:188} INFO - [2025-11-08T09:26:40.095+0000] {dag.py:3089} INFO - Sync 1 DAGs
[2025-11-08T09:26:40.105+0000] {logging_mixin.py:188} INFO - [2025-11-08T09:26:40.105+0000] {dag.py:3947} INFO - Setting next_dagrun for refresh_intl_dag to 2025-11-07 19:30:00+00:00, run_after=2025-11-14 19:30:00+00:00
[2025-11-08T09:26:40.113+0000] {processor.py:183} INFO - Processing /opt/airflow/dags/qi_refresh_intl.py took 0.531 seconds
[2025-11-08T09:27:10.361+0000] {processor.py:161} INFO - Started process (PID=10258) to work on /opt/airflow/dags/qi_refresh_intl.py
[2025-11-08T09:27:10.363+0000] {processor.py:830} INFO - Processing file /opt/airflow/dags/qi_refresh_intl.py for tasks to queue
[2025-11-08T09:27:10.365+0000] {logging_mixin.py:188} INFO - [2025-11-08T09:27:10.365+0000] {dagbag.py:545} INFO - Filling up the DagBag from /opt/airflow/dags/qi_refresh_intl.py
[2025-11-08T09:27:10.868+0000] {processor.py:840} INFO - DAG(s) 'refresh_intl_dag' retrieved from /opt/airflow/dags/qi_refresh_intl.py
[2025-11-08T09:27:10.882+0000] {logging_mixin.py:188} INFO - [2025-11-08T09:27:10.882+0000] {dag.py:3089} INFO - Sync 1 DAGs
[2025-11-08T09:27:10.891+0000] {logging_mixin.py:188} INFO - [2025-11-08T09:27:10.891+0000] {dag.py:3947} INFO - Setting next_dagrun for refresh_intl_dag to 2025-11-07 19:30:00+00:00, run_after=2025-11-14 19:30:00+00:00
[2025-11-08T09:27:10.900+0000] {processor.py:183} INFO - Processing /opt/airflow/dags/qi_refresh_intl.py took 0.546 seconds
[2025-11-08T09:27:41.175+0000] {processor.py:161} INFO - Started process (PID=10261) to work on /opt/airflow/dags/qi_refresh_intl.py
[2025-11-08T09:27:41.177+0000] {processor.py:830} INFO - Processing file /opt/airflow/dags/qi_refresh_intl.py for tasks to queue
[2025-11-08T09:27:41.179+0000] {logging_mixin.py:188} INFO - [2025-11-08T09:27:41.179+0000] {dagbag.py:545} INFO - Filling up the DagBag from /opt/airflow/dags/qi_refresh_intl.py
[2025-11-08T09:27:41.672+0000] {processor.py:840} INFO - DAG(s) 'refresh_intl_dag' retrieved from /opt/airflow/dags/qi_refresh_intl.py
[2025-11-08T09:27:41.686+0000] {logging_mixin.py:188} INFO - [2025-11-08T09:27:41.685+0000] {dag.py:3089} INFO - Sync 1 DAGs
[2025-11-08T09:27:41.695+0000] {logging_mixin.py:188} INFO - [2025-11-08T09:27:41.695+0000] {dag.py:3947} INFO - Setting next_dagrun for refresh_intl_dag to 2025-11-07 19:30:00+00:00, run_after=2025-11-14 19:30:00+00:00
[2025-11-08T09:27:41.703+0000] {processor.py:183} INFO - Processing /opt/airflow/dags/qi_refresh_intl.py took 0.536 seconds
[2025-11-08T09:28:12.207+0000] {processor.py:161} INFO - Started process (PID=10264) to work on /opt/airflow/dags/qi_refresh_intl.py
[2025-11-08T09:28:12.207+0000] {processor.py:830} INFO - Processing file /opt/airflow/dags/qi_refresh_intl.py for tasks to queue
[2025-11-08T09:28:12.209+0000] {logging_mixin.py:188} INFO - [2025-11-08T09:28:12.208+0000] {dagbag.py:545} INFO - Filling up the DagBag from /opt/airflow/dags/qi_refresh_intl.py
[2025-11-08T09:28:12.743+0000] {processor.py:840} INFO - DAG(s) 'refresh_intl_dag' retrieved from /opt/airflow/dags/qi_refresh_intl.py
[2025-11-08T09:28:12.756+0000] {logging_mixin.py:188} INFO - [2025-11-08T09:28:12.756+0000] {dag.py:3089} INFO - Sync 1 DAGs
[2025-11-08T09:28:12.770+0000] {logging_mixin.py:188} INFO - [2025-11-08T09:28:12.769+0000] {dag.py:3947} INFO - Setting next_dagrun for refresh_intl_dag to 2025-11-07 19:30:00+00:00, run_after=2025-11-14 19:30:00+00:00
[2025-11-08T09:28:12.780+0000] {processor.py:183} INFO - Processing /opt/airflow/dags/qi_refresh_intl.py took 0.578 seconds
[2025-11-08T09:58:38.678+0000] {processor.py:161} INFO - Started process (PID=10267) to work on /opt/airflow/dags/qi_refresh_intl.py
[2025-11-08T09:58:38.678+0000] {processor.py:830} INFO - Processing file /opt/airflow/dags/qi_refresh_intl.py for tasks to queue
[2025-11-08T09:58:38.679+0000] {logging_mixin.py:188} INFO - [2025-11-08T09:58:38.679+0000] {dagbag.py:545} INFO - Filling up the DagBag from /opt/airflow/dags/qi_refresh_intl.py
[2025-11-08T09:58:39.188+0000] {processor.py:840} INFO - DAG(s) 'refresh_intl_dag' retrieved from /opt/airflow/dags/qi_refresh_intl.py
[2025-11-08T09:58:39.200+0000] {logging_mixin.py:188} INFO - [2025-11-08T09:58:39.200+0000] {dag.py:3089} INFO - Sync 1 DAGs
[2025-11-08T09:58:39.209+0000] {logging_mixin.py:188} INFO - [2025-11-08T09:58:39.209+0000] {dag.py:3947} INFO - Setting next_dagrun for refresh_intl_dag to 2025-11-07 19:30:00+00:00, run_after=2025-11-14 19:30:00+00:00
[2025-11-08T09:58:39.218+0000] {processor.py:183} INFO - Processing /opt/airflow/dags/qi_refresh_intl.py took 0.543 seconds
[2025-11-08T10:11:58.252+0000] {processor.py:161} INFO - Started process (PID=10270) to work on /opt/airflow/dags/qi_refresh_intl.py
[2025-11-08T10:11:58.252+0000] {processor.py:830} INFO - Processing file /opt/airflow/dags/qi_refresh_intl.py for tasks to queue
[2025-11-08T10:11:58.253+0000] {logging_mixin.py:188} INFO - [2025-11-08T10:11:58.253+0000] {dagbag.py:545} INFO - Filling up the DagBag from /opt/airflow/dags/qi_refresh_intl.py
[2025-11-08T10:11:58.741+0000] {processor.py:840} INFO - DAG(s) 'refresh_intl_dag' retrieved from /opt/airflow/dags/qi_refresh_intl.py
[2025-11-08T10:11:58.756+0000] {logging_mixin.py:188} INFO - [2025-11-08T10:11:58.756+0000] {dag.py:3089} INFO - Sync 1 DAGs
[2025-11-08T10:11:58.767+0000] {logging_mixin.py:188} INFO - [2025-11-08T10:11:58.767+0000] {dag.py:3947} INFO - Setting next_dagrun for refresh_intl_dag to 2025-11-07 19:30:00+00:00, run_after=2025-11-14 19:30:00+00:00
[2025-11-08T10:11:58.782+0000] {processor.py:183} INFO - Processing /opt/airflow/dags/qi_refresh_intl.py took 0.533 seconds
[2025-11-08T10:39:58.339+0000] {processor.py:161} INFO - Started process (PID=10273) to work on /opt/airflow/dags/qi_refresh_intl.py
[2025-11-08T10:39:58.340+0000] {processor.py:830} INFO - Processing file /opt/airflow/dags/qi_refresh_intl.py for tasks to queue
[2025-11-08T10:39:58.342+0000] {logging_mixin.py:188} INFO - [2025-11-08T10:39:58.342+0000] {dagbag.py:545} INFO - Filling up the DagBag from /opt/airflow/dags/qi_refresh_intl.py
[2025-11-08T10:39:58.830+0000] {processor.py:840} INFO - DAG(s) 'refresh_intl_dag' retrieved from /opt/airflow/dags/qi_refresh_intl.py
[2025-11-08T10:39:58.844+0000] {logging_mixin.py:188} INFO - [2025-11-08T10:39:58.844+0000] {dag.py:3089} INFO - Sync 1 DAGs
[2025-11-08T10:39:58.855+0000] {logging_mixin.py:188} INFO - [2025-11-08T10:39:58.855+0000] {dag.py:3947} INFO - Setting next_dagrun for refresh_intl_dag to 2025-11-07 19:30:00+00:00, run_after=2025-11-14 19:30:00+00:00
[2025-11-08T10:39:58.865+0000] {processor.py:183} INFO - Processing /opt/airflow/dags/qi_refresh_intl.py took 0.529 seconds
[2025-11-08T11:07:34.542+0000] {processor.py:161} INFO - Started process (PID=10276) to work on /opt/airflow/dags/qi_refresh_intl.py
[2025-11-08T11:07:34.543+0000] {processor.py:830} INFO - Processing file /opt/airflow/dags/qi_refresh_intl.py for tasks to queue
[2025-11-08T11:07:34.544+0000] {logging_mixin.py:188} INFO - [2025-11-08T11:07:34.544+0000] {dagbag.py:545} INFO - Filling up the DagBag from /opt/airflow/dags/qi_refresh_intl.py
[2025-11-08T11:07:35.046+0000] {processor.py:840} INFO - DAG(s) 'refresh_intl_dag' retrieved from /opt/airflow/dags/qi_refresh_intl.py
[2025-11-08T11:07:35.059+0000] {logging_mixin.py:188} INFO - [2025-11-08T11:07:35.059+0000] {dag.py:3089} INFO - Sync 1 DAGs
[2025-11-08T11:07:35.069+0000] {logging_mixin.py:188} INFO - [2025-11-08T11:07:35.069+0000] {dag.py:3947} INFO - Setting next_dagrun for refresh_intl_dag to 2025-11-07 19:30:00+00:00, run_after=2025-11-14 19:30:00+00:00
[2025-11-08T11:07:35.083+0000] {processor.py:183} INFO - Processing /opt/airflow/dags/qi_refresh_intl.py took 0.544 seconds
[2025-11-08T11:11:55.565+0000] {processor.py:161} INFO - Started process (PID=10279) to work on /opt/airflow/dags/qi_refresh_intl.py
[2025-11-08T11:11:55.565+0000] {processor.py:830} INFO - Processing file /opt/airflow/dags/qi_refresh_intl.py for tasks to queue
[2025-11-08T11:11:55.567+0000] {logging_mixin.py:188} INFO - [2025-11-08T11:11:55.566+0000] {dagbag.py:545} INFO - Filling up the DagBag from /opt/airflow/dags/qi_refresh_intl.py
[2025-11-08T11:11:56.064+0000] {processor.py:840} INFO - DAG(s) 'refresh_intl_dag' retrieved from /opt/airflow/dags/qi_refresh_intl.py
[2025-11-08T11:11:56.077+0000] {logging_mixin.py:188} INFO - [2025-11-08T11:11:56.077+0000] {dag.py:3089} INFO - Sync 1 DAGs
[2025-11-08T11:11:56.086+0000] {logging_mixin.py:188} INFO - [2025-11-08T11:11:56.086+0000] {dag.py:3947} INFO - Setting next_dagrun for refresh_intl_dag to 2025-11-07 19:30:00+00:00, run_after=2025-11-14 19:30:00+00:00
[2025-11-08T11:11:56.095+0000] {processor.py:183} INFO - Processing /opt/airflow/dags/qi_refresh_intl.py took 0.534 seconds
[2025-11-08T11:13:00.868+0000] {processor.py:161} INFO - Started process (PID=10282) to work on /opt/airflow/dags/qi_refresh_intl.py
[2025-11-08T11:13:00.869+0000] {processor.py:830} INFO - Processing file /opt/airflow/dags/qi_refresh_intl.py for tasks to queue
[2025-11-08T11:13:00.870+0000] {logging_mixin.py:188} INFO - [2025-11-08T11:13:00.870+0000] {dagbag.py:545} INFO - Filling up the DagBag from /opt/airflow/dags/qi_refresh_intl.py
[2025-11-08T11:13:01.404+0000] {processor.py:840} INFO - DAG(s) 'refresh_intl_dag' retrieved from /opt/airflow/dags/qi_refresh_intl.py
[2025-11-08T11:13:01.420+0000] {logging_mixin.py:188} INFO - [2025-11-08T11:13:01.420+0000] {dag.py:3089} INFO - Sync 1 DAGs
[2025-11-08T11:13:01.430+0000] {logging_mixin.py:188} INFO - [2025-11-08T11:13:01.430+0000] {dag.py:3947} INFO - Setting next_dagrun for refresh_intl_dag to 2025-11-07 19:30:00+00:00, run_after=2025-11-14 19:30:00+00:00
[2025-11-08T11:13:01.439+0000] {processor.py:183} INFO - Processing /opt/airflow/dags/qi_refresh_intl.py took 0.575 seconds
[2025-11-08T11:44:01.218+0000] {processor.py:161} INFO - Started process (PID=10285) to work on /opt/airflow/dags/qi_refresh_intl.py
[2025-11-08T11:44:01.219+0000] {processor.py:830} INFO - Processing file /opt/airflow/dags/qi_refresh_intl.py for tasks to queue
[2025-11-08T11:44:01.220+0000] {logging_mixin.py:188} INFO - [2025-11-08T11:44:01.220+0000] {dagbag.py:545} INFO - Filling up the DagBag from /opt/airflow/dags/qi_refresh_intl.py
[2025-11-08T11:44:01.731+0000] {processor.py:840} INFO - DAG(s) 'refresh_intl_dag' retrieved from /opt/airflow/dags/qi_refresh_intl.py
[2025-11-08T11:44:01.743+0000] {logging_mixin.py:188} INFO - [2025-11-08T11:44:01.743+0000] {dag.py:3089} INFO - Sync 1 DAGs
[2025-11-08T11:44:01.752+0000] {logging_mixin.py:188} INFO - [2025-11-08T11:44:01.752+0000] {dag.py:3947} INFO - Setting next_dagrun for refresh_intl_dag to 2025-11-07 19:30:00+00:00, run_after=2025-11-14 19:30:00+00:00
[2025-11-08T11:44:01.762+0000] {processor.py:183} INFO - Processing /opt/airflow/dags/qi_refresh_intl.py took 0.547 seconds
[2025-11-08T12:00:49.890+0000] {processor.py:161} INFO - Started process (PID=10288) to work on /opt/airflow/dags/qi_refresh_intl.py
[2025-11-08T12:00:49.890+0000] {processor.py:830} INFO - Processing file /opt/airflow/dags/qi_refresh_intl.py for tasks to queue
[2025-11-08T12:00:49.891+0000] {logging_mixin.py:188} INFO - [2025-11-08T12:00:49.891+0000] {dagbag.py:545} INFO - Filling up the DagBag from /opt/airflow/dags/qi_refresh_intl.py
[2025-11-08T12:00:50.397+0000] {processor.py:840} INFO - DAG(s) 'refresh_intl_dag' retrieved from /opt/airflow/dags/qi_refresh_intl.py
[2025-11-08T12:00:50.412+0000] {logging_mixin.py:188} INFO - [2025-11-08T12:00:50.411+0000] {dag.py:3089} INFO - Sync 1 DAGs
[2025-11-08T12:00:50.423+0000] {logging_mixin.py:188} INFO - [2025-11-08T12:00:50.423+0000] {dag.py:3947} INFO - Setting next_dagrun for refresh_intl_dag to 2025-11-07 19:30:00+00:00, run_after=2025-11-14 19:30:00+00:00
[2025-11-08T12:00:50.435+0000] {processor.py:183} INFO - Processing /opt/airflow/dags/qi_refresh_intl.py took 0.548 seconds
[2025-11-08T12:16:19.681+0000] {processor.py:161} INFO - Started process (PID=10291) to work on /opt/airflow/dags/qi_refresh_intl.py
[2025-11-08T12:16:19.681+0000] {processor.py:830} INFO - Processing file /opt/airflow/dags/qi_refresh_intl.py for tasks to queue
[2025-11-08T12:16:19.682+0000] {logging_mixin.py:188} INFO - [2025-11-08T12:16:19.682+0000] {dagbag.py:545} INFO - Filling up the DagBag from /opt/airflow/dags/qi_refresh_intl.py
[2025-11-08T12:16:20.170+0000] {processor.py:840} INFO - DAG(s) 'refresh_intl_dag' retrieved from /opt/airflow/dags/qi_refresh_intl.py
[2025-11-08T12:16:20.183+0000] {logging_mixin.py:188} INFO - [2025-11-08T12:16:20.183+0000] {dag.py:3089} INFO - Sync 1 DAGs
[2025-11-08T12:16:20.192+0000] {logging_mixin.py:188} INFO - [2025-11-08T12:16:20.192+0000] {dag.py:3947} INFO - Setting next_dagrun for refresh_intl_dag to 2025-11-07 19:30:00+00:00, run_after=2025-11-14 19:30:00+00:00
[2025-11-08T12:16:20.200+0000] {processor.py:183} INFO - Processing /opt/airflow/dags/qi_refresh_intl.py took 0.522 seconds
[2025-11-08T12:44:51.248+0000] {processor.py:161} INFO - Started process (PID=10294) to work on /opt/airflow/dags/qi_refresh_intl.py
[2025-11-08T12:44:51.248+0000] {processor.py:830} INFO - Processing file /opt/airflow/dags/qi_refresh_intl.py for tasks to queue
[2025-11-08T12:44:51.249+0000] {logging_mixin.py:188} INFO - [2025-11-08T12:44:51.249+0000] {dagbag.py:545} INFO - Filling up the DagBag from /opt/airflow/dags/qi_refresh_intl.py
[2025-11-08T12:44:51.740+0000] {processor.py:840} INFO - DAG(s) 'refresh_intl_dag' retrieved from /opt/airflow/dags/qi_refresh_intl.py
[2025-11-08T12:44:51.758+0000] {logging_mixin.py:188} INFO - [2025-11-08T12:44:51.758+0000] {dag.py:3089} INFO - Sync 1 DAGs
[2025-11-08T12:44:51.767+0000] {logging_mixin.py:188} INFO - [2025-11-08T12:44:51.767+0000] {dag.py:3947} INFO - Setting next_dagrun for refresh_intl_dag to 2025-11-07 19:30:00+00:00, run_after=2025-11-14 19:30:00+00:00
[2025-11-08T12:44:51.782+0000] {processor.py:183} INFO - Processing /opt/airflow/dags/qi_refresh_intl.py took 0.538 seconds
[2025-11-08T13:00:20.783+0000] {processor.py:161} INFO - Started process (PID=10297) to work on /opt/airflow/dags/qi_refresh_intl.py
[2025-11-08T13:00:20.783+0000] {processor.py:830} INFO - Processing file /opt/airflow/dags/qi_refresh_intl.py for tasks to queue
[2025-11-08T13:00:20.785+0000] {logging_mixin.py:188} INFO - [2025-11-08T13:00:20.785+0000] {dagbag.py:545} INFO - Filling up the DagBag from /opt/airflow/dags/qi_refresh_intl.py
[2025-11-08T13:00:21.284+0000] {processor.py:840} INFO - DAG(s) 'refresh_intl_dag' retrieved from /opt/airflow/dags/qi_refresh_intl.py
[2025-11-08T13:00:21.299+0000] {logging_mixin.py:188} INFO - [2025-11-08T13:00:21.299+0000] {dag.py:3089} INFO - Sync 1 DAGs
[2025-11-08T13:00:21.308+0000] {logging_mixin.py:188} INFO - [2025-11-08T13:00:21.308+0000] {dag.py:3947} INFO - Setting next_dagrun for refresh_intl_dag to 2025-11-07 19:30:00+00:00, run_after=2025-11-14 19:30:00+00:00
[2025-11-08T13:00:21.320+0000] {processor.py:183} INFO - Processing /opt/airflow/dags/qi_refresh_intl.py took 0.541 seconds
[2025-11-08T13:15:51.989+0000] {processor.py:161} INFO - Started process (PID=10300) to work on /opt/airflow/dags/qi_refresh_intl.py
[2025-11-08T13:15:51.990+0000] {processor.py:830} INFO - Processing file /opt/airflow/dags/qi_refresh_intl.py for tasks to queue
[2025-11-08T13:15:51.991+0000] {logging_mixin.py:188} INFO - [2025-11-08T13:15:51.991+0000] {dagbag.py:545} INFO - Filling up the DagBag from /opt/airflow/dags/qi_refresh_intl.py
[2025-11-08T13:15:52.518+0000] {processor.py:840} INFO - DAG(s) 'refresh_intl_dag' retrieved from /opt/airflow/dags/qi_refresh_intl.py
[2025-11-08T13:15:52.532+0000] {logging_mixin.py:188} INFO - [2025-11-08T13:15:52.532+0000] {dag.py:3089} INFO - Sync 1 DAGs
[2025-11-08T13:15:52.545+0000] {logging_mixin.py:188} INFO - [2025-11-08T13:15:52.544+0000] {dag.py:3947} INFO - Setting next_dagrun for refresh_intl_dag to 2025-11-07 19:30:00+00:00, run_after=2025-11-14 19:30:00+00:00
[2025-11-08T13:15:52.554+0000] {processor.py:183} INFO - Processing /opt/airflow/dags/qi_refresh_intl.py took 0.568 seconds
[2025-11-08T13:45:53.520+0000] {processor.py:161} INFO - Started process (PID=10303) to work on /opt/airflow/dags/qi_refresh_intl.py
[2025-11-08T13:45:53.520+0000] {processor.py:830} INFO - Processing file /opt/airflow/dags/qi_refresh_intl.py for tasks to queue
[2025-11-08T13:45:53.521+0000] {logging_mixin.py:188} INFO - [2025-11-08T13:45:53.521+0000] {dagbag.py:545} INFO - Filling up the DagBag from /opt/airflow/dags/qi_refresh_intl.py
[2025-11-08T13:45:54.024+0000] {processor.py:840} INFO - DAG(s) 'refresh_intl_dag' retrieved from /opt/airflow/dags/qi_refresh_intl.py
[2025-11-08T13:45:54.037+0000] {logging_mixin.py:188} INFO - [2025-11-08T13:45:54.036+0000] {dag.py:3089} INFO - Sync 1 DAGs
[2025-11-08T13:45:54.046+0000] {logging_mixin.py:188} INFO - [2025-11-08T13:45:54.046+0000] {dag.py:3947} INFO - Setting next_dagrun for refresh_intl_dag to 2025-11-07 19:30:00+00:00, run_after=2025-11-14 19:30:00+00:00
[2025-11-08T13:45:54.054+0000] {processor.py:183} INFO - Processing /opt/airflow/dags/qi_refresh_intl.py took 0.537 seconds
[2025-11-08T13:52:27.843+0000] {processor.py:161} INFO - Started process (PID=10306) to work on /opt/airflow/dags/qi_refresh_intl.py
[2025-11-08T13:52:27.844+0000] {processor.py:830} INFO - Processing file /opt/airflow/dags/qi_refresh_intl.py for tasks to queue
[2025-11-08T13:52:27.845+0000] {logging_mixin.py:188} INFO - [2025-11-08T13:52:27.845+0000] {dagbag.py:545} INFO - Filling up the DagBag from /opt/airflow/dags/qi_refresh_intl.py
[2025-11-08T13:52:28.325+0000] {processor.py:840} INFO - DAG(s) 'refresh_intl_dag' retrieved from /opt/airflow/dags/qi_refresh_intl.py
[2025-11-08T13:52:28.338+0000] {logging_mixin.py:188} INFO - [2025-11-08T13:52:28.338+0000] {dag.py:3089} INFO - Sync 1 DAGs
[2025-11-08T13:52:28.348+0000] {logging_mixin.py:188} INFO - [2025-11-08T13:52:28.348+0000] {dag.py:3947} INFO - Setting next_dagrun for refresh_intl_dag to 2025-11-07 19:30:00+00:00, run_after=2025-11-14 19:30:00+00:00
[2025-11-08T13:52:28.355+0000] {processor.py:183} INFO - Processing /opt/airflow/dags/qi_refresh_intl.py took 0.515 seconds
[2025-11-08T14:08:19.901+0000] {processor.py:161} INFO - Started process (PID=10309) to work on /opt/airflow/dags/qi_refresh_intl.py
[2025-11-08T14:08:19.902+0000] {processor.py:830} INFO - Processing file /opt/airflow/dags/qi_refresh_intl.py for tasks to queue
[2025-11-08T14:08:19.903+0000] {logging_mixin.py:188} INFO - [2025-11-08T14:08:19.903+0000] {dagbag.py:545} INFO - Filling up the DagBag from /opt/airflow/dags/qi_refresh_intl.py
[2025-11-08T14:08:20.403+0000] {processor.py:840} INFO - DAG(s) 'refresh_intl_dag' retrieved from /opt/airflow/dags/qi_refresh_intl.py
[2025-11-08T14:08:20.416+0000] {logging_mixin.py:188} INFO - [2025-11-08T14:08:20.416+0000] {dag.py:3089} INFO - Sync 1 DAGs
[2025-11-08T14:08:20.425+0000] {logging_mixin.py:188} INFO - [2025-11-08T14:08:20.425+0000] {dag.py:3947} INFO - Setting next_dagrun for refresh_intl_dag to 2025-11-07 19:30:00+00:00, run_after=2025-11-14 19:30:00+00:00
[2025-11-08T14:08:20.434+0000] {processor.py:183} INFO - Processing /opt/airflow/dags/qi_refresh_intl.py took 0.536 seconds
[2025-11-08T14:23:50.339+0000] {processor.py:161} INFO - Started process (PID=10312) to work on /opt/airflow/dags/qi_refresh_intl.py
[2025-11-08T14:23:50.339+0000] {processor.py:830} INFO - Processing file /opt/airflow/dags/qi_refresh_intl.py for tasks to queue
[2025-11-08T14:23:50.340+0000] {logging_mixin.py:188} INFO - [2025-11-08T14:23:50.340+0000] {dagbag.py:545} INFO - Filling up the DagBag from /opt/airflow/dags/qi_refresh_intl.py
[2025-11-08T14:23:50.833+0000] {processor.py:840} INFO - DAG(s) 'refresh_intl_dag' retrieved from /opt/airflow/dags/qi_refresh_intl.py
[2025-11-08T14:23:50.846+0000] {logging_mixin.py:188} INFO - [2025-11-08T14:23:50.846+0000] {dag.py:3089} INFO - Sync 1 DAGs
[2025-11-08T14:23:50.855+0000] {logging_mixin.py:188} INFO - [2025-11-08T14:23:50.855+0000] {dag.py:3947} INFO - Setting next_dagrun for refresh_intl_dag to 2025-11-07 19:30:00+00:00, run_after=2025-11-14 19:30:00+00:00
[2025-11-08T14:23:50.866+0000] {processor.py:183} INFO - Processing /opt/airflow/dags/qi_refresh_intl.py took 0.530 seconds
[2025-11-08T14:47:07.963+0000] {processor.py:161} INFO - Started process (PID=10315) to work on /opt/airflow/dags/qi_refresh_intl.py
[2025-11-08T14:47:07.963+0000] {processor.py:830} INFO - Processing file /opt/airflow/dags/qi_refresh_intl.py for tasks to queue
[2025-11-08T14:47:07.965+0000] {logging_mixin.py:188} INFO - [2025-11-08T14:47:07.964+0000] {dagbag.py:545} INFO - Filling up the DagBag from /opt/airflow/dags/qi_refresh_intl.py
[2025-11-08T14:47:08.452+0000] {processor.py:840} INFO - DAG(s) 'refresh_intl_dag' retrieved from /opt/airflow/dags/qi_refresh_intl.py
[2025-11-08T14:47:08.466+0000] {logging_mixin.py:188} INFO - [2025-11-08T14:47:08.466+0000] {dag.py:3089} INFO - Sync 1 DAGs
[2025-11-08T14:47:08.475+0000] {logging_mixin.py:188} INFO - [2025-11-08T14:47:08.475+0000] {dag.py:3947} INFO - Setting next_dagrun for refresh_intl_dag to 2025-11-07 19:30:00+00:00, run_after=2025-11-14 19:30:00+00:00
[2025-11-08T14:47:08.484+0000] {processor.py:183} INFO - Processing /opt/airflow/dags/qi_refresh_intl.py took 0.524 seconds
[2025-11-08T15:02:38.378+0000] {processor.py:161} INFO - Started process (PID=10318) to work on /opt/airflow/dags/qi_refresh_intl.py
[2025-11-08T15:02:38.379+0000] {processor.py:830} INFO - Processing file /opt/airflow/dags/qi_refresh_intl.py for tasks to queue
[2025-11-08T15:02:38.380+0000] {logging_mixin.py:188} INFO - [2025-11-08T15:02:38.380+0000] {dagbag.py:545} INFO - Filling up the DagBag from /opt/airflow/dags/qi_refresh_intl.py
[2025-11-08T15:02:38.877+0000] {processor.py:840} INFO - DAG(s) 'refresh_intl_dag' retrieved from /opt/airflow/dags/qi_refresh_intl.py
[2025-11-08T15:02:38.889+0000] {logging_mixin.py:188} INFO - [2025-11-08T15:02:38.889+0000] {dag.py:3089} INFO - Sync 1 DAGs
[2025-11-08T15:02:38.899+0000] {logging_mixin.py:188} INFO - [2025-11-08T15:02:38.899+0000] {dag.py:3947} INFO - Setting next_dagrun for refresh_intl_dag to 2025-11-07 19:30:00+00:00, run_after=2025-11-14 19:30:00+00:00
[2025-11-08T15:02:38.908+0000] {processor.py:183} INFO - Processing /opt/airflow/dags/qi_refresh_intl.py took 0.532 seconds
[2025-11-08T15:18:08.853+0000] {processor.py:161} INFO - Started process (PID=10321) to work on /opt/airflow/dags/qi_refresh_intl.py
[2025-11-08T15:18:08.854+0000] {processor.py:830} INFO - Processing file /opt/airflow/dags/qi_refresh_intl.py for tasks to queue
[2025-11-08T15:18:08.856+0000] {logging_mixin.py:188} INFO - [2025-11-08T15:18:08.855+0000] {dagbag.py:545} INFO - Filling up the DagBag from /opt/airflow/dags/qi_refresh_intl.py
[2025-11-08T15:18:09.373+0000] {processor.py:840} INFO - DAG(s) 'refresh_intl_dag' retrieved from /opt/airflow/dags/qi_refresh_intl.py
[2025-11-08T15:18:09.385+0000] {logging_mixin.py:188} INFO - [2025-11-08T15:18:09.384+0000] {dag.py:3089} INFO - Sync 1 DAGs
[2025-11-08T15:18:09.395+0000] {logging_mixin.py:188} INFO - [2025-11-08T15:18:09.395+0000] {dag.py:3947} INFO - Setting next_dagrun for refresh_intl_dag to 2025-11-07 19:30:00+00:00, run_after=2025-11-14 19:30:00+00:00
[2025-11-08T15:18:09.403+0000] {processor.py:183} INFO - Processing /opt/airflow/dags/qi_refresh_intl.py took 0.553 seconds
[2025-11-08T15:48:11.808+0000] {processor.py:161} INFO - Started process (PID=10324) to work on /opt/airflow/dags/qi_refresh_intl.py
[2025-11-08T15:48:11.808+0000] {processor.py:830} INFO - Processing file /opt/airflow/dags/qi_refresh_intl.py for tasks to queue
[2025-11-08T15:48:11.809+0000] {logging_mixin.py:188} INFO - [2025-11-08T15:48:11.809+0000] {dagbag.py:545} INFO - Filling up the DagBag from /opt/airflow/dags/qi_refresh_intl.py
[2025-11-08T15:48:12.306+0000] {processor.py:840} INFO - DAG(s) 'refresh_intl_dag' retrieved from /opt/airflow/dags/qi_refresh_intl.py
[2025-11-08T15:48:12.320+0000] {logging_mixin.py:188} INFO - [2025-11-08T15:48:12.319+0000] {dag.py:3089} INFO - Sync 1 DAGs
[2025-11-08T15:48:12.329+0000] {logging_mixin.py:188} INFO - [2025-11-08T15:48:12.328+0000] {dag.py:3947} INFO - Setting next_dagrun for refresh_intl_dag to 2025-11-07 19:30:00+00:00, run_after=2025-11-14 19:30:00+00:00
[2025-11-08T15:48:12.337+0000] {processor.py:183} INFO - Processing /opt/airflow/dags/qi_refresh_intl.py took 0.533 seconds
[2025-11-08T16:03:42.564+0000] {processor.py:161} INFO - Started process (PID=10327) to work on /opt/airflow/dags/qi_refresh_intl.py
[2025-11-08T16:03:42.565+0000] {processor.py:830} INFO - Processing file /opt/airflow/dags/qi_refresh_intl.py for tasks to queue
[2025-11-08T16:03:42.566+0000] {logging_mixin.py:188} INFO - [2025-11-08T16:03:42.566+0000] {dagbag.py:545} INFO - Filling up the DagBag from /opt/airflow/dags/qi_refresh_intl.py
[2025-11-08T16:03:43.240+0000] {processor.py:840} INFO - DAG(s) 'refresh_intl_dag' retrieved from /opt/airflow/dags/qi_refresh_intl.py
[2025-11-08T16:03:43.254+0000] {logging_mixin.py:188} INFO - [2025-11-08T16:03:43.254+0000] {dag.py:3089} INFO - Sync 1 DAGs
[2025-11-08T16:03:43.264+0000] {logging_mixin.py:188} INFO - [2025-11-08T16:03:43.264+0000] {dag.py:3947} INFO - Setting next_dagrun for refresh_intl_dag to 2025-11-07 19:30:00+00:00, run_after=2025-11-14 19:30:00+00:00
[2025-11-08T16:03:43.273+0000] {processor.py:183} INFO - Processing /opt/airflow/dags/qi_refresh_intl.py took 0.712 seconds
[2025-11-08T16:33:48.337+0000] {processor.py:161} INFO - Started process (PID=10330) to work on /opt/airflow/dags/qi_refresh_intl.py
[2025-11-08T16:33:48.337+0000] {processor.py:830} INFO - Processing file /opt/airflow/dags/qi_refresh_intl.py for tasks to queue
[2025-11-08T16:33:48.338+0000] {logging_mixin.py:188} INFO - [2025-11-08T16:33:48.338+0000] {dagbag.py:545} INFO - Filling up the DagBag from /opt/airflow/dags/qi_refresh_intl.py
[2025-11-08T16:33:48.840+0000] {processor.py:840} INFO - DAG(s) 'refresh_intl_dag' retrieved from /opt/airflow/dags/qi_refresh_intl.py
[2025-11-08T16:33:48.852+0000] {logging_mixin.py:188} INFO - [2025-11-08T16:33:48.852+0000] {dag.py:3089} INFO - Sync 1 DAGs
[2025-11-08T16:33:48.862+0000] {logging_mixin.py:188} INFO - [2025-11-08T16:33:48.862+0000] {dag.py:3947} INFO - Setting next_dagrun for refresh_intl_dag to 2025-11-07 19:30:00+00:00, run_after=2025-11-14 19:30:00+00:00
[2025-11-08T16:33:48.870+0000] {processor.py:183} INFO - Processing /opt/airflow/dags/qi_refresh_intl.py took 0.537 seconds
[2025-11-08T16:49:52.326+0000] {processor.py:161} INFO - Started process (PID=10333) to work on /opt/airflow/dags/qi_refresh_intl.py
[2025-11-08T16:49:52.327+0000] {processor.py:830} INFO - Processing file /opt/airflow/dags/qi_refresh_intl.py for tasks to queue
[2025-11-08T16:49:52.328+0000] {logging_mixin.py:188} INFO - [2025-11-08T16:49:52.327+0000] {dagbag.py:545} INFO - Filling up the DagBag from /opt/airflow/dags/qi_refresh_intl.py
[2025-11-08T16:49:52.812+0000] {processor.py:840} INFO - DAG(s) 'refresh_intl_dag' retrieved from /opt/airflow/dags/qi_refresh_intl.py
[2025-11-08T16:49:52.824+0000] {logging_mixin.py:188} INFO - [2025-11-08T16:49:52.824+0000] {dag.py:3089} INFO - Sync 1 DAGs
[2025-11-08T16:49:52.834+0000] {logging_mixin.py:188} INFO - [2025-11-08T16:49:52.833+0000] {dag.py:3947} INFO - Setting next_dagrun for refresh_intl_dag to 2025-11-07 19:30:00+00:00, run_after=2025-11-14 19:30:00+00:00
[2025-11-08T16:49:52.842+0000] {processor.py:183} INFO - Processing /opt/airflow/dags/qi_refresh_intl.py took 0.520 seconds
[2025-11-08T17:20:24.555+0000] {processor.py:161} INFO - Started process (PID=10336) to work on /opt/airflow/dags/qi_refresh_intl.py
[2025-11-08T17:20:24.555+0000] {processor.py:830} INFO - Processing file /opt/airflow/dags/qi_refresh_intl.py for tasks to queue
[2025-11-08T17:20:24.556+0000] {logging_mixin.py:188} INFO - [2025-11-08T17:20:24.556+0000] {dagbag.py:545} INFO - Filling up the DagBag from /opt/airflow/dags/qi_refresh_intl.py
[2025-11-08T17:20:25.041+0000] {processor.py:840} INFO - DAG(s) 'refresh_intl_dag' retrieved from /opt/airflow/dags/qi_refresh_intl.py
[2025-11-08T17:20:25.054+0000] {logging_mixin.py:188} INFO - [2025-11-08T17:20:25.054+0000] {dag.py:3089} INFO - Sync 1 DAGs
[2025-11-08T17:20:25.065+0000] {logging_mixin.py:188} INFO - [2025-11-08T17:20:25.065+0000] {dag.py:3947} INFO - Setting next_dagrun for refresh_intl_dag to 2025-11-07 19:30:00+00:00, run_after=2025-11-14 19:30:00+00:00
[2025-11-08T17:20:25.075+0000] {processor.py:183} INFO - Processing /opt/airflow/dags/qi_refresh_intl.py took 0.523 seconds
[2025-11-08T17:23:23.729+0000] {processor.py:161} INFO - Started process (PID=10339) to work on /opt/airflow/dags/qi_refresh_intl.py
[2025-11-08T17:23:23.730+0000] {processor.py:830} INFO - Processing file /opt/airflow/dags/qi_refresh_intl.py for tasks to queue
[2025-11-08T17:23:23.732+0000] {logging_mixin.py:188} INFO - [2025-11-08T17:23:23.732+0000] {dagbag.py:545} INFO - Filling up the DagBag from /opt/airflow/dags/qi_refresh_intl.py
[2025-11-08T17:23:24.219+0000] {processor.py:840} INFO - DAG(s) 'refresh_intl_dag' retrieved from /opt/airflow/dags/qi_refresh_intl.py
[2025-11-08T17:23:24.233+0000] {logging_mixin.py:188} INFO - [2025-11-08T17:23:24.233+0000] {dag.py:3089} INFO - Sync 1 DAGs
[2025-11-08T17:23:24.243+0000] {logging_mixin.py:188} INFO - [2025-11-08T17:23:24.243+0000] {dag.py:3947} INFO - Setting next_dagrun for refresh_intl_dag to 2025-11-07 19:30:00+00:00, run_after=2025-11-14 19:30:00+00:00
[2025-11-08T17:23:24.252+0000] {processor.py:183} INFO - Processing /opt/airflow/dags/qi_refresh_intl.py took 0.529 seconds
[2025-11-08T18:02:12.680+0000] {processor.py:161} INFO - Started process (PID=10342) to work on /opt/airflow/dags/qi_refresh_intl.py
[2025-11-08T18:02:12.680+0000] {processor.py:830} INFO - Processing file /opt/airflow/dags/qi_refresh_intl.py for tasks to queue
[2025-11-08T18:02:12.681+0000] {logging_mixin.py:188} INFO - [2025-11-08T18:02:12.681+0000] {dagbag.py:545} INFO - Filling up the DagBag from /opt/airflow/dags/qi_refresh_intl.py
[2025-11-08T18:02:13.164+0000] {processor.py:840} INFO - DAG(s) 'refresh_intl_dag' retrieved from /opt/airflow/dags/qi_refresh_intl.py
[2025-11-08T18:02:13.177+0000] {logging_mixin.py:188} INFO - [2025-11-08T18:02:13.176+0000] {dag.py:3089} INFO - Sync 1 DAGs
[2025-11-08T18:02:13.186+0000] {logging_mixin.py:188} INFO - [2025-11-08T18:02:13.186+0000] {dag.py:3947} INFO - Setting next_dagrun for refresh_intl_dag to 2025-11-07 19:30:00+00:00, run_after=2025-11-14 19:30:00+00:00
[2025-11-08T18:02:13.194+0000] {processor.py:183} INFO - Processing /opt/airflow/dags/qi_refresh_intl.py took 0.518 seconds
[2025-11-08T18:17:42.486+0000] {processor.py:161} INFO - Started process (PID=10345) to work on /opt/airflow/dags/qi_refresh_intl.py
[2025-11-08T18:17:42.487+0000] {processor.py:830} INFO - Processing file /opt/airflow/dags/qi_refresh_intl.py for tasks to queue
[2025-11-08T18:17:42.488+0000] {logging_mixin.py:188} INFO - [2025-11-08T18:17:42.487+0000] {dagbag.py:545} INFO - Filling up the DagBag from /opt/airflow/dags/qi_refresh_intl.py
[2025-11-08T18:17:42.978+0000] {processor.py:840} INFO - DAG(s) 'refresh_intl_dag' retrieved from /opt/airflow/dags/qi_refresh_intl.py
[2025-11-08T18:17:42.990+0000] {logging_mixin.py:188} INFO - [2025-11-08T18:17:42.989+0000] {dag.py:3089} INFO - Sync 1 DAGs
[2025-11-08T18:17:42.999+0000] {logging_mixin.py:188} INFO - [2025-11-08T18:17:42.998+0000] {dag.py:3947} INFO - Setting next_dagrun for refresh_intl_dag to 2025-11-07 19:30:00+00:00, run_after=2025-11-14 19:30:00+00:00
[2025-11-08T18:17:43.007+0000] {processor.py:183} INFO - Processing /opt/airflow/dags/qi_refresh_intl.py took 0.524 seconds
[2025-11-08T18:50:58.129+0000] {processor.py:161} INFO - Started process (PID=10348) to work on /opt/airflow/dags/qi_refresh_intl.py
[2025-11-08T18:50:58.130+0000] {processor.py:830} INFO - Processing file /opt/airflow/dags/qi_refresh_intl.py for tasks to queue
[2025-11-08T18:50:58.131+0000] {logging_mixin.py:188} INFO - [2025-11-08T18:50:58.131+0000] {dagbag.py:545} INFO - Filling up the DagBag from /opt/airflow/dags/qi_refresh_intl.py
[2025-11-08T18:50:58.617+0000] {processor.py:840} INFO - DAG(s) 'refresh_intl_dag' retrieved from /opt/airflow/dags/qi_refresh_intl.py
[2025-11-08T18:50:58.629+0000] {logging_mixin.py:188} INFO - [2025-11-08T18:50:58.629+0000] {dag.py:3089} INFO - Sync 1 DAGs
[2025-11-08T18:50:58.639+0000] {logging_mixin.py:188} INFO - [2025-11-08T18:50:58.639+0000] {dag.py:3947} INFO - Setting next_dagrun for refresh_intl_dag to 2025-11-07 19:30:00+00:00, run_after=2025-11-14 19:30:00+00:00
[2025-11-08T18:50:58.647+0000] {processor.py:183} INFO - Processing /opt/airflow/dags/qi_refresh_intl.py took 0.521 seconds
[2025-11-08T19:06:28.770+0000] {processor.py:161} INFO - Started process (PID=10351) to work on /opt/airflow/dags/qi_refresh_intl.py
[2025-11-08T19:06:28.770+0000] {processor.py:830} INFO - Processing file /opt/airflow/dags/qi_refresh_intl.py for tasks to queue
[2025-11-08T19:06:28.771+0000] {logging_mixin.py:188} INFO - [2025-11-08T19:06:28.771+0000] {dagbag.py:545} INFO - Filling up the DagBag from /opt/airflow/dags/qi_refresh_intl.py
[2025-11-08T19:06:29.262+0000] {processor.py:840} INFO - DAG(s) 'refresh_intl_dag' retrieved from /opt/airflow/dags/qi_refresh_intl.py
[2025-11-08T19:06:29.275+0000] {logging_mixin.py:188} INFO - [2025-11-08T19:06:29.275+0000] {dag.py:3089} INFO - Sync 1 DAGs
[2025-11-08T19:06:29.285+0000] {logging_mixin.py:188} INFO - [2025-11-08T19:06:29.284+0000] {dag.py:3947} INFO - Setting next_dagrun for refresh_intl_dag to 2025-11-07 19:30:00+00:00, run_after=2025-11-14 19:30:00+00:00
[2025-11-08T19:06:29.294+0000] {processor.py:183} INFO - Processing /opt/airflow/dags/qi_refresh_intl.py took 0.528 seconds
[2025-11-08T19:21:59.903+0000] {processor.py:161} INFO - Started process (PID=10354) to work on /opt/airflow/dags/qi_refresh_intl.py
[2025-11-08T19:21:59.903+0000] {processor.py:830} INFO - Processing file /opt/airflow/dags/qi_refresh_intl.py for tasks to queue
[2025-11-08T19:21:59.905+0000] {logging_mixin.py:188} INFO - [2025-11-08T19:21:59.905+0000] {dagbag.py:545} INFO - Filling up the DagBag from /opt/airflow/dags/qi_refresh_intl.py
[2025-11-08T19:22:00.388+0000] {processor.py:840} INFO - DAG(s) 'refresh_intl_dag' retrieved from /opt/airflow/dags/qi_refresh_intl.py
[2025-11-08T19:22:00.403+0000] {logging_mixin.py:188} INFO - [2025-11-08T19:22:00.402+0000] {dag.py:3089} INFO - Sync 1 DAGs
[2025-11-08T19:22:00.412+0000] {logging_mixin.py:188} INFO - [2025-11-08T19:22:00.412+0000] {dag.py:3947} INFO - Setting next_dagrun for refresh_intl_dag to 2025-11-07 19:30:00+00:00, run_after=2025-11-14 19:30:00+00:00
[2025-11-08T19:22:00.420+0000] {processor.py:183} INFO - Processing /opt/airflow/dags/qi_refresh_intl.py took 0.521 seconds
[2025-11-08T19:52:03.254+0000] {processor.py:161} INFO - Started process (PID=10357) to work on /opt/airflow/dags/qi_refresh_intl.py
[2025-11-08T19:52:03.255+0000] {processor.py:830} INFO - Processing file /opt/airflow/dags/qi_refresh_intl.py for tasks to queue
[2025-11-08T19:52:03.256+0000] {logging_mixin.py:188} INFO - [2025-11-08T19:52:03.256+0000] {dagbag.py:545} INFO - Filling up the DagBag from /opt/airflow/dags/qi_refresh_intl.py
[2025-11-08T19:52:03.760+0000] {processor.py:840} INFO - DAG(s) 'refresh_intl_dag' retrieved from /opt/airflow/dags/qi_refresh_intl.py
[2025-11-08T19:52:03.772+0000] {logging_mixin.py:188} INFO - [2025-11-08T19:52:03.772+0000] {dag.py:3089} INFO - Sync 1 DAGs
[2025-11-08T19:52:03.781+0000] {logging_mixin.py:188} INFO - [2025-11-08T19:52:03.781+0000] {dag.py:3947} INFO - Setting next_dagrun for refresh_intl_dag to 2025-11-07 19:30:00+00:00, run_after=2025-11-14 19:30:00+00:00
[2025-11-08T19:52:03.790+0000] {processor.py:183} INFO - Processing /opt/airflow/dags/qi_refresh_intl.py took 0.538 seconds
[2025-11-08T20:07:34.691+0000] {processor.py:161} INFO - Started process (PID=10360) to work on /opt/airflow/dags/qi_refresh_intl.py
[2025-11-08T20:07:34.692+0000] {processor.py:830} INFO - Processing file /opt/airflow/dags/qi_refresh_intl.py for tasks to queue
[2025-11-08T20:07:34.693+0000] {logging_mixin.py:188} INFO - [2025-11-08T20:07:34.693+0000] {dagbag.py:545} INFO - Filling up the DagBag from /opt/airflow/dags/qi_refresh_intl.py
[2025-11-08T20:07:35.185+0000] {processor.py:840} INFO - DAG(s) 'refresh_intl_dag' retrieved from /opt/airflow/dags/qi_refresh_intl.py
[2025-11-08T20:07:35.196+0000] {logging_mixin.py:188} INFO - [2025-11-08T20:07:35.196+0000] {dag.py:3089} INFO - Sync 1 DAGs
[2025-11-08T20:07:35.205+0000] {logging_mixin.py:188} INFO - [2025-11-08T20:07:35.205+0000] {dag.py:3947} INFO - Setting next_dagrun for refresh_intl_dag to 2025-11-07 19:30:00+00:00, run_after=2025-11-14 19:30:00+00:00
[2025-11-08T20:07:35.213+0000] {processor.py:183} INFO - Processing /opt/airflow/dags/qi_refresh_intl.py took 0.525 seconds
[2025-11-08T20:23:06.054+0000] {processor.py:161} INFO - Started process (PID=10363) to work on /opt/airflow/dags/qi_refresh_intl.py
[2025-11-08T20:23:06.054+0000] {processor.py:830} INFO - Processing file /opt/airflow/dags/qi_refresh_intl.py for tasks to queue
[2025-11-08T20:23:06.055+0000] {logging_mixin.py:188} INFO - [2025-11-08T20:23:06.055+0000] {dagbag.py:545} INFO - Filling up the DagBag from /opt/airflow/dags/qi_refresh_intl.py
[2025-11-08T20:23:06.563+0000] {processor.py:840} INFO - DAG(s) 'refresh_intl_dag' retrieved from /opt/airflow/dags/qi_refresh_intl.py
[2025-11-08T20:23:06.576+0000] {logging_mixin.py:188} INFO - [2025-11-08T20:23:06.576+0000] {dag.py:3089} INFO - Sync 1 DAGs
[2025-11-08T20:23:06.586+0000] {logging_mixin.py:188} INFO - [2025-11-08T20:23:06.586+0000] {dag.py:3947} INFO - Setting next_dagrun for refresh_intl_dag to 2025-11-07 19:30:00+00:00, run_after=2025-11-14 19:30:00+00:00
[2025-11-08T20:23:06.595+0000] {processor.py:183} INFO - Processing /opt/airflow/dags/qi_refresh_intl.py took 0.545 seconds
[2025-11-08T20:38:08.172+0000] {processor.py:161} INFO - Started process (PID=10366) to work on /opt/airflow/dags/qi_refresh_intl.py
[2025-11-08T20:38:08.176+0000] {processor.py:830} INFO - Processing file /opt/airflow/dags/qi_refresh_intl.py for tasks to queue
[2025-11-08T20:38:08.177+0000] {logging_mixin.py:188} INFO - [2025-11-08T20:38:08.177+0000] {dagbag.py:545} INFO - Filling up the DagBag from /opt/airflow/dags/qi_refresh_intl.py
[2025-11-08T20:38:08.665+0000] {processor.py:840} INFO - DAG(s) 'refresh_intl_dag' retrieved from /opt/airflow/dags/qi_refresh_intl.py
[2025-11-08T20:38:08.678+0000] {logging_mixin.py:188} INFO - [2025-11-08T20:38:08.678+0000] {dag.py:3089} INFO - Sync 1 DAGs
[2025-11-08T20:38:08.687+0000] {logging_mixin.py:188} INFO - [2025-11-08T20:38:08.687+0000] {dag.py:3947} INFO - Setting next_dagrun for refresh_intl_dag to 2025-11-07 19:30:00+00:00, run_after=2025-11-14 19:30:00+00:00
[2025-11-08T20:38:08.696+0000] {processor.py:183} INFO - Processing /opt/airflow/dags/qi_refresh_intl.py took 0.529 seconds
[2025-11-08T21:06:48.771+0000] {processor.py:161} INFO - Started process (PID=10369) to work on /opt/airflow/dags/qi_refresh_intl.py
[2025-11-08T21:06:48.772+0000] {processor.py:830} INFO - Processing file /opt/airflow/dags/qi_refresh_intl.py for tasks to queue
[2025-11-08T21:06:48.773+0000] {logging_mixin.py:188} INFO - [2025-11-08T21:06:48.773+0000] {dagbag.py:545} INFO - Filling up the DagBag from /opt/airflow/dags/qi_refresh_intl.py
[2025-11-08T21:06:49.279+0000] {processor.py:840} INFO - DAG(s) 'refresh_intl_dag' retrieved from /opt/airflow/dags/qi_refresh_intl.py
[2025-11-08T21:06:49.292+0000] {logging_mixin.py:188} INFO - [2025-11-08T21:06:49.292+0000] {dag.py:3089} INFO - Sync 1 DAGs
[2025-11-08T21:06:49.301+0000] {logging_mixin.py:188} INFO - [2025-11-08T21:06:49.301+0000] {dag.py:3947} INFO - Setting next_dagrun for refresh_intl_dag to 2025-11-07 19:30:00+00:00, run_after=2025-11-14 19:30:00+00:00
[2025-11-08T21:06:49.311+0000] {processor.py:183} INFO - Processing /opt/airflow/dags/qi_refresh_intl.py took 0.543 seconds
[2025-11-08T21:15:26.275+0000] {processor.py:161} INFO - Started process (PID=10372) to work on /opt/airflow/dags/qi_refresh_intl.py
[2025-11-08T21:15:26.276+0000] {processor.py:830} INFO - Processing file /opt/airflow/dags/qi_refresh_intl.py for tasks to queue
[2025-11-08T21:15:26.277+0000] {logging_mixin.py:188} INFO - [2025-11-08T21:15:26.277+0000] {dagbag.py:545} INFO - Filling up the DagBag from /opt/airflow/dags/qi_refresh_intl.py
[2025-11-08T21:15:26.760+0000] {processor.py:840} INFO - DAG(s) 'refresh_intl_dag' retrieved from /opt/airflow/dags/qi_refresh_intl.py
[2025-11-08T21:15:26.773+0000] {logging_mixin.py:188} INFO - [2025-11-08T21:15:26.773+0000] {dag.py:3089} INFO - Sync 1 DAGs
[2025-11-08T21:15:26.782+0000] {logging_mixin.py:188} INFO - [2025-11-08T21:15:26.782+0000] {dag.py:3947} INFO - Setting next_dagrun for refresh_intl_dag to 2025-11-07 19:30:00+00:00, run_after=2025-11-14 19:30:00+00:00
[2025-11-08T21:15:26.791+0000] {processor.py:183} INFO - Processing /opt/airflow/dags/qi_refresh_intl.py took 0.518 seconds
[2025-11-08T21:28:10.950+0000] {processor.py:161} INFO - Started process (PID=10375) to work on /opt/airflow/dags/qi_refresh_intl.py
[2025-11-08T21:28:10.951+0000] {processor.py:830} INFO - Processing file /opt/airflow/dags/qi_refresh_intl.py for tasks to queue
[2025-11-08T21:28:10.952+0000] {logging_mixin.py:188} INFO - [2025-11-08T21:28:10.952+0000] {dagbag.py:545} INFO - Filling up the DagBag from /opt/airflow/dags/qi_refresh_intl.py
[2025-11-08T21:28:11.445+0000] {processor.py:840} INFO - DAG(s) 'refresh_intl_dag' retrieved from /opt/airflow/dags/qi_refresh_intl.py
[2025-11-08T21:28:11.457+0000] {logging_mixin.py:188} INFO - [2025-11-08T21:28:11.457+0000] {dag.py:3089} INFO - Sync 1 DAGs
[2025-11-08T21:28:11.466+0000] {logging_mixin.py:188} INFO - [2025-11-08T21:28:11.466+0000] {dag.py:3947} INFO - Setting next_dagrun for refresh_intl_dag to 2025-11-07 19:30:00+00:00, run_after=2025-11-14 19:30:00+00:00
[2025-11-08T21:28:11.475+0000] {processor.py:183} INFO - Processing /opt/airflow/dags/qi_refresh_intl.py took 0.528 seconds
[2025-11-08T21:54:07.188+0000] {processor.py:161} INFO - Started process (PID=10378) to work on /opt/airflow/dags/qi_refresh_intl.py
[2025-11-08T21:54:07.190+0000] {processor.py:830} INFO - Processing file /opt/airflow/dags/qi_refresh_intl.py for tasks to queue
[2025-11-08T21:54:07.191+0000] {logging_mixin.py:188} INFO - [2025-11-08T21:54:07.191+0000] {dagbag.py:545} INFO - Filling up the DagBag from /opt/airflow/dags/qi_refresh_intl.py
[2025-11-08T21:54:07.674+0000] {processor.py:840} INFO - DAG(s) 'refresh_intl_dag' retrieved from /opt/airflow/dags/qi_refresh_intl.py
[2025-11-08T21:54:07.686+0000] {logging_mixin.py:188} INFO - [2025-11-08T21:54:07.686+0000] {dag.py:3089} INFO - Sync 1 DAGs
[2025-11-08T21:54:07.695+0000] {logging_mixin.py:188} INFO - [2025-11-08T21:54:07.695+0000] {dag.py:3947} INFO - Setting next_dagrun for refresh_intl_dag to 2025-11-07 19:30:00+00:00, run_after=2025-11-14 19:30:00+00:00
[2025-11-08T21:54:07.704+0000] {processor.py:183} INFO - Processing /opt/airflow/dags/qi_refresh_intl.py took 0.519 seconds
[2025-11-08T22:09:36.789+0000] {processor.py:161} INFO - Started process (PID=10381) to work on /opt/airflow/dags/qi_refresh_intl.py
[2025-11-08T22:09:36.790+0000] {processor.py:830} INFO - Processing file /opt/airflow/dags/qi_refresh_intl.py for tasks to queue
[2025-11-08T22:09:36.791+0000] {logging_mixin.py:188} INFO - [2025-11-08T22:09:36.791+0000] {dagbag.py:545} INFO - Filling up the DagBag from /opt/airflow/dags/qi_refresh_intl.py
[2025-11-08T22:09:37.313+0000] {processor.py:840} INFO - DAG(s) 'refresh_intl_dag' retrieved from /opt/airflow/dags/qi_refresh_intl.py
[2025-11-08T22:09:37.325+0000] {logging_mixin.py:188} INFO - [2025-11-08T22:09:37.325+0000] {dag.py:3089} INFO - Sync 1 DAGs
[2025-11-08T22:09:37.334+0000] {logging_mixin.py:188} INFO - [2025-11-08T22:09:37.334+0000] {dag.py:3947} INFO - Setting next_dagrun for refresh_intl_dag to 2025-11-07 19:30:00+00:00, run_after=2025-11-14 19:30:00+00:00
[2025-11-08T22:09:37.344+0000] {processor.py:183} INFO - Processing /opt/airflow/dags/qi_refresh_intl.py took 0.557 seconds
[2025-11-08T22:25:07.900+0000] {processor.py:161} INFO - Started process (PID=10384) to work on /opt/airflow/dags/qi_refresh_intl.py
[2025-11-08T22:25:07.900+0000] {processor.py:830} INFO - Processing file /opt/airflow/dags/qi_refresh_intl.py for tasks to queue
[2025-11-08T22:25:07.902+0000] {logging_mixin.py:188} INFO - [2025-11-08T22:25:07.902+0000] {dagbag.py:545} INFO - Filling up the DagBag from /opt/airflow/dags/qi_refresh_intl.py
[2025-11-08T22:25:08.392+0000] {processor.py:840} INFO - DAG(s) 'refresh_intl_dag' retrieved from /opt/airflow/dags/qi_refresh_intl.py
[2025-11-08T22:25:08.404+0000] {logging_mixin.py:188} INFO - [2025-11-08T22:25:08.404+0000] {dag.py:3089} INFO - Sync 1 DAGs
[2025-11-08T22:25:08.414+0000] {logging_mixin.py:188} INFO - [2025-11-08T22:25:08.414+0000] {dag.py:3947} INFO - Setting next_dagrun for refresh_intl_dag to 2025-11-07 19:30:00+00:00, run_after=2025-11-14 19:30:00+00:00
[2025-11-08T22:25:08.421+0000] {processor.py:183} INFO - Processing /opt/airflow/dags/qi_refresh_intl.py took 0.525 seconds
[2025-11-08T22:58:58.904+0000] {processor.py:161} INFO - Started process (PID=10387) to work on /opt/airflow/dags/qi_refresh_intl.py
[2025-11-08T22:58:58.904+0000] {processor.py:830} INFO - Processing file /opt/airflow/dags/qi_refresh_intl.py for tasks to queue
[2025-11-08T22:58:58.905+0000] {logging_mixin.py:188} INFO - [2025-11-08T22:58:58.905+0000] {dagbag.py:545} INFO - Filling up the DagBag from /opt/airflow/dags/qi_refresh_intl.py
[2025-11-08T22:58:59.394+0000] {processor.py:840} INFO - DAG(s) 'refresh_intl_dag' retrieved from /opt/airflow/dags/qi_refresh_intl.py
[2025-11-08T22:58:59.407+0000] {logging_mixin.py:188} INFO - [2025-11-08T22:58:59.407+0000] {dag.py:3089} INFO - Sync 1 DAGs
[2025-11-08T22:58:59.417+0000] {logging_mixin.py:188} INFO - [2025-11-08T22:58:59.416+0000] {dag.py:3947} INFO - Setting next_dagrun for refresh_intl_dag to 2025-11-07 19:30:00+00:00, run_after=2025-11-14 19:30:00+00:00
[2025-11-08T22:58:59.424+0000] {processor.py:183} INFO - Processing /opt/airflow/dags/qi_refresh_intl.py took 0.524 seconds
[2025-11-08T23:15:11.361+0000] {processor.py:161} INFO - Started process (PID=10390) to work on /opt/airflow/dags/qi_refresh_intl.py
[2025-11-08T23:15:11.362+0000] {processor.py:830} INFO - Processing file /opt/airflow/dags/qi_refresh_intl.py for tasks to queue
[2025-11-08T23:15:11.363+0000] {logging_mixin.py:188} INFO - [2025-11-08T23:15:11.362+0000] {dagbag.py:545} INFO - Filling up the DagBag from /opt/airflow/dags/qi_refresh_intl.py
[2025-11-08T23:15:11.861+0000] {processor.py:840} INFO - DAG(s) 'refresh_intl_dag' retrieved from /opt/airflow/dags/qi_refresh_intl.py
[2025-11-08T23:15:11.876+0000] {logging_mixin.py:188} INFO - [2025-11-08T23:15:11.876+0000] {dag.py:3089} INFO - Sync 1 DAGs
[2025-11-08T23:15:11.885+0000] {logging_mixin.py:188} INFO - [2025-11-08T23:15:11.885+0000] {dag.py:3947} INFO - Setting next_dagrun for refresh_intl_dag to 2025-11-07 19:30:00+00:00, run_after=2025-11-14 19:30:00+00:00
[2025-11-08T23:15:11.894+0000] {processor.py:183} INFO - Processing /opt/airflow/dags/qi_refresh_intl.py took 0.536 seconds
[2025-11-08T23:30:43.389+0000] {processor.py:161} INFO - Started process (PID=10393) to work on /opt/airflow/dags/qi_refresh_intl.py
[2025-11-08T23:30:43.390+0000] {processor.py:830} INFO - Processing file /opt/airflow/dags/qi_refresh_intl.py for tasks to queue
[2025-11-08T23:30:43.391+0000] {logging_mixin.py:188} INFO - [2025-11-08T23:30:43.391+0000] {dagbag.py:545} INFO - Filling up the DagBag from /opt/airflow/dags/qi_refresh_intl.py
[2025-11-08T23:30:43.922+0000] {processor.py:840} INFO - DAG(s) 'refresh_intl_dag' retrieved from /opt/airflow/dags/qi_refresh_intl.py
[2025-11-08T23:30:43.935+0000] {logging_mixin.py:188} INFO - [2025-11-08T23:30:43.935+0000] {dag.py:3089} INFO - Sync 1 DAGs
[2025-11-08T23:30:43.945+0000] {logging_mixin.py:188} INFO - [2025-11-08T23:30:43.945+0000] {dag.py:3947} INFO - Setting next_dagrun for refresh_intl_dag to 2025-11-07 19:30:00+00:00, run_after=2025-11-14 19:30:00+00:00
[2025-11-08T23:30:43.954+0000] {processor.py:183} INFO - Processing /opt/airflow/dags/qi_refresh_intl.py took 0.569 seconds
[2025-11-08T23:40:51.342+0000] {processor.py:161} INFO - Started process (PID=10396) to work on /opt/airflow/dags/qi_refresh_intl.py
[2025-11-08T23:40:51.343+0000] {processor.py:830} INFO - Processing file /opt/airflow/dags/qi_refresh_intl.py for tasks to queue
[2025-11-08T23:40:51.344+0000] {logging_mixin.py:188} INFO - [2025-11-08T23:40:51.344+0000] {dagbag.py:545} INFO - Filling up the DagBag from /opt/airflow/dags/qi_refresh_intl.py
[2025-11-08T23:40:51.828+0000] {processor.py:840} INFO - DAG(s) 'refresh_intl_dag' retrieved from /opt/airflow/dags/qi_refresh_intl.py
[2025-11-08T23:40:51.840+0000] {logging_mixin.py:188} INFO - [2025-11-08T23:40:51.840+0000] {dag.py:3089} INFO - Sync 1 DAGs
[2025-11-08T23:40:51.849+0000] {logging_mixin.py:188} INFO - [2025-11-08T23:40:51.849+0000] {dag.py:3947} INFO - Setting next_dagrun for refresh_intl_dag to 2025-11-07 19:30:00+00:00, run_after=2025-11-14 19:30:00+00:00
[2025-11-08T23:40:51.859+0000] {processor.py:183} INFO - Processing /opt/airflow/dags/qi_refresh_intl.py took 0.520 seconds
[2025-11-08T23:57:38.852+0000] {processor.py:161} INFO - Started process (PID=10399) to work on /opt/airflow/dags/qi_refresh_intl.py
[2025-11-08T23:57:38.852+0000] {processor.py:830} INFO - Processing file /opt/airflow/dags/qi_refresh_intl.py for tasks to queue
[2025-11-08T23:57:38.853+0000] {logging_mixin.py:188} INFO - [2025-11-08T23:57:38.853+0000] {dagbag.py:545} INFO - Filling up the DagBag from /opt/airflow/dags/qi_refresh_intl.py
[2025-11-08T23:57:39.357+0000] {processor.py:840} INFO - DAG(s) 'refresh_intl_dag' retrieved from /opt/airflow/dags/qi_refresh_intl.py
[2025-11-08T23:57:39.370+0000] {logging_mixin.py:188} INFO - [2025-11-08T23:57:39.370+0000] {dag.py:3089} INFO - Sync 1 DAGs
[2025-11-08T23:57:39.384+0000] {logging_mixin.py:188} INFO - [2025-11-08T23:57:39.384+0000] {dag.py:3947} INFO - Setting next_dagrun for refresh_intl_dag to 2025-11-07 19:30:00+00:00, run_after=2025-11-14 19:30:00+00:00
[2025-11-08T23:57:39.392+0000] {processor.py:183} INFO - Processing /opt/airflow/dags/qi_refresh_intl.py took 0.544 seconds
