[2025-11-08T00:00:01.480+0000] {processor.py:161} INFO - Started process (PID=10120) to work on /opt/airflow/dags/qi_refresh_us.py
[2025-11-08T00:00:01.481+0000] {processor.py:830} INFO - Processing file /opt/airflow/dags/qi_refresh_us.py for tasks to queue
[2025-11-08T00:00:01.482+0000] {logging_mixin.py:188} INFO - [2025-11-08T00:00:01.482+0000] {dagbag.py:545} INFO - Filling up the DagBag from /opt/airflow/dags/qi_refresh_us.py
[2025-11-08T00:00:02.008+0000] {processor.py:840} INFO - DAG(s) 'refresh_us_dag' retrieved from /opt/airflow/dags/qi_refresh_us.py
[2025-11-08T00:00:02.022+0000] {logging_mixin.py:188} INFO - [2025-11-08T00:00:02.022+0000] {dag.py:3089} INFO - Sync 1 DAGs
[2025-11-08T00:00:02.035+0000] {logging_mixin.py:188} INFO - [2025-11-08T00:00:02.035+0000] {dag.py:3947} INFO - Setting next_dagrun for refresh_us_dag to 2025-11-07 19:30:00+00:00, run_after=2025-11-14 19:30:00+00:00
[2025-11-08T00:00:02.047+0000] {processor.py:183} INFO - Processing /opt/airflow/dags/qi_refresh_us.py took 0.570 seconds
[2025-11-08T00:00:32.247+0000] {processor.py:161} INFO - Started process (PID=10123) to work on /opt/airflow/dags/qi_refresh_us.py
[2025-11-08T00:00:32.248+0000] {processor.py:830} INFO - Processing file /opt/airflow/dags/qi_refresh_us.py for tasks to queue
[2025-11-08T00:00:32.250+0000] {logging_mixin.py:188} INFO - [2025-11-08T00:00:32.249+0000] {dagbag.py:545} INFO - Filling up the DagBag from /opt/airflow/dags/qi_refresh_us.py
[2025-11-08T00:00:32.781+0000] {processor.py:840} INFO - DAG(s) 'refresh_us_dag' retrieved from /opt/airflow/dags/qi_refresh_us.py
[2025-11-08T00:00:32.795+0000] {logging_mixin.py:188} INFO - [2025-11-08T00:00:32.795+0000] {dag.py:3089} INFO - Sync 1 DAGs
[2025-11-08T00:00:32.815+0000] {processor.py:183} INFO - Processing /opt/airflow/dags/qi_refresh_us.py took 0.571 seconds
[2025-11-08T00:01:03.038+0000] {processor.py:161} INFO - Started process (PID=10126) to work on /opt/airflow/dags/qi_refresh_us.py
[2025-11-08T00:01:03.039+0000] {processor.py:830} INFO - Processing file /opt/airflow/dags/qi_refresh_us.py for tasks to queue
[2025-11-08T00:01:03.041+0000] {logging_mixin.py:188} INFO - [2025-11-08T00:01:03.040+0000] {dagbag.py:545} INFO - Filling up the DagBag from /opt/airflow/dags/qi_refresh_us.py
[2025-11-08T00:01:03.580+0000] {processor.py:840} INFO - DAG(s) 'refresh_us_dag' retrieved from /opt/airflow/dags/qi_refresh_us.py
[2025-11-08T00:01:03.594+0000] {logging_mixin.py:188} INFO - [2025-11-08T00:01:03.593+0000] {dag.py:3089} INFO - Sync 1 DAGs
[2025-11-08T00:01:03.611+0000] {processor.py:183} INFO - Processing /opt/airflow/dags/qi_refresh_us.py took 0.576 seconds
[2025-11-08T00:01:33.792+0000] {processor.py:161} INFO - Started process (PID=10129) to work on /opt/airflow/dags/qi_refresh_us.py
[2025-11-08T00:01:33.793+0000] {processor.py:830} INFO - Processing file /opt/airflow/dags/qi_refresh_us.py for tasks to queue
[2025-11-08T00:01:33.795+0000] {logging_mixin.py:188} INFO - [2025-11-08T00:01:33.794+0000] {dagbag.py:545} INFO - Filling up the DagBag from /opt/airflow/dags/qi_refresh_us.py
[2025-11-08T00:01:34.308+0000] {processor.py:840} INFO - DAG(s) 'refresh_us_dag' retrieved from /opt/airflow/dags/qi_refresh_us.py
[2025-11-08T00:01:34.319+0000] {logging_mixin.py:188} INFO - [2025-11-08T00:01:34.319+0000] {dag.py:3089} INFO - Sync 1 DAGs
[2025-11-08T00:01:34.337+0000] {processor.py:183} INFO - Processing /opt/airflow/dags/qi_refresh_us.py took 0.548 seconds
[2025-11-08T00:02:04.584+0000] {processor.py:161} INFO - Started process (PID=10132) to work on /opt/airflow/dags/qi_refresh_us.py
[2025-11-08T00:02:04.584+0000] {processor.py:830} INFO - Processing file /opt/airflow/dags/qi_refresh_us.py for tasks to queue
[2025-11-08T00:02:04.586+0000] {logging_mixin.py:188} INFO - [2025-11-08T00:02:04.586+0000] {dagbag.py:545} INFO - Filling up the DagBag from /opt/airflow/dags/qi_refresh_us.py
[2025-11-08T00:02:05.078+0000] {processor.py:840} INFO - DAG(s) 'refresh_us_dag' retrieved from /opt/airflow/dags/qi_refresh_us.py
[2025-11-08T00:02:05.091+0000] {logging_mixin.py:188} INFO - [2025-11-08T00:02:05.091+0000] {dag.py:3089} INFO - Sync 1 DAGs
[2025-11-08T00:02:05.109+0000] {processor.py:183} INFO - Processing /opt/airflow/dags/qi_refresh_us.py took 0.529 seconds
[2025-11-08T00:02:35.390+0000] {processor.py:161} INFO - Started process (PID=10135) to work on /opt/airflow/dags/qi_refresh_us.py
[2025-11-08T00:02:35.392+0000] {processor.py:830} INFO - Processing file /opt/airflow/dags/qi_refresh_us.py for tasks to queue
[2025-11-08T00:02:35.394+0000] {logging_mixin.py:188} INFO - [2025-11-08T00:02:35.393+0000] {dagbag.py:545} INFO - Filling up the DagBag from /opt/airflow/dags/qi_refresh_us.py
[2025-11-08T00:02:35.888+0000] {processor.py:840} INFO - DAG(s) 'refresh_us_dag' retrieved from /opt/airflow/dags/qi_refresh_us.py
[2025-11-08T00:02:35.900+0000] {logging_mixin.py:188} INFO - [2025-11-08T00:02:35.900+0000] {dag.py:3089} INFO - Sync 1 DAGs
[2025-11-08T00:02:35.917+0000] {processor.py:183} INFO - Processing /opt/airflow/dags/qi_refresh_us.py took 0.531 seconds
[2025-11-08T00:03:06.205+0000] {processor.py:161} INFO - Started process (PID=10138) to work on /opt/airflow/dags/qi_refresh_us.py
[2025-11-08T00:03:06.206+0000] {processor.py:830} INFO - Processing file /opt/airflow/dags/qi_refresh_us.py for tasks to queue
[2025-11-08T00:03:06.207+0000] {logging_mixin.py:188} INFO - [2025-11-08T00:03:06.207+0000] {dagbag.py:545} INFO - Filling up the DagBag from /opt/airflow/dags/qi_refresh_us.py
[2025-11-08T00:03:06.696+0000] {processor.py:840} INFO - DAG(s) 'refresh_us_dag' retrieved from /opt/airflow/dags/qi_refresh_us.py
[2025-11-08T00:03:06.709+0000] {logging_mixin.py:188} INFO - [2025-11-08T00:03:06.709+0000] {dag.py:3089} INFO - Sync 1 DAGs
[2025-11-08T00:03:06.725+0000] {processor.py:183} INFO - Processing /opt/airflow/dags/qi_refresh_us.py took 0.525 seconds
[2025-11-08T00:03:36.991+0000] {processor.py:161} INFO - Started process (PID=10141) to work on /opt/airflow/dags/qi_refresh_us.py
[2025-11-08T00:03:36.992+0000] {processor.py:830} INFO - Processing file /opt/airflow/dags/qi_refresh_us.py for tasks to queue
[2025-11-08T00:03:36.993+0000] {logging_mixin.py:188} INFO - [2025-11-08T00:03:36.993+0000] {dagbag.py:545} INFO - Filling up the DagBag from /opt/airflow/dags/qi_refresh_us.py
[2025-11-08T00:03:37.501+0000] {processor.py:840} INFO - DAG(s) 'refresh_us_dag' retrieved from /opt/airflow/dags/qi_refresh_us.py
[2025-11-08T00:03:37.514+0000] {logging_mixin.py:188} INFO - [2025-11-08T00:03:37.514+0000] {dag.py:3089} INFO - Sync 1 DAGs
[2025-11-08T00:03:37.535+0000] {processor.py:183} INFO - Processing /opt/airflow/dags/qi_refresh_us.py took 0.549 seconds
[2025-11-08T00:05:43.137+0000] {processor.py:161} INFO - Started process (PID=10144) to work on /opt/airflow/dags/qi_refresh_us.py
[2025-11-08T00:05:43.137+0000] {processor.py:830} INFO - Processing file /opt/airflow/dags/qi_refresh_us.py for tasks to queue
[2025-11-08T00:05:43.138+0000] {logging_mixin.py:188} INFO - [2025-11-08T00:05:43.138+0000] {dagbag.py:545} INFO - Filling up the DagBag from /opt/airflow/dags/qi_refresh_us.py
[2025-11-08T00:05:43.620+0000] {processor.py:840} INFO - DAG(s) 'refresh_us_dag' retrieved from /opt/airflow/dags/qi_refresh_us.py
[2025-11-08T00:05:43.633+0000] {logging_mixin.py:188} INFO - [2025-11-08T00:05:43.632+0000] {dag.py:3089} INFO - Sync 1 DAGs
[2025-11-08T00:05:43.648+0000] {processor.py:183} INFO - Processing /opt/airflow/dags/qi_refresh_us.py took 0.515 seconds
[2025-11-08T00:21:12.773+0000] {processor.py:161} INFO - Started process (PID=10147) to work on /opt/airflow/dags/qi_refresh_us.py
[2025-11-08T00:21:12.774+0000] {processor.py:830} INFO - Processing file /opt/airflow/dags/qi_refresh_us.py for tasks to queue
[2025-11-08T00:21:12.775+0000] {logging_mixin.py:188} INFO - [2025-11-08T00:21:12.775+0000] {dagbag.py:545} INFO - Filling up the DagBag from /opt/airflow/dags/qi_refresh_us.py
[2025-11-08T00:21:13.265+0000] {processor.py:840} INFO - DAG(s) 'refresh_us_dag' retrieved from /opt/airflow/dags/qi_refresh_us.py
[2025-11-08T00:21:13.278+0000] {logging_mixin.py:188} INFO - [2025-11-08T00:21:13.277+0000] {dag.py:3089} INFO - Sync 1 DAGs
[2025-11-08T00:21:13.294+0000] {processor.py:183} INFO - Processing /opt/airflow/dags/qi_refresh_us.py took 0.524 seconds
[2025-11-08T00:39:11.307+0000] {processor.py:161} INFO - Started process (PID=10154) to work on /opt/airflow/dags/qi_refresh_us.py
[2025-11-08T00:39:11.307+0000] {processor.py:830} INFO - Processing file /opt/airflow/dags/qi_refresh_us.py for tasks to queue
[2025-11-08T00:39:11.308+0000] {logging_mixin.py:188} INFO - [2025-11-08T00:39:11.308+0000] {dagbag.py:545} INFO - Filling up the DagBag from /opt/airflow/dags/qi_refresh_us.py
[2025-11-08T00:39:11.791+0000] {processor.py:840} INFO - DAG(s) 'refresh_us_dag' retrieved from /opt/airflow/dags/qi_refresh_us.py
[2025-11-08T00:39:11.805+0000] {logging_mixin.py:188} INFO - [2025-11-08T00:39:11.805+0000] {dag.py:3089} INFO - Sync 1 DAGs
[2025-11-08T00:39:11.822+0000] {processor.py:183} INFO - Processing /opt/airflow/dags/qi_refresh_us.py took 0.518 seconds
[2025-11-08T00:54:41.090+0000] {processor.py:161} INFO - Started process (PID=10157) to work on /opt/airflow/dags/qi_refresh_us.py
[2025-11-08T00:54:41.090+0000] {processor.py:830} INFO - Processing file /opt/airflow/dags/qi_refresh_us.py for tasks to queue
[2025-11-08T00:54:41.092+0000] {logging_mixin.py:188} INFO - [2025-11-08T00:54:41.092+0000] {dagbag.py:545} INFO - Filling up the DagBag from /opt/airflow/dags/qi_refresh_us.py
[2025-11-08T00:54:41.575+0000] {processor.py:840} INFO - DAG(s) 'refresh_us_dag' retrieved from /opt/airflow/dags/qi_refresh_us.py
[2025-11-08T00:54:41.588+0000] {logging_mixin.py:188} INFO - [2025-11-08T00:54:41.588+0000] {dag.py:3089} INFO - Sync 1 DAGs
[2025-11-08T00:54:41.605+0000] {processor.py:183} INFO - Processing /opt/airflow/dags/qi_refresh_us.py took 0.518 seconds
[2025-11-08T01:25:13.678+0000] {processor.py:161} INFO - Started process (PID=10160) to work on /opt/airflow/dags/qi_refresh_us.py
[2025-11-08T01:25:13.679+0000] {processor.py:830} INFO - Processing file /opt/airflow/dags/qi_refresh_us.py for tasks to queue
[2025-11-08T01:25:13.680+0000] {logging_mixin.py:188} INFO - [2025-11-08T01:25:13.680+0000] {dagbag.py:545} INFO - Filling up the DagBag from /opt/airflow/dags/qi_refresh_us.py
[2025-11-08T01:25:14.165+0000] {processor.py:840} INFO - DAG(s) 'refresh_us_dag' retrieved from /opt/airflow/dags/qi_refresh_us.py
[2025-11-08T01:25:14.178+0000] {logging_mixin.py:188} INFO - [2025-11-08T01:25:14.178+0000] {dag.py:3089} INFO - Sync 1 DAGs
[2025-11-08T01:25:14.194+0000] {processor.py:183} INFO - Processing /opt/airflow/dags/qi_refresh_us.py took 0.519 seconds
[2025-11-08T01:40:43.285+0000] {processor.py:161} INFO - Started process (PID=10163) to work on /opt/airflow/dags/qi_refresh_us.py
[2025-11-08T01:40:43.286+0000] {processor.py:830} INFO - Processing file /opt/airflow/dags/qi_refresh_us.py for tasks to queue
[2025-11-08T01:40:43.287+0000] {logging_mixin.py:188} INFO - [2025-11-08T01:40:43.286+0000] {dagbag.py:545} INFO - Filling up the DagBag from /opt/airflow/dags/qi_refresh_us.py
[2025-11-08T01:40:43.775+0000] {processor.py:840} INFO - DAG(s) 'refresh_us_dag' retrieved from /opt/airflow/dags/qi_refresh_us.py
[2025-11-08T01:40:43.788+0000] {logging_mixin.py:188} INFO - [2025-11-08T01:40:43.788+0000] {dag.py:3089} INFO - Sync 1 DAGs
[2025-11-08T01:40:43.805+0000] {processor.py:183} INFO - Processing /opt/airflow/dags/qi_refresh_us.py took 0.523 seconds
[2025-11-08T01:56:12.945+0000] {processor.py:161} INFO - Started process (PID=10166) to work on /opt/airflow/dags/qi_refresh_us.py
[2025-11-08T01:56:12.946+0000] {processor.py:830} INFO - Processing file /opt/airflow/dags/qi_refresh_us.py for tasks to queue
[2025-11-08T01:56:12.948+0000] {logging_mixin.py:188} INFO - [2025-11-08T01:56:12.947+0000] {dagbag.py:545} INFO - Filling up the DagBag from /opt/airflow/dags/qi_refresh_us.py
[2025-11-08T01:56:13.445+0000] {processor.py:840} INFO - DAG(s) 'refresh_us_dag' retrieved from /opt/airflow/dags/qi_refresh_us.py
[2025-11-08T01:56:13.458+0000] {logging_mixin.py:188} INFO - [2025-11-08T01:56:13.458+0000] {dag.py:3089} INFO - Sync 1 DAGs
[2025-11-08T01:56:13.467+0000] {logging_mixin.py:188} INFO - [2025-11-08T01:56:13.467+0000] {dag.py:3947} INFO - Setting next_dagrun for refresh_us_dag to 2025-11-07 19:30:00+00:00, run_after=2025-11-14 19:30:00+00:00
[2025-11-08T01:56:13.476+0000] {processor.py:183} INFO - Processing /opt/airflow/dags/qi_refresh_us.py took 0.534 seconds
[2025-11-08T02:20:12.855+0000] {processor.py:161} INFO - Started process (PID=10169) to work on /opt/airflow/dags/qi_refresh_us.py
[2025-11-08T02:20:12.855+0000] {processor.py:830} INFO - Processing file /opt/airflow/dags/qi_refresh_us.py for tasks to queue
[2025-11-08T02:20:12.856+0000] {logging_mixin.py:188} INFO - [2025-11-08T02:20:12.856+0000] {dagbag.py:545} INFO - Filling up the DagBag from /opt/airflow/dags/qi_refresh_us.py
[2025-11-08T02:20:13.386+0000] {processor.py:840} INFO - DAG(s) 'refresh_us_dag' retrieved from /opt/airflow/dags/qi_refresh_us.py
[2025-11-08T02:20:13.397+0000] {logging_mixin.py:188} INFO - [2025-11-08T02:20:13.397+0000] {dag.py:3089} INFO - Sync 1 DAGs
[2025-11-08T02:20:13.406+0000] {logging_mixin.py:188} INFO - [2025-11-08T02:20:13.406+0000] {dag.py:3947} INFO - Setting next_dagrun for refresh_us_dag to 2025-11-07 19:30:00+00:00, run_after=2025-11-14 19:30:00+00:00
[2025-11-08T02:20:13.415+0000] {processor.py:183} INFO - Processing /opt/airflow/dags/qi_refresh_us.py took 0.563 seconds
[2025-11-08T02:35:42.443+0000] {processor.py:161} INFO - Started process (PID=10172) to work on /opt/airflow/dags/qi_refresh_us.py
[2025-11-08T02:35:42.443+0000] {processor.py:830} INFO - Processing file /opt/airflow/dags/qi_refresh_us.py for tasks to queue
[2025-11-08T02:35:42.444+0000] {logging_mixin.py:188} INFO - [2025-11-08T02:35:42.444+0000] {dagbag.py:545} INFO - Filling up the DagBag from /opt/airflow/dags/qi_refresh_us.py
[2025-11-08T02:35:42.933+0000] {processor.py:840} INFO - DAG(s) 'refresh_us_dag' retrieved from /opt/airflow/dags/qi_refresh_us.py
[2025-11-08T02:35:42.946+0000] {logging_mixin.py:188} INFO - [2025-11-08T02:35:42.946+0000] {dag.py:3089} INFO - Sync 1 DAGs
[2025-11-08T02:35:42.956+0000] {logging_mixin.py:188} INFO - [2025-11-08T02:35:42.956+0000] {dag.py:3947} INFO - Setting next_dagrun for refresh_us_dag to 2025-11-07 19:30:00+00:00, run_after=2025-11-14 19:30:00+00:00
[2025-11-08T02:35:42.965+0000] {processor.py:183} INFO - Processing /opt/airflow/dags/qi_refresh_us.py took 0.525 seconds
[2025-11-08T02:51:12.450+0000] {processor.py:161} INFO - Started process (PID=10175) to work on /opt/airflow/dags/qi_refresh_us.py
[2025-11-08T02:51:12.451+0000] {processor.py:830} INFO - Processing file /opt/airflow/dags/qi_refresh_us.py for tasks to queue
[2025-11-08T02:51:12.452+0000] {logging_mixin.py:188} INFO - [2025-11-08T02:51:12.452+0000] {dagbag.py:545} INFO - Filling up the DagBag from /opt/airflow/dags/qi_refresh_us.py
[2025-11-08T02:51:12.935+0000] {processor.py:840} INFO - DAG(s) 'refresh_us_dag' retrieved from /opt/airflow/dags/qi_refresh_us.py
[2025-11-08T02:51:12.949+0000] {logging_mixin.py:188} INFO - [2025-11-08T02:51:12.949+0000] {dag.py:3089} INFO - Sync 1 DAGs
[2025-11-08T02:51:12.959+0000] {logging_mixin.py:188} INFO - [2025-11-08T02:51:12.959+0000] {dag.py:3947} INFO - Setting next_dagrun for refresh_us_dag to 2025-11-07 19:30:00+00:00, run_after=2025-11-14 19:30:00+00:00
[2025-11-08T02:51:12.967+0000] {processor.py:183} INFO - Processing /opt/airflow/dags/qi_refresh_us.py took 0.520 seconds
[2025-11-08T03:21:15.294+0000] {processor.py:161} INFO - Started process (PID=10178) to work on /opt/airflow/dags/qi_refresh_us.py
[2025-11-08T03:21:15.295+0000] {processor.py:830} INFO - Processing file /opt/airflow/dags/qi_refresh_us.py for tasks to queue
[2025-11-08T03:21:15.296+0000] {logging_mixin.py:188} INFO - [2025-11-08T03:21:15.295+0000] {dagbag.py:545} INFO - Filling up the DagBag from /opt/airflow/dags/qi_refresh_us.py
[2025-11-08T03:21:15.791+0000] {processor.py:840} INFO - DAG(s) 'refresh_us_dag' retrieved from /opt/airflow/dags/qi_refresh_us.py
[2025-11-08T03:21:15.806+0000] {logging_mixin.py:188} INFO - [2025-11-08T03:21:15.806+0000] {dag.py:3089} INFO - Sync 1 DAGs
[2025-11-08T03:21:15.816+0000] {logging_mixin.py:188} INFO - [2025-11-08T03:21:15.816+0000] {dag.py:3947} INFO - Setting next_dagrun for refresh_us_dag to 2025-11-07 19:30:00+00:00, run_after=2025-11-14 19:30:00+00:00
[2025-11-08T03:21:15.824+0000] {processor.py:183} INFO - Processing /opt/airflow/dags/qi_refresh_us.py took 0.533 seconds
[2025-11-08T03:36:46.500+0000] {processor.py:161} INFO - Started process (PID=10181) to work on /opt/airflow/dags/qi_refresh_us.py
[2025-11-08T03:36:46.500+0000] {processor.py:830} INFO - Processing file /opt/airflow/dags/qi_refresh_us.py for tasks to queue
[2025-11-08T03:36:46.502+0000] {logging_mixin.py:188} INFO - [2025-11-08T03:36:46.502+0000] {dagbag.py:545} INFO - Filling up the DagBag from /opt/airflow/dags/qi_refresh_us.py
[2025-11-08T03:36:46.991+0000] {processor.py:840} INFO - DAG(s) 'refresh_us_dag' retrieved from /opt/airflow/dags/qi_refresh_us.py
[2025-11-08T03:36:47.005+0000] {logging_mixin.py:188} INFO - [2025-11-08T03:36:47.005+0000] {dag.py:3089} INFO - Sync 1 DAGs
[2025-11-08T03:36:47.015+0000] {logging_mixin.py:188} INFO - [2025-11-08T03:36:47.015+0000] {dag.py:3947} INFO - Setting next_dagrun for refresh_us_dag to 2025-11-07 19:30:00+00:00, run_after=2025-11-14 19:30:00+00:00
[2025-11-08T03:36:47.023+0000] {processor.py:183} INFO - Processing /opt/airflow/dags/qi_refresh_us.py took 0.527 seconds
[2025-11-08T03:52:16.200+0000] {processor.py:161} INFO - Started process (PID=10184) to work on /opt/airflow/dags/qi_refresh_us.py
[2025-11-08T03:52:16.200+0000] {processor.py:830} INFO - Processing file /opt/airflow/dags/qi_refresh_us.py for tasks to queue
[2025-11-08T03:52:16.201+0000] {logging_mixin.py:188} INFO - [2025-11-08T03:52:16.201+0000] {dagbag.py:545} INFO - Filling up the DagBag from /opt/airflow/dags/qi_refresh_us.py
[2025-11-08T03:52:16.690+0000] {processor.py:840} INFO - DAG(s) 'refresh_us_dag' retrieved from /opt/airflow/dags/qi_refresh_us.py
[2025-11-08T03:52:16.703+0000] {logging_mixin.py:188} INFO - [2025-11-08T03:52:16.703+0000] {dag.py:3089} INFO - Sync 1 DAGs
[2025-11-08T03:52:16.712+0000] {logging_mixin.py:188} INFO - [2025-11-08T03:52:16.712+0000] {dag.py:3947} INFO - Setting next_dagrun for refresh_us_dag to 2025-11-07 19:30:00+00:00, run_after=2025-11-14 19:30:00+00:00
[2025-11-08T03:52:16.722+0000] {processor.py:183} INFO - Processing /opt/airflow/dags/qi_refresh_us.py took 0.525 seconds
[2025-11-08T04:22:16.441+0000] {processor.py:161} INFO - Started process (PID=10187) to work on /opt/airflow/dags/qi_refresh_us.py
[2025-11-08T04:22:16.442+0000] {processor.py:830} INFO - Processing file /opt/airflow/dags/qi_refresh_us.py for tasks to queue
[2025-11-08T04:22:16.443+0000] {logging_mixin.py:188} INFO - [2025-11-08T04:22:16.443+0000] {dagbag.py:545} INFO - Filling up the DagBag from /opt/airflow/dags/qi_refresh_us.py
[2025-11-08T04:22:16.972+0000] {processor.py:840} INFO - DAG(s) 'refresh_us_dag' retrieved from /opt/airflow/dags/qi_refresh_us.py
[2025-11-08T04:22:16.987+0000] {logging_mixin.py:188} INFO - [2025-11-08T04:22:16.987+0000] {dag.py:3089} INFO - Sync 1 DAGs
[2025-11-08T04:22:16.997+0000] {logging_mixin.py:188} INFO - [2025-11-08T04:22:16.997+0000] {dag.py:3947} INFO - Setting next_dagrun for refresh_us_dag to 2025-11-07 19:30:00+00:00, run_after=2025-11-14 19:30:00+00:00
[2025-11-08T04:22:17.007+0000] {processor.py:183} INFO - Processing /opt/airflow/dags/qi_refresh_us.py took 0.569 seconds
[2025-11-08T04:37:47.304+0000] {processor.py:161} INFO - Started process (PID=10190) to work on /opt/airflow/dags/qi_refresh_us.py
[2025-11-08T04:37:47.304+0000] {processor.py:830} INFO - Processing file /opt/airflow/dags/qi_refresh_us.py for tasks to queue
[2025-11-08T04:37:47.305+0000] {logging_mixin.py:188} INFO - [2025-11-08T04:37:47.305+0000] {dagbag.py:545} INFO - Filling up the DagBag from /opt/airflow/dags/qi_refresh_us.py
[2025-11-08T04:37:47.794+0000] {processor.py:840} INFO - DAG(s) 'refresh_us_dag' retrieved from /opt/airflow/dags/qi_refresh_us.py
[2025-11-08T04:37:47.807+0000] {logging_mixin.py:188} INFO - [2025-11-08T04:37:47.807+0000] {dag.py:3089} INFO - Sync 1 DAGs
[2025-11-08T04:37:47.820+0000] {logging_mixin.py:188} INFO - [2025-11-08T04:37:47.820+0000] {dag.py:3947} INFO - Setting next_dagrun for refresh_us_dag to 2025-11-07 19:30:00+00:00, run_after=2025-11-14 19:30:00+00:00
[2025-11-08T04:37:47.828+0000] {processor.py:183} INFO - Processing /opt/airflow/dags/qi_refresh_us.py took 0.527 seconds
[2025-11-08T04:53:16.977+0000] {processor.py:161} INFO - Started process (PID=10193) to work on /opt/airflow/dags/qi_refresh_us.py
[2025-11-08T04:53:16.977+0000] {processor.py:830} INFO - Processing file /opt/airflow/dags/qi_refresh_us.py for tasks to queue
[2025-11-08T04:53:16.979+0000] {logging_mixin.py:188} INFO - [2025-11-08T04:53:16.979+0000] {dagbag.py:545} INFO - Filling up the DagBag from /opt/airflow/dags/qi_refresh_us.py
[2025-11-08T04:53:17.472+0000] {processor.py:840} INFO - DAG(s) 'refresh_us_dag' retrieved from /opt/airflow/dags/qi_refresh_us.py
[2025-11-08T04:53:17.486+0000] {logging_mixin.py:188} INFO - [2025-11-08T04:53:17.485+0000] {dag.py:3089} INFO - Sync 1 DAGs
[2025-11-08T04:53:17.495+0000] {logging_mixin.py:188} INFO - [2025-11-08T04:53:17.495+0000] {dag.py:3947} INFO - Setting next_dagrun for refresh_us_dag to 2025-11-07 19:30:00+00:00, run_after=2025-11-14 19:30:00+00:00
[2025-11-08T04:53:17.503+0000] {processor.py:183} INFO - Processing /opt/airflow/dags/qi_refresh_us.py took 0.530 seconds
[2025-11-08T05:23:22.333+0000] {processor.py:161} INFO - Started process (PID=10196) to work on /opt/airflow/dags/qi_refresh_us.py
[2025-11-08T05:23:22.334+0000] {processor.py:830} INFO - Processing file /opt/airflow/dags/qi_refresh_us.py for tasks to queue
[2025-11-08T05:23:22.335+0000] {logging_mixin.py:188} INFO - [2025-11-08T05:23:22.335+0000] {dagbag.py:545} INFO - Filling up the DagBag from /opt/airflow/dags/qi_refresh_us.py
[2025-11-08T05:23:22.819+0000] {processor.py:840} INFO - DAG(s) 'refresh_us_dag' retrieved from /opt/airflow/dags/qi_refresh_us.py
[2025-11-08T05:23:22.832+0000] {logging_mixin.py:188} INFO - [2025-11-08T05:23:22.832+0000] {dag.py:3089} INFO - Sync 1 DAGs
[2025-11-08T05:23:22.842+0000] {logging_mixin.py:188} INFO - [2025-11-08T05:23:22.842+0000] {dag.py:3947} INFO - Setting next_dagrun for refresh_us_dag to 2025-11-07 19:30:00+00:00, run_after=2025-11-14 19:30:00+00:00
[2025-11-08T05:23:22.851+0000] {processor.py:183} INFO - Processing /opt/airflow/dags/qi_refresh_us.py took 0.521 seconds
[2025-11-08T05:38:51.990+0000] {processor.py:161} INFO - Started process (PID=10199) to work on /opt/airflow/dags/qi_refresh_us.py
[2025-11-08T05:38:51.991+0000] {processor.py:830} INFO - Processing file /opt/airflow/dags/qi_refresh_us.py for tasks to queue
[2025-11-08T05:38:51.992+0000] {logging_mixin.py:188} INFO - [2025-11-08T05:38:51.991+0000] {dagbag.py:545} INFO - Filling up the DagBag from /opt/airflow/dags/qi_refresh_us.py
[2025-11-08T05:38:52.475+0000] {processor.py:840} INFO - DAG(s) 'refresh_us_dag' retrieved from /opt/airflow/dags/qi_refresh_us.py
[2025-11-08T05:38:52.487+0000] {logging_mixin.py:188} INFO - [2025-11-08T05:38:52.487+0000] {dag.py:3089} INFO - Sync 1 DAGs
[2025-11-08T05:38:52.496+0000] {logging_mixin.py:188} INFO - [2025-11-08T05:38:52.496+0000] {dag.py:3947} INFO - Setting next_dagrun for refresh_us_dag to 2025-11-07 19:30:00+00:00, run_after=2025-11-14 19:30:00+00:00
[2025-11-08T05:38:52.505+0000] {processor.py:183} INFO - Processing /opt/airflow/dags/qi_refresh_us.py took 0.518 seconds
[2025-11-08T05:54:21.728+0000] {processor.py:161} INFO - Started process (PID=10202) to work on /opt/airflow/dags/qi_refresh_us.py
[2025-11-08T05:54:21.728+0000] {processor.py:830} INFO - Processing file /opt/airflow/dags/qi_refresh_us.py for tasks to queue
[2025-11-08T05:54:21.730+0000] {logging_mixin.py:188} INFO - [2025-11-08T05:54:21.729+0000] {dagbag.py:545} INFO - Filling up the DagBag from /opt/airflow/dags/qi_refresh_us.py
[2025-11-08T05:54:22.214+0000] {processor.py:840} INFO - DAG(s) 'refresh_us_dag' retrieved from /opt/airflow/dags/qi_refresh_us.py
[2025-11-08T05:54:22.227+0000] {logging_mixin.py:188} INFO - [2025-11-08T05:54:22.227+0000] {dag.py:3089} INFO - Sync 1 DAGs
[2025-11-08T05:54:22.237+0000] {logging_mixin.py:188} INFO - [2025-11-08T05:54:22.236+0000] {dag.py:3947} INFO - Setting next_dagrun for refresh_us_dag to 2025-11-07 19:30:00+00:00, run_after=2025-11-14 19:30:00+00:00
[2025-11-08T05:54:22.247+0000] {processor.py:183} INFO - Processing /opt/airflow/dags/qi_refresh_us.py took 0.523 seconds
[2025-11-08T06:24:08.325+0000] {processor.py:161} INFO - Started process (PID=10205) to work on /opt/airflow/dags/qi_refresh_us.py
[2025-11-08T06:24:08.326+0000] {processor.py:830} INFO - Processing file /opt/airflow/dags/qi_refresh_us.py for tasks to queue
[2025-11-08T06:24:08.328+0000] {logging_mixin.py:188} INFO - [2025-11-08T06:24:08.328+0000] {dagbag.py:545} INFO - Filling up the DagBag from /opt/airflow/dags/qi_refresh_us.py
[2025-11-08T06:24:08.837+0000] {processor.py:840} INFO - DAG(s) 'refresh_us_dag' retrieved from /opt/airflow/dags/qi_refresh_us.py
[2025-11-08T06:24:08.849+0000] {logging_mixin.py:188} INFO - [2025-11-08T06:24:08.849+0000] {dag.py:3089} INFO - Sync 1 DAGs
[2025-11-08T06:24:08.860+0000] {logging_mixin.py:188} INFO - [2025-11-08T06:24:08.859+0000] {dag.py:3947} INFO - Setting next_dagrun for refresh_us_dag to 2025-11-07 19:30:00+00:00, run_after=2025-11-14 19:30:00+00:00
[2025-11-08T06:24:08.868+0000] {processor.py:183} INFO - Processing /opt/airflow/dags/qi_refresh_us.py took 0.546 seconds
[2025-11-08T06:39:38.208+0000] {processor.py:161} INFO - Started process (PID=10208) to work on /opt/airflow/dags/qi_refresh_us.py
[2025-11-08T06:39:38.208+0000] {processor.py:830} INFO - Processing file /opt/airflow/dags/qi_refresh_us.py for tasks to queue
[2025-11-08T06:39:38.210+0000] {logging_mixin.py:188} INFO - [2025-11-08T06:39:38.210+0000] {dagbag.py:545} INFO - Filling up the DagBag from /opt/airflow/dags/qi_refresh_us.py
[2025-11-08T06:39:38.709+0000] {processor.py:840} INFO - DAG(s) 'refresh_us_dag' retrieved from /opt/airflow/dags/qi_refresh_us.py
[2025-11-08T06:39:38.722+0000] {logging_mixin.py:188} INFO - [2025-11-08T06:39:38.722+0000] {dag.py:3089} INFO - Sync 1 DAGs
[2025-11-08T06:39:38.733+0000] {logging_mixin.py:188} INFO - [2025-11-08T06:39:38.733+0000] {dag.py:3947} INFO - Setting next_dagrun for refresh_us_dag to 2025-11-07 19:30:00+00:00, run_after=2025-11-14 19:30:00+00:00
[2025-11-08T06:39:38.741+0000] {processor.py:183} INFO - Processing /opt/airflow/dags/qi_refresh_us.py took 0.537 seconds
[2025-11-08T06:55:09.492+0000] {processor.py:161} INFO - Started process (PID=10211) to work on /opt/airflow/dags/qi_refresh_us.py
[2025-11-08T06:55:09.492+0000] {processor.py:830} INFO - Processing file /opt/airflow/dags/qi_refresh_us.py for tasks to queue
[2025-11-08T06:55:09.493+0000] {logging_mixin.py:188} INFO - [2025-11-08T06:55:09.493+0000] {dagbag.py:545} INFO - Filling up the DagBag from /opt/airflow/dags/qi_refresh_us.py
[2025-11-08T06:55:09.976+0000] {processor.py:840} INFO - DAG(s) 'refresh_us_dag' retrieved from /opt/airflow/dags/qi_refresh_us.py
[2025-11-08T06:55:09.989+0000] {logging_mixin.py:188} INFO - [2025-11-08T06:55:09.989+0000] {dag.py:3089} INFO - Sync 1 DAGs
[2025-11-08T06:55:09.998+0000] {logging_mixin.py:188} INFO - [2025-11-08T06:55:09.998+0000] {dag.py:3947} INFO - Setting next_dagrun for refresh_us_dag to 2025-11-07 19:30:00+00:00, run_after=2025-11-14 19:30:00+00:00
[2025-11-08T06:55:10.006+0000] {processor.py:183} INFO - Processing /opt/airflow/dags/qi_refresh_us.py took 0.518 seconds
[2025-11-08T07:25:10.453+0000] {processor.py:161} INFO - Started process (PID=10214) to work on /opt/airflow/dags/qi_refresh_us.py
[2025-11-08T07:25:10.453+0000] {processor.py:830} INFO - Processing file /opt/airflow/dags/qi_refresh_us.py for tasks to queue
[2025-11-08T07:25:10.454+0000] {logging_mixin.py:188} INFO - [2025-11-08T07:25:10.454+0000] {dagbag.py:545} INFO - Filling up the DagBag from /opt/airflow/dags/qi_refresh_us.py
[2025-11-08T07:25:10.943+0000] {processor.py:840} INFO - DAG(s) 'refresh_us_dag' retrieved from /opt/airflow/dags/qi_refresh_us.py
[2025-11-08T07:25:10.955+0000] {logging_mixin.py:188} INFO - [2025-11-08T07:25:10.955+0000] {dag.py:3089} INFO - Sync 1 DAGs
[2025-11-08T07:25:10.964+0000] {logging_mixin.py:188} INFO - [2025-11-08T07:25:10.964+0000] {dag.py:3947} INFO - Setting next_dagrun for refresh_us_dag to 2025-11-07 19:30:00+00:00, run_after=2025-11-14 19:30:00+00:00
[2025-11-08T07:25:10.975+0000] {processor.py:183} INFO - Processing /opt/airflow/dags/qi_refresh_us.py took 0.525 seconds
[2025-11-08T07:40:40.794+0000] {processor.py:161} INFO - Started process (PID=10217) to work on /opt/airflow/dags/qi_refresh_us.py
[2025-11-08T07:40:40.794+0000] {processor.py:830} INFO - Processing file /opt/airflow/dags/qi_refresh_us.py for tasks to queue
[2025-11-08T07:40:40.796+0000] {logging_mixin.py:188} INFO - [2025-11-08T07:40:40.796+0000] {dagbag.py:545} INFO - Filling up the DagBag from /opt/airflow/dags/qi_refresh_us.py
[2025-11-08T07:40:41.281+0000] {processor.py:840} INFO - DAG(s) 'refresh_us_dag' retrieved from /opt/airflow/dags/qi_refresh_us.py
[2025-11-08T07:40:41.294+0000] {logging_mixin.py:188} INFO - [2025-11-08T07:40:41.294+0000] {dag.py:3089} INFO - Sync 1 DAGs
[2025-11-08T07:40:41.303+0000] {logging_mixin.py:188} INFO - [2025-11-08T07:40:41.303+0000] {dag.py:3947} INFO - Setting next_dagrun for refresh_us_dag to 2025-11-07 19:30:00+00:00, run_after=2025-11-14 19:30:00+00:00
[2025-11-08T07:40:41.313+0000] {processor.py:183} INFO - Processing /opt/airflow/dags/qi_refresh_us.py took 0.523 seconds
[2025-11-08T08:02:24.008+0000] {processor.py:161} INFO - Started process (PID=10220) to work on /opt/airflow/dags/qi_refresh_us.py
[2025-11-08T08:02:24.009+0000] {processor.py:830} INFO - Processing file /opt/airflow/dags/qi_refresh_us.py for tasks to queue
[2025-11-08T08:02:24.010+0000] {logging_mixin.py:188} INFO - [2025-11-08T08:02:24.010+0000] {dagbag.py:545} INFO - Filling up the DagBag from /opt/airflow/dags/qi_refresh_us.py
[2025-11-08T08:02:24.495+0000] {processor.py:840} INFO - DAG(s) 'refresh_us_dag' retrieved from /opt/airflow/dags/qi_refresh_us.py
[2025-11-08T08:02:24.508+0000] {logging_mixin.py:188} INFO - [2025-11-08T08:02:24.508+0000] {dag.py:3089} INFO - Sync 1 DAGs
[2025-11-08T08:02:24.519+0000] {logging_mixin.py:188} INFO - [2025-11-08T08:02:24.519+0000] {dag.py:3947} INFO - Setting next_dagrun for refresh_us_dag to 2025-11-07 19:30:00+00:00, run_after=2025-11-14 19:30:00+00:00
[2025-11-08T08:02:24.527+0000] {processor.py:183} INFO - Processing /opt/airflow/dags/qi_refresh_us.py took 0.522 seconds
[2025-11-08T08:26:02.833+0000] {processor.py:161} INFO - Started process (PID=10223) to work on /opt/airflow/dags/qi_refresh_us.py
[2025-11-08T08:26:02.834+0000] {processor.py:830} INFO - Processing file /opt/airflow/dags/qi_refresh_us.py for tasks to queue
[2025-11-08T08:26:02.835+0000] {logging_mixin.py:188} INFO - [2025-11-08T08:26:02.835+0000] {dagbag.py:545} INFO - Filling up the DagBag from /opt/airflow/dags/qi_refresh_us.py
[2025-11-08T08:26:03.347+0000] {processor.py:840} INFO - DAG(s) 'refresh_us_dag' retrieved from /opt/airflow/dags/qi_refresh_us.py
[2025-11-08T08:26:03.361+0000] {logging_mixin.py:188} INFO - [2025-11-08T08:26:03.361+0000] {dag.py:3089} INFO - Sync 1 DAGs
[2025-11-08T08:26:03.372+0000] {logging_mixin.py:188} INFO - [2025-11-08T08:26:03.372+0000] {dag.py:3947} INFO - Setting next_dagrun for refresh_us_dag to 2025-11-07 19:30:00+00:00, run_after=2025-11-14 19:30:00+00:00
[2025-11-08T08:26:03.381+0000] {processor.py:183} INFO - Processing /opt/airflow/dags/qi_refresh_us.py took 0.551 seconds
[2025-11-08T08:33:48.612+0000] {processor.py:161} INFO - Started process (PID=10226) to work on /opt/airflow/dags/qi_refresh_us.py
[2025-11-08T08:33:48.614+0000] {processor.py:830} INFO - Processing file /opt/airflow/dags/qi_refresh_us.py for tasks to queue
[2025-11-08T08:33:48.615+0000] {logging_mixin.py:188} INFO - [2025-11-08T08:33:48.615+0000] {dagbag.py:545} INFO - Filling up the DagBag from /opt/airflow/dags/qi_refresh_us.py
[2025-11-08T08:33:49.104+0000] {processor.py:840} INFO - DAG(s) 'refresh_us_dag' retrieved from /opt/airflow/dags/qi_refresh_us.py
[2025-11-08T08:33:49.117+0000] {logging_mixin.py:188} INFO - [2025-11-08T08:33:49.117+0000] {dag.py:3089} INFO - Sync 1 DAGs
[2025-11-08T08:33:49.126+0000] {logging_mixin.py:188} INFO - [2025-11-08T08:33:49.126+0000] {dag.py:3947} INFO - Setting next_dagrun for refresh_us_dag to 2025-11-07 19:30:00+00:00, run_after=2025-11-14 19:30:00+00:00
[2025-11-08T08:33:49.135+0000] {processor.py:183} INFO - Processing /opt/airflow/dags/qi_refresh_us.py took 0.525 seconds
[2025-11-08T08:34:19.454+0000] {processor.py:161} INFO - Started process (PID=10229) to work on /opt/airflow/dags/qi_refresh_us.py
[2025-11-08T08:34:19.455+0000] {processor.py:830} INFO - Processing file /opt/airflow/dags/qi_refresh_us.py for tasks to queue
[2025-11-08T08:34:19.456+0000] {logging_mixin.py:188} INFO - [2025-11-08T08:34:19.456+0000] {dagbag.py:545} INFO - Filling up the DagBag from /opt/airflow/dags/qi_refresh_us.py
[2025-11-08T08:34:19.953+0000] {processor.py:840} INFO - DAG(s) 'refresh_us_dag' retrieved from /opt/airflow/dags/qi_refresh_us.py
[2025-11-08T08:34:19.966+0000] {logging_mixin.py:188} INFO - [2025-11-08T08:34:19.965+0000] {dag.py:3089} INFO - Sync 1 DAGs
[2025-11-08T08:34:19.975+0000] {logging_mixin.py:188} INFO - [2025-11-08T08:34:19.975+0000] {dag.py:3947} INFO - Setting next_dagrun for refresh_us_dag to 2025-11-07 19:30:00+00:00, run_after=2025-11-14 19:30:00+00:00
[2025-11-08T08:34:19.983+0000] {processor.py:183} INFO - Processing /opt/airflow/dags/qi_refresh_us.py took 0.535 seconds
[2025-11-08T08:34:50.279+0000] {processor.py:161} INFO - Started process (PID=10232) to work on /opt/airflow/dags/qi_refresh_us.py
[2025-11-08T08:34:50.280+0000] {processor.py:830} INFO - Processing file /opt/airflow/dags/qi_refresh_us.py for tasks to queue
[2025-11-08T08:34:50.282+0000] {logging_mixin.py:188} INFO - [2025-11-08T08:34:50.281+0000] {dagbag.py:545} INFO - Filling up the DagBag from /opt/airflow/dags/qi_refresh_us.py
[2025-11-08T08:34:50.771+0000] {processor.py:840} INFO - DAG(s) 'refresh_us_dag' retrieved from /opt/airflow/dags/qi_refresh_us.py
[2025-11-08T08:34:50.783+0000] {logging_mixin.py:188} INFO - [2025-11-08T08:34:50.783+0000] {dag.py:3089} INFO - Sync 1 DAGs
[2025-11-08T08:34:50.792+0000] {logging_mixin.py:188} INFO - [2025-11-08T08:34:50.792+0000] {dag.py:3947} INFO - Setting next_dagrun for refresh_us_dag to 2025-11-07 19:30:00+00:00, run_after=2025-11-14 19:30:00+00:00
[2025-11-08T08:34:50.800+0000] {processor.py:183} INFO - Processing /opt/airflow/dags/qi_refresh_us.py took 0.526 seconds
[2025-11-08T08:35:21.064+0000] {processor.py:161} INFO - Started process (PID=10235) to work on /opt/airflow/dags/qi_refresh_us.py
[2025-11-08T08:35:21.065+0000] {processor.py:830} INFO - Processing file /opt/airflow/dags/qi_refresh_us.py for tasks to queue
[2025-11-08T08:35:21.067+0000] {logging_mixin.py:188} INFO - [2025-11-08T08:35:21.066+0000] {dagbag.py:545} INFO - Filling up the DagBag from /opt/airflow/dags/qi_refresh_us.py
[2025-11-08T08:35:21.561+0000] {processor.py:840} INFO - DAG(s) 'refresh_us_dag' retrieved from /opt/airflow/dags/qi_refresh_us.py
[2025-11-08T08:35:21.574+0000] {logging_mixin.py:188} INFO - [2025-11-08T08:35:21.574+0000] {dag.py:3089} INFO - Sync 1 DAGs
[2025-11-08T08:35:21.584+0000] {logging_mixin.py:188} INFO - [2025-11-08T08:35:21.584+0000] {dag.py:3947} INFO - Setting next_dagrun for refresh_us_dag to 2025-11-07 19:30:00+00:00, run_after=2025-11-14 19:30:00+00:00
[2025-11-08T08:35:21.592+0000] {processor.py:183} INFO - Processing /opt/airflow/dags/qi_refresh_us.py took 0.531 seconds
[2025-11-08T08:35:51.892+0000] {processor.py:161} INFO - Started process (PID=10238) to work on /opt/airflow/dags/qi_refresh_us.py
[2025-11-08T08:35:51.893+0000] {processor.py:830} INFO - Processing file /opt/airflow/dags/qi_refresh_us.py for tasks to queue
[2025-11-08T08:35:51.897+0000] {logging_mixin.py:188} INFO - [2025-11-08T08:35:51.897+0000] {dagbag.py:545} INFO - Filling up the DagBag from /opt/airflow/dags/qi_refresh_us.py
[2025-11-08T08:35:52.389+0000] {processor.py:840} INFO - DAG(s) 'refresh_us_dag' retrieved from /opt/airflow/dags/qi_refresh_us.py
[2025-11-08T08:35:52.401+0000] {logging_mixin.py:188} INFO - [2025-11-08T08:35:52.401+0000] {dag.py:3089} INFO - Sync 1 DAGs
[2025-11-08T08:35:52.411+0000] {logging_mixin.py:188} INFO - [2025-11-08T08:35:52.411+0000] {dag.py:3947} INFO - Setting next_dagrun for refresh_us_dag to 2025-11-07 19:30:00+00:00, run_after=2025-11-14 19:30:00+00:00
[2025-11-08T08:35:52.420+0000] {processor.py:183} INFO - Processing /opt/airflow/dags/qi_refresh_us.py took 0.534 seconds
[2025-11-08T08:36:22.701+0000] {processor.py:161} INFO - Started process (PID=10241) to work on /opt/airflow/dags/qi_refresh_us.py
[2025-11-08T08:36:22.702+0000] {processor.py:830} INFO - Processing file /opt/airflow/dags/qi_refresh_us.py for tasks to queue
[2025-11-08T08:36:22.703+0000] {logging_mixin.py:188} INFO - [2025-11-08T08:36:22.703+0000] {dagbag.py:545} INFO - Filling up the DagBag from /opt/airflow/dags/qi_refresh_us.py
[2025-11-08T08:36:23.185+0000] {processor.py:840} INFO - DAG(s) 'refresh_us_dag' retrieved from /opt/airflow/dags/qi_refresh_us.py
[2025-11-08T08:36:23.199+0000] {logging_mixin.py:188} INFO - [2025-11-08T08:36:23.199+0000] {dag.py:3089} INFO - Sync 1 DAGs
[2025-11-08T08:36:23.209+0000] {logging_mixin.py:188} INFO - [2025-11-08T08:36:23.209+0000] {dag.py:3947} INFO - Setting next_dagrun for refresh_us_dag to 2025-11-07 19:30:00+00:00, run_after=2025-11-14 19:30:00+00:00
[2025-11-08T08:36:23.217+0000] {processor.py:183} INFO - Processing /opt/airflow/dags/qi_refresh_us.py took 0.520 seconds
[2025-11-08T08:36:53.566+0000] {processor.py:161} INFO - Started process (PID=10244) to work on /opt/airflow/dags/qi_refresh_us.py
[2025-11-08T08:36:53.567+0000] {processor.py:830} INFO - Processing file /opt/airflow/dags/qi_refresh_us.py for tasks to queue
[2025-11-08T08:36:53.568+0000] {logging_mixin.py:188} INFO - [2025-11-08T08:36:53.568+0000] {dagbag.py:545} INFO - Filling up the DagBag from /opt/airflow/dags/qi_refresh_us.py
[2025-11-08T08:36:54.241+0000] {processor.py:840} INFO - DAG(s) 'refresh_us_dag' retrieved from /opt/airflow/dags/qi_refresh_us.py
[2025-11-08T08:36:54.254+0000] {logging_mixin.py:188} INFO - [2025-11-08T08:36:54.254+0000] {dag.py:3089} INFO - Sync 1 DAGs
[2025-11-08T08:36:54.263+0000] {logging_mixin.py:188} INFO - [2025-11-08T08:36:54.263+0000] {dag.py:3947} INFO - Setting next_dagrun for refresh_us_dag to 2025-11-07 19:30:00+00:00, run_after=2025-11-14 19:30:00+00:00
[2025-11-08T08:36:54.271+0000] {processor.py:183} INFO - Processing /opt/airflow/dags/qi_refresh_us.py took 0.710 seconds
[2025-11-08T09:07:18.832+0000] {processor.py:161} INFO - Started process (PID=10247) to work on /opt/airflow/dags/qi_refresh_us.py
[2025-11-08T09:07:18.833+0000] {processor.py:830} INFO - Processing file /opt/airflow/dags/qi_refresh_us.py for tasks to queue
[2025-11-08T09:07:18.834+0000] {logging_mixin.py:188} INFO - [2025-11-08T09:07:18.833+0000] {dagbag.py:545} INFO - Filling up the DagBag from /opt/airflow/dags/qi_refresh_us.py
[2025-11-08T09:07:19.321+0000] {processor.py:840} INFO - DAG(s) 'refresh_us_dag' retrieved from /opt/airflow/dags/qi_refresh_us.py
[2025-11-08T09:07:19.333+0000] {logging_mixin.py:188} INFO - [2025-11-08T09:07:19.333+0000] {dag.py:3089} INFO - Sync 1 DAGs
[2025-11-08T09:07:19.343+0000] {logging_mixin.py:188} INFO - [2025-11-08T09:07:19.343+0000] {dag.py:3947} INFO - Setting next_dagrun for refresh_us_dag to 2025-11-07 19:30:00+00:00, run_after=2025-11-14 19:30:00+00:00
[2025-11-08T09:07:19.351+0000] {processor.py:183} INFO - Processing /opt/airflow/dags/qi_refresh_us.py took 0.522 seconds
[2025-11-08T09:22:48.512+0000] {processor.py:161} INFO - Started process (PID=10250) to work on /opt/airflow/dags/qi_refresh_us.py
[2025-11-08T09:22:48.513+0000] {processor.py:830} INFO - Processing file /opt/airflow/dags/qi_refresh_us.py for tasks to queue
[2025-11-08T09:22:48.514+0000] {logging_mixin.py:188} INFO - [2025-11-08T09:22:48.514+0000] {dagbag.py:545} INFO - Filling up the DagBag from /opt/airflow/dags/qi_refresh_us.py
[2025-11-08T09:22:49.004+0000] {processor.py:840} INFO - DAG(s) 'refresh_us_dag' retrieved from /opt/airflow/dags/qi_refresh_us.py
[2025-11-08T09:22:49.015+0000] {logging_mixin.py:188} INFO - [2025-11-08T09:22:49.015+0000] {dag.py:3089} INFO - Sync 1 DAGs
[2025-11-08T09:22:49.024+0000] {logging_mixin.py:188} INFO - [2025-11-08T09:22:49.024+0000] {dag.py:3947} INFO - Setting next_dagrun for refresh_us_dag to 2025-11-07 19:30:00+00:00, run_after=2025-11-14 19:30:00+00:00
[2025-11-08T09:22:49.033+0000] {processor.py:183} INFO - Processing /opt/airflow/dags/qi_refresh_us.py took 0.524 seconds
[2025-11-08T09:26:08.746+0000] {processor.py:161} INFO - Started process (PID=10253) to work on /opt/airflow/dags/qi_refresh_us.py
[2025-11-08T09:26:08.747+0000] {processor.py:830} INFO - Processing file /opt/airflow/dags/qi_refresh_us.py for tasks to queue
[2025-11-08T09:26:08.748+0000] {logging_mixin.py:188} INFO - [2025-11-08T09:26:08.748+0000] {dagbag.py:545} INFO - Filling up the DagBag from /opt/airflow/dags/qi_refresh_us.py
[2025-11-08T09:26:09.272+0000] {processor.py:840} INFO - DAG(s) 'refresh_us_dag' retrieved from /opt/airflow/dags/qi_refresh_us.py
[2025-11-08T09:26:09.285+0000] {logging_mixin.py:188} INFO - [2025-11-08T09:26:09.284+0000] {dag.py:3089} INFO - Sync 1 DAGs
[2025-11-08T09:26:09.294+0000] {logging_mixin.py:188} INFO - [2025-11-08T09:26:09.294+0000] {dag.py:3947} INFO - Setting next_dagrun for refresh_us_dag to 2025-11-07 19:30:00+00:00, run_after=2025-11-14 19:30:00+00:00
[2025-11-08T09:26:09.303+0000] {processor.py:183} INFO - Processing /opt/airflow/dags/qi_refresh_us.py took 0.561 seconds
[2025-11-08T09:26:39.592+0000] {processor.py:161} INFO - Started process (PID=10256) to work on /opt/airflow/dags/qi_refresh_us.py
[2025-11-08T09:26:39.593+0000] {processor.py:830} INFO - Processing file /opt/airflow/dags/qi_refresh_us.py for tasks to queue
[2025-11-08T09:26:39.595+0000] {logging_mixin.py:188} INFO - [2025-11-08T09:26:39.595+0000] {dagbag.py:545} INFO - Filling up the DagBag from /opt/airflow/dags/qi_refresh_us.py
[2025-11-08T09:26:40.086+0000] {processor.py:840} INFO - DAG(s) 'refresh_us_dag' retrieved from /opt/airflow/dags/qi_refresh_us.py
[2025-11-08T09:26:40.098+0000] {logging_mixin.py:188} INFO - [2025-11-08T09:26:40.097+0000] {dag.py:3089} INFO - Sync 1 DAGs
[2025-11-08T09:26:40.108+0000] {logging_mixin.py:188} INFO - [2025-11-08T09:26:40.108+0000] {dag.py:3947} INFO - Setting next_dagrun for refresh_us_dag to 2025-11-07 19:30:00+00:00, run_after=2025-11-14 19:30:00+00:00
[2025-11-08T09:26:40.116+0000] {processor.py:183} INFO - Processing /opt/airflow/dags/qi_refresh_us.py took 0.530 seconds
[2025-11-08T09:27:10.364+0000] {processor.py:161} INFO - Started process (PID=10259) to work on /opt/airflow/dags/qi_refresh_us.py
[2025-11-08T09:27:10.365+0000] {processor.py:830} INFO - Processing file /opt/airflow/dags/qi_refresh_us.py for tasks to queue
[2025-11-08T09:27:10.367+0000] {logging_mixin.py:188} INFO - [2025-11-08T09:27:10.367+0000] {dagbag.py:545} INFO - Filling up the DagBag from /opt/airflow/dags/qi_refresh_us.py
[2025-11-08T09:27:10.867+0000] {processor.py:840} INFO - DAG(s) 'refresh_us_dag' retrieved from /opt/airflow/dags/qi_refresh_us.py
[2025-11-08T09:27:10.882+0000] {logging_mixin.py:188} INFO - [2025-11-08T09:27:10.882+0000] {dag.py:3089} INFO - Sync 1 DAGs
[2025-11-08T09:27:10.891+0000] {logging_mixin.py:188} INFO - [2025-11-08T09:27:10.891+0000] {dag.py:3947} INFO - Setting next_dagrun for refresh_us_dag to 2025-11-07 19:30:00+00:00, run_after=2025-11-14 19:30:00+00:00
[2025-11-08T09:27:10.900+0000] {processor.py:183} INFO - Processing /opt/airflow/dags/qi_refresh_us.py took 0.542 seconds
[2025-11-08T09:27:41.179+0000] {processor.py:161} INFO - Started process (PID=10262) to work on /opt/airflow/dags/qi_refresh_us.py
[2025-11-08T09:27:41.180+0000] {processor.py:830} INFO - Processing file /opt/airflow/dags/qi_refresh_us.py for tasks to queue
[2025-11-08T09:27:41.183+0000] {logging_mixin.py:188} INFO - [2025-11-08T09:27:41.182+0000] {dagbag.py:545} INFO - Filling up the DagBag from /opt/airflow/dags/qi_refresh_us.py
[2025-11-08T09:27:41.673+0000] {processor.py:840} INFO - DAG(s) 'refresh_us_dag' retrieved from /opt/airflow/dags/qi_refresh_us.py
[2025-11-08T09:27:41.686+0000] {logging_mixin.py:188} INFO - [2025-11-08T09:27:41.685+0000] {dag.py:3089} INFO - Sync 1 DAGs
[2025-11-08T09:27:41.695+0000] {logging_mixin.py:188} INFO - [2025-11-08T09:27:41.695+0000] {dag.py:3947} INFO - Setting next_dagrun for refresh_us_dag to 2025-11-07 19:30:00+00:00, run_after=2025-11-14 19:30:00+00:00
[2025-11-08T09:27:41.703+0000] {processor.py:183} INFO - Processing /opt/airflow/dags/qi_refresh_us.py took 0.531 seconds
[2025-11-08T09:28:12.207+0000] {processor.py:161} INFO - Started process (PID=10265) to work on /opt/airflow/dags/qi_refresh_us.py
[2025-11-08T09:28:12.208+0000] {processor.py:830} INFO - Processing file /opt/airflow/dags/qi_refresh_us.py for tasks to queue
[2025-11-08T09:28:12.210+0000] {logging_mixin.py:188} INFO - [2025-11-08T09:28:12.209+0000] {dagbag.py:545} INFO - Filling up the DagBag from /opt/airflow/dags/qi_refresh_us.py
[2025-11-08T09:28:12.753+0000] {processor.py:840} INFO - DAG(s) 'refresh_us_dag' retrieved from /opt/airflow/dags/qi_refresh_us.py
[2025-11-08T09:28:12.768+0000] {logging_mixin.py:188} INFO - [2025-11-08T09:28:12.768+0000] {dag.py:3089} INFO - Sync 1 DAGs
[2025-11-08T09:28:12.778+0000] {logging_mixin.py:188} INFO - [2025-11-08T09:28:12.778+0000] {dag.py:3947} INFO - Setting next_dagrun for refresh_us_dag to 2025-11-07 19:30:00+00:00, run_after=2025-11-14 19:30:00+00:00
[2025-11-08T09:28:12.786+0000] {processor.py:183} INFO - Processing /opt/airflow/dags/qi_refresh_us.py took 0.583 seconds
[2025-11-08T09:58:38.678+0000] {processor.py:161} INFO - Started process (PID=10268) to work on /opt/airflow/dags/qi_refresh_us.py
[2025-11-08T09:58:38.679+0000] {processor.py:830} INFO - Processing file /opt/airflow/dags/qi_refresh_us.py for tasks to queue
[2025-11-08T09:58:38.680+0000] {logging_mixin.py:188} INFO - [2025-11-08T09:58:38.680+0000] {dagbag.py:545} INFO - Filling up the DagBag from /opt/airflow/dags/qi_refresh_us.py
[2025-11-08T09:58:39.182+0000] {processor.py:840} INFO - DAG(s) 'refresh_us_dag' retrieved from /opt/airflow/dags/qi_refresh_us.py
[2025-11-08T09:58:39.194+0000] {logging_mixin.py:188} INFO - [2025-11-08T09:58:39.194+0000] {dag.py:3089} INFO - Sync 1 DAGs
[2025-11-08T09:58:39.203+0000] {logging_mixin.py:188} INFO - [2025-11-08T09:58:39.203+0000] {dag.py:3947} INFO - Setting next_dagrun for refresh_us_dag to 2025-11-07 19:30:00+00:00, run_after=2025-11-14 19:30:00+00:00
[2025-11-08T09:58:39.212+0000] {processor.py:183} INFO - Processing /opt/airflow/dags/qi_refresh_us.py took 0.537 seconds
[2025-11-08T10:11:58.252+0000] {processor.py:161} INFO - Started process (PID=10271) to work on /opt/airflow/dags/qi_refresh_us.py
[2025-11-08T10:11:58.252+0000] {processor.py:830} INFO - Processing file /opt/airflow/dags/qi_refresh_us.py for tasks to queue
[2025-11-08T10:11:58.253+0000] {logging_mixin.py:188} INFO - [2025-11-08T10:11:58.253+0000] {dagbag.py:545} INFO - Filling up the DagBag from /opt/airflow/dags/qi_refresh_us.py
[2025-11-08T10:11:58.753+0000] {processor.py:840} INFO - DAG(s) 'refresh_us_dag' retrieved from /opt/airflow/dags/qi_refresh_us.py
[2025-11-08T10:11:58.770+0000] {logging_mixin.py:188} INFO - [2025-11-08T10:11:58.770+0000] {dag.py:3089} INFO - Sync 1 DAGs
[2025-11-08T10:11:58.779+0000] {logging_mixin.py:188} INFO - [2025-11-08T10:11:58.779+0000] {dag.py:3947} INFO - Setting next_dagrun for refresh_us_dag to 2025-11-07 19:30:00+00:00, run_after=2025-11-14 19:30:00+00:00
[2025-11-08T10:11:58.793+0000] {processor.py:183} INFO - Processing /opt/airflow/dags/qi_refresh_us.py took 0.544 seconds
[2025-11-08T10:39:58.339+0000] {processor.py:161} INFO - Started process (PID=10274) to work on /opt/airflow/dags/qi_refresh_us.py
[2025-11-08T10:39:58.340+0000] {processor.py:830} INFO - Processing file /opt/airflow/dags/qi_refresh_us.py for tasks to queue
[2025-11-08T10:39:58.341+0000] {logging_mixin.py:188} INFO - [2025-11-08T10:39:58.341+0000] {dagbag.py:545} INFO - Filling up the DagBag from /opt/airflow/dags/qi_refresh_us.py
[2025-11-08T10:39:58.834+0000] {processor.py:840} INFO - DAG(s) 'refresh_us_dag' retrieved from /opt/airflow/dags/qi_refresh_us.py
[2025-11-08T10:39:58.850+0000] {logging_mixin.py:188} INFO - [2025-11-08T10:39:58.850+0000] {dag.py:3089} INFO - Sync 1 DAGs
[2025-11-08T10:39:58.860+0000] {logging_mixin.py:188} INFO - [2025-11-08T10:39:58.859+0000] {dag.py:3947} INFO - Setting next_dagrun for refresh_us_dag to 2025-11-07 19:30:00+00:00, run_after=2025-11-14 19:30:00+00:00
[2025-11-08T10:39:58.875+0000] {processor.py:183} INFO - Processing /opt/airflow/dags/qi_refresh_us.py took 0.539 seconds
[2025-11-08T11:07:34.542+0000] {processor.py:161} INFO - Started process (PID=10277) to work on /opt/airflow/dags/qi_refresh_us.py
[2025-11-08T11:07:34.543+0000] {processor.py:830} INFO - Processing file /opt/airflow/dags/qi_refresh_us.py for tasks to queue
[2025-11-08T11:07:34.544+0000] {logging_mixin.py:188} INFO - [2025-11-08T11:07:34.544+0000] {dagbag.py:545} INFO - Filling up the DagBag from /opt/airflow/dags/qi_refresh_us.py
[2025-11-08T11:07:35.036+0000] {processor.py:840} INFO - DAG(s) 'refresh_us_dag' retrieved from /opt/airflow/dags/qi_refresh_us.py
[2025-11-08T11:07:35.053+0000] {logging_mixin.py:188} INFO - [2025-11-08T11:07:35.053+0000] {dag.py:3089} INFO - Sync 1 DAGs
[2025-11-08T11:07:35.068+0000] {logging_mixin.py:188} INFO - [2025-11-08T11:07:35.067+0000] {dag.py:3947} INFO - Setting next_dagrun for refresh_us_dag to 2025-11-07 19:30:00+00:00, run_after=2025-11-14 19:30:00+00:00
[2025-11-08T11:07:35.078+0000] {processor.py:183} INFO - Processing /opt/airflow/dags/qi_refresh_us.py took 0.539 seconds
[2025-11-08T11:11:55.566+0000] {processor.py:161} INFO - Started process (PID=10280) to work on /opt/airflow/dags/qi_refresh_us.py
[2025-11-08T11:11:55.566+0000] {processor.py:830} INFO - Processing file /opt/airflow/dags/qi_refresh_us.py for tasks to queue
[2025-11-08T11:11:55.568+0000] {logging_mixin.py:188} INFO - [2025-11-08T11:11:55.567+0000] {dagbag.py:545} INFO - Filling up the DagBag from /opt/airflow/dags/qi_refresh_us.py
[2025-11-08T11:11:56.073+0000] {processor.py:840} INFO - DAG(s) 'refresh_us_dag' retrieved from /opt/airflow/dags/qi_refresh_us.py
[2025-11-08T11:11:56.084+0000] {logging_mixin.py:188} INFO - [2025-11-08T11:11:56.084+0000] {dag.py:3089} INFO - Sync 1 DAGs
[2025-11-08T11:11:56.093+0000] {logging_mixin.py:188} INFO - [2025-11-08T11:11:56.093+0000] {dag.py:3947} INFO - Setting next_dagrun for refresh_us_dag to 2025-11-07 19:30:00+00:00, run_after=2025-11-14 19:30:00+00:00
[2025-11-08T11:11:56.101+0000] {processor.py:183} INFO - Processing /opt/airflow/dags/qi_refresh_us.py took 0.539 seconds
[2025-11-08T11:13:00.868+0000] {processor.py:161} INFO - Started process (PID=10283) to work on /opt/airflow/dags/qi_refresh_us.py
[2025-11-08T11:13:00.870+0000] {processor.py:830} INFO - Processing file /opt/airflow/dags/qi_refresh_us.py for tasks to queue
[2025-11-08T11:13:00.871+0000] {logging_mixin.py:188} INFO - [2025-11-08T11:13:00.871+0000] {dagbag.py:545} INFO - Filling up the DagBag from /opt/airflow/dags/qi_refresh_us.py
[2025-11-08T11:13:01.406+0000] {processor.py:840} INFO - DAG(s) 'refresh_us_dag' retrieved from /opt/airflow/dags/qi_refresh_us.py
[2025-11-08T11:13:01.420+0000] {logging_mixin.py:188} INFO - [2025-11-08T11:13:01.420+0000] {dag.py:3089} INFO - Sync 1 DAGs
[2025-11-08T11:13:01.430+0000] {logging_mixin.py:188} INFO - [2025-11-08T11:13:01.430+0000] {dag.py:3947} INFO - Setting next_dagrun for refresh_us_dag to 2025-11-07 19:30:00+00:00, run_after=2025-11-14 19:30:00+00:00
[2025-11-08T11:13:01.439+0000] {processor.py:183} INFO - Processing /opt/airflow/dags/qi_refresh_us.py took 0.574 seconds
[2025-11-08T11:44:01.219+0000] {processor.py:161} INFO - Started process (PID=10286) to work on /opt/airflow/dags/qi_refresh_us.py
[2025-11-08T11:44:01.220+0000] {processor.py:830} INFO - Processing file /opt/airflow/dags/qi_refresh_us.py for tasks to queue
[2025-11-08T11:44:01.221+0000] {logging_mixin.py:188} INFO - [2025-11-08T11:44:01.221+0000] {dagbag.py:545} INFO - Filling up the DagBag from /opt/airflow/dags/qi_refresh_us.py
[2025-11-08T11:44:01.731+0000] {processor.py:840} INFO - DAG(s) 'refresh_us_dag' retrieved from /opt/airflow/dags/qi_refresh_us.py
[2025-11-08T11:44:01.743+0000] {logging_mixin.py:188} INFO - [2025-11-08T11:44:01.743+0000] {dag.py:3089} INFO - Sync 1 DAGs
[2025-11-08T11:44:01.752+0000] {logging_mixin.py:188} INFO - [2025-11-08T11:44:01.752+0000] {dag.py:3947} INFO - Setting next_dagrun for refresh_us_dag to 2025-11-07 19:30:00+00:00, run_after=2025-11-14 19:30:00+00:00
[2025-11-08T11:44:01.762+0000] {processor.py:183} INFO - Processing /opt/airflow/dags/qi_refresh_us.py took 0.546 seconds
[2025-11-08T12:00:49.890+0000] {processor.py:161} INFO - Started process (PID=10289) to work on /opt/airflow/dags/qi_refresh_us.py
[2025-11-08T12:00:49.890+0000] {processor.py:830} INFO - Processing file /opt/airflow/dags/qi_refresh_us.py for tasks to queue
[2025-11-08T12:00:49.892+0000] {logging_mixin.py:188} INFO - [2025-11-08T12:00:49.891+0000] {dagbag.py:545} INFO - Filling up the DagBag from /opt/airflow/dags/qi_refresh_us.py
[2025-11-08T12:00:50.401+0000] {processor.py:840} INFO - DAG(s) 'refresh_us_dag' retrieved from /opt/airflow/dags/qi_refresh_us.py
[2025-11-08T12:00:50.417+0000] {logging_mixin.py:188} INFO - [2025-11-08T12:00:50.417+0000] {dag.py:3089} INFO - Sync 1 DAGs
[2025-11-08T12:00:50.428+0000] {logging_mixin.py:188} INFO - [2025-11-08T12:00:50.428+0000] {dag.py:3947} INFO - Setting next_dagrun for refresh_us_dag to 2025-11-07 19:30:00+00:00, run_after=2025-11-14 19:30:00+00:00
[2025-11-08T12:00:50.443+0000] {processor.py:183} INFO - Processing /opt/airflow/dags/qi_refresh_us.py took 0.557 seconds
[2025-11-08T12:16:19.681+0000] {processor.py:161} INFO - Started process (PID=10292) to work on /opt/airflow/dags/qi_refresh_us.py
[2025-11-08T12:16:19.681+0000] {processor.py:830} INFO - Processing file /opt/airflow/dags/qi_refresh_us.py for tasks to queue
[2025-11-08T12:16:19.682+0000] {logging_mixin.py:188} INFO - [2025-11-08T12:16:19.682+0000] {dagbag.py:545} INFO - Filling up the DagBag from /opt/airflow/dags/qi_refresh_us.py
[2025-11-08T12:16:20.163+0000] {processor.py:840} INFO - DAG(s) 'refresh_us_dag' retrieved from /opt/airflow/dags/qi_refresh_us.py
[2025-11-08T12:16:20.176+0000] {logging_mixin.py:188} INFO - [2025-11-08T12:16:20.176+0000] {dag.py:3089} INFO - Sync 1 DAGs
[2025-11-08T12:16:20.186+0000] {logging_mixin.py:188} INFO - [2025-11-08T12:16:20.185+0000] {dag.py:3947} INFO - Setting next_dagrun for refresh_us_dag to 2025-11-07 19:30:00+00:00, run_after=2025-11-14 19:30:00+00:00
[2025-11-08T12:16:20.195+0000] {processor.py:183} INFO - Processing /opt/airflow/dags/qi_refresh_us.py took 0.517 seconds
[2025-11-08T12:44:51.248+0000] {processor.py:161} INFO - Started process (PID=10295) to work on /opt/airflow/dags/qi_refresh_us.py
[2025-11-08T12:44:51.248+0000] {processor.py:830} INFO - Processing file /opt/airflow/dags/qi_refresh_us.py for tasks to queue
[2025-11-08T12:44:51.249+0000] {logging_mixin.py:188} INFO - [2025-11-08T12:44:51.249+0000] {dagbag.py:545} INFO - Filling up the DagBag from /opt/airflow/dags/qi_refresh_us.py
[2025-11-08T12:44:51.733+0000] {processor.py:840} INFO - DAG(s) 'refresh_us_dag' retrieved from /opt/airflow/dags/qi_refresh_us.py
[2025-11-08T12:44:51.748+0000] {logging_mixin.py:188} INFO - [2025-11-08T12:44:51.747+0000] {dag.py:3089} INFO - Sync 1 DAGs
[2025-11-08T12:44:51.758+0000] {logging_mixin.py:188} INFO - [2025-11-08T12:44:51.758+0000] {dag.py:3947} INFO - Setting next_dagrun for refresh_us_dag to 2025-11-07 19:30:00+00:00, run_after=2025-11-14 19:30:00+00:00
[2025-11-08T12:44:51.774+0000] {processor.py:183} INFO - Processing /opt/airflow/dags/qi_refresh_us.py took 0.529 seconds
[2025-11-08T13:00:20.783+0000] {processor.py:161} INFO - Started process (PID=10298) to work on /opt/airflow/dags/qi_refresh_us.py
[2025-11-08T13:00:20.783+0000] {processor.py:830} INFO - Processing file /opt/airflow/dags/qi_refresh_us.py for tasks to queue
[2025-11-08T13:00:20.784+0000] {logging_mixin.py:188} INFO - [2025-11-08T13:00:20.784+0000] {dagbag.py:545} INFO - Filling up the DagBag from /opt/airflow/dags/qi_refresh_us.py
[2025-11-08T13:00:21.279+0000] {processor.py:840} INFO - DAG(s) 'refresh_us_dag' retrieved from /opt/airflow/dags/qi_refresh_us.py
[2025-11-08T13:00:21.295+0000] {logging_mixin.py:188} INFO - [2025-11-08T13:00:21.295+0000] {dag.py:3089} INFO - Sync 1 DAGs
[2025-11-08T13:00:21.305+0000] {logging_mixin.py:188} INFO - [2025-11-08T13:00:21.305+0000] {dag.py:3947} INFO - Setting next_dagrun for refresh_us_dag to 2025-11-07 19:30:00+00:00, run_after=2025-11-14 19:30:00+00:00
[2025-11-08T13:00:21.316+0000] {processor.py:183} INFO - Processing /opt/airflow/dags/qi_refresh_us.py took 0.536 seconds
[2025-11-08T13:15:51.989+0000] {processor.py:161} INFO - Started process (PID=10301) to work on /opt/airflow/dags/qi_refresh_us.py
[2025-11-08T13:15:51.990+0000] {processor.py:830} INFO - Processing file /opt/airflow/dags/qi_refresh_us.py for tasks to queue
[2025-11-08T13:15:51.991+0000] {logging_mixin.py:188} INFO - [2025-11-08T13:15:51.991+0000] {dagbag.py:545} INFO - Filling up the DagBag from /opt/airflow/dags/qi_refresh_us.py
[2025-11-08T13:15:52.518+0000] {processor.py:840} INFO - DAG(s) 'refresh_us_dag' retrieved from /opt/airflow/dags/qi_refresh_us.py
[2025-11-08T13:15:52.532+0000] {logging_mixin.py:188} INFO - [2025-11-08T13:15:52.531+0000] {dag.py:3089} INFO - Sync 1 DAGs
[2025-11-08T13:15:52.541+0000] {logging_mixin.py:188} INFO - [2025-11-08T13:15:52.541+0000] {dag.py:3947} INFO - Setting next_dagrun for refresh_us_dag to 2025-11-07 19:30:00+00:00, run_after=2025-11-14 19:30:00+00:00
[2025-11-08T13:15:52.551+0000] {processor.py:183} INFO - Processing /opt/airflow/dags/qi_refresh_us.py took 0.565 seconds
[2025-11-08T13:45:53.520+0000] {processor.py:161} INFO - Started process (PID=10304) to work on /opt/airflow/dags/qi_refresh_us.py
[2025-11-08T13:45:53.520+0000] {processor.py:830} INFO - Processing file /opt/airflow/dags/qi_refresh_us.py for tasks to queue
[2025-11-08T13:45:53.522+0000] {logging_mixin.py:188} INFO - [2025-11-08T13:45:53.521+0000] {dagbag.py:545} INFO - Filling up the DagBag from /opt/airflow/dags/qi_refresh_us.py
[2025-11-08T13:45:54.017+0000] {processor.py:840} INFO - DAG(s) 'refresh_us_dag' retrieved from /opt/airflow/dags/qi_refresh_us.py
[2025-11-08T13:45:54.030+0000] {logging_mixin.py:188} INFO - [2025-11-08T13:45:54.030+0000] {dag.py:3089} INFO - Sync 1 DAGs
[2025-11-08T13:45:54.040+0000] {logging_mixin.py:188} INFO - [2025-11-08T13:45:54.040+0000] {dag.py:3947} INFO - Setting next_dagrun for refresh_us_dag to 2025-11-07 19:30:00+00:00, run_after=2025-11-14 19:30:00+00:00
[2025-11-08T13:45:54.048+0000] {processor.py:183} INFO - Processing /opt/airflow/dags/qi_refresh_us.py took 0.531 seconds
[2025-11-08T13:52:27.843+0000] {processor.py:161} INFO - Started process (PID=10307) to work on /opt/airflow/dags/qi_refresh_us.py
[2025-11-08T13:52:27.844+0000] {processor.py:830} INFO - Processing file /opt/airflow/dags/qi_refresh_us.py for tasks to queue
[2025-11-08T13:52:27.845+0000] {logging_mixin.py:188} INFO - [2025-11-08T13:52:27.845+0000] {dagbag.py:545} INFO - Filling up the DagBag from /opt/airflow/dags/qi_refresh_us.py
[2025-11-08T13:52:28.325+0000] {processor.py:840} INFO - DAG(s) 'refresh_us_dag' retrieved from /opt/airflow/dags/qi_refresh_us.py
[2025-11-08T13:52:28.338+0000] {logging_mixin.py:188} INFO - [2025-11-08T13:52:28.338+0000] {dag.py:3089} INFO - Sync 1 DAGs
[2025-11-08T13:52:28.348+0000] {logging_mixin.py:188} INFO - [2025-11-08T13:52:28.348+0000] {dag.py:3947} INFO - Setting next_dagrun for refresh_us_dag to 2025-11-07 19:30:00+00:00, run_after=2025-11-14 19:30:00+00:00
[2025-11-08T13:52:28.355+0000] {processor.py:183} INFO - Processing /opt/airflow/dags/qi_refresh_us.py took 0.515 seconds
[2025-11-08T14:08:19.901+0000] {processor.py:161} INFO - Started process (PID=10310) to work on /opt/airflow/dags/qi_refresh_us.py
[2025-11-08T14:08:19.901+0000] {processor.py:830} INFO - Processing file /opt/airflow/dags/qi_refresh_us.py for tasks to queue
[2025-11-08T14:08:19.903+0000] {logging_mixin.py:188} INFO - [2025-11-08T14:08:19.902+0000] {dagbag.py:545} INFO - Filling up the DagBag from /opt/airflow/dags/qi_refresh_us.py
[2025-11-08T14:08:20.403+0000] {processor.py:840} INFO - DAG(s) 'refresh_us_dag' retrieved from /opt/airflow/dags/qi_refresh_us.py
[2025-11-08T14:08:20.416+0000] {logging_mixin.py:188} INFO - [2025-11-08T14:08:20.416+0000] {dag.py:3089} INFO - Sync 1 DAGs
[2025-11-08T14:08:20.425+0000] {logging_mixin.py:188} INFO - [2025-11-08T14:08:20.425+0000] {dag.py:3947} INFO - Setting next_dagrun for refresh_us_dag to 2025-11-07 19:30:00+00:00, run_after=2025-11-14 19:30:00+00:00
[2025-11-08T14:08:20.434+0000] {processor.py:183} INFO - Processing /opt/airflow/dags/qi_refresh_us.py took 0.536 seconds
[2025-11-08T14:23:50.339+0000] {processor.py:161} INFO - Started process (PID=10313) to work on /opt/airflow/dags/qi_refresh_us.py
[2025-11-08T14:23:50.340+0000] {processor.py:830} INFO - Processing file /opt/airflow/dags/qi_refresh_us.py for tasks to queue
[2025-11-08T14:23:50.341+0000] {logging_mixin.py:188} INFO - [2025-11-08T14:23:50.341+0000] {dagbag.py:545} INFO - Filling up the DagBag from /opt/airflow/dags/qi_refresh_us.py
[2025-11-08T14:23:50.842+0000] {processor.py:840} INFO - DAG(s) 'refresh_us_dag' retrieved from /opt/airflow/dags/qi_refresh_us.py
[2025-11-08T14:23:50.855+0000] {logging_mixin.py:188} INFO - [2025-11-08T14:23:50.854+0000] {dag.py:3089} INFO - Sync 1 DAGs
[2025-11-08T14:23:50.864+0000] {logging_mixin.py:188} INFO - [2025-11-08T14:23:50.864+0000] {dag.py:3947} INFO - Setting next_dagrun for refresh_us_dag to 2025-11-07 19:30:00+00:00, run_after=2025-11-14 19:30:00+00:00
[2025-11-08T14:23:50.871+0000] {processor.py:183} INFO - Processing /opt/airflow/dags/qi_refresh_us.py took 0.535 seconds
[2025-11-08T14:47:07.963+0000] {processor.py:161} INFO - Started process (PID=10316) to work on /opt/airflow/dags/qi_refresh_us.py
[2025-11-08T14:47:07.963+0000] {processor.py:830} INFO - Processing file /opt/airflow/dags/qi_refresh_us.py for tasks to queue
[2025-11-08T14:47:07.965+0000] {logging_mixin.py:188} INFO - [2025-11-08T14:47:07.964+0000] {dagbag.py:545} INFO - Filling up the DagBag from /opt/airflow/dags/qi_refresh_us.py
[2025-11-08T14:47:08.454+0000] {processor.py:840} INFO - DAG(s) 'refresh_us_dag' retrieved from /opt/airflow/dags/qi_refresh_us.py
[2025-11-08T14:47:08.466+0000] {logging_mixin.py:188} INFO - [2025-11-08T14:47:08.466+0000] {dag.py:3089} INFO - Sync 1 DAGs
[2025-11-08T14:47:08.475+0000] {logging_mixin.py:188} INFO - [2025-11-08T14:47:08.475+0000] {dag.py:3947} INFO - Setting next_dagrun for refresh_us_dag to 2025-11-07 19:30:00+00:00, run_after=2025-11-14 19:30:00+00:00
[2025-11-08T14:47:08.484+0000] {processor.py:183} INFO - Processing /opt/airflow/dags/qi_refresh_us.py took 0.524 seconds
[2025-11-08T15:02:38.379+0000] {processor.py:161} INFO - Started process (PID=10319) to work on /opt/airflow/dags/qi_refresh_us.py
[2025-11-08T15:02:38.380+0000] {processor.py:830} INFO - Processing file /opt/airflow/dags/qi_refresh_us.py for tasks to queue
[2025-11-08T15:02:38.381+0000] {logging_mixin.py:188} INFO - [2025-11-08T15:02:38.381+0000] {dagbag.py:545} INFO - Filling up the DagBag from /opt/airflow/dags/qi_refresh_us.py
[2025-11-08T15:02:38.877+0000] {processor.py:840} INFO - DAG(s) 'refresh_us_dag' retrieved from /opt/airflow/dags/qi_refresh_us.py
[2025-11-08T15:02:38.889+0000] {logging_mixin.py:188} INFO - [2025-11-08T15:02:38.889+0000] {dag.py:3089} INFO - Sync 1 DAGs
[2025-11-08T15:02:38.899+0000] {logging_mixin.py:188} INFO - [2025-11-08T15:02:38.899+0000] {dag.py:3947} INFO - Setting next_dagrun for refresh_us_dag to 2025-11-07 19:30:00+00:00, run_after=2025-11-14 19:30:00+00:00
[2025-11-08T15:02:38.908+0000] {processor.py:183} INFO - Processing /opt/airflow/dags/qi_refresh_us.py took 0.532 seconds
[2025-11-08T15:18:08.853+0000] {processor.py:161} INFO - Started process (PID=10322) to work on /opt/airflow/dags/qi_refresh_us.py
[2025-11-08T15:18:08.854+0000] {processor.py:830} INFO - Processing file /opt/airflow/dags/qi_refresh_us.py for tasks to queue
[2025-11-08T15:18:08.855+0000] {logging_mixin.py:188} INFO - [2025-11-08T15:18:08.855+0000] {dagbag.py:545} INFO - Filling up the DagBag from /opt/airflow/dags/qi_refresh_us.py
[2025-11-08T15:18:09.361+0000] {processor.py:840} INFO - DAG(s) 'refresh_us_dag' retrieved from /opt/airflow/dags/qi_refresh_us.py
[2025-11-08T15:18:09.374+0000] {logging_mixin.py:188} INFO - [2025-11-08T15:18:09.373+0000] {dag.py:3089} INFO - Sync 1 DAGs
[2025-11-08T15:18:09.384+0000] {logging_mixin.py:188} INFO - [2025-11-08T15:18:09.384+0000] {dag.py:3947} INFO - Setting next_dagrun for refresh_us_dag to 2025-11-07 19:30:00+00:00, run_after=2025-11-14 19:30:00+00:00
[2025-11-08T15:18:09.392+0000] {processor.py:183} INFO - Processing /opt/airflow/dags/qi_refresh_us.py took 0.543 seconds
[2025-11-08T15:48:11.808+0000] {processor.py:161} INFO - Started process (PID=10325) to work on /opt/airflow/dags/qi_refresh_us.py
[2025-11-08T15:48:11.808+0000] {processor.py:830} INFO - Processing file /opt/airflow/dags/qi_refresh_us.py for tasks to queue
[2025-11-08T15:48:11.809+0000] {logging_mixin.py:188} INFO - [2025-11-08T15:48:11.809+0000] {dagbag.py:545} INFO - Filling up the DagBag from /opt/airflow/dags/qi_refresh_us.py
[2025-11-08T15:48:12.306+0000] {processor.py:840} INFO - DAG(s) 'refresh_us_dag' retrieved from /opt/airflow/dags/qi_refresh_us.py
[2025-11-08T15:48:12.319+0000] {logging_mixin.py:188} INFO - [2025-11-08T15:48:12.319+0000] {dag.py:3089} INFO - Sync 1 DAGs
[2025-11-08T15:48:12.329+0000] {logging_mixin.py:188} INFO - [2025-11-08T15:48:12.328+0000] {dag.py:3947} INFO - Setting next_dagrun for refresh_us_dag to 2025-11-07 19:30:00+00:00, run_after=2025-11-14 19:30:00+00:00
[2025-11-08T15:48:12.337+0000] {processor.py:183} INFO - Processing /opt/airflow/dags/qi_refresh_us.py took 0.532 seconds
[2025-11-08T16:03:42.564+0000] {processor.py:161} INFO - Started process (PID=10328) to work on /opt/airflow/dags/qi_refresh_us.py
[2025-11-08T16:03:42.565+0000] {processor.py:830} INFO - Processing file /opt/airflow/dags/qi_refresh_us.py for tasks to queue
[2025-11-08T16:03:42.566+0000] {logging_mixin.py:188} INFO - [2025-11-08T16:03:42.566+0000] {dagbag.py:545} INFO - Filling up the DagBag from /opt/airflow/dags/qi_refresh_us.py
[2025-11-08T16:03:43.239+0000] {processor.py:840} INFO - DAG(s) 'refresh_us_dag' retrieved from /opt/airflow/dags/qi_refresh_us.py
[2025-11-08T16:03:43.254+0000] {logging_mixin.py:188} INFO - [2025-11-08T16:03:43.254+0000] {dag.py:3089} INFO - Sync 1 DAGs
[2025-11-08T16:03:43.264+0000] {logging_mixin.py:188} INFO - [2025-11-08T16:03:43.264+0000] {dag.py:3947} INFO - Setting next_dagrun for refresh_us_dag to 2025-11-07 19:30:00+00:00, run_after=2025-11-14 19:30:00+00:00
[2025-11-08T16:03:43.272+0000] {processor.py:183} INFO - Processing /opt/airflow/dags/qi_refresh_us.py took 0.711 seconds
[2025-11-08T16:33:48.337+0000] {processor.py:161} INFO - Started process (PID=10331) to work on /opt/airflow/dags/qi_refresh_us.py
[2025-11-08T16:33:48.337+0000] {processor.py:830} INFO - Processing file /opt/airflow/dags/qi_refresh_us.py for tasks to queue
[2025-11-08T16:33:48.338+0000] {logging_mixin.py:188} INFO - [2025-11-08T16:33:48.338+0000] {dagbag.py:545} INFO - Filling up the DagBag from /opt/airflow/dags/qi_refresh_us.py
[2025-11-08T16:33:48.838+0000] {processor.py:840} INFO - DAG(s) 'refresh_us_dag' retrieved from /opt/airflow/dags/qi_refresh_us.py
[2025-11-08T16:33:48.852+0000] {logging_mixin.py:188} INFO - [2025-11-08T16:33:48.852+0000] {dag.py:3089} INFO - Sync 1 DAGs
[2025-11-08T16:33:48.862+0000] {logging_mixin.py:188} INFO - [2025-11-08T16:33:48.862+0000] {dag.py:3947} INFO - Setting next_dagrun for refresh_us_dag to 2025-11-07 19:30:00+00:00, run_after=2025-11-14 19:30:00+00:00
[2025-11-08T16:33:48.870+0000] {processor.py:183} INFO - Processing /opt/airflow/dags/qi_refresh_us.py took 0.537 seconds
[2025-11-08T16:49:52.326+0000] {processor.py:161} INFO - Started process (PID=10334) to work on /opt/airflow/dags/qi_refresh_us.py
[2025-11-08T16:49:52.327+0000] {processor.py:830} INFO - Processing file /opt/airflow/dags/qi_refresh_us.py for tasks to queue
[2025-11-08T16:49:52.328+0000] {logging_mixin.py:188} INFO - [2025-11-08T16:49:52.327+0000] {dagbag.py:545} INFO - Filling up the DagBag from /opt/airflow/dags/qi_refresh_us.py
[2025-11-08T16:49:52.809+0000] {processor.py:840} INFO - DAG(s) 'refresh_us_dag' retrieved from /opt/airflow/dags/qi_refresh_us.py
[2025-11-08T16:49:52.824+0000] {logging_mixin.py:188} INFO - [2025-11-08T16:49:52.824+0000] {dag.py:3089} INFO - Sync 1 DAGs
[2025-11-08T16:49:52.834+0000] {logging_mixin.py:188} INFO - [2025-11-08T16:49:52.833+0000] {dag.py:3947} INFO - Setting next_dagrun for refresh_us_dag to 2025-11-07 19:30:00+00:00, run_after=2025-11-14 19:30:00+00:00
[2025-11-08T16:49:52.843+0000] {processor.py:183} INFO - Processing /opt/airflow/dags/qi_refresh_us.py took 0.520 seconds
[2025-11-08T17:20:24.555+0000] {processor.py:161} INFO - Started process (PID=10337) to work on /opt/airflow/dags/qi_refresh_us.py
[2025-11-08T17:20:24.555+0000] {processor.py:830} INFO - Processing file /opt/airflow/dags/qi_refresh_us.py for tasks to queue
[2025-11-08T17:20:24.556+0000] {logging_mixin.py:188} INFO - [2025-11-08T17:20:24.556+0000] {dagbag.py:545} INFO - Filling up the DagBag from /opt/airflow/dags/qi_refresh_us.py
[2025-11-08T17:20:25.048+0000] {processor.py:840} INFO - DAG(s) 'refresh_us_dag' retrieved from /opt/airflow/dags/qi_refresh_us.py
[2025-11-08T17:20:25.061+0000] {logging_mixin.py:188} INFO - [2025-11-08T17:20:25.061+0000] {dag.py:3089} INFO - Sync 1 DAGs
[2025-11-08T17:20:25.071+0000] {logging_mixin.py:188} INFO - [2025-11-08T17:20:25.071+0000] {dag.py:3947} INFO - Setting next_dagrun for refresh_us_dag to 2025-11-07 19:30:00+00:00, run_after=2025-11-14 19:30:00+00:00
[2025-11-08T17:20:25.080+0000] {processor.py:183} INFO - Processing /opt/airflow/dags/qi_refresh_us.py took 0.528 seconds
[2025-11-08T17:23:23.732+0000] {processor.py:161} INFO - Started process (PID=10340) to work on /opt/airflow/dags/qi_refresh_us.py
[2025-11-08T17:23:23.732+0000] {processor.py:830} INFO - Processing file /opt/airflow/dags/qi_refresh_us.py for tasks to queue
[2025-11-08T17:23:23.735+0000] {logging_mixin.py:188} INFO - [2025-11-08T17:23:23.735+0000] {dagbag.py:545} INFO - Filling up the DagBag from /opt/airflow/dags/qi_refresh_us.py
[2025-11-08T17:23:24.228+0000] {processor.py:840} INFO - DAG(s) 'refresh_us_dag' retrieved from /opt/airflow/dags/qi_refresh_us.py
[2025-11-08T17:23:24.242+0000] {logging_mixin.py:188} INFO - [2025-11-08T17:23:24.241+0000] {dag.py:3089} INFO - Sync 1 DAGs
[2025-11-08T17:23:24.251+0000] {logging_mixin.py:188} INFO - [2025-11-08T17:23:24.251+0000] {dag.py:3947} INFO - Setting next_dagrun for refresh_us_dag to 2025-11-07 19:30:00+00:00, run_after=2025-11-14 19:30:00+00:00
[2025-11-08T17:23:24.258+0000] {processor.py:183} INFO - Processing /opt/airflow/dags/qi_refresh_us.py took 0.531 seconds
[2025-11-08T18:02:12.680+0000] {processor.py:161} INFO - Started process (PID=10343) to work on /opt/airflow/dags/qi_refresh_us.py
[2025-11-08T18:02:12.680+0000] {processor.py:830} INFO - Processing file /opt/airflow/dags/qi_refresh_us.py for tasks to queue
[2025-11-08T18:02:12.681+0000] {logging_mixin.py:188} INFO - [2025-11-08T18:02:12.681+0000] {dagbag.py:545} INFO - Filling up the DagBag from /opt/airflow/dags/qi_refresh_us.py
[2025-11-08T18:02:13.164+0000] {processor.py:840} INFO - DAG(s) 'refresh_us_dag' retrieved from /opt/airflow/dags/qi_refresh_us.py
[2025-11-08T18:02:13.177+0000] {logging_mixin.py:188} INFO - [2025-11-08T18:02:13.176+0000] {dag.py:3089} INFO - Sync 1 DAGs
[2025-11-08T18:02:13.186+0000] {logging_mixin.py:188} INFO - [2025-11-08T18:02:13.186+0000] {dag.py:3947} INFO - Setting next_dagrun for refresh_us_dag to 2025-11-07 19:30:00+00:00, run_after=2025-11-14 19:30:00+00:00
[2025-11-08T18:02:13.194+0000] {processor.py:183} INFO - Processing /opt/airflow/dags/qi_refresh_us.py took 0.518 seconds
[2025-11-08T18:17:42.486+0000] {processor.py:161} INFO - Started process (PID=10346) to work on /opt/airflow/dags/qi_refresh_us.py
[2025-11-08T18:17:42.487+0000] {processor.py:830} INFO - Processing file /opt/airflow/dags/qi_refresh_us.py for tasks to queue
[2025-11-08T18:17:42.488+0000] {logging_mixin.py:188} INFO - [2025-11-08T18:17:42.487+0000] {dagbag.py:545} INFO - Filling up the DagBag from /opt/airflow/dags/qi_refresh_us.py
[2025-11-08T18:17:42.969+0000] {processor.py:840} INFO - DAG(s) 'refresh_us_dag' retrieved from /opt/airflow/dags/qi_refresh_us.py
[2025-11-08T18:17:42.981+0000] {logging_mixin.py:188} INFO - [2025-11-08T18:17:42.981+0000] {dag.py:3089} INFO - Sync 1 DAGs
[2025-11-08T18:17:42.991+0000] {logging_mixin.py:188} INFO - [2025-11-08T18:17:42.991+0000] {dag.py:3947} INFO - Setting next_dagrun for refresh_us_dag to 2025-11-07 19:30:00+00:00, run_after=2025-11-14 19:30:00+00:00
[2025-11-08T18:17:43.000+0000] {processor.py:183} INFO - Processing /opt/airflow/dags/qi_refresh_us.py took 0.517 seconds
[2025-11-08T18:50:58.129+0000] {processor.py:161} INFO - Started process (PID=10349) to work on /opt/airflow/dags/qi_refresh_us.py
[2025-11-08T18:50:58.131+0000] {processor.py:830} INFO - Processing file /opt/airflow/dags/qi_refresh_us.py for tasks to queue
[2025-11-08T18:50:58.132+0000] {logging_mixin.py:188} INFO - [2025-11-08T18:50:58.132+0000] {dagbag.py:545} INFO - Filling up the DagBag from /opt/airflow/dags/qi_refresh_us.py
[2025-11-08T18:50:58.623+0000] {processor.py:840} INFO - DAG(s) 'refresh_us_dag' retrieved from /opt/airflow/dags/qi_refresh_us.py
[2025-11-08T18:50:58.636+0000] {logging_mixin.py:188} INFO - [2025-11-08T18:50:58.635+0000] {dag.py:3089} INFO - Sync 1 DAGs
[2025-11-08T18:50:58.645+0000] {logging_mixin.py:188} INFO - [2025-11-08T18:50:58.645+0000] {dag.py:3947} INFO - Setting next_dagrun for refresh_us_dag to 2025-11-07 19:30:00+00:00, run_after=2025-11-14 19:30:00+00:00
[2025-11-08T18:50:58.653+0000] {processor.py:183} INFO - Processing /opt/airflow/dags/qi_refresh_us.py took 0.527 seconds
[2025-11-08T19:06:28.770+0000] {processor.py:161} INFO - Started process (PID=10352) to work on /opt/airflow/dags/qi_refresh_us.py
[2025-11-08T19:06:28.770+0000] {processor.py:830} INFO - Processing file /opt/airflow/dags/qi_refresh_us.py for tasks to queue
[2025-11-08T19:06:28.771+0000] {logging_mixin.py:188} INFO - [2025-11-08T19:06:28.771+0000] {dagbag.py:545} INFO - Filling up the DagBag from /opt/airflow/dags/qi_refresh_us.py
[2025-11-08T19:06:29.271+0000] {processor.py:840} INFO - DAG(s) 'refresh_us_dag' retrieved from /opt/airflow/dags/qi_refresh_us.py
[2025-11-08T19:06:29.282+0000] {logging_mixin.py:188} INFO - [2025-11-08T19:06:29.282+0000] {dag.py:3089} INFO - Sync 1 DAGs
[2025-11-08T19:06:29.292+0000] {logging_mixin.py:188} INFO - [2025-11-08T19:06:29.292+0000] {dag.py:3947} INFO - Setting next_dagrun for refresh_us_dag to 2025-11-07 19:30:00+00:00, run_after=2025-11-14 19:30:00+00:00
[2025-11-08T19:06:29.300+0000] {processor.py:183} INFO - Processing /opt/airflow/dags/qi_refresh_us.py took 0.534 seconds
[2025-11-08T19:21:59.903+0000] {processor.py:161} INFO - Started process (PID=10355) to work on /opt/airflow/dags/qi_refresh_us.py
[2025-11-08T19:21:59.903+0000] {processor.py:830} INFO - Processing file /opt/airflow/dags/qi_refresh_us.py for tasks to queue
[2025-11-08T19:21:59.905+0000] {logging_mixin.py:188} INFO - [2025-11-08T19:21:59.905+0000] {dagbag.py:545} INFO - Filling up the DagBag from /opt/airflow/dags/qi_refresh_us.py
[2025-11-08T19:22:00.390+0000] {processor.py:840} INFO - DAG(s) 'refresh_us_dag' retrieved from /opt/airflow/dags/qi_refresh_us.py
[2025-11-08T19:22:00.402+0000] {logging_mixin.py:188} INFO - [2025-11-08T19:22:00.402+0000] {dag.py:3089} INFO - Sync 1 DAGs
[2025-11-08T19:22:00.412+0000] {logging_mixin.py:188} INFO - [2025-11-08T19:22:00.412+0000] {dag.py:3947} INFO - Setting next_dagrun for refresh_us_dag to 2025-11-07 19:30:00+00:00, run_after=2025-11-14 19:30:00+00:00
[2025-11-08T19:22:00.420+0000] {processor.py:183} INFO - Processing /opt/airflow/dags/qi_refresh_us.py took 0.521 seconds
[2025-11-08T19:52:03.254+0000] {processor.py:161} INFO - Started process (PID=10358) to work on /opt/airflow/dags/qi_refresh_us.py
[2025-11-08T19:52:03.255+0000] {processor.py:830} INFO - Processing file /opt/airflow/dags/qi_refresh_us.py for tasks to queue
[2025-11-08T19:52:03.256+0000] {logging_mixin.py:188} INFO - [2025-11-08T19:52:03.256+0000] {dagbag.py:545} INFO - Filling up the DagBag from /opt/airflow/dags/qi_refresh_us.py
[2025-11-08T19:52:03.755+0000] {processor.py:840} INFO - DAG(s) 'refresh_us_dag' retrieved from /opt/airflow/dags/qi_refresh_us.py
[2025-11-08T19:52:03.769+0000] {logging_mixin.py:188} INFO - [2025-11-08T19:52:03.769+0000] {dag.py:3089} INFO - Sync 1 DAGs
[2025-11-08T19:52:03.778+0000] {logging_mixin.py:188} INFO - [2025-11-08T19:52:03.777+0000] {dag.py:3947} INFO - Setting next_dagrun for refresh_us_dag to 2025-11-07 19:30:00+00:00, run_after=2025-11-14 19:30:00+00:00
[2025-11-08T19:52:03.786+0000] {processor.py:183} INFO - Processing /opt/airflow/dags/qi_refresh_us.py took 0.534 seconds
[2025-11-08T20:07:34.691+0000] {processor.py:161} INFO - Started process (PID=10361) to work on /opt/airflow/dags/qi_refresh_us.py
[2025-11-08T20:07:34.692+0000] {processor.py:830} INFO - Processing file /opt/airflow/dags/qi_refresh_us.py for tasks to queue
[2025-11-08T20:07:34.693+0000] {logging_mixin.py:188} INFO - [2025-11-08T20:07:34.693+0000] {dagbag.py:545} INFO - Filling up the DagBag from /opt/airflow/dags/qi_refresh_us.py
[2025-11-08T20:07:35.176+0000] {processor.py:840} INFO - DAG(s) 'refresh_us_dag' retrieved from /opt/airflow/dags/qi_refresh_us.py
[2025-11-08T20:07:35.188+0000] {logging_mixin.py:188} INFO - [2025-11-08T20:07:35.188+0000] {dag.py:3089} INFO - Sync 1 DAGs
[2025-11-08T20:07:35.198+0000] {logging_mixin.py:188} INFO - [2025-11-08T20:07:35.198+0000] {dag.py:3947} INFO - Setting next_dagrun for refresh_us_dag to 2025-11-07 19:30:00+00:00, run_after=2025-11-14 19:30:00+00:00
[2025-11-08T20:07:35.207+0000] {processor.py:183} INFO - Processing /opt/airflow/dags/qi_refresh_us.py took 0.519 seconds
[2025-11-08T20:23:06.054+0000] {processor.py:161} INFO - Started process (PID=10364) to work on /opt/airflow/dags/qi_refresh_us.py
[2025-11-08T20:23:06.054+0000] {processor.py:830} INFO - Processing file /opt/airflow/dags/qi_refresh_us.py for tasks to queue
[2025-11-08T20:23:06.055+0000] {logging_mixin.py:188} INFO - [2025-11-08T20:23:06.055+0000] {dagbag.py:545} INFO - Filling up the DagBag from /opt/airflow/dags/qi_refresh_us.py
[2025-11-08T20:23:06.564+0000] {processor.py:840} INFO - DAG(s) 'refresh_us_dag' retrieved from /opt/airflow/dags/qi_refresh_us.py
[2025-11-08T20:23:06.576+0000] {logging_mixin.py:188} INFO - [2025-11-08T20:23:06.576+0000] {dag.py:3089} INFO - Sync 1 DAGs
[2025-11-08T20:23:06.586+0000] {logging_mixin.py:188} INFO - [2025-11-08T20:23:06.586+0000] {dag.py:3947} INFO - Setting next_dagrun for refresh_us_dag to 2025-11-07 19:30:00+00:00, run_after=2025-11-14 19:30:00+00:00
[2025-11-08T20:23:06.594+0000] {processor.py:183} INFO - Processing /opt/airflow/dags/qi_refresh_us.py took 0.544 seconds
[2025-11-08T20:38:08.172+0000] {processor.py:161} INFO - Started process (PID=10367) to work on /opt/airflow/dags/qi_refresh_us.py
[2025-11-08T20:38:08.173+0000] {processor.py:830} INFO - Processing file /opt/airflow/dags/qi_refresh_us.py for tasks to queue
[2025-11-08T20:38:08.177+0000] {logging_mixin.py:188} INFO - [2025-11-08T20:38:08.177+0000] {dagbag.py:545} INFO - Filling up the DagBag from /opt/airflow/dags/qi_refresh_us.py
[2025-11-08T20:38:08.665+0000] {processor.py:840} INFO - DAG(s) 'refresh_us_dag' retrieved from /opt/airflow/dags/qi_refresh_us.py
[2025-11-08T20:38:08.678+0000] {logging_mixin.py:188} INFO - [2025-11-08T20:38:08.678+0000] {dag.py:3089} INFO - Sync 1 DAGs
[2025-11-08T20:38:08.687+0000] {logging_mixin.py:188} INFO - [2025-11-08T20:38:08.687+0000] {dag.py:3947} INFO - Setting next_dagrun for refresh_us_dag to 2025-11-07 19:30:00+00:00, run_after=2025-11-14 19:30:00+00:00
[2025-11-08T20:38:08.696+0000] {processor.py:183} INFO - Processing /opt/airflow/dags/qi_refresh_us.py took 0.529 seconds
[2025-11-08T21:06:48.771+0000] {processor.py:161} INFO - Started process (PID=10370) to work on /opt/airflow/dags/qi_refresh_us.py
[2025-11-08T21:06:48.773+0000] {processor.py:830} INFO - Processing file /opt/airflow/dags/qi_refresh_us.py for tasks to queue
[2025-11-08T21:06:48.774+0000] {logging_mixin.py:188} INFO - [2025-11-08T21:06:48.774+0000] {dagbag.py:545} INFO - Filling up the DagBag from /opt/airflow/dags/qi_refresh_us.py
[2025-11-08T21:06:49.287+0000] {processor.py:840} INFO - DAG(s) 'refresh_us_dag' retrieved from /opt/airflow/dags/qi_refresh_us.py
[2025-11-08T21:06:49.299+0000] {logging_mixin.py:188} INFO - [2025-11-08T21:06:49.299+0000] {dag.py:3089} INFO - Sync 1 DAGs
[2025-11-08T21:06:49.309+0000] {logging_mixin.py:188} INFO - [2025-11-08T21:06:49.309+0000] {dag.py:3947} INFO - Setting next_dagrun for refresh_us_dag to 2025-11-07 19:30:00+00:00, run_after=2025-11-14 19:30:00+00:00
[2025-11-08T21:06:49.316+0000] {processor.py:183} INFO - Processing /opt/airflow/dags/qi_refresh_us.py took 0.548 seconds
[2025-11-08T21:15:26.276+0000] {processor.py:161} INFO - Started process (PID=10373) to work on /opt/airflow/dags/qi_refresh_us.py
[2025-11-08T21:15:26.276+0000] {processor.py:830} INFO - Processing file /opt/airflow/dags/qi_refresh_us.py for tasks to queue
[2025-11-08T21:15:26.277+0000] {logging_mixin.py:188} INFO - [2025-11-08T21:15:26.277+0000] {dagbag.py:545} INFO - Filling up the DagBag from /opt/airflow/dags/qi_refresh_us.py
[2025-11-08T21:15:26.760+0000] {processor.py:840} INFO - DAG(s) 'refresh_us_dag' retrieved from /opt/airflow/dags/qi_refresh_us.py
[2025-11-08T21:15:26.773+0000] {logging_mixin.py:188} INFO - [2025-11-08T21:15:26.773+0000] {dag.py:3089} INFO - Sync 1 DAGs
[2025-11-08T21:15:26.782+0000] {logging_mixin.py:188} INFO - [2025-11-08T21:15:26.782+0000] {dag.py:3947} INFO - Setting next_dagrun for refresh_us_dag to 2025-11-07 19:30:00+00:00, run_after=2025-11-14 19:30:00+00:00
[2025-11-08T21:15:26.791+0000] {processor.py:183} INFO - Processing /opt/airflow/dags/qi_refresh_us.py took 0.518 seconds
[2025-11-08T21:28:10.950+0000] {processor.py:161} INFO - Started process (PID=10376) to work on /opt/airflow/dags/qi_refresh_us.py
[2025-11-08T21:28:10.951+0000] {processor.py:830} INFO - Processing file /opt/airflow/dags/qi_refresh_us.py for tasks to queue
[2025-11-08T21:28:10.952+0000] {logging_mixin.py:188} INFO - [2025-11-08T21:28:10.952+0000] {dagbag.py:545} INFO - Filling up the DagBag from /opt/airflow/dags/qi_refresh_us.py
[2025-11-08T21:28:11.445+0000] {processor.py:840} INFO - DAG(s) 'refresh_us_dag' retrieved from /opt/airflow/dags/qi_refresh_us.py
[2025-11-08T21:28:11.457+0000] {logging_mixin.py:188} INFO - [2025-11-08T21:28:11.457+0000] {dag.py:3089} INFO - Sync 1 DAGs
[2025-11-08T21:28:11.467+0000] {logging_mixin.py:188} INFO - [2025-11-08T21:28:11.466+0000] {dag.py:3947} INFO - Setting next_dagrun for refresh_us_dag to 2025-11-07 19:30:00+00:00, run_after=2025-11-14 19:30:00+00:00
[2025-11-08T21:28:11.475+0000] {processor.py:183} INFO - Processing /opt/airflow/dags/qi_refresh_us.py took 0.527 seconds
[2025-11-08T21:54:07.188+0000] {processor.py:161} INFO - Started process (PID=10379) to work on /opt/airflow/dags/qi_refresh_us.py
[2025-11-08T21:54:07.189+0000] {processor.py:830} INFO - Processing file /opt/airflow/dags/qi_refresh_us.py for tasks to queue
[2025-11-08T21:54:07.190+0000] {logging_mixin.py:188} INFO - [2025-11-08T21:54:07.190+0000] {dagbag.py:545} INFO - Filling up the DagBag from /opt/airflow/dags/qi_refresh_us.py
[2025-11-08T21:54:07.672+0000] {processor.py:840} INFO - DAG(s) 'refresh_us_dag' retrieved from /opt/airflow/dags/qi_refresh_us.py
[2025-11-08T21:54:07.686+0000] {logging_mixin.py:188} INFO - [2025-11-08T21:54:07.686+0000] {dag.py:3089} INFO - Sync 1 DAGs
[2025-11-08T21:54:07.695+0000] {logging_mixin.py:188} INFO - [2025-11-08T21:54:07.695+0000] {dag.py:3947} INFO - Setting next_dagrun for refresh_us_dag to 2025-11-07 19:30:00+00:00, run_after=2025-11-14 19:30:00+00:00
[2025-11-08T21:54:07.704+0000] {processor.py:183} INFO - Processing /opt/airflow/dags/qi_refresh_us.py took 0.519 seconds
[2025-11-08T22:09:36.789+0000] {processor.py:161} INFO - Started process (PID=10382) to work on /opt/airflow/dags/qi_refresh_us.py
[2025-11-08T22:09:36.791+0000] {processor.py:830} INFO - Processing file /opt/airflow/dags/qi_refresh_us.py for tasks to queue
[2025-11-08T22:09:36.792+0000] {logging_mixin.py:188} INFO - [2025-11-08T22:09:36.792+0000] {dagbag.py:545} INFO - Filling up the DagBag from /opt/airflow/dags/qi_refresh_us.py
[2025-11-08T22:09:37.313+0000] {processor.py:840} INFO - DAG(s) 'refresh_us_dag' retrieved from /opt/airflow/dags/qi_refresh_us.py
[2025-11-08T22:09:37.325+0000] {logging_mixin.py:188} INFO - [2025-11-08T22:09:37.325+0000] {dag.py:3089} INFO - Sync 1 DAGs
[2025-11-08T22:09:37.334+0000] {logging_mixin.py:188} INFO - [2025-11-08T22:09:37.334+0000] {dag.py:3947} INFO - Setting next_dagrun for refresh_us_dag to 2025-11-07 19:30:00+00:00, run_after=2025-11-14 19:30:00+00:00
[2025-11-08T22:09:37.344+0000] {processor.py:183} INFO - Processing /opt/airflow/dags/qi_refresh_us.py took 0.557 seconds
[2025-11-08T22:25:07.900+0000] {processor.py:161} INFO - Started process (PID=10385) to work on /opt/airflow/dags/qi_refresh_us.py
[2025-11-08T22:25:07.900+0000] {processor.py:830} INFO - Processing file /opt/airflow/dags/qi_refresh_us.py for tasks to queue
[2025-11-08T22:25:07.901+0000] {logging_mixin.py:188} INFO - [2025-11-08T22:25:07.901+0000] {dagbag.py:545} INFO - Filling up the DagBag from /opt/airflow/dags/qi_refresh_us.py
[2025-11-08T22:25:08.384+0000] {processor.py:840} INFO - DAG(s) 'refresh_us_dag' retrieved from /opt/airflow/dags/qi_refresh_us.py
[2025-11-08T22:25:08.396+0000] {logging_mixin.py:188} INFO - [2025-11-08T22:25:08.396+0000] {dag.py:3089} INFO - Sync 1 DAGs
[2025-11-08T22:25:08.406+0000] {logging_mixin.py:188} INFO - [2025-11-08T22:25:08.406+0000] {dag.py:3947} INFO - Setting next_dagrun for refresh_us_dag to 2025-11-07 19:30:00+00:00, run_after=2025-11-14 19:30:00+00:00
[2025-11-08T22:25:08.415+0000] {processor.py:183} INFO - Processing /opt/airflow/dags/qi_refresh_us.py took 0.519 seconds
[2025-11-08T22:58:58.904+0000] {processor.py:161} INFO - Started process (PID=10388) to work on /opt/airflow/dags/qi_refresh_us.py
[2025-11-08T22:58:58.905+0000] {processor.py:830} INFO - Processing file /opt/airflow/dags/qi_refresh_us.py for tasks to queue
[2025-11-08T22:58:58.906+0000] {logging_mixin.py:188} INFO - [2025-11-08T22:58:58.906+0000] {dagbag.py:545} INFO - Filling up the DagBag from /opt/airflow/dags/qi_refresh_us.py
[2025-11-08T22:58:59.394+0000] {processor.py:840} INFO - DAG(s) 'refresh_us_dag' retrieved from /opt/airflow/dags/qi_refresh_us.py
[2025-11-08T22:58:59.407+0000] {logging_mixin.py:188} INFO - [2025-11-08T22:58:59.407+0000] {dag.py:3089} INFO - Sync 1 DAGs
[2025-11-08T22:58:59.417+0000] {logging_mixin.py:188} INFO - [2025-11-08T22:58:59.416+0000] {dag.py:3947} INFO - Setting next_dagrun for refresh_us_dag to 2025-11-07 19:30:00+00:00, run_after=2025-11-14 19:30:00+00:00
[2025-11-08T22:58:59.424+0000] {processor.py:183} INFO - Processing /opt/airflow/dags/qi_refresh_us.py took 0.523 seconds
[2025-11-08T23:15:11.361+0000] {processor.py:161} INFO - Started process (PID=10391) to work on /opt/airflow/dags/qi_refresh_us.py
[2025-11-08T23:15:11.362+0000] {processor.py:830} INFO - Processing file /opt/airflow/dags/qi_refresh_us.py for tasks to queue
[2025-11-08T23:15:11.363+0000] {logging_mixin.py:188} INFO - [2025-11-08T23:15:11.363+0000] {dagbag.py:545} INFO - Filling up the DagBag from /opt/airflow/dags/qi_refresh_us.py
[2025-11-08T23:15:11.863+0000] {processor.py:840} INFO - DAG(s) 'refresh_us_dag' retrieved from /opt/airflow/dags/qi_refresh_us.py
[2025-11-08T23:15:11.876+0000] {logging_mixin.py:188} INFO - [2025-11-08T23:15:11.876+0000] {dag.py:3089} INFO - Sync 1 DAGs
[2025-11-08T23:15:11.885+0000] {logging_mixin.py:188} INFO - [2025-11-08T23:15:11.885+0000] {dag.py:3947} INFO - Setting next_dagrun for refresh_us_dag to 2025-11-07 19:30:00+00:00, run_after=2025-11-14 19:30:00+00:00
[2025-11-08T23:15:11.894+0000] {processor.py:183} INFO - Processing /opt/airflow/dags/qi_refresh_us.py took 0.535 seconds
[2025-11-08T23:30:43.389+0000] {processor.py:161} INFO - Started process (PID=10394) to work on /opt/airflow/dags/qi_refresh_us.py
[2025-11-08T23:30:43.390+0000] {processor.py:830} INFO - Processing file /opt/airflow/dags/qi_refresh_us.py for tasks to queue
[2025-11-08T23:30:43.391+0000] {logging_mixin.py:188} INFO - [2025-11-08T23:30:43.391+0000] {dagbag.py:545} INFO - Filling up the DagBag from /opt/airflow/dags/qi_refresh_us.py
[2025-11-08T23:30:43.925+0000] {processor.py:840} INFO - DAG(s) 'refresh_us_dag' retrieved from /opt/airflow/dags/qi_refresh_us.py
[2025-11-08T23:30:43.939+0000] {logging_mixin.py:188} INFO - [2025-11-08T23:30:43.938+0000] {dag.py:3089} INFO - Sync 1 DAGs
[2025-11-08T23:30:43.949+0000] {logging_mixin.py:188} INFO - [2025-11-08T23:30:43.949+0000] {dag.py:3947} INFO - Setting next_dagrun for refresh_us_dag to 2025-11-07 19:30:00+00:00, run_after=2025-11-14 19:30:00+00:00
[2025-11-08T23:30:43.957+0000] {processor.py:183} INFO - Processing /opt/airflow/dags/qi_refresh_us.py took 0.571 seconds
[2025-11-08T23:40:51.342+0000] {processor.py:161} INFO - Started process (PID=10397) to work on /opt/airflow/dags/qi_refresh_us.py
[2025-11-08T23:40:51.343+0000] {processor.py:830} INFO - Processing file /opt/airflow/dags/qi_refresh_us.py for tasks to queue
[2025-11-08T23:40:51.344+0000] {logging_mixin.py:188} INFO - [2025-11-08T23:40:51.344+0000] {dagbag.py:545} INFO - Filling up the DagBag from /opt/airflow/dags/qi_refresh_us.py
[2025-11-08T23:40:51.828+0000] {processor.py:840} INFO - DAG(s) 'refresh_us_dag' retrieved from /opt/airflow/dags/qi_refresh_us.py
[2025-11-08T23:40:51.840+0000] {logging_mixin.py:188} INFO - [2025-11-08T23:40:51.840+0000] {dag.py:3089} INFO - Sync 1 DAGs
[2025-11-08T23:40:51.850+0000] {logging_mixin.py:188} INFO - [2025-11-08T23:40:51.849+0000] {dag.py:3947} INFO - Setting next_dagrun for refresh_us_dag to 2025-11-07 19:30:00+00:00, run_after=2025-11-14 19:30:00+00:00
[2025-11-08T23:40:51.859+0000] {processor.py:183} INFO - Processing /opt/airflow/dags/qi_refresh_us.py took 0.520 seconds
[2025-11-08T23:57:38.852+0000] {processor.py:161} INFO - Started process (PID=10400) to work on /opt/airflow/dags/qi_refresh_us.py
[2025-11-08T23:57:38.852+0000] {processor.py:830} INFO - Processing file /opt/airflow/dags/qi_refresh_us.py for tasks to queue
[2025-11-08T23:57:38.853+0000] {logging_mixin.py:188} INFO - [2025-11-08T23:57:38.853+0000] {dagbag.py:545} INFO - Filling up the DagBag from /opt/airflow/dags/qi_refresh_us.py
[2025-11-08T23:57:39.357+0000] {processor.py:840} INFO - DAG(s) 'refresh_us_dag' retrieved from /opt/airflow/dags/qi_refresh_us.py
[2025-11-08T23:57:39.370+0000] {logging_mixin.py:188} INFO - [2025-11-08T23:57:39.370+0000] {dag.py:3089} INFO - Sync 1 DAGs
[2025-11-08T23:57:39.381+0000] {logging_mixin.py:188} INFO - [2025-11-08T23:57:39.381+0000] {dag.py:3947} INFO - Setting next_dagrun for refresh_us_dag to 2025-11-07 19:30:00+00:00, run_after=2025-11-14 19:30:00+00:00
[2025-11-08T23:57:39.390+0000] {processor.py:183} INFO - Processing /opt/airflow/dags/qi_refresh_us.py took 0.541 seconds
