[2025-11-09T00:21:24.214+0000] {processor.py:161} INFO - Started process (PID=10404) to work on /opt/airflow/dags/qi_refresh_fundamentals.py
[2025-11-09T00:21:24.214+0000] {processor.py:830} INFO - Processing file /opt/airflow/dags/qi_refresh_fundamentals.py for tasks to queue
[2025-11-09T00:21:24.216+0000] {logging_mixin.py:188} INFO - [2025-11-09T00:21:24.216+0000] {dagbag.py:545} INFO - Filling up the DagBag from /opt/airflow/dags/qi_refresh_fundamentals.py
[2025-11-09T00:21:24.222+0000] {processor.py:840} INFO - DAG(s) 'refresh_fundamentals_dag' retrieved from /opt/airflow/dags/qi_refresh_fundamentals.py
[2025-11-09T00:21:24.241+0000] {logging_mixin.py:188} INFO - [2025-11-09T00:21:24.240+0000] {dag.py:3089} INFO - Sync 1 DAGs
[2025-11-09T00:21:24.252+0000] {logging_mixin.py:188} INFO - [2025-11-09T00:21:24.252+0000] {dag.py:3947} INFO - Setting next_dagrun for refresh_fundamentals_dag to 2025-11-05 05:00:00+00:00, run_after=2025-12-05 05:00:00+00:00
[2025-11-09T00:21:24.261+0000] {processor.py:183} INFO - Processing /opt/airflow/dags/qi_refresh_fundamentals.py took 0.051 seconds
[2025-11-09T00:36:54.655+0000] {processor.py:161} INFO - Started process (PID=10407) to work on /opt/airflow/dags/qi_refresh_fundamentals.py
[2025-11-09T00:36:54.655+0000] {processor.py:830} INFO - Processing file /opt/airflow/dags/qi_refresh_fundamentals.py for tasks to queue
[2025-11-09T00:36:54.656+0000] {logging_mixin.py:188} INFO - [2025-11-09T00:36:54.656+0000] {dagbag.py:545} INFO - Filling up the DagBag from /opt/airflow/dags/qi_refresh_fundamentals.py
[2025-11-09T00:36:54.662+0000] {processor.py:840} INFO - DAG(s) 'refresh_fundamentals_dag' retrieved from /opt/airflow/dags/qi_refresh_fundamentals.py
[2025-11-09T00:36:54.678+0000] {logging_mixin.py:188} INFO - [2025-11-09T00:36:54.678+0000] {dag.py:3089} INFO - Sync 1 DAGs
[2025-11-09T00:36:54.688+0000] {logging_mixin.py:188} INFO - [2025-11-09T00:36:54.688+0000] {dag.py:3947} INFO - Setting next_dagrun for refresh_fundamentals_dag to 2025-11-05 05:00:00+00:00, run_after=2025-12-05 05:00:00+00:00
[2025-11-09T00:36:54.696+0000] {processor.py:183} INFO - Processing /opt/airflow/dags/qi_refresh_fundamentals.py took 0.044 seconds
[2025-11-09T00:57:07.529+0000] {processor.py:161} INFO - Started process (PID=10410) to work on /opt/airflow/dags/qi_refresh_fundamentals.py
[2025-11-09T00:57:07.529+0000] {processor.py:830} INFO - Processing file /opt/airflow/dags/qi_refresh_fundamentals.py for tasks to queue
[2025-11-09T00:57:07.530+0000] {logging_mixin.py:188} INFO - [2025-11-09T00:57:07.530+0000] {dagbag.py:545} INFO - Filling up the DagBag from /opt/airflow/dags/qi_refresh_fundamentals.py
[2025-11-09T00:57:07.536+0000] {processor.py:840} INFO - DAG(s) 'refresh_fundamentals_dag' retrieved from /opt/airflow/dags/qi_refresh_fundamentals.py
[2025-11-09T00:57:07.551+0000] {logging_mixin.py:188} INFO - [2025-11-09T00:57:07.551+0000] {dag.py:3089} INFO - Sync 1 DAGs
[2025-11-09T00:57:07.561+0000] {logging_mixin.py:188} INFO - [2025-11-09T00:57:07.561+0000] {dag.py:3947} INFO - Setting next_dagrun for refresh_fundamentals_dag to 2025-11-05 05:00:00+00:00, run_after=2025-12-05 05:00:00+00:00
[2025-11-09T00:57:07.570+0000] {processor.py:183} INFO - Processing /opt/airflow/dags/qi_refresh_fundamentals.py took 0.044 seconds
[2025-11-09T01:11:52.880+0000] {processor.py:161} INFO - Started process (PID=10413) to work on /opt/airflow/dags/qi_refresh_fundamentals.py
[2025-11-09T01:11:52.880+0000] {processor.py:830} INFO - Processing file /opt/airflow/dags/qi_refresh_fundamentals.py for tasks to queue
[2025-11-09T01:11:52.881+0000] {logging_mixin.py:188} INFO - [2025-11-09T01:11:52.881+0000] {dagbag.py:545} INFO - Filling up the DagBag from /opt/airflow/dags/qi_refresh_fundamentals.py
[2025-11-09T01:11:52.887+0000] {processor.py:840} INFO - DAG(s) 'refresh_fundamentals_dag' retrieved from /opt/airflow/dags/qi_refresh_fundamentals.py
[2025-11-09T01:11:52.904+0000] {logging_mixin.py:188} INFO - [2025-11-09T01:11:52.904+0000] {dag.py:3089} INFO - Sync 1 DAGs
[2025-11-09T01:11:52.914+0000] {logging_mixin.py:188} INFO - [2025-11-09T01:11:52.914+0000] {dag.py:3947} INFO - Setting next_dagrun for refresh_fundamentals_dag to 2025-11-05 05:00:00+00:00, run_after=2025-12-05 05:00:00+00:00
[2025-11-09T01:11:52.922+0000] {processor.py:183} INFO - Processing /opt/airflow/dags/qi_refresh_fundamentals.py took 0.046 seconds
[2025-11-09T01:27:24.256+0000] {processor.py:161} INFO - Started process (PID=10416) to work on /opt/airflow/dags/qi_refresh_fundamentals.py
[2025-11-09T01:27:24.256+0000] {processor.py:830} INFO - Processing file /opt/airflow/dags/qi_refresh_fundamentals.py for tasks to queue
[2025-11-09T01:27:24.258+0000] {logging_mixin.py:188} INFO - [2025-11-09T01:27:24.258+0000] {dagbag.py:545} INFO - Filling up the DagBag from /opt/airflow/dags/qi_refresh_fundamentals.py
[2025-11-09T01:27:24.264+0000] {processor.py:840} INFO - DAG(s) 'refresh_fundamentals_dag' retrieved from /opt/airflow/dags/qi_refresh_fundamentals.py
[2025-11-09T01:27:24.280+0000] {logging_mixin.py:188} INFO - [2025-11-09T01:27:24.280+0000] {dag.py:3089} INFO - Sync 1 DAGs
[2025-11-09T01:27:24.291+0000] {logging_mixin.py:188} INFO - [2025-11-09T01:27:24.290+0000] {dag.py:3947} INFO - Setting next_dagrun for refresh_fundamentals_dag to 2025-11-05 05:00:00+00:00, run_after=2025-12-05 05:00:00+00:00
[2025-11-09T01:27:24.298+0000] {processor.py:183} INFO - Processing /opt/airflow/dags/qi_refresh_fundamentals.py took 0.046 seconds
[2025-11-09T01:58:07.263+0000] {processor.py:161} INFO - Started process (PID=10419) to work on /opt/airflow/dags/qi_refresh_fundamentals.py
[2025-11-09T01:58:07.264+0000] {processor.py:830} INFO - Processing file /opt/airflow/dags/qi_refresh_fundamentals.py for tasks to queue
[2025-11-09T01:58:07.265+0000] {logging_mixin.py:188} INFO - [2025-11-09T01:58:07.265+0000] {dagbag.py:545} INFO - Filling up the DagBag from /opt/airflow/dags/qi_refresh_fundamentals.py
[2025-11-09T01:58:07.271+0000] {processor.py:840} INFO - DAG(s) 'refresh_fundamentals_dag' retrieved from /opt/airflow/dags/qi_refresh_fundamentals.py
[2025-11-09T01:58:07.286+0000] {logging_mixin.py:188} INFO - [2025-11-09T01:58:07.286+0000] {dag.py:3089} INFO - Sync 1 DAGs
[2025-11-09T01:58:07.296+0000] {logging_mixin.py:188} INFO - [2025-11-09T01:58:07.296+0000] {dag.py:3947} INFO - Setting next_dagrun for refresh_fundamentals_dag to 2025-11-05 05:00:00+00:00, run_after=2025-12-05 05:00:00+00:00
[2025-11-09T01:58:07.304+0000] {processor.py:183} INFO - Processing /opt/airflow/dags/qi_refresh_fundamentals.py took 0.043 seconds
[2025-11-09T02:13:38.148+0000] {processor.py:161} INFO - Started process (PID=10422) to work on /opt/airflow/dags/qi_refresh_fundamentals.py
[2025-11-09T02:13:38.149+0000] {processor.py:830} INFO - Processing file /opt/airflow/dags/qi_refresh_fundamentals.py for tasks to queue
[2025-11-09T02:13:38.150+0000] {logging_mixin.py:188} INFO - [2025-11-09T02:13:38.150+0000] {dagbag.py:545} INFO - Filling up the DagBag from /opt/airflow/dags/qi_refresh_fundamentals.py
[2025-11-09T02:13:38.156+0000] {processor.py:840} INFO - DAG(s) 'refresh_fundamentals_dag' retrieved from /opt/airflow/dags/qi_refresh_fundamentals.py
[2025-11-09T02:13:38.172+0000] {logging_mixin.py:188} INFO - [2025-11-09T02:13:38.172+0000] {dag.py:3089} INFO - Sync 1 DAGs
[2025-11-09T02:13:38.182+0000] {logging_mixin.py:188} INFO - [2025-11-09T02:13:38.181+0000] {dag.py:3947} INFO - Setting next_dagrun for refresh_fundamentals_dag to 2025-11-05 05:00:00+00:00, run_after=2025-12-05 05:00:00+00:00
[2025-11-09T02:13:38.189+0000] {processor.py:183} INFO - Processing /opt/airflow/dags/qi_refresh_fundamentals.py took 0.044 seconds
[2025-11-09T02:29:09.209+0000] {processor.py:161} INFO - Started process (PID=10425) to work on /opt/airflow/dags/qi_refresh_fundamentals.py
[2025-11-09T02:29:09.210+0000] {processor.py:830} INFO - Processing file /opt/airflow/dags/qi_refresh_fundamentals.py for tasks to queue
[2025-11-09T02:29:09.211+0000] {logging_mixin.py:188} INFO - [2025-11-09T02:29:09.210+0000] {dagbag.py:545} INFO - Filling up the DagBag from /opt/airflow/dags/qi_refresh_fundamentals.py
[2025-11-09T02:29:09.217+0000] {processor.py:840} INFO - DAG(s) 'refresh_fundamentals_dag' retrieved from /opt/airflow/dags/qi_refresh_fundamentals.py
[2025-11-09T02:29:09.233+0000] {logging_mixin.py:188} INFO - [2025-11-09T02:29:09.233+0000] {dag.py:3089} INFO - Sync 1 DAGs
[2025-11-09T02:29:09.243+0000] {logging_mixin.py:188} INFO - [2025-11-09T02:29:09.243+0000] {dag.py:3947} INFO - Setting next_dagrun for refresh_fundamentals_dag to 2025-11-05 05:00:00+00:00, run_after=2025-12-05 05:00:00+00:00
[2025-11-09T02:29:09.251+0000] {processor.py:183} INFO - Processing /opt/airflow/dags/qi_refresh_fundamentals.py took 0.045 seconds
[2025-11-09T02:59:12.856+0000] {processor.py:161} INFO - Started process (PID=10428) to work on /opt/airflow/dags/qi_refresh_fundamentals.py
[2025-11-09T02:59:12.861+0000] {processor.py:830} INFO - Processing file /opt/airflow/dags/qi_refresh_fundamentals.py for tasks to queue
[2025-11-09T02:59:12.865+0000] {logging_mixin.py:188} INFO - [2025-11-09T02:59:12.865+0000] {dagbag.py:545} INFO - Filling up the DagBag from /opt/airflow/dags/qi_refresh_fundamentals.py
[2025-11-09T02:59:12.873+0000] {processor.py:840} INFO - DAG(s) 'refresh_fundamentals_dag' retrieved from /opt/airflow/dags/qi_refresh_fundamentals.py
[2025-11-09T02:59:12.891+0000] {logging_mixin.py:188} INFO - [2025-11-09T02:59:12.890+0000] {dag.py:3089} INFO - Sync 1 DAGs
[2025-11-09T02:59:12.901+0000] {logging_mixin.py:188} INFO - [2025-11-09T02:59:12.901+0000] {dag.py:3947} INFO - Setting next_dagrun for refresh_fundamentals_dag to 2025-11-05 05:00:00+00:00, run_after=2025-12-05 05:00:00+00:00
[2025-11-09T02:59:12.909+0000] {processor.py:183} INFO - Processing /opt/airflow/dags/qi_refresh_fundamentals.py took 0.056 seconds
[2025-11-09T03:19:39.820+0000] {processor.py:161} INFO - Started process (PID=10431) to work on /opt/airflow/dags/qi_refresh_fundamentals.py
[2025-11-09T03:19:39.820+0000] {processor.py:830} INFO - Processing file /opt/airflow/dags/qi_refresh_fundamentals.py for tasks to queue
[2025-11-09T03:19:39.821+0000] {logging_mixin.py:188} INFO - [2025-11-09T03:19:39.821+0000] {dagbag.py:545} INFO - Filling up the DagBag from /opt/airflow/dags/qi_refresh_fundamentals.py
[2025-11-09T03:19:39.827+0000] {processor.py:840} INFO - DAG(s) 'refresh_fundamentals_dag' retrieved from /opt/airflow/dags/qi_refresh_fundamentals.py
[2025-11-09T03:19:39.842+0000] {logging_mixin.py:188} INFO - [2025-11-09T03:19:39.842+0000] {dag.py:3089} INFO - Sync 1 DAGs
[2025-11-09T03:19:39.852+0000] {logging_mixin.py:188} INFO - [2025-11-09T03:19:39.852+0000] {dag.py:3947} INFO - Setting next_dagrun for refresh_fundamentals_dag to 2025-11-05 05:00:00+00:00, run_after=2025-12-05 05:00:00+00:00
[2025-11-09T03:19:39.860+0000] {processor.py:183} INFO - Processing /opt/airflow/dags/qi_refresh_fundamentals.py took 0.044 seconds
[2025-11-09T03:44:48.172+0000] {processor.py:161} INFO - Started process (PID=10434) to work on /opt/airflow/dags/qi_refresh_fundamentals.py
[2025-11-09T03:44:48.173+0000] {processor.py:830} INFO - Processing file /opt/airflow/dags/qi_refresh_fundamentals.py for tasks to queue
[2025-11-09T03:44:48.174+0000] {logging_mixin.py:188} INFO - [2025-11-09T03:44:48.173+0000] {dagbag.py:545} INFO - Filling up the DagBag from /opt/airflow/dags/qi_refresh_fundamentals.py
[2025-11-09T03:44:48.180+0000] {processor.py:840} INFO - DAG(s) 'refresh_fundamentals_dag' retrieved from /opt/airflow/dags/qi_refresh_fundamentals.py
[2025-11-09T03:44:48.196+0000] {logging_mixin.py:188} INFO - [2025-11-09T03:44:48.196+0000] {dag.py:3089} INFO - Sync 1 DAGs
[2025-11-09T03:44:48.206+0000] {logging_mixin.py:188} INFO - [2025-11-09T03:44:48.206+0000] {dag.py:3947} INFO - Setting next_dagrun for refresh_fundamentals_dag to 2025-11-05 05:00:00+00:00, run_after=2025-12-05 05:00:00+00:00
[2025-11-09T03:44:48.214+0000] {processor.py:183} INFO - Processing /opt/airflow/dags/qi_refresh_fundamentals.py took 0.045 seconds
[2025-11-09T04:00:18.015+0000] {processor.py:161} INFO - Started process (PID=10437) to work on /opt/airflow/dags/qi_refresh_fundamentals.py
[2025-11-09T04:00:18.015+0000] {processor.py:830} INFO - Processing file /opt/airflow/dags/qi_refresh_fundamentals.py for tasks to queue
[2025-11-09T04:00:18.016+0000] {logging_mixin.py:188} INFO - [2025-11-09T04:00:18.016+0000] {dagbag.py:545} INFO - Filling up the DagBag from /opt/airflow/dags/qi_refresh_fundamentals.py
[2025-11-09T04:00:18.023+0000] {processor.py:840} INFO - DAG(s) 'refresh_fundamentals_dag' retrieved from /opt/airflow/dags/qi_refresh_fundamentals.py
[2025-11-09T04:00:18.038+0000] {logging_mixin.py:188} INFO - [2025-11-09T04:00:18.038+0000] {dag.py:3089} INFO - Sync 1 DAGs
[2025-11-09T04:00:18.048+0000] {logging_mixin.py:188} INFO - [2025-11-09T04:00:18.048+0000] {dag.py:3947} INFO - Setting next_dagrun for refresh_fundamentals_dag to 2025-11-05 05:00:00+00:00, run_after=2025-12-05 05:00:00+00:00
[2025-11-09T04:00:18.056+0000] {processor.py:183} INFO - Processing /opt/airflow/dags/qi_refresh_fundamentals.py took 0.044 seconds
[2025-11-09T04:30:48.190+0000] {processor.py:161} INFO - Started process (PID=10440) to work on /opt/airflow/dags/qi_refresh_fundamentals.py
[2025-11-09T04:30:48.191+0000] {processor.py:830} INFO - Processing file /opt/airflow/dags/qi_refresh_fundamentals.py for tasks to queue
[2025-11-09T04:30:48.192+0000] {logging_mixin.py:188} INFO - [2025-11-09T04:30:48.192+0000] {dagbag.py:545} INFO - Filling up the DagBag from /opt/airflow/dags/qi_refresh_fundamentals.py
[2025-11-09T04:30:48.198+0000] {processor.py:840} INFO - DAG(s) 'refresh_fundamentals_dag' retrieved from /opt/airflow/dags/qi_refresh_fundamentals.py
[2025-11-09T04:30:48.215+0000] {logging_mixin.py:188} INFO - [2025-11-09T04:30:48.215+0000] {dag.py:3089} INFO - Sync 1 DAGs
[2025-11-09T04:30:48.225+0000] {logging_mixin.py:188} INFO - [2025-11-09T04:30:48.225+0000] {dag.py:3947} INFO - Setting next_dagrun for refresh_fundamentals_dag to 2025-11-05 05:00:00+00:00, run_after=2025-12-05 05:00:00+00:00
[2025-11-09T04:30:48.232+0000] {processor.py:183} INFO - Processing /opt/airflow/dags/qi_refresh_fundamentals.py took 0.046 seconds
[2025-11-09T04:45:48.609+0000] {processor.py:161} INFO - Started process (PID=10443) to work on /opt/airflow/dags/qi_refresh_fundamentals.py
[2025-11-09T04:45:48.610+0000] {processor.py:830} INFO - Processing file /opt/airflow/dags/qi_refresh_fundamentals.py for tasks to queue
[2025-11-09T04:45:48.611+0000] {logging_mixin.py:188} INFO - [2025-11-09T04:45:48.610+0000] {dagbag.py:545} INFO - Filling up the DagBag from /opt/airflow/dags/qi_refresh_fundamentals.py
[2025-11-09T04:45:48.616+0000] {processor.py:840} INFO - DAG(s) 'refresh_fundamentals_dag' retrieved from /opt/airflow/dags/qi_refresh_fundamentals.py
[2025-11-09T04:45:48.632+0000] {logging_mixin.py:188} INFO - [2025-11-09T04:45:48.632+0000] {dag.py:3089} INFO - Sync 1 DAGs
[2025-11-09T04:45:48.641+0000] {logging_mixin.py:188} INFO - [2025-11-09T04:45:48.641+0000] {dag.py:3947} INFO - Setting next_dagrun for refresh_fundamentals_dag to 2025-11-05 05:00:00+00:00, run_after=2025-12-05 05:00:00+00:00
[2025-11-09T04:45:48.650+0000] {processor.py:183} INFO - Processing /opt/airflow/dags/qi_refresh_fundamentals.py took 0.043 seconds
[2025-11-09T05:16:19.066+0000] {processor.py:161} INFO - Started process (PID=10446) to work on /opt/airflow/dags/qi_refresh_fundamentals.py
[2025-11-09T05:16:19.066+0000] {processor.py:830} INFO - Processing file /opt/airflow/dags/qi_refresh_fundamentals.py for tasks to queue
[2025-11-09T05:16:19.067+0000] {logging_mixin.py:188} INFO - [2025-11-09T05:16:19.067+0000] {dagbag.py:545} INFO - Filling up the DagBag from /opt/airflow/dags/qi_refresh_fundamentals.py
[2025-11-09T05:16:19.074+0000] {processor.py:840} INFO - DAG(s) 'refresh_fundamentals_dag' retrieved from /opt/airflow/dags/qi_refresh_fundamentals.py
[2025-11-09T05:16:19.091+0000] {logging_mixin.py:188} INFO - [2025-11-09T05:16:19.091+0000] {dag.py:3089} INFO - Sync 1 DAGs
[2025-11-09T05:16:19.102+0000] {logging_mixin.py:188} INFO - [2025-11-09T05:16:19.102+0000] {dag.py:3947} INFO - Setting next_dagrun for refresh_fundamentals_dag to 2025-11-05 05:00:00+00:00, run_after=2025-12-05 05:00:00+00:00
[2025-11-09T05:16:19.111+0000] {processor.py:183} INFO - Processing /opt/airflow/dags/qi_refresh_fundamentals.py took 0.048 seconds
[2025-11-09T05:31:49.765+0000] {processor.py:161} INFO - Started process (PID=10449) to work on /opt/airflow/dags/qi_refresh_fundamentals.py
[2025-11-09T05:31:49.765+0000] {processor.py:830} INFO - Processing file /opt/airflow/dags/qi_refresh_fundamentals.py for tasks to queue
[2025-11-09T05:31:49.766+0000] {logging_mixin.py:188} INFO - [2025-11-09T05:31:49.766+0000] {dagbag.py:545} INFO - Filling up the DagBag from /opt/airflow/dags/qi_refresh_fundamentals.py
[2025-11-09T05:31:49.772+0000] {processor.py:840} INFO - DAG(s) 'refresh_fundamentals_dag' retrieved from /opt/airflow/dags/qi_refresh_fundamentals.py
[2025-11-09T05:31:49.788+0000] {logging_mixin.py:188} INFO - [2025-11-09T05:31:49.788+0000] {dag.py:3089} INFO - Sync 1 DAGs
[2025-11-09T05:31:49.798+0000] {logging_mixin.py:188} INFO - [2025-11-09T05:31:49.798+0000] {dag.py:3947} INFO - Setting next_dagrun for refresh_fundamentals_dag to 2025-11-05 05:00:00+00:00, run_after=2025-12-05 05:00:00+00:00
[2025-11-09T05:31:49.806+0000] {processor.py:183} INFO - Processing /opt/airflow/dags/qi_refresh_fundamentals.py took 0.044 seconds
[2025-11-09T05:55:02.081+0000] {processor.py:161} INFO - Started process (PID=10452) to work on /opt/airflow/dags/qi_refresh_fundamentals.py
[2025-11-09T05:55:02.081+0000] {processor.py:830} INFO - Processing file /opt/airflow/dags/qi_refresh_fundamentals.py for tasks to queue
[2025-11-09T05:55:02.083+0000] {logging_mixin.py:188} INFO - [2025-11-09T05:55:02.082+0000] {dagbag.py:545} INFO - Filling up the DagBag from /opt/airflow/dags/qi_refresh_fundamentals.py
[2025-11-09T05:55:02.088+0000] {processor.py:840} INFO - DAG(s) 'refresh_fundamentals_dag' retrieved from /opt/airflow/dags/qi_refresh_fundamentals.py
[2025-11-09T05:55:02.104+0000] {logging_mixin.py:188} INFO - [2025-11-09T05:55:02.104+0000] {dag.py:3089} INFO - Sync 1 DAGs
[2025-11-09T05:55:02.114+0000] {logging_mixin.py:188} INFO - [2025-11-09T05:55:02.114+0000] {dag.py:3947} INFO - Setting next_dagrun for refresh_fundamentals_dag to 2025-11-05 05:00:00+00:00, run_after=2025-12-05 05:00:00+00:00
[2025-11-09T05:55:02.121+0000] {processor.py:183} INFO - Processing /opt/airflow/dags/qi_refresh_fundamentals.py took 0.044 seconds
[2025-11-09T06:25:33.568+0000] {processor.py:161} INFO - Started process (PID=10455) to work on /opt/airflow/dags/qi_refresh_fundamentals.py
[2025-11-09T06:25:33.568+0000] {processor.py:830} INFO - Processing file /opt/airflow/dags/qi_refresh_fundamentals.py for tasks to queue
[2025-11-09T06:25:33.570+0000] {logging_mixin.py:188} INFO - [2025-11-09T06:25:33.569+0000] {dagbag.py:545} INFO - Filling up the DagBag from /opt/airflow/dags/qi_refresh_fundamentals.py
[2025-11-09T06:25:33.577+0000] {processor.py:840} INFO - DAG(s) 'refresh_fundamentals_dag' retrieved from /opt/airflow/dags/qi_refresh_fundamentals.py
[2025-11-09T06:25:33.595+0000] {logging_mixin.py:188} INFO - [2025-11-09T06:25:33.595+0000] {dag.py:3089} INFO - Sync 1 DAGs
[2025-11-09T06:25:33.606+0000] {logging_mixin.py:188} INFO - [2025-11-09T06:25:33.606+0000] {dag.py:3947} INFO - Setting next_dagrun for refresh_fundamentals_dag to 2025-11-05 05:00:00+00:00, run_after=2025-12-05 05:00:00+00:00
[2025-11-09T06:25:33.615+0000] {processor.py:183} INFO - Processing /opt/airflow/dags/qi_refresh_fundamentals.py took 0.051 seconds
[2025-11-09T06:41:04.101+0000] {processor.py:161} INFO - Started process (PID=10458) to work on /opt/airflow/dags/qi_refresh_fundamentals.py
[2025-11-09T06:41:04.102+0000] {processor.py:830} INFO - Processing file /opt/airflow/dags/qi_refresh_fundamentals.py for tasks to queue
[2025-11-09T06:41:04.103+0000] {logging_mixin.py:188} INFO - [2025-11-09T06:41:04.102+0000] {dagbag.py:545} INFO - Filling up the DagBag from /opt/airflow/dags/qi_refresh_fundamentals.py
[2025-11-09T06:41:04.109+0000] {processor.py:840} INFO - DAG(s) 'refresh_fundamentals_dag' retrieved from /opt/airflow/dags/qi_refresh_fundamentals.py
[2025-11-09T06:41:04.125+0000] {logging_mixin.py:188} INFO - [2025-11-09T06:41:04.125+0000] {dag.py:3089} INFO - Sync 1 DAGs
[2025-11-09T06:41:04.134+0000] {logging_mixin.py:188} INFO - [2025-11-09T06:41:04.134+0000] {dag.py:3947} INFO - Setting next_dagrun for refresh_fundamentals_dag to 2025-11-05 05:00:00+00:00, run_after=2025-12-05 05:00:00+00:00
[2025-11-09T06:41:04.143+0000] {processor.py:183} INFO - Processing /opt/airflow/dags/qi_refresh_fundamentals.py took 0.045 seconds
[2025-11-09T06:47:48.582+0000] {processor.py:161} INFO - Started process (PID=10461) to work on /opt/airflow/dags/qi_refresh_fundamentals.py
[2025-11-09T06:47:48.583+0000] {processor.py:830} INFO - Processing file /opt/airflow/dags/qi_refresh_fundamentals.py for tasks to queue
[2025-11-09T06:47:48.584+0000] {logging_mixin.py:188} INFO - [2025-11-09T06:47:48.584+0000] {dagbag.py:545} INFO - Filling up the DagBag from /opt/airflow/dags/qi_refresh_fundamentals.py
[2025-11-09T06:47:48.590+0000] {processor.py:840} INFO - DAG(s) 'refresh_fundamentals_dag' retrieved from /opt/airflow/dags/qi_refresh_fundamentals.py
[2025-11-09T06:47:48.605+0000] {logging_mixin.py:188} INFO - [2025-11-09T06:47:48.605+0000] {dag.py:3089} INFO - Sync 1 DAGs
[2025-11-09T06:47:48.615+0000] {logging_mixin.py:188} INFO - [2025-11-09T06:47:48.615+0000] {dag.py:3947} INFO - Setting next_dagrun for refresh_fundamentals_dag to 2025-11-05 05:00:00+00:00, run_after=2025-12-05 05:00:00+00:00
[2025-11-09T06:47:48.623+0000] {processor.py:183} INFO - Processing /opt/airflow/dags/qi_refresh_fundamentals.py took 0.043 seconds
[2025-11-09T07:03:18.098+0000] {processor.py:161} INFO - Started process (PID=10464) to work on /opt/airflow/dags/qi_refresh_fundamentals.py
[2025-11-09T07:03:18.098+0000] {processor.py:830} INFO - Processing file /opt/airflow/dags/qi_refresh_fundamentals.py for tasks to queue
[2025-11-09T07:03:18.100+0000] {logging_mixin.py:188} INFO - [2025-11-09T07:03:18.100+0000] {dagbag.py:545} INFO - Filling up the DagBag from /opt/airflow/dags/qi_refresh_fundamentals.py
[2025-11-09T07:03:18.106+0000] {processor.py:840} INFO - DAG(s) 'refresh_fundamentals_dag' retrieved from /opt/airflow/dags/qi_refresh_fundamentals.py
[2025-11-09T07:03:18.122+0000] {logging_mixin.py:188} INFO - [2025-11-09T07:03:18.122+0000] {dag.py:3089} INFO - Sync 1 DAGs
[2025-11-09T07:03:18.132+0000] {logging_mixin.py:188} INFO - [2025-11-09T07:03:18.132+0000] {dag.py:3947} INFO - Setting next_dagrun for refresh_fundamentals_dag to 2025-11-05 05:00:00+00:00, run_after=2025-12-05 05:00:00+00:00
[2025-11-09T07:03:18.140+0000] {processor.py:183} INFO - Processing /opt/airflow/dags/qi_refresh_fundamentals.py took 0.045 seconds
[2025-11-09T07:33:49.087+0000] {processor.py:161} INFO - Started process (PID=10467) to work on /opt/airflow/dags/qi_refresh_fundamentals.py
[2025-11-09T07:33:49.088+0000] {processor.py:830} INFO - Processing file /opt/airflow/dags/qi_refresh_fundamentals.py for tasks to queue
[2025-11-09T07:33:49.088+0000] {logging_mixin.py:188} INFO - [2025-11-09T07:33:49.088+0000] {dagbag.py:545} INFO - Filling up the DagBag from /opt/airflow/dags/qi_refresh_fundamentals.py
[2025-11-09T07:33:49.095+0000] {processor.py:840} INFO - DAG(s) 'refresh_fundamentals_dag' retrieved from /opt/airflow/dags/qi_refresh_fundamentals.py
[2025-11-09T07:33:49.110+0000] {logging_mixin.py:188} INFO - [2025-11-09T07:33:49.110+0000] {dag.py:3089} INFO - Sync 1 DAGs
[2025-11-09T07:33:49.120+0000] {logging_mixin.py:188} INFO - [2025-11-09T07:33:49.120+0000] {dag.py:3947} INFO - Setting next_dagrun for refresh_fundamentals_dag to 2025-11-05 05:00:00+00:00, run_after=2025-12-05 05:00:00+00:00
[2025-11-09T07:33:49.128+0000] {processor.py:183} INFO - Processing /opt/airflow/dags/qi_refresh_fundamentals.py took 0.044 seconds
[2025-11-09T08:03:55.470+0000] {processor.py:161} INFO - Started process (PID=10470) to work on /opt/airflow/dags/qi_refresh_fundamentals.py
[2025-11-09T08:03:55.471+0000] {processor.py:830} INFO - Processing file /opt/airflow/dags/qi_refresh_fundamentals.py for tasks to queue
[2025-11-09T08:03:55.472+0000] {logging_mixin.py:188} INFO - [2025-11-09T08:03:55.472+0000] {dagbag.py:545} INFO - Filling up the DagBag from /opt/airflow/dags/qi_refresh_fundamentals.py
[2025-11-09T08:03:55.479+0000] {processor.py:840} INFO - DAG(s) 'refresh_fundamentals_dag' retrieved from /opt/airflow/dags/qi_refresh_fundamentals.py
[2025-11-09T08:03:55.497+0000] {logging_mixin.py:188} INFO - [2025-11-09T08:03:55.497+0000] {dag.py:3089} INFO - Sync 1 DAGs
[2025-11-09T08:03:55.507+0000] {logging_mixin.py:188} INFO - [2025-11-09T08:03:55.507+0000] {dag.py:3947} INFO - Setting next_dagrun for refresh_fundamentals_dag to 2025-11-05 05:00:00+00:00, run_after=2025-12-05 05:00:00+00:00
[2025-11-09T08:03:55.515+0000] {processor.py:183} INFO - Processing /opt/airflow/dags/qi_refresh_fundamentals.py took 0.048 seconds
[2025-11-09T08:21:01.099+0000] {processor.py:161} INFO - Started process (PID=10473) to work on /opt/airflow/dags/qi_refresh_fundamentals.py
[2025-11-09T08:21:01.100+0000] {processor.py:830} INFO - Processing file /opt/airflow/dags/qi_refresh_fundamentals.py for tasks to queue
[2025-11-09T08:21:01.101+0000] {logging_mixin.py:188} INFO - [2025-11-09T08:21:01.101+0000] {dagbag.py:545} INFO - Filling up the DagBag from /opt/airflow/dags/qi_refresh_fundamentals.py
[2025-11-09T08:21:01.107+0000] {processor.py:840} INFO - DAG(s) 'refresh_fundamentals_dag' retrieved from /opt/airflow/dags/qi_refresh_fundamentals.py
[2025-11-09T08:21:01.122+0000] {logging_mixin.py:188} INFO - [2025-11-09T08:21:01.122+0000] {dag.py:3089} INFO - Sync 1 DAGs
[2025-11-09T08:21:01.132+0000] {logging_mixin.py:188} INFO - [2025-11-09T08:21:01.132+0000] {dag.py:3947} INFO - Setting next_dagrun for refresh_fundamentals_dag to 2025-11-05 05:00:00+00:00, run_after=2025-12-05 05:00:00+00:00
[2025-11-09T08:21:01.140+0000] {processor.py:183} INFO - Processing /opt/airflow/dags/qi_refresh_fundamentals.py took 0.044 seconds
[2025-11-09T08:36:23.919+0000] {processor.py:161} INFO - Started process (PID=10476) to work on /opt/airflow/dags/qi_refresh_fundamentals.py
[2025-11-09T08:36:23.919+0000] {processor.py:830} INFO - Processing file /opt/airflow/dags/qi_refresh_fundamentals.py for tasks to queue
[2025-11-09T08:36:23.920+0000] {logging_mixin.py:188} INFO - [2025-11-09T08:36:23.920+0000] {dagbag.py:545} INFO - Filling up the DagBag from /opt/airflow/dags/qi_refresh_fundamentals.py
[2025-11-09T08:36:23.926+0000] {processor.py:840} INFO - DAG(s) 'refresh_fundamentals_dag' retrieved from /opt/airflow/dags/qi_refresh_fundamentals.py
[2025-11-09T08:36:23.943+0000] {logging_mixin.py:188} INFO - [2025-11-09T08:36:23.942+0000] {dag.py:3089} INFO - Sync 1 DAGs
[2025-11-09T08:36:23.954+0000] {logging_mixin.py:188} INFO - [2025-11-09T08:36:23.953+0000] {dag.py:3947} INFO - Setting next_dagrun for refresh_fundamentals_dag to 2025-11-05 05:00:00+00:00, run_after=2025-12-05 05:00:00+00:00
[2025-11-09T08:36:23.962+0000] {processor.py:183} INFO - Processing /opt/airflow/dags/qi_refresh_fundamentals.py took 0.047 seconds
[2025-11-09T09:05:08.123+0000] {processor.py:161} INFO - Started process (PID=10479) to work on /opt/airflow/dags/qi_refresh_fundamentals.py
[2025-11-09T09:05:08.123+0000] {processor.py:830} INFO - Processing file /opt/airflow/dags/qi_refresh_fundamentals.py for tasks to queue
[2025-11-09T09:05:08.124+0000] {logging_mixin.py:188} INFO - [2025-11-09T09:05:08.124+0000] {dagbag.py:545} INFO - Filling up the DagBag from /opt/airflow/dags/qi_refresh_fundamentals.py
[2025-11-09T09:05:08.130+0000] {processor.py:840} INFO - DAG(s) 'refresh_fundamentals_dag' retrieved from /opt/airflow/dags/qi_refresh_fundamentals.py
[2025-11-09T09:05:08.145+0000] {logging_mixin.py:188} INFO - [2025-11-09T09:05:08.145+0000] {dag.py:3089} INFO - Sync 1 DAGs
[2025-11-09T09:05:08.155+0000] {logging_mixin.py:188} INFO - [2025-11-09T09:05:08.155+0000] {dag.py:3947} INFO - Setting next_dagrun for refresh_fundamentals_dag to 2025-11-05 05:00:00+00:00, run_after=2025-12-05 05:00:00+00:00
[2025-11-09T09:05:08.162+0000] {processor.py:183} INFO - Processing /opt/airflow/dags/qi_refresh_fundamentals.py took 0.042 seconds
[2025-11-09T09:31:03.302+0000] {processor.py:161} INFO - Started process (PID=10482) to work on /opt/airflow/dags/qi_refresh_fundamentals.py
[2025-11-09T09:31:03.303+0000] {processor.py:830} INFO - Processing file /opt/airflow/dags/qi_refresh_fundamentals.py for tasks to queue
[2025-11-09T09:31:03.304+0000] {logging_mixin.py:188} INFO - [2025-11-09T09:31:03.304+0000] {dagbag.py:545} INFO - Filling up the DagBag from /opt/airflow/dags/qi_refresh_fundamentals.py
[2025-11-09T09:31:03.310+0000] {processor.py:840} INFO - DAG(s) 'refresh_fundamentals_dag' retrieved from /opt/airflow/dags/qi_refresh_fundamentals.py
[2025-11-09T09:31:03.326+0000] {logging_mixin.py:188} INFO - [2025-11-09T09:31:03.326+0000] {dag.py:3089} INFO - Sync 1 DAGs
[2025-11-09T09:31:03.335+0000] {logging_mixin.py:188} INFO - [2025-11-09T09:31:03.335+0000] {dag.py:3947} INFO - Setting next_dagrun for refresh_fundamentals_dag to 2025-11-05 05:00:00+00:00, run_after=2025-12-05 05:00:00+00:00
[2025-11-09T09:31:03.343+0000] {processor.py:183} INFO - Processing /opt/airflow/dags/qi_refresh_fundamentals.py took 0.044 seconds
[2025-11-09T09:34:01.203+0000] {processor.py:161} INFO - Started process (PID=10485) to work on /opt/airflow/dags/qi_refresh_fundamentals.py
[2025-11-09T09:34:01.204+0000] {processor.py:830} INFO - Processing file /opt/airflow/dags/qi_refresh_fundamentals.py for tasks to queue
[2025-11-09T09:34:01.204+0000] {logging_mixin.py:188} INFO - [2025-11-09T09:34:01.204+0000] {dagbag.py:545} INFO - Filling up the DagBag from /opt/airflow/dags/qi_refresh_fundamentals.py
[2025-11-09T09:34:01.210+0000] {processor.py:840} INFO - DAG(s) 'refresh_fundamentals_dag' retrieved from /opt/airflow/dags/qi_refresh_fundamentals.py
[2025-11-09T09:34:01.225+0000] {logging_mixin.py:188} INFO - [2025-11-09T09:34:01.225+0000] {dag.py:3089} INFO - Sync 1 DAGs
[2025-11-09T09:34:01.235+0000] {logging_mixin.py:188} INFO - [2025-11-09T09:34:01.235+0000] {dag.py:3947} INFO - Setting next_dagrun for refresh_fundamentals_dag to 2025-11-05 05:00:00+00:00, run_after=2025-12-05 05:00:00+00:00
[2025-11-09T09:34:01.242+0000] {processor.py:183} INFO - Processing /opt/airflow/dags/qi_refresh_fundamentals.py took 0.042 seconds
[2025-11-09T09:50:52.417+0000] {processor.py:161} INFO - Started process (PID=10488) to work on /opt/airflow/dags/qi_refresh_fundamentals.py
[2025-11-09T09:50:52.418+0000] {processor.py:830} INFO - Processing file /opt/airflow/dags/qi_refresh_fundamentals.py for tasks to queue
[2025-11-09T09:50:52.418+0000] {logging_mixin.py:188} INFO - [2025-11-09T09:50:52.418+0000] {dagbag.py:545} INFO - Filling up the DagBag from /opt/airflow/dags/qi_refresh_fundamentals.py
[2025-11-09T09:50:52.425+0000] {processor.py:840} INFO - DAG(s) 'refresh_fundamentals_dag' retrieved from /opt/airflow/dags/qi_refresh_fundamentals.py
[2025-11-09T09:50:52.440+0000] {logging_mixin.py:188} INFO - [2025-11-09T09:50:52.440+0000] {dag.py:3089} INFO - Sync 1 DAGs
[2025-11-09T09:50:52.450+0000] {logging_mixin.py:188} INFO - [2025-11-09T09:50:52.450+0000] {dag.py:3947} INFO - Setting next_dagrun for refresh_fundamentals_dag to 2025-11-05 05:00:00+00:00, run_after=2025-12-05 05:00:00+00:00
[2025-11-09T09:50:52.458+0000] {processor.py:183} INFO - Processing /opt/airflow/dags/qi_refresh_fundamentals.py took 0.044 seconds
[2025-11-09T10:09:25.279+0000] {processor.py:161} INFO - Started process (PID=10491) to work on /opt/airflow/dags/qi_refresh_fundamentals.py
[2025-11-09T10:09:25.279+0000] {processor.py:830} INFO - Processing file /opt/airflow/dags/qi_refresh_fundamentals.py for tasks to queue
[2025-11-09T10:09:25.280+0000] {logging_mixin.py:188} INFO - [2025-11-09T10:09:25.280+0000] {dagbag.py:545} INFO - Filling up the DagBag from /opt/airflow/dags/qi_refresh_fundamentals.py
[2025-11-09T10:09:25.287+0000] {processor.py:840} INFO - DAG(s) 'refresh_fundamentals_dag' retrieved from /opt/airflow/dags/qi_refresh_fundamentals.py
[2025-11-09T10:09:25.302+0000] {logging_mixin.py:188} INFO - [2025-11-09T10:09:25.302+0000] {dag.py:3089} INFO - Sync 1 DAGs
[2025-11-09T10:09:25.312+0000] {logging_mixin.py:188} INFO - [2025-11-09T10:09:25.312+0000] {dag.py:3947} INFO - Setting next_dagrun for refresh_fundamentals_dag to 2025-11-05 05:00:00+00:00, run_after=2025-12-05 05:00:00+00:00
[2025-11-09T10:09:25.320+0000] {processor.py:183} INFO - Processing /opt/airflow/dags/qi_refresh_fundamentals.py took 0.044 seconds
[2025-11-09T10:39:19.585+0000] {processor.py:161} INFO - Started process (PID=10494) to work on /opt/airflow/dags/qi_refresh_fundamentals.py
[2025-11-09T10:39:19.585+0000] {processor.py:830} INFO - Processing file /opt/airflow/dags/qi_refresh_fundamentals.py for tasks to queue
[2025-11-09T10:39:19.587+0000] {logging_mixin.py:188} INFO - [2025-11-09T10:39:19.587+0000] {dagbag.py:545} INFO - Filling up the DagBag from /opt/airflow/dags/qi_refresh_fundamentals.py
[2025-11-09T10:39:19.595+0000] {processor.py:840} INFO - DAG(s) 'refresh_fundamentals_dag' retrieved from /opt/airflow/dags/qi_refresh_fundamentals.py
[2025-11-09T10:39:19.612+0000] {logging_mixin.py:188} INFO - [2025-11-09T10:39:19.612+0000] {dag.py:3089} INFO - Sync 1 DAGs
[2025-11-09T10:39:19.623+0000] {logging_mixin.py:188} INFO - [2025-11-09T10:39:19.623+0000] {dag.py:3947} INFO - Setting next_dagrun for refresh_fundamentals_dag to 2025-11-05 05:00:00+00:00, run_after=2025-12-05 05:00:00+00:00
[2025-11-09T10:39:19.633+0000] {processor.py:183} INFO - Processing /opt/airflow/dags/qi_refresh_fundamentals.py took 0.052 seconds
[2025-11-09T11:07:00.805+0000] {processor.py:161} INFO - Started process (PID=10497) to work on /opt/airflow/dags/qi_refresh_fundamentals.py
[2025-11-09T11:07:00.806+0000] {processor.py:830} INFO - Processing file /opt/airflow/dags/qi_refresh_fundamentals.py for tasks to queue
[2025-11-09T11:07:00.807+0000] {logging_mixin.py:188} INFO - [2025-11-09T11:07:00.806+0000] {dagbag.py:545} INFO - Filling up the DagBag from /opt/airflow/dags/qi_refresh_fundamentals.py
[2025-11-09T11:07:00.813+0000] {processor.py:840} INFO - DAG(s) 'refresh_fundamentals_dag' retrieved from /opt/airflow/dags/qi_refresh_fundamentals.py
[2025-11-09T11:07:00.828+0000] {logging_mixin.py:188} INFO - [2025-11-09T11:07:00.828+0000] {dag.py:3089} INFO - Sync 1 DAGs
[2025-11-09T11:07:00.838+0000] {logging_mixin.py:188} INFO - [2025-11-09T11:07:00.838+0000] {dag.py:3947} INFO - Setting next_dagrun for refresh_fundamentals_dag to 2025-11-05 05:00:00+00:00, run_after=2025-12-05 05:00:00+00:00
[2025-11-09T11:07:00.846+0000] {processor.py:183} INFO - Processing /opt/airflow/dags/qi_refresh_fundamentals.py took 0.044 seconds
[2025-11-09T11:22:30.829+0000] {processor.py:161} INFO - Started process (PID=10500) to work on /opt/airflow/dags/qi_refresh_fundamentals.py
[2025-11-09T11:22:30.829+0000] {processor.py:830} INFO - Processing file /opt/airflow/dags/qi_refresh_fundamentals.py for tasks to queue
[2025-11-09T11:22:30.830+0000] {logging_mixin.py:188} INFO - [2025-11-09T11:22:30.830+0000] {dagbag.py:545} INFO - Filling up the DagBag from /opt/airflow/dags/qi_refresh_fundamentals.py
[2025-11-09T11:22:30.838+0000] {processor.py:840} INFO - DAG(s) 'refresh_fundamentals_dag' retrieved from /opt/airflow/dags/qi_refresh_fundamentals.py
[2025-11-09T11:22:30.858+0000] {logging_mixin.py:188} INFO - [2025-11-09T11:22:30.858+0000] {dag.py:3089} INFO - Sync 1 DAGs
[2025-11-09T11:22:30.870+0000] {logging_mixin.py:188} INFO - [2025-11-09T11:22:30.870+0000] {dag.py:3947} INFO - Setting next_dagrun for refresh_fundamentals_dag to 2025-11-05 05:00:00+00:00, run_after=2025-12-05 05:00:00+00:00
[2025-11-09T11:22:30.884+0000] {processor.py:183} INFO - Processing /opt/airflow/dags/qi_refresh_fundamentals.py took 0.058 seconds
[2025-11-09T11:32:57.005+0000] {processor.py:161} INFO - Started process (PID=10503) to work on /opt/airflow/dags/qi_refresh_fundamentals.py
[2025-11-09T11:32:57.006+0000] {processor.py:830} INFO - Processing file /opt/airflow/dags/qi_refresh_fundamentals.py for tasks to queue
[2025-11-09T11:32:57.007+0000] {logging_mixin.py:188} INFO - [2025-11-09T11:32:57.007+0000] {dagbag.py:545} INFO - Filling up the DagBag from /opt/airflow/dags/qi_refresh_fundamentals.py
[2025-11-09T11:32:57.013+0000] {processor.py:840} INFO - DAG(s) 'refresh_fundamentals_dag' retrieved from /opt/airflow/dags/qi_refresh_fundamentals.py
[2025-11-09T11:32:57.029+0000] {logging_mixin.py:188} INFO - [2025-11-09T11:32:57.029+0000] {dag.py:3089} INFO - Sync 1 DAGs
[2025-11-09T11:32:57.040+0000] {logging_mixin.py:188} INFO - [2025-11-09T11:32:57.040+0000] {dag.py:3947} INFO - Setting next_dagrun for refresh_fundamentals_dag to 2025-11-05 05:00:00+00:00, run_after=2025-12-05 05:00:00+00:00
[2025-11-09T11:32:57.048+0000] {processor.py:183} INFO - Processing /opt/airflow/dags/qi_refresh_fundamentals.py took 0.046 seconds
[2025-11-09T11:45:04.393+0000] {processor.py:161} INFO - Started process (PID=10506) to work on /opt/airflow/dags/qi_refresh_fundamentals.py
[2025-11-09T11:45:04.394+0000] {processor.py:830} INFO - Processing file /opt/airflow/dags/qi_refresh_fundamentals.py for tasks to queue
[2025-11-09T11:45:04.395+0000] {logging_mixin.py:188} INFO - [2025-11-09T11:45:04.394+0000] {dagbag.py:545} INFO - Filling up the DagBag from /opt/airflow/dags/qi_refresh_fundamentals.py
[2025-11-09T11:45:04.401+0000] {processor.py:840} INFO - DAG(s) 'refresh_fundamentals_dag' retrieved from /opt/airflow/dags/qi_refresh_fundamentals.py
[2025-11-09T11:45:04.417+0000] {logging_mixin.py:188} INFO - [2025-11-09T11:45:04.417+0000] {dag.py:3089} INFO - Sync 1 DAGs
[2025-11-09T11:45:04.427+0000] {logging_mixin.py:188} INFO - [2025-11-09T11:45:04.427+0000] {dag.py:3947} INFO - Setting next_dagrun for refresh_fundamentals_dag to 2025-11-05 05:00:00+00:00, run_after=2025-12-05 05:00:00+00:00
[2025-11-09T11:45:04.435+0000] {processor.py:183} INFO - Processing /opt/airflow/dags/qi_refresh_fundamentals.py took 0.045 seconds
[2025-11-09T12:07:38.853+0000] {processor.py:161} INFO - Started process (PID=10509) to work on /opt/airflow/dags/qi_refresh_fundamentals.py
[2025-11-09T12:07:38.854+0000] {processor.py:830} INFO - Processing file /opt/airflow/dags/qi_refresh_fundamentals.py for tasks to queue
[2025-11-09T12:07:38.855+0000] {logging_mixin.py:188} INFO - [2025-11-09T12:07:38.855+0000] {dagbag.py:545} INFO - Filling up the DagBag from /opt/airflow/dags/qi_refresh_fundamentals.py
[2025-11-09T12:07:38.861+0000] {processor.py:840} INFO - DAG(s) 'refresh_fundamentals_dag' retrieved from /opt/airflow/dags/qi_refresh_fundamentals.py
[2025-11-09T12:07:38.876+0000] {logging_mixin.py:188} INFO - [2025-11-09T12:07:38.876+0000] {dag.py:3089} INFO - Sync 1 DAGs
[2025-11-09T12:07:38.887+0000] {logging_mixin.py:188} INFO - [2025-11-09T12:07:38.887+0000] {dag.py:3947} INFO - Setting next_dagrun for refresh_fundamentals_dag to 2025-11-05 05:00:00+00:00, run_after=2025-12-05 05:00:00+00:00
[2025-11-09T12:07:38.895+0000] {processor.py:183} INFO - Processing /opt/airflow/dags/qi_refresh_fundamentals.py took 0.044 seconds
[2025-11-09T12:29:07.908+0000] {processor.py:161} INFO - Started process (PID=10512) to work on /opt/airflow/dags/qi_refresh_fundamentals.py
[2025-11-09T12:29:07.908+0000] {processor.py:830} INFO - Processing file /opt/airflow/dags/qi_refresh_fundamentals.py for tasks to queue
[2025-11-09T12:29:07.909+0000] {logging_mixin.py:188} INFO - [2025-11-09T12:29:07.909+0000] {dagbag.py:545} INFO - Filling up the DagBag from /opt/airflow/dags/qi_refresh_fundamentals.py
[2025-11-09T12:29:07.915+0000] {processor.py:840} INFO - DAG(s) 'refresh_fundamentals_dag' retrieved from /opt/airflow/dags/qi_refresh_fundamentals.py
[2025-11-09T12:29:07.931+0000] {logging_mixin.py:188} INFO - [2025-11-09T12:29:07.930+0000] {dag.py:3089} INFO - Sync 1 DAGs
[2025-11-09T12:29:07.941+0000] {logging_mixin.py:188} INFO - [2025-11-09T12:29:07.941+0000] {dag.py:3947} INFO - Setting next_dagrun for refresh_fundamentals_dag to 2025-11-05 05:00:00+00:00, run_after=2025-12-05 05:00:00+00:00
[2025-11-09T12:29:07.949+0000] {processor.py:183} INFO - Processing /opt/airflow/dags/qi_refresh_fundamentals.py took 0.044 seconds
[2025-11-09T12:53:49.519+0000] {processor.py:161} INFO - Started process (PID=10515) to work on /opt/airflow/dags/qi_refresh_fundamentals.py
[2025-11-09T12:53:49.519+0000] {processor.py:830} INFO - Processing file /opt/airflow/dags/qi_refresh_fundamentals.py for tasks to queue
[2025-11-09T12:53:49.520+0000] {logging_mixin.py:188} INFO - [2025-11-09T12:53:49.520+0000] {dagbag.py:545} INFO - Filling up the DagBag from /opt/airflow/dags/qi_refresh_fundamentals.py
[2025-11-09T12:53:49.526+0000] {processor.py:840} INFO - DAG(s) 'refresh_fundamentals_dag' retrieved from /opt/airflow/dags/qi_refresh_fundamentals.py
[2025-11-09T12:53:49.542+0000] {logging_mixin.py:188} INFO - [2025-11-09T12:53:49.542+0000] {dag.py:3089} INFO - Sync 1 DAGs
[2025-11-09T12:53:49.552+0000] {logging_mixin.py:188} INFO - [2025-11-09T12:53:49.552+0000] {dag.py:3947} INFO - Setting next_dagrun for refresh_fundamentals_dag to 2025-11-05 05:00:00+00:00, run_after=2025-12-05 05:00:00+00:00
[2025-11-09T12:53:49.561+0000] {processor.py:183} INFO - Processing /opt/airflow/dags/qi_refresh_fundamentals.py took 0.045 seconds
[2025-11-09T13:09:19.898+0000] {processor.py:161} INFO - Started process (PID=10518) to work on /opt/airflow/dags/qi_refresh_fundamentals.py
[2025-11-09T13:09:19.898+0000] {processor.py:830} INFO - Processing file /opt/airflow/dags/qi_refresh_fundamentals.py for tasks to queue
[2025-11-09T13:09:19.899+0000] {logging_mixin.py:188} INFO - [2025-11-09T13:09:19.899+0000] {dagbag.py:545} INFO - Filling up the DagBag from /opt/airflow/dags/qi_refresh_fundamentals.py
[2025-11-09T13:09:19.906+0000] {processor.py:840} INFO - DAG(s) 'refresh_fundamentals_dag' retrieved from /opt/airflow/dags/qi_refresh_fundamentals.py
[2025-11-09T13:09:19.922+0000] {logging_mixin.py:188} INFO - [2025-11-09T13:09:19.922+0000] {dag.py:3089} INFO - Sync 1 DAGs
[2025-11-09T13:09:19.932+0000] {logging_mixin.py:188} INFO - [2025-11-09T13:09:19.932+0000] {dag.py:3947} INFO - Setting next_dagrun for refresh_fundamentals_dag to 2025-11-05 05:00:00+00:00, run_after=2025-12-05 05:00:00+00:00
[2025-11-09T13:09:19.940+0000] {processor.py:183} INFO - Processing /opt/airflow/dags/qi_refresh_fundamentals.py took 0.045 seconds
[2025-11-09T13:37:09.025+0000] {processor.py:161} INFO - Started process (PID=10521) to work on /opt/airflow/dags/qi_refresh_fundamentals.py
[2025-11-09T13:37:09.025+0000] {processor.py:830} INFO - Processing file /opt/airflow/dags/qi_refresh_fundamentals.py for tasks to queue
[2025-11-09T13:37:09.027+0000] {logging_mixin.py:188} INFO - [2025-11-09T13:37:09.027+0000] {dagbag.py:545} INFO - Filling up the DagBag from /opt/airflow/dags/qi_refresh_fundamentals.py
[2025-11-09T13:37:09.033+0000] {processor.py:840} INFO - DAG(s) 'refresh_fundamentals_dag' retrieved from /opt/airflow/dags/qi_refresh_fundamentals.py
[2025-11-09T13:37:09.049+0000] {logging_mixin.py:188} INFO - [2025-11-09T13:37:09.049+0000] {dag.py:3089} INFO - Sync 1 DAGs
[2025-11-09T13:37:09.059+0000] {logging_mixin.py:188} INFO - [2025-11-09T13:37:09.059+0000] {dag.py:3947} INFO - Setting next_dagrun for refresh_fundamentals_dag to 2025-11-05 05:00:00+00:00, run_after=2025-12-05 05:00:00+00:00
[2025-11-09T13:37:09.067+0000] {processor.py:183} INFO - Processing /opt/airflow/dags/qi_refresh_fundamentals.py took 0.045 seconds
[2025-11-09T14:00:24.389+0000] {processor.py:161} INFO - Started process (PID=10524) to work on /opt/airflow/dags/qi_refresh_fundamentals.py
[2025-11-09T14:00:24.389+0000] {processor.py:830} INFO - Processing file /opt/airflow/dags/qi_refresh_fundamentals.py for tasks to queue
[2025-11-09T14:00:24.390+0000] {logging_mixin.py:188} INFO - [2025-11-09T14:00:24.390+0000] {dagbag.py:545} INFO - Filling up the DagBag from /opt/airflow/dags/qi_refresh_fundamentals.py
[2025-11-09T14:00:24.397+0000] {processor.py:840} INFO - DAG(s) 'refresh_fundamentals_dag' retrieved from /opt/airflow/dags/qi_refresh_fundamentals.py
[2025-11-09T14:00:24.413+0000] {logging_mixin.py:188} INFO - [2025-11-09T14:00:24.412+0000] {dag.py:3089} INFO - Sync 1 DAGs
[2025-11-09T14:00:24.422+0000] {logging_mixin.py:188} INFO - [2025-11-09T14:00:24.422+0000] {dag.py:3947} INFO - Setting next_dagrun for refresh_fundamentals_dag to 2025-11-05 05:00:00+00:00, run_after=2025-12-05 05:00:00+00:00
[2025-11-09T14:00:24.431+0000] {processor.py:183} INFO - Processing /opt/airflow/dags/qi_refresh_fundamentals.py took 0.045 seconds
[2025-11-09T14:20:08.939+0000] {processor.py:161} INFO - Started process (PID=10527) to work on /opt/airflow/dags/qi_refresh_fundamentals.py
[2025-11-09T14:20:08.940+0000] {processor.py:830} INFO - Processing file /opt/airflow/dags/qi_refresh_fundamentals.py for tasks to queue
[2025-11-09T14:20:08.940+0000] {logging_mixin.py:188} INFO - [2025-11-09T14:20:08.940+0000] {dagbag.py:545} INFO - Filling up the DagBag from /opt/airflow/dags/qi_refresh_fundamentals.py
[2025-11-09T14:20:08.947+0000] {processor.py:840} INFO - DAG(s) 'refresh_fundamentals_dag' retrieved from /opt/airflow/dags/qi_refresh_fundamentals.py
[2025-11-09T14:20:08.962+0000] {logging_mixin.py:188} INFO - [2025-11-09T14:20:08.962+0000] {dag.py:3089} INFO - Sync 1 DAGs
[2025-11-09T14:20:08.973+0000] {logging_mixin.py:188} INFO - [2025-11-09T14:20:08.973+0000] {dag.py:3947} INFO - Setting next_dagrun for refresh_fundamentals_dag to 2025-11-05 05:00:00+00:00, run_after=2025-12-05 05:00:00+00:00
[2025-11-09T14:20:08.982+0000] {processor.py:183} INFO - Processing /opt/airflow/dags/qi_refresh_fundamentals.py took 0.046 seconds
[2025-11-09T14:35:42.493+0000] {processor.py:161} INFO - Started process (PID=10530) to work on /opt/airflow/dags/qi_refresh_fundamentals.py
[2025-11-09T14:35:42.494+0000] {processor.py:830} INFO - Processing file /opt/airflow/dags/qi_refresh_fundamentals.py for tasks to queue
[2025-11-09T14:35:42.495+0000] {logging_mixin.py:188} INFO - [2025-11-09T14:35:42.494+0000] {dagbag.py:545} INFO - Filling up the DagBag from /opt/airflow/dags/qi_refresh_fundamentals.py
[2025-11-09T14:35:42.502+0000] {processor.py:840} INFO - DAG(s) 'refresh_fundamentals_dag' retrieved from /opt/airflow/dags/qi_refresh_fundamentals.py
[2025-11-09T14:35:42.519+0000] {logging_mixin.py:188} INFO - [2025-11-09T14:35:42.519+0000] {dag.py:3089} INFO - Sync 1 DAGs
[2025-11-09T14:35:42.530+0000] {logging_mixin.py:188} INFO - [2025-11-09T14:35:42.530+0000] {dag.py:3947} INFO - Setting next_dagrun for refresh_fundamentals_dag to 2025-11-05 05:00:00+00:00, run_after=2025-12-05 05:00:00+00:00
[2025-11-09T14:35:42.538+0000] {processor.py:183} INFO - Processing /opt/airflow/dags/qi_refresh_fundamentals.py took 0.049 seconds
[2025-11-09T14:51:20.285+0000] {processor.py:161} INFO - Started process (PID=10533) to work on /opt/airflow/dags/qi_refresh_fundamentals.py
[2025-11-09T14:51:20.286+0000] {processor.py:830} INFO - Processing file /opt/airflow/dags/qi_refresh_fundamentals.py for tasks to queue
[2025-11-09T14:51:20.287+0000] {logging_mixin.py:188} INFO - [2025-11-09T14:51:20.287+0000] {dagbag.py:545} INFO - Filling up the DagBag from /opt/airflow/dags/qi_refresh_fundamentals.py
[2025-11-09T14:51:20.293+0000] {processor.py:840} INFO - DAG(s) 'refresh_fundamentals_dag' retrieved from /opt/airflow/dags/qi_refresh_fundamentals.py
[2025-11-09T14:51:20.309+0000] {logging_mixin.py:188} INFO - [2025-11-09T14:51:20.309+0000] {dag.py:3089} INFO - Sync 1 DAGs
[2025-11-09T14:51:20.319+0000] {logging_mixin.py:188} INFO - [2025-11-09T14:51:20.319+0000] {dag.py:3947} INFO - Setting next_dagrun for refresh_fundamentals_dag to 2025-11-05 05:00:00+00:00, run_after=2025-12-05 05:00:00+00:00
[2025-11-09T14:51:20.326+0000] {processor.py:183} INFO - Processing /opt/airflow/dags/qi_refresh_fundamentals.py took 0.044 seconds
[2025-11-09T15:02:51.022+0000] {processor.py:161} INFO - Started process (PID=10536) to work on /opt/airflow/dags/qi_refresh_fundamentals.py
[2025-11-09T15:02:51.022+0000] {processor.py:830} INFO - Processing file /opt/airflow/dags/qi_refresh_fundamentals.py for tasks to queue
[2025-11-09T15:02:51.023+0000] {logging_mixin.py:188} INFO - [2025-11-09T15:02:51.023+0000] {dagbag.py:545} INFO - Filling up the DagBag from /opt/airflow/dags/qi_refresh_fundamentals.py
[2025-11-09T15:02:51.029+0000] {processor.py:840} INFO - DAG(s) 'refresh_fundamentals_dag' retrieved from /opt/airflow/dags/qi_refresh_fundamentals.py
[2025-11-09T15:02:51.045+0000] {logging_mixin.py:188} INFO - [2025-11-09T15:02:51.045+0000] {dag.py:3089} INFO - Sync 1 DAGs
[2025-11-09T15:02:51.055+0000] {logging_mixin.py:188} INFO - [2025-11-09T15:02:51.054+0000] {dag.py:3947} INFO - Setting next_dagrun for refresh_fundamentals_dag to 2025-11-05 05:00:00+00:00, run_after=2025-12-05 05:00:00+00:00
[2025-11-09T15:02:51.063+0000] {processor.py:183} INFO - Processing /opt/airflow/dags/qi_refresh_fundamentals.py took 0.045 seconds
[2025-11-09T15:20:33.969+0000] {processor.py:161} INFO - Started process (PID=10539) to work on /opt/airflow/dags/qi_refresh_fundamentals.py
[2025-11-09T15:20:33.969+0000] {processor.py:830} INFO - Processing file /opt/airflow/dags/qi_refresh_fundamentals.py for tasks to queue
[2025-11-09T15:20:33.970+0000] {logging_mixin.py:188} INFO - [2025-11-09T15:20:33.970+0000] {dagbag.py:545} INFO - Filling up the DagBag from /opt/airflow/dags/qi_refresh_fundamentals.py
[2025-11-09T15:20:33.976+0000] {processor.py:840} INFO - DAG(s) 'refresh_fundamentals_dag' retrieved from /opt/airflow/dags/qi_refresh_fundamentals.py
[2025-11-09T15:20:33.991+0000] {logging_mixin.py:188} INFO - [2025-11-09T15:20:33.991+0000] {dag.py:3089} INFO - Sync 1 DAGs
[2025-11-09T15:20:34.001+0000] {logging_mixin.py:188} INFO - [2025-11-09T15:20:34.000+0000] {dag.py:3947} INFO - Setting next_dagrun for refresh_fundamentals_dag to 2025-11-05 05:00:00+00:00, run_after=2025-12-05 05:00:00+00:00
[2025-11-09T15:20:34.011+0000] {processor.py:183} INFO - Processing /opt/airflow/dags/qi_refresh_fundamentals.py took 0.045 seconds
[2025-11-09T15:36:03.660+0000] {processor.py:161} INFO - Started process (PID=10542) to work on /opt/airflow/dags/qi_refresh_fundamentals.py
[2025-11-09T15:36:03.661+0000] {processor.py:830} INFO - Processing file /opt/airflow/dags/qi_refresh_fundamentals.py for tasks to queue
[2025-11-09T15:36:03.662+0000] {logging_mixin.py:188} INFO - [2025-11-09T15:36:03.662+0000] {dagbag.py:545} INFO - Filling up the DagBag from /opt/airflow/dags/qi_refresh_fundamentals.py
[2025-11-09T15:36:03.668+0000] {processor.py:840} INFO - DAG(s) 'refresh_fundamentals_dag' retrieved from /opt/airflow/dags/qi_refresh_fundamentals.py
[2025-11-09T15:36:03.684+0000] {logging_mixin.py:188} INFO - [2025-11-09T15:36:03.683+0000] {dag.py:3089} INFO - Sync 1 DAGs
[2025-11-09T15:36:03.694+0000] {logging_mixin.py:188} INFO - [2025-11-09T15:36:03.694+0000] {dag.py:3947} INFO - Setting next_dagrun for refresh_fundamentals_dag to 2025-11-05 05:00:00+00:00, run_after=2025-12-05 05:00:00+00:00
[2025-11-09T15:36:03.702+0000] {processor.py:183} INFO - Processing /opt/airflow/dags/qi_refresh_fundamentals.py took 0.045 seconds
[2025-11-09T15:51:10.837+0000] {processor.py:161} INFO - Started process (PID=10545) to work on /opt/airflow/dags/qi_refresh_fundamentals.py
[2025-11-09T15:51:10.838+0000] {processor.py:830} INFO - Processing file /opt/airflow/dags/qi_refresh_fundamentals.py for tasks to queue
[2025-11-09T15:51:10.839+0000] {logging_mixin.py:188} INFO - [2025-11-09T15:51:10.839+0000] {dagbag.py:545} INFO - Filling up the DagBag from /opt/airflow/dags/qi_refresh_fundamentals.py
[2025-11-09T15:51:10.845+0000] {processor.py:840} INFO - DAG(s) 'refresh_fundamentals_dag' retrieved from /opt/airflow/dags/qi_refresh_fundamentals.py
[2025-11-09T15:51:10.861+0000] {logging_mixin.py:188} INFO - [2025-11-09T15:51:10.861+0000] {dag.py:3089} INFO - Sync 1 DAGs
[2025-11-09T15:51:10.871+0000] {logging_mixin.py:188} INFO - [2025-11-09T15:51:10.871+0000] {dag.py:3947} INFO - Setting next_dagrun for refresh_fundamentals_dag to 2025-11-05 05:00:00+00:00, run_after=2025-12-05 05:00:00+00:00
[2025-11-09T15:51:10.879+0000] {processor.py:183} INFO - Processing /opt/airflow/dags/qi_refresh_fundamentals.py took 0.045 seconds
[2025-11-09T16:12:35.138+0000] {processor.py:161} INFO - Started process (PID=10548) to work on /opt/airflow/dags/qi_refresh_fundamentals.py
[2025-11-09T16:12:35.139+0000] {processor.py:830} INFO - Processing file /opt/airflow/dags/qi_refresh_fundamentals.py for tasks to queue
[2025-11-09T16:12:35.140+0000] {logging_mixin.py:188} INFO - [2025-11-09T16:12:35.140+0000] {dagbag.py:545} INFO - Filling up the DagBag from /opt/airflow/dags/qi_refresh_fundamentals.py
[2025-11-09T16:12:35.147+0000] {processor.py:840} INFO - DAG(s) 'refresh_fundamentals_dag' retrieved from /opt/airflow/dags/qi_refresh_fundamentals.py
[2025-11-09T16:12:35.166+0000] {logging_mixin.py:188} INFO - [2025-11-09T16:12:35.166+0000] {dag.py:3089} INFO - Sync 1 DAGs
[2025-11-09T16:12:35.177+0000] {logging_mixin.py:188} INFO - [2025-11-09T16:12:35.177+0000] {dag.py:3947} INFO - Setting next_dagrun for refresh_fundamentals_dag to 2025-11-05 05:00:00+00:00, run_after=2025-12-05 05:00:00+00:00
[2025-11-09T16:12:35.187+0000] {processor.py:183} INFO - Processing /opt/airflow/dags/qi_refresh_fundamentals.py took 0.052 seconds
[2025-11-09T16:37:06.920+0000] {processor.py:161} INFO - Started process (PID=10551) to work on /opt/airflow/dags/qi_refresh_fundamentals.py
[2025-11-09T16:37:06.920+0000] {processor.py:830} INFO - Processing file /opt/airflow/dags/qi_refresh_fundamentals.py for tasks to queue
[2025-11-09T16:37:06.921+0000] {logging_mixin.py:188} INFO - [2025-11-09T16:37:06.921+0000] {dagbag.py:545} INFO - Filling up the DagBag from /opt/airflow/dags/qi_refresh_fundamentals.py
[2025-11-09T16:37:06.928+0000] {processor.py:840} INFO - DAG(s) 'refresh_fundamentals_dag' retrieved from /opt/airflow/dags/qi_refresh_fundamentals.py
[2025-11-09T16:37:06.943+0000] {logging_mixin.py:188} INFO - [2025-11-09T16:37:06.943+0000] {dag.py:3089} INFO - Sync 1 DAGs
[2025-11-09T16:37:06.953+0000] {logging_mixin.py:188} INFO - [2025-11-09T16:37:06.953+0000] {dag.py:3947} INFO - Setting next_dagrun for refresh_fundamentals_dag to 2025-11-05 05:00:00+00:00, run_after=2025-12-05 05:00:00+00:00
[2025-11-09T16:37:06.961+0000] {processor.py:183} INFO - Processing /opt/airflow/dags/qi_refresh_fundamentals.py took 0.044 seconds
[2025-11-09T16:52:37.702+0000] {processor.py:161} INFO - Started process (PID=10554) to work on /opt/airflow/dags/qi_refresh_fundamentals.py
[2025-11-09T16:52:37.702+0000] {processor.py:830} INFO - Processing file /opt/airflow/dags/qi_refresh_fundamentals.py for tasks to queue
[2025-11-09T16:52:37.703+0000] {logging_mixin.py:188} INFO - [2025-11-09T16:52:37.703+0000] {dagbag.py:545} INFO - Filling up the DagBag from /opt/airflow/dags/qi_refresh_fundamentals.py
[2025-11-09T16:52:37.709+0000] {processor.py:840} INFO - DAG(s) 'refresh_fundamentals_dag' retrieved from /opt/airflow/dags/qi_refresh_fundamentals.py
[2025-11-09T16:52:37.724+0000] {logging_mixin.py:188} INFO - [2025-11-09T16:52:37.724+0000] {dag.py:3089} INFO - Sync 1 DAGs
[2025-11-09T16:52:37.734+0000] {logging_mixin.py:188} INFO - [2025-11-09T16:52:37.734+0000] {dag.py:3947} INFO - Setting next_dagrun for refresh_fundamentals_dag to 2025-11-05 05:00:00+00:00, run_after=2025-12-05 05:00:00+00:00
[2025-11-09T16:52:37.742+0000] {processor.py:183} INFO - Processing /opt/airflow/dags/qi_refresh_fundamentals.py took 0.044 seconds
[2025-11-09T17:13:46.367+0000] {processor.py:161} INFO - Started process (PID=10557) to work on /opt/airflow/dags/qi_refresh_fundamentals.py
[2025-11-09T17:13:46.367+0000] {processor.py:830} INFO - Processing file /opt/airflow/dags/qi_refresh_fundamentals.py for tasks to queue
[2025-11-09T17:13:46.369+0000] {logging_mixin.py:188} INFO - [2025-11-09T17:13:46.369+0000] {dagbag.py:545} INFO - Filling up the DagBag from /opt/airflow/dags/qi_refresh_fundamentals.py
[2025-11-09T17:13:46.375+0000] {processor.py:840} INFO - DAG(s) 'refresh_fundamentals_dag' retrieved from /opt/airflow/dags/qi_refresh_fundamentals.py
[2025-11-09T17:13:46.390+0000] {logging_mixin.py:188} INFO - [2025-11-09T17:13:46.390+0000] {dag.py:3089} INFO - Sync 1 DAGs
[2025-11-09T17:13:46.400+0000] {logging_mixin.py:188} INFO - [2025-11-09T17:13:46.400+0000] {dag.py:3947} INFO - Setting next_dagrun for refresh_fundamentals_dag to 2025-11-05 05:00:00+00:00, run_after=2025-12-05 05:00:00+00:00
[2025-11-09T17:13:46.408+0000] {processor.py:183} INFO - Processing /opt/airflow/dags/qi_refresh_fundamentals.py took 0.044 seconds
[2025-11-09T17:17:54.180+0000] {processor.py:161} INFO - Started process (PID=10560) to work on /opt/airflow/dags/qi_refresh_fundamentals.py
[2025-11-09T17:17:54.181+0000] {processor.py:830} INFO - Processing file /opt/airflow/dags/qi_refresh_fundamentals.py for tasks to queue
[2025-11-09T17:17:54.182+0000] {logging_mixin.py:188} INFO - [2025-11-09T17:17:54.182+0000] {dagbag.py:545} INFO - Filling up the DagBag from /opt/airflow/dags/qi_refresh_fundamentals.py
[2025-11-09T17:17:54.188+0000] {processor.py:840} INFO - DAG(s) 'refresh_fundamentals_dag' retrieved from /opt/airflow/dags/qi_refresh_fundamentals.py
[2025-11-09T17:17:54.206+0000] {logging_mixin.py:188} INFO - [2025-11-09T17:17:54.206+0000] {dag.py:3089} INFO - Sync 1 DAGs
[2025-11-09T17:17:54.218+0000] {logging_mixin.py:188} INFO - [2025-11-09T17:17:54.218+0000] {dag.py:3947} INFO - Setting next_dagrun for refresh_fundamentals_dag to 2025-11-05 05:00:00+00:00, run_after=2025-12-05 05:00:00+00:00
[2025-11-09T17:17:54.228+0000] {processor.py:183} INFO - Processing /opt/airflow/dags/qi_refresh_fundamentals.py took 0.050 seconds
[2025-11-09T17:39:49.567+0000] {processor.py:161} INFO - Started process (PID=10563) to work on /opt/airflow/dags/qi_refresh_fundamentals.py
[2025-11-09T17:39:49.567+0000] {processor.py:830} INFO - Processing file /opt/airflow/dags/qi_refresh_fundamentals.py for tasks to queue
[2025-11-09T17:39:49.568+0000] {logging_mixin.py:188} INFO - [2025-11-09T17:39:49.568+0000] {dagbag.py:545} INFO - Filling up the DagBag from /opt/airflow/dags/qi_refresh_fundamentals.py
[2025-11-09T17:39:49.575+0000] {processor.py:840} INFO - DAG(s) 'refresh_fundamentals_dag' retrieved from /opt/airflow/dags/qi_refresh_fundamentals.py
[2025-11-09T17:39:49.591+0000] {logging_mixin.py:188} INFO - [2025-11-09T17:39:49.591+0000] {dag.py:3089} INFO - Sync 1 DAGs
[2025-11-09T17:39:49.602+0000] {logging_mixin.py:188} INFO - [2025-11-09T17:39:49.602+0000] {dag.py:3947} INFO - Setting next_dagrun for refresh_fundamentals_dag to 2025-11-05 05:00:00+00:00, run_after=2025-12-05 05:00:00+00:00
[2025-11-09T17:39:49.610+0000] {processor.py:183} INFO - Processing /opt/airflow/dags/qi_refresh_fundamentals.py took 0.046 seconds
[2025-11-09T17:59:06.644+0000] {processor.py:161} INFO - Started process (PID=10566) to work on /opt/airflow/dags/qi_refresh_fundamentals.py
[2025-11-09T17:59:06.645+0000] {processor.py:830} INFO - Processing file /opt/airflow/dags/qi_refresh_fundamentals.py for tasks to queue
[2025-11-09T17:59:06.646+0000] {logging_mixin.py:188} INFO - [2025-11-09T17:59:06.645+0000] {dagbag.py:545} INFO - Filling up the DagBag from /opt/airflow/dags/qi_refresh_fundamentals.py
[2025-11-09T17:59:06.652+0000] {processor.py:840} INFO - DAG(s) 'refresh_fundamentals_dag' retrieved from /opt/airflow/dags/qi_refresh_fundamentals.py
[2025-11-09T17:59:06.668+0000] {logging_mixin.py:188} INFO - [2025-11-09T17:59:06.668+0000] {dag.py:3089} INFO - Sync 1 DAGs
[2025-11-09T17:59:06.678+0000] {logging_mixin.py:188} INFO - [2025-11-09T17:59:06.678+0000] {dag.py:3947} INFO - Setting next_dagrun for refresh_fundamentals_dag to 2025-11-05 05:00:00+00:00, run_after=2025-12-05 05:00:00+00:00
[2025-11-09T17:59:06.685+0000] {processor.py:183} INFO - Processing /opt/airflow/dags/qi_refresh_fundamentals.py took 0.045 seconds
[2025-11-09T18:16:30.370+0000] {processor.py:161} INFO - Started process (PID=10569) to work on /opt/airflow/dags/qi_refresh_fundamentals.py
[2025-11-09T18:16:30.371+0000] {processor.py:830} INFO - Processing file /opt/airflow/dags/qi_refresh_fundamentals.py for tasks to queue
[2025-11-09T18:16:30.372+0000] {logging_mixin.py:188} INFO - [2025-11-09T18:16:30.372+0000] {dagbag.py:545} INFO - Filling up the DagBag from /opt/airflow/dags/qi_refresh_fundamentals.py
[2025-11-09T18:16:30.378+0000] {processor.py:840} INFO - DAG(s) 'refresh_fundamentals_dag' retrieved from /opt/airflow/dags/qi_refresh_fundamentals.py
[2025-11-09T18:16:30.394+0000] {logging_mixin.py:188} INFO - [2025-11-09T18:16:30.394+0000] {dag.py:3089} INFO - Sync 1 DAGs
[2025-11-09T18:16:30.404+0000] {logging_mixin.py:188} INFO - [2025-11-09T18:16:30.404+0000] {dag.py:3947} INFO - Setting next_dagrun for refresh_fundamentals_dag to 2025-11-05 05:00:00+00:00, run_after=2025-12-05 05:00:00+00:00
[2025-11-09T18:16:30.412+0000] {processor.py:183} INFO - Processing /opt/airflow/dags/qi_refresh_fundamentals.py took 0.045 seconds
[2025-11-09T18:32:00.707+0000] {processor.py:161} INFO - Started process (PID=10572) to work on /opt/airflow/dags/qi_refresh_fundamentals.py
[2025-11-09T18:32:00.707+0000] {processor.py:830} INFO - Processing file /opt/airflow/dags/qi_refresh_fundamentals.py for tasks to queue
[2025-11-09T18:32:00.709+0000] {logging_mixin.py:188} INFO - [2025-11-09T18:32:00.708+0000] {dagbag.py:545} INFO - Filling up the DagBag from /opt/airflow/dags/qi_refresh_fundamentals.py
[2025-11-09T18:32:00.715+0000] {processor.py:840} INFO - DAG(s) 'refresh_fundamentals_dag' retrieved from /opt/airflow/dags/qi_refresh_fundamentals.py
[2025-11-09T18:32:00.731+0000] {logging_mixin.py:188} INFO - [2025-11-09T18:32:00.731+0000] {dag.py:3089} INFO - Sync 1 DAGs
[2025-11-09T18:32:00.741+0000] {logging_mixin.py:188} INFO - [2025-11-09T18:32:00.741+0000] {dag.py:3947} INFO - Setting next_dagrun for refresh_fundamentals_dag to 2025-11-05 05:00:00+00:00, run_after=2025-12-05 05:00:00+00:00
[2025-11-09T18:32:00.750+0000] {processor.py:183} INFO - Processing /opt/airflow/dags/qi_refresh_fundamentals.py took 0.046 seconds
[2025-11-09T18:59:12.371+0000] {processor.py:161} INFO - Started process (PID=10575) to work on /opt/airflow/dags/qi_refresh_fundamentals.py
[2025-11-09T18:59:12.372+0000] {processor.py:830} INFO - Processing file /opt/airflow/dags/qi_refresh_fundamentals.py for tasks to queue
[2025-11-09T18:59:12.373+0000] {logging_mixin.py:188} INFO - [2025-11-09T18:59:12.373+0000] {dagbag.py:545} INFO - Filling up the DagBag from /opt/airflow/dags/qi_refresh_fundamentals.py
[2025-11-09T18:59:12.379+0000] {processor.py:840} INFO - DAG(s) 'refresh_fundamentals_dag' retrieved from /opt/airflow/dags/qi_refresh_fundamentals.py
[2025-11-09T18:59:12.395+0000] {logging_mixin.py:188} INFO - [2025-11-09T18:59:12.395+0000] {dag.py:3089} INFO - Sync 1 DAGs
[2025-11-09T18:59:12.406+0000] {logging_mixin.py:188} INFO - [2025-11-09T18:59:12.405+0000] {dag.py:3947} INFO - Setting next_dagrun for refresh_fundamentals_dag to 2025-11-05 05:00:00+00:00, run_after=2025-12-05 05:00:00+00:00
[2025-11-09T18:59:12.413+0000] {processor.py:183} INFO - Processing /opt/airflow/dags/qi_refresh_fundamentals.py took 0.045 seconds
[2025-11-09T19:09:49.456+0000] {processor.py:161} INFO - Started process (PID=10578) to work on /opt/airflow/dags/qi_refresh_fundamentals.py
[2025-11-09T19:09:49.457+0000] {processor.py:830} INFO - Processing file /opt/airflow/dags/qi_refresh_fundamentals.py for tasks to queue
[2025-11-09T19:09:49.458+0000] {logging_mixin.py:188} INFO - [2025-11-09T19:09:49.458+0000] {dagbag.py:545} INFO - Filling up the DagBag from /opt/airflow/dags/qi_refresh_fundamentals.py
[2025-11-09T19:09:49.464+0000] {processor.py:840} INFO - DAG(s) 'refresh_fundamentals_dag' retrieved from /opt/airflow/dags/qi_refresh_fundamentals.py
[2025-11-09T19:09:49.480+0000] {logging_mixin.py:188} INFO - [2025-11-09T19:09:49.479+0000] {dag.py:3089} INFO - Sync 1 DAGs
[2025-11-09T19:09:49.489+0000] {logging_mixin.py:188} INFO - [2025-11-09T19:09:49.489+0000] {dag.py:3947} INFO - Setting next_dagrun for refresh_fundamentals_dag to 2025-11-05 05:00:00+00:00, run_after=2025-12-05 05:00:00+00:00
[2025-11-09T19:09:49.497+0000] {processor.py:183} INFO - Processing /opt/airflow/dags/qi_refresh_fundamentals.py took 0.044 seconds
[2025-11-09T19:40:19.650+0000] {processor.py:161} INFO - Started process (PID=10581) to work on /opt/airflow/dags/qi_refresh_fundamentals.py
[2025-11-09T19:40:19.650+0000] {processor.py:830} INFO - Processing file /opt/airflow/dags/qi_refresh_fundamentals.py for tasks to queue
[2025-11-09T19:40:19.651+0000] {logging_mixin.py:188} INFO - [2025-11-09T19:40:19.651+0000] {dagbag.py:545} INFO - Filling up the DagBag from /opt/airflow/dags/qi_refresh_fundamentals.py
[2025-11-09T19:40:19.658+0000] {processor.py:840} INFO - DAG(s) 'refresh_fundamentals_dag' retrieved from /opt/airflow/dags/qi_refresh_fundamentals.py
[2025-11-09T19:40:19.675+0000] {logging_mixin.py:188} INFO - [2025-11-09T19:40:19.674+0000] {dag.py:3089} INFO - Sync 1 DAGs
[2025-11-09T19:40:19.685+0000] {logging_mixin.py:188} INFO - [2025-11-09T19:40:19.685+0000] {dag.py:3947} INFO - Setting next_dagrun for refresh_fundamentals_dag to 2025-11-05 05:00:00+00:00, run_after=2025-12-05 05:00:00+00:00
[2025-11-09T19:40:19.693+0000] {processor.py:183} INFO - Processing /opt/airflow/dags/qi_refresh_fundamentals.py took 0.047 seconds
[2025-11-09T19:56:56.649+0000] {processor.py:161} INFO - Started process (PID=10584) to work on /opt/airflow/dags/qi_refresh_fundamentals.py
[2025-11-09T19:56:56.650+0000] {processor.py:830} INFO - Processing file /opt/airflow/dags/qi_refresh_fundamentals.py for tasks to queue
[2025-11-09T19:56:56.651+0000] {logging_mixin.py:188} INFO - [2025-11-09T19:56:56.651+0000] {dagbag.py:545} INFO - Filling up the DagBag from /opt/airflow/dags/qi_refresh_fundamentals.py
[2025-11-09T19:56:56.657+0000] {processor.py:840} INFO - DAG(s) 'refresh_fundamentals_dag' retrieved from /opt/airflow/dags/qi_refresh_fundamentals.py
[2025-11-09T19:56:56.673+0000] {logging_mixin.py:188} INFO - [2025-11-09T19:56:56.673+0000] {dag.py:3089} INFO - Sync 1 DAGs
[2025-11-09T19:56:56.683+0000] {logging_mixin.py:188} INFO - [2025-11-09T19:56:56.683+0000] {dag.py:3947} INFO - Setting next_dagrun for refresh_fundamentals_dag to 2025-11-05 05:00:00+00:00, run_after=2025-12-05 05:00:00+00:00
[2025-11-09T19:56:56.692+0000] {processor.py:183} INFO - Processing /opt/airflow/dags/qi_refresh_fundamentals.py took 0.046 seconds
[2025-11-09T20:06:43.979+0000] {processor.py:161} INFO - Started process (PID=10587) to work on /opt/airflow/dags/qi_refresh_fundamentals.py
[2025-11-09T20:06:43.979+0000] {processor.py:830} INFO - Processing file /opt/airflow/dags/qi_refresh_fundamentals.py for tasks to queue
[2025-11-09T20:06:43.980+0000] {logging_mixin.py:188} INFO - [2025-11-09T20:06:43.980+0000] {dagbag.py:545} INFO - Filling up the DagBag from /opt/airflow/dags/qi_refresh_fundamentals.py
[2025-11-09T20:06:43.986+0000] {processor.py:840} INFO - DAG(s) 'refresh_fundamentals_dag' retrieved from /opt/airflow/dags/qi_refresh_fundamentals.py
[2025-11-09T20:06:44.002+0000] {logging_mixin.py:188} INFO - [2025-11-09T20:06:44.002+0000] {dag.py:3089} INFO - Sync 1 DAGs
[2025-11-09T20:06:44.012+0000] {logging_mixin.py:188} INFO - [2025-11-09T20:06:44.012+0000] {dag.py:3947} INFO - Setting next_dagrun for refresh_fundamentals_dag to 2025-11-05 05:00:00+00:00, run_after=2025-12-05 05:00:00+00:00
[2025-11-09T20:06:44.020+0000] {processor.py:183} INFO - Processing /opt/airflow/dags/qi_refresh_fundamentals.py took 0.044 seconds
[2025-11-09T20:18:30.761+0000] {processor.py:161} INFO - Started process (PID=10590) to work on /opt/airflow/dags/qi_refresh_fundamentals.py
[2025-11-09T20:18:30.761+0000] {processor.py:830} INFO - Processing file /opt/airflow/dags/qi_refresh_fundamentals.py for tasks to queue
[2025-11-09T20:18:30.762+0000] {logging_mixin.py:188} INFO - [2025-11-09T20:18:30.762+0000] {dagbag.py:545} INFO - Filling up the DagBag from /opt/airflow/dags/qi_refresh_fundamentals.py
[2025-11-09T20:18:30.768+0000] {processor.py:840} INFO - DAG(s) 'refresh_fundamentals_dag' retrieved from /opt/airflow/dags/qi_refresh_fundamentals.py
[2025-11-09T20:18:30.784+0000] {logging_mixin.py:188} INFO - [2025-11-09T20:18:30.784+0000] {dag.py:3089} INFO - Sync 1 DAGs
[2025-11-09T20:18:30.794+0000] {logging_mixin.py:188} INFO - [2025-11-09T20:18:30.794+0000] {dag.py:3947} INFO - Setting next_dagrun for refresh_fundamentals_dag to 2025-11-05 05:00:00+00:00, run_after=2025-12-05 05:00:00+00:00
[2025-11-09T20:18:30.803+0000] {processor.py:183} INFO - Processing /opt/airflow/dags/qi_refresh_fundamentals.py took 0.045 seconds
[2025-11-09T20:37:24.319+0000] {processor.py:161} INFO - Started process (PID=10593) to work on /opt/airflow/dags/qi_refresh_fundamentals.py
[2025-11-09T20:37:24.320+0000] {processor.py:830} INFO - Processing file /opt/airflow/dags/qi_refresh_fundamentals.py for tasks to queue
[2025-11-09T20:37:24.321+0000] {logging_mixin.py:188} INFO - [2025-11-09T20:37:24.320+0000] {dagbag.py:545} INFO - Filling up the DagBag from /opt/airflow/dags/qi_refresh_fundamentals.py
[2025-11-09T20:37:24.327+0000] {processor.py:840} INFO - DAG(s) 'refresh_fundamentals_dag' retrieved from /opt/airflow/dags/qi_refresh_fundamentals.py
[2025-11-09T20:37:24.342+0000] {logging_mixin.py:188} INFO - [2025-11-09T20:37:24.342+0000] {dag.py:3089} INFO - Sync 1 DAGs
[2025-11-09T20:37:24.352+0000] {logging_mixin.py:188} INFO - [2025-11-09T20:37:24.352+0000] {dag.py:3947} INFO - Setting next_dagrun for refresh_fundamentals_dag to 2025-11-05 05:00:00+00:00, run_after=2025-12-05 05:00:00+00:00
[2025-11-09T20:37:24.360+0000] {processor.py:183} INFO - Processing /opt/airflow/dags/qi_refresh_fundamentals.py took 0.044 seconds
[2025-11-09T21:01:12.671+0000] {processor.py:161} INFO - Started process (PID=10596) to work on /opt/airflow/dags/qi_refresh_fundamentals.py
[2025-11-09T21:01:12.671+0000] {processor.py:830} INFO - Processing file /opt/airflow/dags/qi_refresh_fundamentals.py for tasks to queue
[2025-11-09T21:01:12.672+0000] {logging_mixin.py:188} INFO - [2025-11-09T21:01:12.672+0000] {dagbag.py:545} INFO - Filling up the DagBag from /opt/airflow/dags/qi_refresh_fundamentals.py
[2025-11-09T21:01:12.678+0000] {processor.py:840} INFO - DAG(s) 'refresh_fundamentals_dag' retrieved from /opt/airflow/dags/qi_refresh_fundamentals.py
[2025-11-09T21:01:12.695+0000] {logging_mixin.py:188} INFO - [2025-11-09T21:01:12.694+0000] {dag.py:3089} INFO - Sync 1 DAGs
[2025-11-09T21:01:12.705+0000] {logging_mixin.py:188} INFO - [2025-11-09T21:01:12.705+0000] {dag.py:3947} INFO - Setting next_dagrun for refresh_fundamentals_dag to 2025-11-05 05:00:00+00:00, run_after=2025-12-05 05:00:00+00:00
[2025-11-09T21:01:12.713+0000] {processor.py:183} INFO - Processing /opt/airflow/dags/qi_refresh_fundamentals.py took 0.045 seconds
[2025-11-09T21:16:48.888+0000] {processor.py:161} INFO - Started process (PID=10599) to work on /opt/airflow/dags/qi_refresh_fundamentals.py
[2025-11-09T21:16:48.888+0000] {processor.py:830} INFO - Processing file /opt/airflow/dags/qi_refresh_fundamentals.py for tasks to queue
[2025-11-09T21:16:48.889+0000] {logging_mixin.py:188} INFO - [2025-11-09T21:16:48.889+0000] {dagbag.py:545} INFO - Filling up the DagBag from /opt/airflow/dags/qi_refresh_fundamentals.py
[2025-11-09T21:16:48.896+0000] {processor.py:840} INFO - DAG(s) 'refresh_fundamentals_dag' retrieved from /opt/airflow/dags/qi_refresh_fundamentals.py
[2025-11-09T21:16:48.914+0000] {logging_mixin.py:188} INFO - [2025-11-09T21:16:48.914+0000] {dag.py:3089} INFO - Sync 1 DAGs
[2025-11-09T21:16:48.926+0000] {logging_mixin.py:188} INFO - [2025-11-09T21:16:48.926+0000] {dag.py:3947} INFO - Setting next_dagrun for refresh_fundamentals_dag to 2025-11-05 05:00:00+00:00, run_after=2025-12-05 05:00:00+00:00
[2025-11-09T21:16:48.934+0000] {processor.py:183} INFO - Processing /opt/airflow/dags/qi_refresh_fundamentals.py took 0.050 seconds
[2025-11-09T21:32:19.420+0000] {processor.py:161} INFO - Started process (PID=10602) to work on /opt/airflow/dags/qi_refresh_fundamentals.py
[2025-11-09T21:32:19.421+0000] {processor.py:830} INFO - Processing file /opt/airflow/dags/qi_refresh_fundamentals.py for tasks to queue
[2025-11-09T21:32:19.422+0000] {logging_mixin.py:188} INFO - [2025-11-09T21:32:19.422+0000] {dagbag.py:545} INFO - Filling up the DagBag from /opt/airflow/dags/qi_refresh_fundamentals.py
[2025-11-09T21:32:19.430+0000] {processor.py:840} INFO - DAG(s) 'refresh_fundamentals_dag' retrieved from /opt/airflow/dags/qi_refresh_fundamentals.py
[2025-11-09T21:32:19.449+0000] {logging_mixin.py:188} INFO - [2025-11-09T21:32:19.449+0000] {dag.py:3089} INFO - Sync 1 DAGs
[2025-11-09T21:32:19.461+0000] {logging_mixin.py:188} INFO - [2025-11-09T21:32:19.461+0000] {dag.py:3947} INFO - Setting next_dagrun for refresh_fundamentals_dag to 2025-11-05 05:00:00+00:00, run_after=2025-12-05 05:00:00+00:00
[2025-11-09T21:32:19.470+0000] {processor.py:183} INFO - Processing /opt/airflow/dags/qi_refresh_fundamentals.py took 0.053 seconds
[2025-11-09T22:02:15.294+0000] {processor.py:161} INFO - Started process (PID=10605) to work on /opt/airflow/dags/qi_refresh_fundamentals.py
[2025-11-09T22:02:15.295+0000] {processor.py:830} INFO - Processing file /opt/airflow/dags/qi_refresh_fundamentals.py for tasks to queue
[2025-11-09T22:02:15.296+0000] {logging_mixin.py:188} INFO - [2025-11-09T22:02:15.296+0000] {dagbag.py:545} INFO - Filling up the DagBag from /opt/airflow/dags/qi_refresh_fundamentals.py
[2025-11-09T22:02:15.302+0000] {processor.py:840} INFO - DAG(s) 'refresh_fundamentals_dag' retrieved from /opt/airflow/dags/qi_refresh_fundamentals.py
[2025-11-09T22:02:15.317+0000] {logging_mixin.py:188} INFO - [2025-11-09T22:02:15.317+0000] {dag.py:3089} INFO - Sync 1 DAGs
[2025-11-09T22:02:15.327+0000] {logging_mixin.py:188} INFO - [2025-11-09T22:02:15.327+0000] {dag.py:3947} INFO - Setting next_dagrun for refresh_fundamentals_dag to 2025-11-05 05:00:00+00:00, run_after=2025-12-05 05:00:00+00:00
[2025-11-09T22:02:15.335+0000] {processor.py:183} INFO - Processing /opt/airflow/dags/qi_refresh_fundamentals.py took 0.044 seconds
[2025-11-09T22:32:43.210+0000] {processor.py:161} INFO - Started process (PID=10608) to work on /opt/airflow/dags/qi_refresh_fundamentals.py
[2025-11-09T22:32:43.211+0000] {processor.py:830} INFO - Processing file /opt/airflow/dags/qi_refresh_fundamentals.py for tasks to queue
[2025-11-09T22:32:43.212+0000] {logging_mixin.py:188} INFO - [2025-11-09T22:32:43.212+0000] {dagbag.py:545} INFO - Filling up the DagBag from /opt/airflow/dags/qi_refresh_fundamentals.py
[2025-11-09T22:32:43.218+0000] {processor.py:840} INFO - DAG(s) 'refresh_fundamentals_dag' retrieved from /opt/airflow/dags/qi_refresh_fundamentals.py
[2025-11-09T22:32:43.233+0000] {logging_mixin.py:188} INFO - [2025-11-09T22:32:43.233+0000] {dag.py:3089} INFO - Sync 1 DAGs
[2025-11-09T22:32:43.243+0000] {logging_mixin.py:188} INFO - [2025-11-09T22:32:43.243+0000] {dag.py:3947} INFO - Setting next_dagrun for refresh_fundamentals_dag to 2025-11-05 05:00:00+00:00, run_after=2025-12-05 05:00:00+00:00
[2025-11-09T22:32:43.251+0000] {processor.py:183} INFO - Processing /opt/airflow/dags/qi_refresh_fundamentals.py took 0.044 seconds
[2025-11-09T22:48:14.493+0000] {processor.py:161} INFO - Started process (PID=10611) to work on /opt/airflow/dags/qi_refresh_fundamentals.py
[2025-11-09T22:48:14.494+0000] {processor.py:830} INFO - Processing file /opt/airflow/dags/qi_refresh_fundamentals.py for tasks to queue
[2025-11-09T22:48:14.495+0000] {logging_mixin.py:188} INFO - [2025-11-09T22:48:14.495+0000] {dagbag.py:545} INFO - Filling up the DagBag from /opt/airflow/dags/qi_refresh_fundamentals.py
[2025-11-09T22:48:14.501+0000] {processor.py:840} INFO - DAG(s) 'refresh_fundamentals_dag' retrieved from /opt/airflow/dags/qi_refresh_fundamentals.py
[2025-11-09T22:48:14.517+0000] {logging_mixin.py:188} INFO - [2025-11-09T22:48:14.517+0000] {dag.py:3089} INFO - Sync 1 DAGs
[2025-11-09T22:48:14.527+0000] {logging_mixin.py:188} INFO - [2025-11-09T22:48:14.527+0000] {dag.py:3947} INFO - Setting next_dagrun for refresh_fundamentals_dag to 2025-11-05 05:00:00+00:00, run_after=2025-12-05 05:00:00+00:00
[2025-11-09T22:48:14.536+0000] {processor.py:183} INFO - Processing /opt/airflow/dags/qi_refresh_fundamentals.py took 0.047 seconds
[2025-11-09T23:03:09.769+0000] {processor.py:161} INFO - Started process (PID=10614) to work on /opt/airflow/dags/qi_refresh_fundamentals.py
[2025-11-09T23:03:09.770+0000] {processor.py:830} INFO - Processing file /opt/airflow/dags/qi_refresh_fundamentals.py for tasks to queue
[2025-11-09T23:03:09.771+0000] {logging_mixin.py:188} INFO - [2025-11-09T23:03:09.770+0000] {dagbag.py:545} INFO - Filling up the DagBag from /opt/airflow/dags/qi_refresh_fundamentals.py
[2025-11-09T23:03:09.777+0000] {processor.py:840} INFO - DAG(s) 'refresh_fundamentals_dag' retrieved from /opt/airflow/dags/qi_refresh_fundamentals.py
[2025-11-09T23:03:09.793+0000] {logging_mixin.py:188} INFO - [2025-11-09T23:03:09.793+0000] {dag.py:3089} INFO - Sync 1 DAGs
[2025-11-09T23:03:09.803+0000] {logging_mixin.py:188} INFO - [2025-11-09T23:03:09.803+0000] {dag.py:3947} INFO - Setting next_dagrun for refresh_fundamentals_dag to 2025-11-05 05:00:00+00:00, run_after=2025-12-05 05:00:00+00:00
[2025-11-09T23:03:09.811+0000] {processor.py:183} INFO - Processing /opt/airflow/dags/qi_refresh_fundamentals.py took 0.045 seconds
[2025-11-09T23:18:40.997+0000] {processor.py:161} INFO - Started process (PID=10617) to work on /opt/airflow/dags/qi_refresh_fundamentals.py
[2025-11-09T23:18:40.997+0000] {processor.py:830} INFO - Processing file /opt/airflow/dags/qi_refresh_fundamentals.py for tasks to queue
[2025-11-09T23:18:40.998+0000] {logging_mixin.py:188} INFO - [2025-11-09T23:18:40.998+0000] {dagbag.py:545} INFO - Filling up the DagBag from /opt/airflow/dags/qi_refresh_fundamentals.py
[2025-11-09T23:18:41.006+0000] {processor.py:840} INFO - DAG(s) 'refresh_fundamentals_dag' retrieved from /opt/airflow/dags/qi_refresh_fundamentals.py
[2025-11-09T23:18:41.025+0000] {logging_mixin.py:188} INFO - [2025-11-09T23:18:41.025+0000] {dag.py:3089} INFO - Sync 1 DAGs
[2025-11-09T23:18:41.037+0000] {logging_mixin.py:188} INFO - [2025-11-09T23:18:41.037+0000] {dag.py:3947} INFO - Setting next_dagrun for refresh_fundamentals_dag to 2025-11-05 05:00:00+00:00, run_after=2025-12-05 05:00:00+00:00
[2025-11-09T23:18:41.046+0000] {processor.py:183} INFO - Processing /opt/airflow/dags/qi_refresh_fundamentals.py took 0.053 seconds
[2025-11-09T23:49:16.564+0000] {processor.py:161} INFO - Started process (PID=10620) to work on /opt/airflow/dags/qi_refresh_fundamentals.py
[2025-11-09T23:49:16.565+0000] {processor.py:830} INFO - Processing file /opt/airflow/dags/qi_refresh_fundamentals.py for tasks to queue
[2025-11-09T23:49:16.565+0000] {logging_mixin.py:188} INFO - [2025-11-09T23:49:16.565+0000] {dagbag.py:545} INFO - Filling up the DagBag from /opt/airflow/dags/qi_refresh_fundamentals.py
[2025-11-09T23:49:16.572+0000] {processor.py:840} INFO - DAG(s) 'refresh_fundamentals_dag' retrieved from /opt/airflow/dags/qi_refresh_fundamentals.py
[2025-11-09T23:49:16.587+0000] {logging_mixin.py:188} INFO - [2025-11-09T23:49:16.587+0000] {dag.py:3089} INFO - Sync 1 DAGs
[2025-11-09T23:49:16.597+0000] {logging_mixin.py:188} INFO - [2025-11-09T23:49:16.597+0000] {dag.py:3947} INFO - Setting next_dagrun for refresh_fundamentals_dag to 2025-11-05 05:00:00+00:00, run_after=2025-12-05 05:00:00+00:00
[2025-11-09T23:49:16.605+0000] {processor.py:183} INFO - Processing /opt/airflow/dags/qi_refresh_fundamentals.py took 0.044 seconds
