[2025-11-03T00:00:58.426+0000] {processor.py:161} INFO - Started process (PID=4591) to work on /opt/airflow/dags/qi_refresh_intl.py
[2025-11-03T00:00:58.427+0000] {processor.py:830} INFO - Processing file /opt/airflow/dags/qi_refresh_intl.py for tasks to queue
[2025-11-03T00:00:58.428+0000] {logging_mixin.py:188} INFO - [2025-11-03T00:00:58.428+0000] {dagbag.py:545} INFO - Filling up the DagBag from /opt/airflow/dags/qi_refresh_intl.py
[2025-11-03T00:00:58.918+0000] {processor.py:840} INFO - DAG(s) 'refresh_intl_dag' retrieved from /opt/airflow/dags/qi_refresh_intl.py
[2025-11-03T00:00:58.936+0000] {logging_mixin.py:188} INFO - [2025-11-03T00:00:58.936+0000] {dag.py:3089} INFO - Sync 1 DAGs
[2025-11-03T00:00:58.945+0000] {logging_mixin.py:188} INFO - [2025-11-03T00:00:58.945+0000] {dag.py:3947} INFO - Setting next_dagrun for refresh_intl_dag to 2025-10-31 19:30:00+00:00, run_after=2025-11-07 19:30:00+00:00
[2025-11-03T00:00:58.955+0000] {processor.py:183} INFO - Processing /opt/airflow/dags/qi_refresh_intl.py took 0.532 seconds
[2025-11-03T00:14:49.349+0000] {processor.py:161} INFO - Started process (PID=4594) to work on /opt/airflow/dags/qi_refresh_intl.py
[2025-11-03T00:14:49.350+0000] {processor.py:830} INFO - Processing file /opt/airflow/dags/qi_refresh_intl.py for tasks to queue
[2025-11-03T00:14:49.351+0000] {logging_mixin.py:188} INFO - [2025-11-03T00:14:49.351+0000] {dagbag.py:545} INFO - Filling up the DagBag from /opt/airflow/dags/qi_refresh_intl.py
[2025-11-03T00:14:49.851+0000] {processor.py:840} INFO - DAG(s) 'refresh_intl_dag' retrieved from /opt/airflow/dags/qi_refresh_intl.py
[2025-11-03T00:14:49.866+0000] {logging_mixin.py:188} INFO - [2025-11-03T00:14:49.866+0000] {dag.py:3089} INFO - Sync 1 DAGs
[2025-11-03T00:14:49.875+0000] {logging_mixin.py:188} INFO - [2025-11-03T00:14:49.875+0000] {dag.py:3947} INFO - Setting next_dagrun for refresh_intl_dag to 2025-10-31 19:30:00+00:00, run_after=2025-11-07 19:30:00+00:00
[2025-11-03T00:14:49.885+0000] {processor.py:183} INFO - Processing /opt/airflow/dags/qi_refresh_intl.py took 0.539 seconds
[2025-11-03T00:22:20.437+0000] {processor.py:161} INFO - Started process (PID=4597) to work on /opt/airflow/dags/qi_refresh_intl.py
[2025-11-03T00:22:20.439+0000] {processor.py:830} INFO - Processing file /opt/airflow/dags/qi_refresh_intl.py for tasks to queue
[2025-11-03T00:22:20.439+0000] {logging_mixin.py:188} INFO - [2025-11-03T00:22:20.439+0000] {dagbag.py:545} INFO - Filling up the DagBag from /opt/airflow/dags/qi_refresh_intl.py
[2025-11-03T00:22:20.932+0000] {processor.py:840} INFO - DAG(s) 'refresh_intl_dag' retrieved from /opt/airflow/dags/qi_refresh_intl.py
[2025-11-03T00:22:20.949+0000] {logging_mixin.py:188} INFO - [2025-11-03T00:22:20.949+0000] {dag.py:3089} INFO - Sync 1 DAGs
[2025-11-03T00:22:20.959+0000] {logging_mixin.py:188} INFO - [2025-11-03T00:22:20.958+0000] {dag.py:3947} INFO - Setting next_dagrun for refresh_intl_dag to 2025-10-31 19:30:00+00:00, run_after=2025-11-07 19:30:00+00:00
[2025-11-03T00:22:20.976+0000] {processor.py:183} INFO - Processing /opt/airflow/dags/qi_refresh_intl.py took 0.542 seconds
[2025-11-03T00:28:23.500+0000] {processor.py:161} INFO - Started process (PID=4600) to work on /opt/airflow/dags/qi_refresh_intl.py
[2025-11-03T00:28:23.501+0000] {processor.py:830} INFO - Processing file /opt/airflow/dags/qi_refresh_intl.py for tasks to queue
[2025-11-03T00:28:23.502+0000] {logging_mixin.py:188} INFO - [2025-11-03T00:28:23.502+0000] {dagbag.py:545} INFO - Filling up the DagBag from /opt/airflow/dags/qi_refresh_intl.py
[2025-11-03T00:28:23.986+0000] {processor.py:840} INFO - DAG(s) 'refresh_intl_dag' retrieved from /opt/airflow/dags/qi_refresh_intl.py
[2025-11-03T00:28:23.998+0000] {logging_mixin.py:188} INFO - [2025-11-03T00:28:23.998+0000] {dag.py:3089} INFO - Sync 1 DAGs
[2025-11-03T00:28:24.009+0000] {logging_mixin.py:188} INFO - [2025-11-03T00:28:24.009+0000] {dag.py:3947} INFO - Setting next_dagrun for refresh_intl_dag to 2025-10-31 19:30:00+00:00, run_after=2025-11-07 19:30:00+00:00
[2025-11-03T00:28:24.019+0000] {processor.py:183} INFO - Processing /opt/airflow/dags/qi_refresh_intl.py took 0.522 seconds
[2025-11-03T00:42:40.759+0000] {processor.py:161} INFO - Started process (PID=4603) to work on /opt/airflow/dags/qi_refresh_intl.py
[2025-11-03T00:42:40.759+0000] {processor.py:830} INFO - Processing file /opt/airflow/dags/qi_refresh_intl.py for tasks to queue
[2025-11-03T00:42:40.760+0000] {logging_mixin.py:188} INFO - [2025-11-03T00:42:40.760+0000] {dagbag.py:545} INFO - Filling up the DagBag from /opt/airflow/dags/qi_refresh_intl.py
[2025-11-03T00:42:41.373+0000] {processor.py:840} INFO - DAG(s) 'refresh_intl_dag' retrieved from /opt/airflow/dags/qi_refresh_intl.py
[2025-11-03T00:42:41.388+0000] {logging_mixin.py:188} INFO - [2025-11-03T00:42:41.388+0000] {dag.py:3089} INFO - Sync 1 DAGs
[2025-11-03T00:42:41.398+0000] {logging_mixin.py:188} INFO - [2025-11-03T00:42:41.398+0000] {dag.py:3947} INFO - Setting next_dagrun for refresh_intl_dag to 2025-10-31 19:30:00+00:00, run_after=2025-11-07 19:30:00+00:00
[2025-11-03T00:42:41.408+0000] {processor.py:183} INFO - Processing /opt/airflow/dags/qi_refresh_intl.py took 0.652 seconds
[2025-11-03T00:44:17.703+0000] {processor.py:161} INFO - Started process (PID=4606) to work on /opt/airflow/dags/qi_refresh_intl.py
[2025-11-03T00:44:17.704+0000] {processor.py:830} INFO - Processing file /opt/airflow/dags/qi_refresh_intl.py for tasks to queue
[2025-11-03T00:44:17.706+0000] {logging_mixin.py:188} INFO - [2025-11-03T00:44:17.706+0000] {dagbag.py:545} INFO - Filling up the DagBag from /opt/airflow/dags/qi_refresh_intl.py
[2025-11-03T00:44:18.341+0000] {processor.py:840} INFO - DAG(s) 'refresh_intl_dag' retrieved from /opt/airflow/dags/qi_refresh_intl.py
[2025-11-03T00:44:18.354+0000] {logging_mixin.py:188} INFO - [2025-11-03T00:44:18.354+0000] {dag.py:3089} INFO - Sync 1 DAGs
[2025-11-03T00:44:18.364+0000] {logging_mixin.py:188} INFO - [2025-11-03T00:44:18.364+0000] {dag.py:3947} INFO - Setting next_dagrun for refresh_intl_dag to 2025-10-31 19:30:00+00:00, run_after=2025-11-07 19:30:00+00:00
[2025-11-03T00:44:18.375+0000] {processor.py:183} INFO - Processing /opt/airflow/dags/qi_refresh_intl.py took 0.678 seconds
[2025-11-03T01:00:42.789+0000] {processor.py:161} INFO - Started process (PID=4609) to work on /opt/airflow/dags/qi_refresh_intl.py
[2025-11-03T01:00:42.790+0000] {processor.py:830} INFO - Processing file /opt/airflow/dags/qi_refresh_intl.py for tasks to queue
[2025-11-03T01:00:42.791+0000] {logging_mixin.py:188} INFO - [2025-11-03T01:00:42.791+0000] {dagbag.py:545} INFO - Filling up the DagBag from /opt/airflow/dags/qi_refresh_intl.py
[2025-11-03T01:00:43.277+0000] {processor.py:840} INFO - DAG(s) 'refresh_intl_dag' retrieved from /opt/airflow/dags/qi_refresh_intl.py
[2025-11-03T01:00:43.291+0000] {logging_mixin.py:188} INFO - [2025-11-03T01:00:43.290+0000] {dag.py:3089} INFO - Sync 1 DAGs
[2025-11-03T01:00:43.300+0000] {logging_mixin.py:188} INFO - [2025-11-03T01:00:43.300+0000] {dag.py:3947} INFO - Setting next_dagrun for refresh_intl_dag to 2025-10-31 19:30:00+00:00, run_after=2025-11-07 19:30:00+00:00
[2025-11-03T01:00:43.310+0000] {processor.py:183} INFO - Processing /opt/airflow/dags/qi_refresh_intl.py took 0.524 seconds
[2025-11-03T01:16:18.008+0000] {processor.py:161} INFO - Started process (PID=4612) to work on /opt/airflow/dags/qi_refresh_intl.py
[2025-11-03T01:16:18.009+0000] {processor.py:830} INFO - Processing file /opt/airflow/dags/qi_refresh_intl.py for tasks to queue
[2025-11-03T01:16:18.010+0000] {logging_mixin.py:188} INFO - [2025-11-03T01:16:18.010+0000] {dagbag.py:545} INFO - Filling up the DagBag from /opt/airflow/dags/qi_refresh_intl.py
[2025-11-03T01:16:18.507+0000] {processor.py:840} INFO - DAG(s) 'refresh_intl_dag' retrieved from /opt/airflow/dags/qi_refresh_intl.py
[2025-11-03T01:16:18.519+0000] {logging_mixin.py:188} INFO - [2025-11-03T01:16:18.519+0000] {dag.py:3089} INFO - Sync 1 DAGs
[2025-11-03T01:16:18.529+0000] {logging_mixin.py:188} INFO - [2025-11-03T01:16:18.529+0000] {dag.py:3947} INFO - Setting next_dagrun for refresh_intl_dag to 2025-10-31 19:30:00+00:00, run_after=2025-11-07 19:30:00+00:00
[2025-11-03T01:16:18.542+0000] {processor.py:183} INFO - Processing /opt/airflow/dags/qi_refresh_intl.py took 0.537 seconds
[2025-11-03T01:31:47.772+0000] {processor.py:161} INFO - Started process (PID=4615) to work on /opt/airflow/dags/qi_refresh_intl.py
[2025-11-03T01:31:47.773+0000] {processor.py:830} INFO - Processing file /opt/airflow/dags/qi_refresh_intl.py for tasks to queue
[2025-11-03T01:31:47.774+0000] {logging_mixin.py:188} INFO - [2025-11-03T01:31:47.774+0000] {dagbag.py:545} INFO - Filling up the DagBag from /opt/airflow/dags/qi_refresh_intl.py
[2025-11-03T01:31:48.282+0000] {processor.py:840} INFO - DAG(s) 'refresh_intl_dag' retrieved from /opt/airflow/dags/qi_refresh_intl.py
[2025-11-03T01:31:48.299+0000] {logging_mixin.py:188} INFO - [2025-11-03T01:31:48.299+0000] {dag.py:3089} INFO - Sync 1 DAGs
[2025-11-03T01:31:48.310+0000] {logging_mixin.py:188} INFO - [2025-11-03T01:31:48.310+0000] {dag.py:3947} INFO - Setting next_dagrun for refresh_intl_dag to 2025-10-31 19:30:00+00:00, run_after=2025-11-07 19:30:00+00:00
[2025-11-03T01:31:48.323+0000] {processor.py:183} INFO - Processing /opt/airflow/dags/qi_refresh_intl.py took 0.555 seconds
[2025-11-03T01:47:18.333+0000] {processor.py:161} INFO - Started process (PID=4618) to work on /opt/airflow/dags/qi_refresh_intl.py
[2025-11-03T01:47:18.334+0000] {processor.py:830} INFO - Processing file /opt/airflow/dags/qi_refresh_intl.py for tasks to queue
[2025-11-03T01:47:18.335+0000] {logging_mixin.py:188} INFO - [2025-11-03T01:47:18.335+0000] {dagbag.py:545} INFO - Filling up the DagBag from /opt/airflow/dags/qi_refresh_intl.py
[2025-11-03T01:47:18.833+0000] {processor.py:840} INFO - DAG(s) 'refresh_intl_dag' retrieved from /opt/airflow/dags/qi_refresh_intl.py
[2025-11-03T01:47:18.851+0000] {logging_mixin.py:188} INFO - [2025-11-03T01:47:18.851+0000] {dag.py:3089} INFO - Sync 1 DAGs
[2025-11-03T01:47:18.861+0000] {logging_mixin.py:188} INFO - [2025-11-03T01:47:18.861+0000] {dag.py:3947} INFO - Setting next_dagrun for refresh_intl_dag to 2025-10-31 19:30:00+00:00, run_after=2025-11-07 19:30:00+00:00
[2025-11-03T01:47:18.872+0000] {processor.py:183} INFO - Processing /opt/airflow/dags/qi_refresh_intl.py took 0.542 seconds
[2025-11-03T02:17:21.609+0000] {processor.py:161} INFO - Started process (PID=4621) to work on /opt/airflow/dags/qi_refresh_intl.py
[2025-11-03T02:17:21.610+0000] {processor.py:830} INFO - Processing file /opt/airflow/dags/qi_refresh_intl.py for tasks to queue
[2025-11-03T02:17:21.611+0000] {logging_mixin.py:188} INFO - [2025-11-03T02:17:21.610+0000] {dagbag.py:545} INFO - Filling up the DagBag from /opt/airflow/dags/qi_refresh_intl.py
[2025-11-03T02:17:22.109+0000] {processor.py:840} INFO - DAG(s) 'refresh_intl_dag' retrieved from /opt/airflow/dags/qi_refresh_intl.py
[2025-11-03T02:17:22.122+0000] {logging_mixin.py:188} INFO - [2025-11-03T02:17:22.122+0000] {dag.py:3089} INFO - Sync 1 DAGs
[2025-11-03T02:17:22.133+0000] {logging_mixin.py:188} INFO - [2025-11-03T02:17:22.133+0000] {dag.py:3947} INFO - Setting next_dagrun for refresh_intl_dag to 2025-10-31 19:30:00+00:00, run_after=2025-11-07 19:30:00+00:00
[2025-11-03T02:17:22.147+0000] {processor.py:183} INFO - Processing /opt/airflow/dags/qi_refresh_intl.py took 0.541 seconds
[2025-11-03T02:32:52.371+0000] {processor.py:161} INFO - Started process (PID=4624) to work on /opt/airflow/dags/qi_refresh_intl.py
[2025-11-03T02:32:52.372+0000] {processor.py:830} INFO - Processing file /opt/airflow/dags/qi_refresh_intl.py for tasks to queue
[2025-11-03T02:32:52.373+0000] {logging_mixin.py:188} INFO - [2025-11-03T02:32:52.373+0000] {dagbag.py:545} INFO - Filling up the DagBag from /opt/airflow/dags/qi_refresh_intl.py
[2025-11-03T02:32:52.858+0000] {processor.py:840} INFO - DAG(s) 'refresh_intl_dag' retrieved from /opt/airflow/dags/qi_refresh_intl.py
[2025-11-03T02:32:52.871+0000] {logging_mixin.py:188} INFO - [2025-11-03T02:32:52.871+0000] {dag.py:3089} INFO - Sync 1 DAGs
[2025-11-03T02:32:52.880+0000] {logging_mixin.py:188} INFO - [2025-11-03T02:32:52.880+0000] {dag.py:3947} INFO - Setting next_dagrun for refresh_intl_dag to 2025-10-31 19:30:00+00:00, run_after=2025-11-07 19:30:00+00:00
[2025-11-03T02:32:52.892+0000] {processor.py:183} INFO - Processing /opt/airflow/dags/qi_refresh_intl.py took 0.524 seconds
[2025-11-03T02:48:22.599+0000] {processor.py:161} INFO - Started process (PID=4627) to work on /opt/airflow/dags/qi_refresh_intl.py
[2025-11-03T02:48:22.600+0000] {processor.py:830} INFO - Processing file /opt/airflow/dags/qi_refresh_intl.py for tasks to queue
[2025-11-03T02:48:22.601+0000] {logging_mixin.py:188} INFO - [2025-11-03T02:48:22.601+0000] {dagbag.py:545} INFO - Filling up the DagBag from /opt/airflow/dags/qi_refresh_intl.py
[2025-11-03T02:48:23.100+0000] {processor.py:840} INFO - DAG(s) 'refresh_intl_dag' retrieved from /opt/airflow/dags/qi_refresh_intl.py
[2025-11-03T02:48:23.113+0000] {logging_mixin.py:188} INFO - [2025-11-03T02:48:23.112+0000] {dag.py:3089} INFO - Sync 1 DAGs
[2025-11-03T02:48:23.122+0000] {logging_mixin.py:188} INFO - [2025-11-03T02:48:23.122+0000] {dag.py:3947} INFO - Setting next_dagrun for refresh_intl_dag to 2025-10-31 19:30:00+00:00, run_after=2025-11-07 19:30:00+00:00
[2025-11-03T02:48:23.135+0000] {processor.py:183} INFO - Processing /opt/airflow/dags/qi_refresh_intl.py took 0.539 seconds
[2025-11-03T03:18:23.988+0000] {processor.py:161} INFO - Started process (PID=4630) to work on /opt/airflow/dags/qi_refresh_intl.py
[2025-11-03T03:18:23.989+0000] {processor.py:830} INFO - Processing file /opt/airflow/dags/qi_refresh_intl.py for tasks to queue
[2025-11-03T03:18:23.990+0000] {logging_mixin.py:188} INFO - [2025-11-03T03:18:23.990+0000] {dagbag.py:545} INFO - Filling up the DagBag from /opt/airflow/dags/qi_refresh_intl.py
[2025-11-03T03:18:24.495+0000] {processor.py:840} INFO - DAG(s) 'refresh_intl_dag' retrieved from /opt/airflow/dags/qi_refresh_intl.py
[2025-11-03T03:18:24.511+0000] {logging_mixin.py:188} INFO - [2025-11-03T03:18:24.511+0000] {dag.py:3089} INFO - Sync 1 DAGs
[2025-11-03T03:18:24.521+0000] {logging_mixin.py:188} INFO - [2025-11-03T03:18:24.520+0000] {dag.py:3947} INFO - Setting next_dagrun for refresh_intl_dag to 2025-10-31 19:30:00+00:00, run_after=2025-11-07 19:30:00+00:00
[2025-11-03T03:18:24.532+0000] {processor.py:183} INFO - Processing /opt/airflow/dags/qi_refresh_intl.py took 0.547 seconds
[2025-11-03T03:38:14.752+0000] {processor.py:161} INFO - Started process (PID=4633) to work on /opt/airflow/dags/qi_refresh_intl.py
[2025-11-03T03:38:14.753+0000] {processor.py:830} INFO - Processing file /opt/airflow/dags/qi_refresh_intl.py for tasks to queue
[2025-11-03T03:38:14.754+0000] {logging_mixin.py:188} INFO - [2025-11-03T03:38:14.754+0000] {dagbag.py:545} INFO - Filling up the DagBag from /opt/airflow/dags/qi_refresh_intl.py
[2025-11-03T03:38:15.254+0000] {processor.py:840} INFO - DAG(s) 'refresh_intl_dag' retrieved from /opt/airflow/dags/qi_refresh_intl.py
[2025-11-03T03:38:15.267+0000] {logging_mixin.py:188} INFO - [2025-11-03T03:38:15.267+0000] {dag.py:3089} INFO - Sync 1 DAGs
[2025-11-03T03:38:15.278+0000] {logging_mixin.py:188} INFO - [2025-11-03T03:38:15.277+0000] {dag.py:3947} INFO - Setting next_dagrun for refresh_intl_dag to 2025-10-31 19:30:00+00:00, run_after=2025-11-07 19:30:00+00:00
[2025-11-03T03:38:15.288+0000] {processor.py:183} INFO - Processing /opt/airflow/dags/qi_refresh_intl.py took 0.539 seconds
[2025-11-03T04:03:30.471+0000] {processor.py:161} INFO - Started process (PID=4636) to work on /opt/airflow/dags/qi_refresh_intl.py
[2025-11-03T04:03:30.471+0000] {processor.py:830} INFO - Processing file /opt/airflow/dags/qi_refresh_intl.py for tasks to queue
[2025-11-03T04:03:30.472+0000] {logging_mixin.py:188} INFO - [2025-11-03T04:03:30.472+0000] {dagbag.py:545} INFO - Filling up the DagBag from /opt/airflow/dags/qi_refresh_intl.py
[2025-11-03T04:03:30.968+0000] {processor.py:840} INFO - DAG(s) 'refresh_intl_dag' retrieved from /opt/airflow/dags/qi_refresh_intl.py
[2025-11-03T04:03:30.983+0000] {logging_mixin.py:188} INFO - [2025-11-03T04:03:30.983+0000] {dag.py:3089} INFO - Sync 1 DAGs
[2025-11-03T04:03:30.995+0000] {logging_mixin.py:188} INFO - [2025-11-03T04:03:30.995+0000] {dag.py:3947} INFO - Setting next_dagrun for refresh_intl_dag to 2025-10-31 19:30:00+00:00, run_after=2025-11-07 19:30:00+00:00
[2025-11-03T04:03:31.006+0000] {processor.py:183} INFO - Processing /opt/airflow/dags/qi_refresh_intl.py took 0.539 seconds
[2025-11-03T04:19:01.340+0000] {processor.py:161} INFO - Started process (PID=4639) to work on /opt/airflow/dags/qi_refresh_intl.py
[2025-11-03T04:19:01.341+0000] {processor.py:830} INFO - Processing file /opt/airflow/dags/qi_refresh_intl.py for tasks to queue
[2025-11-03T04:19:01.343+0000] {logging_mixin.py:188} INFO - [2025-11-03T04:19:01.343+0000] {dagbag.py:545} INFO - Filling up the DagBag from /opt/airflow/dags/qi_refresh_intl.py
[2025-11-03T04:19:01.834+0000] {processor.py:840} INFO - DAG(s) 'refresh_intl_dag' retrieved from /opt/airflow/dags/qi_refresh_intl.py
[2025-11-03T04:19:01.846+0000] {logging_mixin.py:188} INFO - [2025-11-03T04:19:01.846+0000] {dag.py:3089} INFO - Sync 1 DAGs
[2025-11-03T04:19:01.856+0000] {logging_mixin.py:188} INFO - [2025-11-03T04:19:01.856+0000] {dag.py:3947} INFO - Setting next_dagrun for refresh_intl_dag to 2025-10-31 19:30:00+00:00, run_after=2025-11-07 19:30:00+00:00
[2025-11-03T04:19:01.864+0000] {processor.py:183} INFO - Processing /opt/airflow/dags/qi_refresh_intl.py took 0.527 seconds
[2025-11-03T04:34:31.739+0000] {processor.py:161} INFO - Started process (PID=4642) to work on /opt/airflow/dags/qi_refresh_intl.py
[2025-11-03T04:34:31.740+0000] {processor.py:830} INFO - Processing file /opt/airflow/dags/qi_refresh_intl.py for tasks to queue
[2025-11-03T04:34:31.742+0000] {logging_mixin.py:188} INFO - [2025-11-03T04:34:31.742+0000] {dagbag.py:545} INFO - Filling up the DagBag from /opt/airflow/dags/qi_refresh_intl.py
[2025-11-03T04:34:32.243+0000] {processor.py:840} INFO - DAG(s) 'refresh_intl_dag' retrieved from /opt/airflow/dags/qi_refresh_intl.py
[2025-11-03T04:34:32.257+0000] {logging_mixin.py:188} INFO - [2025-11-03T04:34:32.257+0000] {dag.py:3089} INFO - Sync 1 DAGs
[2025-11-03T04:34:32.266+0000] {logging_mixin.py:188} INFO - [2025-11-03T04:34:32.266+0000] {dag.py:3947} INFO - Setting next_dagrun for refresh_intl_dag to 2025-10-31 19:30:00+00:00, run_after=2025-11-07 19:30:00+00:00
[2025-11-03T04:34:32.274+0000] {processor.py:183} INFO - Processing /opt/airflow/dags/qi_refresh_intl.py took 0.538 seconds
[2025-11-03T04:50:01.926+0000] {processor.py:161} INFO - Started process (PID=4645) to work on /opt/airflow/dags/qi_refresh_intl.py
[2025-11-03T04:50:01.927+0000] {processor.py:830} INFO - Processing file /opt/airflow/dags/qi_refresh_intl.py for tasks to queue
[2025-11-03T04:50:01.928+0000] {logging_mixin.py:188} INFO - [2025-11-03T04:50:01.928+0000] {dagbag.py:545} INFO - Filling up the DagBag from /opt/airflow/dags/qi_refresh_intl.py
[2025-11-03T04:50:02.406+0000] {processor.py:840} INFO - DAG(s) 'refresh_intl_dag' retrieved from /opt/airflow/dags/qi_refresh_intl.py
[2025-11-03T04:50:02.419+0000] {logging_mixin.py:188} INFO - [2025-11-03T04:50:02.419+0000] {dag.py:3089} INFO - Sync 1 DAGs
[2025-11-03T04:50:02.429+0000] {logging_mixin.py:188} INFO - [2025-11-03T04:50:02.429+0000] {dag.py:3947} INFO - Setting next_dagrun for refresh_intl_dag to 2025-10-31 19:30:00+00:00, run_after=2025-11-07 19:30:00+00:00
[2025-11-03T04:50:02.443+0000] {processor.py:183} INFO - Processing /opt/airflow/dags/qi_refresh_intl.py took 0.520 seconds
[2025-11-03T04:58:32.473+0000] {processor.py:161} INFO - Started process (PID=4648) to work on /opt/airflow/dags/qi_refresh_intl.py
[2025-11-03T04:58:32.473+0000] {processor.py:830} INFO - Processing file /opt/airflow/dags/qi_refresh_intl.py for tasks to queue
[2025-11-03T04:58:32.476+0000] {logging_mixin.py:188} INFO - [2025-11-03T04:58:32.475+0000] {dagbag.py:545} INFO - Filling up the DagBag from /opt/airflow/dags/qi_refresh_intl.py
[2025-11-03T04:58:32.994+0000] {processor.py:840} INFO - DAG(s) 'refresh_intl_dag' retrieved from /opt/airflow/dags/qi_refresh_intl.py
[2025-11-03T04:58:33.007+0000] {logging_mixin.py:188} INFO - [2025-11-03T04:58:33.007+0000] {dag.py:3089} INFO - Sync 1 DAGs
[2025-11-03T04:58:33.018+0000] {logging_mixin.py:188} INFO - [2025-11-03T04:58:33.017+0000] {dag.py:3947} INFO - Setting next_dagrun for refresh_intl_dag to 2025-10-31 19:30:00+00:00, run_after=2025-11-07 19:30:00+00:00
[2025-11-03T04:58:33.027+0000] {processor.py:183} INFO - Processing /opt/airflow/dags/qi_refresh_intl.py took 0.558 seconds
[2025-11-03T05:19:54.651+0000] {processor.py:161} INFO - Started process (PID=4651) to work on /opt/airflow/dags/qi_refresh_intl.py
[2025-11-03T05:19:54.651+0000] {processor.py:830} INFO - Processing file /opt/airflow/dags/qi_refresh_intl.py for tasks to queue
[2025-11-03T05:19:54.654+0000] {logging_mixin.py:188} INFO - [2025-11-03T05:19:54.653+0000] {dagbag.py:545} INFO - Filling up the DagBag from /opt/airflow/dags/qi_refresh_intl.py
[2025-11-03T05:19:55.150+0000] {processor.py:840} INFO - DAG(s) 'refresh_intl_dag' retrieved from /opt/airflow/dags/qi_refresh_intl.py
[2025-11-03T05:19:55.168+0000] {logging_mixin.py:188} INFO - [2025-11-03T05:19:55.168+0000] {dag.py:3089} INFO - Sync 1 DAGs
[2025-11-03T05:19:55.178+0000] {logging_mixin.py:188} INFO - [2025-11-03T05:19:55.178+0000] {dag.py:3947} INFO - Setting next_dagrun for refresh_intl_dag to 2025-10-31 19:30:00+00:00, run_after=2025-11-07 19:30:00+00:00
[2025-11-03T05:19:55.188+0000] {processor.py:183} INFO - Processing /opt/airflow/dags/qi_refresh_intl.py took 0.541 seconds
[2025-11-03T05:42:41.890+0000] {processor.py:161} INFO - Started process (PID=4654) to work on /opt/airflow/dags/qi_refresh_intl.py
[2025-11-03T05:42:41.891+0000] {processor.py:830} INFO - Processing file /opt/airflow/dags/qi_refresh_intl.py for tasks to queue
[2025-11-03T05:42:41.893+0000] {logging_mixin.py:188} INFO - [2025-11-03T05:42:41.893+0000] {dagbag.py:545} INFO - Filling up the DagBag from /opt/airflow/dags/qi_refresh_intl.py
[2025-11-03T05:42:42.381+0000] {processor.py:840} INFO - DAG(s) 'refresh_intl_dag' retrieved from /opt/airflow/dags/qi_refresh_intl.py
[2025-11-03T05:42:42.398+0000] {logging_mixin.py:188} INFO - [2025-11-03T05:42:42.398+0000] {dag.py:3089} INFO - Sync 1 DAGs
[2025-11-03T05:42:42.408+0000] {logging_mixin.py:188} INFO - [2025-11-03T05:42:42.407+0000] {dag.py:3947} INFO - Setting next_dagrun for refresh_intl_dag to 2025-10-31 19:30:00+00:00, run_after=2025-11-07 19:30:00+00:00
[2025-11-03T05:42:42.424+0000] {processor.py:183} INFO - Processing /opt/airflow/dags/qi_refresh_intl.py took 0.537 seconds
[2025-11-03T05:43:12.728+0000] {processor.py:161} INFO - Started process (PID=4657) to work on /opt/airflow/dags/qi_refresh_intl.py
[2025-11-03T05:43:12.729+0000] {processor.py:830} INFO - Processing file /opt/airflow/dags/qi_refresh_intl.py for tasks to queue
[2025-11-03T05:43:12.730+0000] {logging_mixin.py:188} INFO - [2025-11-03T05:43:12.730+0000] {dagbag.py:545} INFO - Filling up the DagBag from /opt/airflow/dags/qi_refresh_intl.py
[2025-11-03T05:43:13.276+0000] {processor.py:840} INFO - DAG(s) 'refresh_intl_dag' retrieved from /opt/airflow/dags/qi_refresh_intl.py
[2025-11-03T05:43:13.298+0000] {logging_mixin.py:188} INFO - [2025-11-03T05:43:13.298+0000] {dag.py:3089} INFO - Sync 1 DAGs
[2025-11-03T05:43:13.309+0000] {logging_mixin.py:188} INFO - [2025-11-03T05:43:13.309+0000] {dag.py:3947} INFO - Setting next_dagrun for refresh_intl_dag to 2025-10-31 19:30:00+00:00, run_after=2025-11-07 19:30:00+00:00
[2025-11-03T05:43:13.320+0000] {processor.py:183} INFO - Processing /opt/airflow/dags/qi_refresh_intl.py took 0.597 seconds
[2025-11-03T06:10:47.512+0000] {processor.py:161} INFO - Started process (PID=4660) to work on /opt/airflow/dags/qi_refresh_intl.py
[2025-11-03T06:10:47.513+0000] {processor.py:830} INFO - Processing file /opt/airflow/dags/qi_refresh_intl.py for tasks to queue
[2025-11-03T06:10:47.514+0000] {logging_mixin.py:188} INFO - [2025-11-03T06:10:47.514+0000] {dagbag.py:545} INFO - Filling up the DagBag from /opt/airflow/dags/qi_refresh_intl.py
[2025-11-03T06:10:48.040+0000] {processor.py:840} INFO - DAG(s) 'refresh_intl_dag' retrieved from /opt/airflow/dags/qi_refresh_intl.py
[2025-11-03T06:10:48.056+0000] {logging_mixin.py:188} INFO - [2025-11-03T06:10:48.056+0000] {dag.py:3089} INFO - Sync 1 DAGs
[2025-11-03T06:10:48.067+0000] {logging_mixin.py:188} INFO - [2025-11-03T06:10:48.067+0000] {dag.py:3947} INFO - Setting next_dagrun for refresh_intl_dag to 2025-10-31 19:30:00+00:00, run_after=2025-11-07 19:30:00+00:00
[2025-11-03T06:10:48.078+0000] {processor.py:183} INFO - Processing /opt/airflow/dags/qi_refresh_intl.py took 0.570 seconds
[2025-11-03T06:35:55.199+0000] {processor.py:161} INFO - Started process (PID=4663) to work on /opt/airflow/dags/qi_refresh_intl.py
[2025-11-03T06:35:55.200+0000] {processor.py:830} INFO - Processing file /opt/airflow/dags/qi_refresh_intl.py for tasks to queue
[2025-11-03T06:35:55.201+0000] {logging_mixin.py:188} INFO - [2025-11-03T06:35:55.201+0000] {dagbag.py:545} INFO - Filling up the DagBag from /opt/airflow/dags/qi_refresh_intl.py
[2025-11-03T06:35:55.758+0000] {processor.py:840} INFO - DAG(s) 'refresh_intl_dag' retrieved from /opt/airflow/dags/qi_refresh_intl.py
[2025-11-03T06:35:55.775+0000] {logging_mixin.py:188} INFO - [2025-11-03T06:35:55.775+0000] {dag.py:3089} INFO - Sync 1 DAGs
[2025-11-03T06:35:55.787+0000] {logging_mixin.py:188} INFO - [2025-11-03T06:35:55.787+0000] {dag.py:3947} INFO - Setting next_dagrun for refresh_intl_dag to 2025-10-31 19:30:00+00:00, run_after=2025-11-07 19:30:00+00:00
[2025-11-03T06:35:55.800+0000] {processor.py:183} INFO - Processing /opt/airflow/dags/qi_refresh_intl.py took 0.605 seconds
[2025-11-03T06:56:42.190+0000] {processor.py:161} INFO - Started process (PID=4666) to work on /opt/airflow/dags/qi_refresh_intl.py
[2025-11-03T06:56:42.190+0000] {processor.py:830} INFO - Processing file /opt/airflow/dags/qi_refresh_intl.py for tasks to queue
[2025-11-03T06:56:42.192+0000] {logging_mixin.py:188} INFO - [2025-11-03T06:56:42.192+0000] {dagbag.py:545} INFO - Filling up the DagBag from /opt/airflow/dags/qi_refresh_intl.py
[2025-11-03T06:56:42.684+0000] {processor.py:840} INFO - DAG(s) 'refresh_intl_dag' retrieved from /opt/airflow/dags/qi_refresh_intl.py
[2025-11-03T06:56:42.698+0000] {logging_mixin.py:188} INFO - [2025-11-03T06:56:42.698+0000] {dag.py:3089} INFO - Sync 1 DAGs
[2025-11-03T06:56:42.709+0000] {logging_mixin.py:188} INFO - [2025-11-03T06:56:42.709+0000] {dag.py:3947} INFO - Setting next_dagrun for refresh_intl_dag to 2025-10-31 19:30:00+00:00, run_after=2025-11-07 19:30:00+00:00
[2025-11-03T06:56:42.720+0000] {processor.py:183} INFO - Processing /opt/airflow/dags/qi_refresh_intl.py took 0.533 seconds
[2025-11-03T07:06:27.693+0000] {processor.py:161} INFO - Started process (PID=4669) to work on /opt/airflow/dags/qi_refresh_intl.py
[2025-11-03T07:06:27.694+0000] {processor.py:830} INFO - Processing file /opt/airflow/dags/qi_refresh_intl.py for tasks to queue
[2025-11-03T07:06:27.695+0000] {logging_mixin.py:188} INFO - [2025-11-03T07:06:27.695+0000] {dagbag.py:545} INFO - Filling up the DagBag from /opt/airflow/dags/qi_refresh_intl.py
[2025-11-03T07:06:28.174+0000] {processor.py:840} INFO - DAG(s) 'refresh_intl_dag' retrieved from /opt/airflow/dags/qi_refresh_intl.py
[2025-11-03T07:06:28.188+0000] {logging_mixin.py:188} INFO - [2025-11-03T07:06:28.188+0000] {dag.py:3089} INFO - Sync 1 DAGs
[2025-11-03T07:06:28.197+0000] {logging_mixin.py:188} INFO - [2025-11-03T07:06:28.197+0000] {dag.py:3947} INFO - Setting next_dagrun for refresh_intl_dag to 2025-10-31 19:30:00+00:00, run_after=2025-11-07 19:30:00+00:00
[2025-11-03T07:06:28.207+0000] {processor.py:183} INFO - Processing /opt/airflow/dags/qi_refresh_intl.py took 0.517 seconds
[2025-11-03T07:37:04.524+0000] {processor.py:161} INFO - Started process (PID=4672) to work on /opt/airflow/dags/qi_refresh_intl.py
[2025-11-03T07:37:04.525+0000] {processor.py:830} INFO - Processing file /opt/airflow/dags/qi_refresh_intl.py for tasks to queue
[2025-11-03T07:37:04.527+0000] {logging_mixin.py:188} INFO - [2025-11-03T07:37:04.527+0000] {dagbag.py:545} INFO - Filling up the DagBag from /opt/airflow/dags/qi_refresh_intl.py
[2025-11-03T07:37:05.096+0000] {processor.py:840} INFO - DAG(s) 'refresh_intl_dag' retrieved from /opt/airflow/dags/qi_refresh_intl.py
[2025-11-03T07:37:05.109+0000] {logging_mixin.py:188} INFO - [2025-11-03T07:37:05.109+0000] {dag.py:3089} INFO - Sync 1 DAGs
[2025-11-03T07:37:05.119+0000] {logging_mixin.py:188} INFO - [2025-11-03T07:37:05.119+0000] {dag.py:3947} INFO - Setting next_dagrun for refresh_intl_dag to 2025-10-31 19:30:00+00:00, run_after=2025-11-07 19:30:00+00:00
[2025-11-03T07:37:05.128+0000] {processor.py:183} INFO - Processing /opt/airflow/dags/qi_refresh_intl.py took 0.608 seconds
[2025-11-03T07:52:34.350+0000] {processor.py:161} INFO - Started process (PID=4675) to work on /opt/airflow/dags/qi_refresh_intl.py
[2025-11-03T07:52:34.351+0000] {processor.py:830} INFO - Processing file /opt/airflow/dags/qi_refresh_intl.py for tasks to queue
[2025-11-03T07:52:34.352+0000] {logging_mixin.py:188} INFO - [2025-11-03T07:52:34.352+0000] {dagbag.py:545} INFO - Filling up the DagBag from /opt/airflow/dags/qi_refresh_intl.py
[2025-11-03T07:52:34.840+0000] {processor.py:840} INFO - DAG(s) 'refresh_intl_dag' retrieved from /opt/airflow/dags/qi_refresh_intl.py
[2025-11-03T07:52:34.853+0000] {logging_mixin.py:188} INFO - [2025-11-03T07:52:34.852+0000] {dag.py:3089} INFO - Sync 1 DAGs
[2025-11-03T07:52:34.863+0000] {logging_mixin.py:188} INFO - [2025-11-03T07:52:34.863+0000] {dag.py:3947} INFO - Setting next_dagrun for refresh_intl_dag to 2025-10-31 19:30:00+00:00, run_after=2025-11-07 19:30:00+00:00
[2025-11-03T07:52:34.872+0000] {processor.py:183} INFO - Processing /opt/airflow/dags/qi_refresh_intl.py took 0.525 seconds
[2025-11-03T08:21:46.318+0000] {processor.py:161} INFO - Started process (PID=4678) to work on /opt/airflow/dags/qi_refresh_intl.py
[2025-11-03T08:21:46.319+0000] {processor.py:830} INFO - Processing file /opt/airflow/dags/qi_refresh_intl.py for tasks to queue
[2025-11-03T08:21:46.320+0000] {logging_mixin.py:188} INFO - [2025-11-03T08:21:46.320+0000] {dagbag.py:545} INFO - Filling up the DagBag from /opt/airflow/dags/qi_refresh_intl.py
[2025-11-03T08:21:46.810+0000] {processor.py:840} INFO - DAG(s) 'refresh_intl_dag' retrieved from /opt/airflow/dags/qi_refresh_intl.py
[2025-11-03T08:21:46.826+0000] {logging_mixin.py:188} INFO - [2025-11-03T08:21:46.826+0000] {dag.py:3089} INFO - Sync 1 DAGs
[2025-11-03T08:21:46.835+0000] {logging_mixin.py:188} INFO - [2025-11-03T08:21:46.835+0000] {dag.py:3947} INFO - Setting next_dagrun for refresh_intl_dag to 2025-10-31 19:30:00+00:00, run_after=2025-11-07 19:30:00+00:00
[2025-11-03T08:21:46.846+0000] {processor.py:183} INFO - Processing /opt/airflow/dags/qi_refresh_intl.py took 0.531 seconds
[2025-11-03T08:32:06.735+0000] {processor.py:161} INFO - Started process (PID=4681) to work on /opt/airflow/dags/qi_refresh_intl.py
[2025-11-03T08:32:06.736+0000] {processor.py:830} INFO - Processing file /opt/airflow/dags/qi_refresh_intl.py for tasks to queue
[2025-11-03T08:32:06.738+0000] {logging_mixin.py:188} INFO - [2025-11-03T08:32:06.737+0000] {dagbag.py:545} INFO - Filling up the DagBag from /opt/airflow/dags/qi_refresh_intl.py
[2025-11-03T08:32:07.221+0000] {processor.py:840} INFO - DAG(s) 'refresh_intl_dag' retrieved from /opt/airflow/dags/qi_refresh_intl.py
[2025-11-03T08:32:07.239+0000] {logging_mixin.py:188} INFO - [2025-11-03T08:32:07.238+0000] {dag.py:3089} INFO - Sync 1 DAGs
[2025-11-03T08:32:07.253+0000] {logging_mixin.py:188} INFO - [2025-11-03T08:32:07.253+0000] {dag.py:3947} INFO - Setting next_dagrun for refresh_intl_dag to 2025-10-31 19:30:00+00:00, run_after=2025-11-07 19:30:00+00:00
[2025-11-03T08:32:07.268+0000] {processor.py:183} INFO - Processing /opt/airflow/dags/qi_refresh_intl.py took 0.536 seconds
[2025-11-03T08:52:23.617+0000] {processor.py:161} INFO - Started process (PID=4684) to work on /opt/airflow/dags/qi_refresh_intl.py
[2025-11-03T08:52:23.617+0000] {processor.py:830} INFO - Processing file /opt/airflow/dags/qi_refresh_intl.py for tasks to queue
[2025-11-03T08:52:23.619+0000] {logging_mixin.py:188} INFO - [2025-11-03T08:52:23.619+0000] {dagbag.py:545} INFO - Filling up the DagBag from /opt/airflow/dags/qi_refresh_intl.py
[2025-11-03T08:52:24.111+0000] {processor.py:840} INFO - DAG(s) 'refresh_intl_dag' retrieved from /opt/airflow/dags/qi_refresh_intl.py
[2025-11-03T08:52:24.128+0000] {logging_mixin.py:188} INFO - [2025-11-03T08:52:24.127+0000] {dag.py:3089} INFO - Sync 1 DAGs
[2025-11-03T08:52:24.138+0000] {logging_mixin.py:188} INFO - [2025-11-03T08:52:24.138+0000] {dag.py:3947} INFO - Setting next_dagrun for refresh_intl_dag to 2025-10-31 19:30:00+00:00, run_after=2025-11-07 19:30:00+00:00
[2025-11-03T08:52:24.151+0000] {processor.py:183} INFO - Processing /opt/airflow/dags/qi_refresh_intl.py took 0.538 seconds
[2025-11-03T09:07:53.325+0000] {processor.py:161} INFO - Started process (PID=4687) to work on /opt/airflow/dags/qi_refresh_intl.py
[2025-11-03T09:07:53.326+0000] {processor.py:830} INFO - Processing file /opt/airflow/dags/qi_refresh_intl.py for tasks to queue
[2025-11-03T09:07:53.327+0000] {logging_mixin.py:188} INFO - [2025-11-03T09:07:53.327+0000] {dagbag.py:545} INFO - Filling up the DagBag from /opt/airflow/dags/qi_refresh_intl.py
[2025-11-03T09:07:53.808+0000] {processor.py:840} INFO - DAG(s) 'refresh_intl_dag' retrieved from /opt/airflow/dags/qi_refresh_intl.py
[2025-11-03T09:07:53.823+0000] {logging_mixin.py:188} INFO - [2025-11-03T09:07:53.823+0000] {dag.py:3089} INFO - Sync 1 DAGs
[2025-11-03T09:07:53.833+0000] {logging_mixin.py:188} INFO - [2025-11-03T09:07:53.833+0000] {dag.py:3947} INFO - Setting next_dagrun for refresh_intl_dag to 2025-10-31 19:30:00+00:00, run_after=2025-11-07 19:30:00+00:00
[2025-11-03T09:07:53.845+0000] {processor.py:183} INFO - Processing /opt/airflow/dags/qi_refresh_intl.py took 0.523 seconds
[2025-11-03T09:23:23.590+0000] {processor.py:161} INFO - Started process (PID=4690) to work on /opt/airflow/dags/qi_refresh_intl.py
[2025-11-03T09:23:23.590+0000] {processor.py:830} INFO - Processing file /opt/airflow/dags/qi_refresh_intl.py for tasks to queue
[2025-11-03T09:23:23.591+0000] {logging_mixin.py:188} INFO - [2025-11-03T09:23:23.591+0000] {dagbag.py:545} INFO - Filling up the DagBag from /opt/airflow/dags/qi_refresh_intl.py
[2025-11-03T09:23:24.081+0000] {processor.py:840} INFO - DAG(s) 'refresh_intl_dag' retrieved from /opt/airflow/dags/qi_refresh_intl.py
[2025-11-03T09:23:24.099+0000] {logging_mixin.py:188} INFO - [2025-11-03T09:23:24.098+0000] {dag.py:3089} INFO - Sync 1 DAGs
[2025-11-03T09:23:24.109+0000] {logging_mixin.py:188} INFO - [2025-11-03T09:23:24.109+0000] {dag.py:3947} INFO - Setting next_dagrun for refresh_intl_dag to 2025-10-31 19:30:00+00:00, run_after=2025-11-07 19:30:00+00:00
[2025-11-03T09:23:24.123+0000] {processor.py:183} INFO - Processing /opt/airflow/dags/qi_refresh_intl.py took 0.537 seconds
[2025-11-03T09:53:55.719+0000] {processor.py:161} INFO - Started process (PID=4693) to work on /opt/airflow/dags/qi_refresh_intl.py
[2025-11-03T09:53:55.721+0000] {processor.py:830} INFO - Processing file /opt/airflow/dags/qi_refresh_intl.py for tasks to queue
[2025-11-03T09:53:55.723+0000] {logging_mixin.py:188} INFO - [2025-11-03T09:53:55.723+0000] {dagbag.py:545} INFO - Filling up the DagBag from /opt/airflow/dags/qi_refresh_intl.py
[2025-11-03T09:53:57.265+0000] {processor.py:840} INFO - DAG(s) 'refresh_intl_dag' retrieved from /opt/airflow/dags/qi_refresh_intl.py
[2025-11-03T09:53:57.316+0000] {logging_mixin.py:188} INFO - [2025-11-03T09:53:57.315+0000] {dag.py:3089} INFO - Sync 1 DAGs
[2025-11-03T09:53:57.359+0000] {logging_mixin.py:188} INFO - [2025-11-03T09:53:57.359+0000] {dag.py:3947} INFO - Setting next_dagrun for refresh_intl_dag to 2025-10-31 19:30:00+00:00, run_after=2025-11-07 19:30:00+00:00
[2025-11-03T09:53:57.409+0000] {processor.py:183} INFO - Processing /opt/airflow/dags/qi_refresh_intl.py took 1.699 seconds
[2025-11-03T10:09:25.757+0000] {processor.py:161} INFO - Started process (PID=4696) to work on /opt/airflow/dags/qi_refresh_intl.py
[2025-11-03T10:09:25.758+0000] {processor.py:830} INFO - Processing file /opt/airflow/dags/qi_refresh_intl.py for tasks to queue
[2025-11-03T10:09:25.760+0000] {logging_mixin.py:188} INFO - [2025-11-03T10:09:25.759+0000] {dagbag.py:545} INFO - Filling up the DagBag from /opt/airflow/dags/qi_refresh_intl.py
[2025-11-03T10:09:26.267+0000] {processor.py:840} INFO - DAG(s) 'refresh_intl_dag' retrieved from /opt/airflow/dags/qi_refresh_intl.py
[2025-11-03T10:09:26.290+0000] {logging_mixin.py:188} INFO - [2025-11-03T10:09:26.290+0000] {dag.py:3089} INFO - Sync 1 DAGs
[2025-11-03T10:09:26.304+0000] {logging_mixin.py:188} INFO - [2025-11-03T10:09:26.304+0000] {dag.py:3947} INFO - Setting next_dagrun for refresh_intl_dag to 2025-10-31 19:30:00+00:00, run_after=2025-11-07 19:30:00+00:00
[2025-11-03T10:09:26.316+0000] {processor.py:183} INFO - Processing /opt/airflow/dags/qi_refresh_intl.py took 0.563 seconds
[2025-11-03T10:24:56.474+0000] {processor.py:161} INFO - Started process (PID=4699) to work on /opt/airflow/dags/qi_refresh_intl.py
[2025-11-03T10:24:56.476+0000] {processor.py:830} INFO - Processing file /opt/airflow/dags/qi_refresh_intl.py for tasks to queue
[2025-11-03T10:24:56.478+0000] {logging_mixin.py:188} INFO - [2025-11-03T10:24:56.478+0000] {dagbag.py:545} INFO - Filling up the DagBag from /opt/airflow/dags/qi_refresh_intl.py
[2025-11-03T10:24:57.556+0000] {processor.py:840} INFO - DAG(s) 'refresh_intl_dag' retrieved from /opt/airflow/dags/qi_refresh_intl.py
[2025-11-03T10:24:57.634+0000] {logging_mixin.py:188} INFO - [2025-11-03T10:24:57.634+0000] {dag.py:3089} INFO - Sync 1 DAGs
[2025-11-03T10:24:57.718+0000] {logging_mixin.py:188} INFO - [2025-11-03T10:24:57.717+0000] {dag.py:3947} INFO - Setting next_dagrun for refresh_intl_dag to 2025-10-31 19:30:00+00:00, run_after=2025-11-07 19:30:00+00:00
[2025-11-03T10:24:57.794+0000] {processor.py:183} INFO - Processing /opt/airflow/dags/qi_refresh_intl.py took 1.324 seconds
[2025-11-03T10:48:11.341+0000] {processor.py:161} INFO - Started process (PID=4702) to work on /opt/airflow/dags/qi_refresh_intl.py
[2025-11-03T10:48:11.344+0000] {processor.py:830} INFO - Processing file /opt/airflow/dags/qi_refresh_intl.py for tasks to queue
[2025-11-03T10:48:11.348+0000] {logging_mixin.py:188} INFO - [2025-11-03T10:48:11.348+0000] {dagbag.py:545} INFO - Filling up the DagBag from /opt/airflow/dags/qi_refresh_intl.py
[2025-11-03T10:48:13.755+0000] {processor.py:840} INFO - DAG(s) 'refresh_intl_dag' retrieved from /opt/airflow/dags/qi_refresh_intl.py
[2025-11-03T10:48:13.808+0000] {logging_mixin.py:188} INFO - [2025-11-03T10:48:13.807+0000] {dag.py:3089} INFO - Sync 1 DAGs
[2025-11-03T10:48:13.868+0000] {logging_mixin.py:188} INFO - [2025-11-03T10:48:13.867+0000] {dag.py:3947} INFO - Setting next_dagrun for refresh_intl_dag to 2025-10-31 19:30:00+00:00, run_after=2025-11-07 19:30:00+00:00
[2025-11-03T10:48:13.916+0000] {processor.py:183} INFO - Processing /opt/airflow/dags/qi_refresh_intl.py took 2.589 seconds
[2025-11-03T10:56:20.071+0000] {processor.py:161} INFO - Started process (PID=4705) to work on /opt/airflow/dags/qi_refresh_intl.py
[2025-11-03T10:56:20.073+0000] {processor.py:830} INFO - Processing file /opt/airflow/dags/qi_refresh_intl.py for tasks to queue
[2025-11-03T10:56:20.073+0000] {logging_mixin.py:188} INFO - [2025-11-03T10:56:20.073+0000] {dagbag.py:545} INFO - Filling up the DagBag from /opt/airflow/dags/qi_refresh_intl.py
[2025-11-03T10:56:20.763+0000] {processor.py:840} INFO - DAG(s) 'refresh_intl_dag' retrieved from /opt/airflow/dags/qi_refresh_intl.py
[2025-11-03T10:56:20.784+0000] {logging_mixin.py:188} INFO - [2025-11-03T10:56:20.784+0000] {dag.py:3089} INFO - Sync 1 DAGs
[2025-11-03T10:56:20.802+0000] {logging_mixin.py:188} INFO - [2025-11-03T10:56:20.801+0000] {dag.py:3947} INFO - Setting next_dagrun for refresh_intl_dag to 2025-10-31 19:30:00+00:00, run_after=2025-11-07 19:30:00+00:00
[2025-11-03T10:56:20.816+0000] {processor.py:183} INFO - Processing /opt/airflow/dags/qi_refresh_intl.py took 0.748 seconds
[2025-11-03T10:57:26.178+0000] {processor.py:161} INFO - Started process (PID=4708) to work on /opt/airflow/dags/qi_refresh_intl.py
[2025-11-03T10:57:26.179+0000] {processor.py:830} INFO - Processing file /opt/airflow/dags/qi_refresh_intl.py for tasks to queue
[2025-11-03T10:57:26.180+0000] {logging_mixin.py:188} INFO - [2025-11-03T10:57:26.180+0000] {dagbag.py:545} INFO - Filling up the DagBag from /opt/airflow/dags/qi_refresh_intl.py
[2025-11-03T10:57:26.696+0000] {processor.py:840} INFO - DAG(s) 'refresh_intl_dag' retrieved from /opt/airflow/dags/qi_refresh_intl.py
[2025-11-03T10:57:26.714+0000] {logging_mixin.py:188} INFO - [2025-11-03T10:57:26.714+0000] {dag.py:3089} INFO - Sync 1 DAGs
[2025-11-03T10:57:26.727+0000] {logging_mixin.py:188} INFO - [2025-11-03T10:57:26.727+0000] {dag.py:3947} INFO - Setting next_dagrun for refresh_intl_dag to 2025-10-31 19:30:00+00:00, run_after=2025-11-07 19:30:00+00:00
[2025-11-03T10:57:26.742+0000] {processor.py:183} INFO - Processing /opt/airflow/dags/qi_refresh_intl.py took 0.567 seconds
[2025-11-03T10:57:56.970+0000] {processor.py:161} INFO - Started process (PID=4711) to work on /opt/airflow/dags/qi_refresh_intl.py
[2025-11-03T10:57:56.970+0000] {processor.py:830} INFO - Processing file /opt/airflow/dags/qi_refresh_intl.py for tasks to queue
[2025-11-03T10:57:56.972+0000] {logging_mixin.py:188} INFO - [2025-11-03T10:57:56.971+0000] {dagbag.py:545} INFO - Filling up the DagBag from /opt/airflow/dags/qi_refresh_intl.py
[2025-11-03T10:57:57.499+0000] {processor.py:840} INFO - DAG(s) 'refresh_intl_dag' retrieved from /opt/airflow/dags/qi_refresh_intl.py
[2025-11-03T10:57:57.521+0000] {logging_mixin.py:188} INFO - [2025-11-03T10:57:57.521+0000] {dag.py:3089} INFO - Sync 1 DAGs
[2025-11-03T10:57:57.536+0000] {logging_mixin.py:188} INFO - [2025-11-03T10:57:57.536+0000] {dag.py:3947} INFO - Setting next_dagrun for refresh_intl_dag to 2025-10-31 19:30:00+00:00, run_after=2025-11-07 19:30:00+00:00
[2025-11-03T10:57:57.551+0000] {processor.py:183} INFO - Processing /opt/airflow/dags/qi_refresh_intl.py took 0.585 seconds
[2025-11-03T10:58:27.855+0000] {processor.py:161} INFO - Started process (PID=4714) to work on /opt/airflow/dags/qi_refresh_intl.py
[2025-11-03T10:58:27.856+0000] {processor.py:830} INFO - Processing file /opt/airflow/dags/qi_refresh_intl.py for tasks to queue
[2025-11-03T10:58:27.858+0000] {logging_mixin.py:188} INFO - [2025-11-03T10:58:27.857+0000] {dagbag.py:545} INFO - Filling up the DagBag from /opt/airflow/dags/qi_refresh_intl.py
[2025-11-03T10:58:28.346+0000] {processor.py:840} INFO - DAG(s) 'refresh_intl_dag' retrieved from /opt/airflow/dags/qi_refresh_intl.py
[2025-11-03T10:58:28.365+0000] {logging_mixin.py:188} INFO - [2025-11-03T10:58:28.365+0000] {dag.py:3089} INFO - Sync 1 DAGs
[2025-11-03T10:58:28.378+0000] {logging_mixin.py:188} INFO - [2025-11-03T10:58:28.378+0000] {dag.py:3947} INFO - Setting next_dagrun for refresh_intl_dag to 2025-10-31 19:30:00+00:00, run_after=2025-11-07 19:30:00+00:00
[2025-11-03T10:58:28.390+0000] {processor.py:183} INFO - Processing /opt/airflow/dags/qi_refresh_intl.py took 0.539 seconds
[2025-11-03T10:58:58.631+0000] {processor.py:161} INFO - Started process (PID=4717) to work on /opt/airflow/dags/qi_refresh_intl.py
[2025-11-03T10:58:58.632+0000] {processor.py:830} INFO - Processing file /opt/airflow/dags/qi_refresh_intl.py for tasks to queue
[2025-11-03T10:58:58.633+0000] {logging_mixin.py:188} INFO - [2025-11-03T10:58:58.633+0000] {dagbag.py:545} INFO - Filling up the DagBag from /opt/airflow/dags/qi_refresh_intl.py
[2025-11-03T10:58:59.186+0000] {processor.py:840} INFO - DAG(s) 'refresh_intl_dag' retrieved from /opt/airflow/dags/qi_refresh_intl.py
[2025-11-03T10:58:59.206+0000] {logging_mixin.py:188} INFO - [2025-11-03T10:58:59.206+0000] {dag.py:3089} INFO - Sync 1 DAGs
[2025-11-03T10:58:59.219+0000] {logging_mixin.py:188} INFO - [2025-11-03T10:58:59.219+0000] {dag.py:3947} INFO - Setting next_dagrun for refresh_intl_dag to 2025-10-31 19:30:00+00:00, run_after=2025-11-07 19:30:00+00:00
[2025-11-03T10:58:59.237+0000] {processor.py:183} INFO - Processing /opt/airflow/dags/qi_refresh_intl.py took 0.613 seconds
[2025-11-03T10:59:29.562+0000] {processor.py:161} INFO - Started process (PID=4720) to work on /opt/airflow/dags/qi_refresh_intl.py
[2025-11-03T10:59:29.563+0000] {processor.py:830} INFO - Processing file /opt/airflow/dags/qi_refresh_intl.py for tasks to queue
[2025-11-03T10:59:29.565+0000] {logging_mixin.py:188} INFO - [2025-11-03T10:59:29.564+0000] {dagbag.py:545} INFO - Filling up the DagBag from /opt/airflow/dags/qi_refresh_intl.py
[2025-11-03T10:59:30.071+0000] {processor.py:840} INFO - DAG(s) 'refresh_intl_dag' retrieved from /opt/airflow/dags/qi_refresh_intl.py
[2025-11-03T10:59:30.090+0000] {logging_mixin.py:188} INFO - [2025-11-03T10:59:30.090+0000] {dag.py:3089} INFO - Sync 1 DAGs
[2025-11-03T10:59:30.103+0000] {logging_mixin.py:188} INFO - [2025-11-03T10:59:30.103+0000] {dag.py:3947} INFO - Setting next_dagrun for refresh_intl_dag to 2025-10-31 19:30:00+00:00, run_after=2025-11-07 19:30:00+00:00
[2025-11-03T10:59:30.115+0000] {processor.py:183} INFO - Processing /opt/airflow/dags/qi_refresh_intl.py took 0.557 seconds
[2025-11-03T11:00:00.408+0000] {processor.py:161} INFO - Started process (PID=4723) to work on /opt/airflow/dags/qi_refresh_intl.py
[2025-11-03T11:00:00.408+0000] {processor.py:830} INFO - Processing file /opt/airflow/dags/qi_refresh_intl.py for tasks to queue
[2025-11-03T11:00:00.410+0000] {logging_mixin.py:188} INFO - [2025-11-03T11:00:00.409+0000] {dagbag.py:545} INFO - Filling up the DagBag from /opt/airflow/dags/qi_refresh_intl.py
[2025-11-03T11:00:00.952+0000] {processor.py:840} INFO - DAG(s) 'refresh_intl_dag' retrieved from /opt/airflow/dags/qi_refresh_intl.py
[2025-11-03T11:00:00.966+0000] {logging_mixin.py:188} INFO - [2025-11-03T11:00:00.966+0000] {dag.py:3089} INFO - Sync 1 DAGs
[2025-11-03T11:00:00.977+0000] {logging_mixin.py:188} INFO - [2025-11-03T11:00:00.977+0000] {dag.py:3947} INFO - Setting next_dagrun for refresh_intl_dag to 2025-10-31 19:30:00+00:00, run_after=2025-11-07 19:30:00+00:00
[2025-11-03T11:00:00.989+0000] {processor.py:183} INFO - Processing /opt/airflow/dags/qi_refresh_intl.py took 0.585 seconds
[2025-11-03T11:00:31.234+0000] {processor.py:161} INFO - Started process (PID=4726) to work on /opt/airflow/dags/qi_refresh_intl.py
[2025-11-03T11:00:31.235+0000] {processor.py:830} INFO - Processing file /opt/airflow/dags/qi_refresh_intl.py for tasks to queue
[2025-11-03T11:00:31.237+0000] {logging_mixin.py:188} INFO - [2025-11-03T11:00:31.236+0000] {dagbag.py:545} INFO - Filling up the DagBag from /opt/airflow/dags/qi_refresh_intl.py
[2025-11-03T11:00:31.744+0000] {processor.py:840} INFO - DAG(s) 'refresh_intl_dag' retrieved from /opt/airflow/dags/qi_refresh_intl.py
[2025-11-03T11:00:31.756+0000] {logging_mixin.py:188} INFO - [2025-11-03T11:00:31.756+0000] {dag.py:3089} INFO - Sync 1 DAGs
[2025-11-03T11:00:31.766+0000] {logging_mixin.py:188} INFO - [2025-11-03T11:00:31.766+0000] {dag.py:3947} INFO - Setting next_dagrun for refresh_intl_dag to 2025-10-31 19:30:00+00:00, run_after=2025-11-07 19:30:00+00:00
[2025-11-03T11:00:31.774+0000] {processor.py:183} INFO - Processing /opt/airflow/dags/qi_refresh_intl.py took 0.546 seconds
[2025-11-03T11:01:02.001+0000] {processor.py:161} INFO - Started process (PID=4729) to work on /opt/airflow/dags/qi_refresh_intl.py
[2025-11-03T11:01:02.003+0000] {processor.py:830} INFO - Processing file /opt/airflow/dags/qi_refresh_intl.py for tasks to queue
[2025-11-03T11:01:02.005+0000] {logging_mixin.py:188} INFO - [2025-11-03T11:01:02.005+0000] {dagbag.py:545} INFO - Filling up the DagBag from /opt/airflow/dags/qi_refresh_intl.py
[2025-11-03T11:01:02.515+0000] {processor.py:840} INFO - DAG(s) 'refresh_intl_dag' retrieved from /opt/airflow/dags/qi_refresh_intl.py
[2025-11-03T11:01:02.530+0000] {logging_mixin.py:188} INFO - [2025-11-03T11:01:02.530+0000] {dag.py:3089} INFO - Sync 1 DAGs
[2025-11-03T11:01:02.540+0000] {logging_mixin.py:188} INFO - [2025-11-03T11:01:02.540+0000] {dag.py:3947} INFO - Setting next_dagrun for refresh_intl_dag to 2025-10-31 19:30:00+00:00, run_after=2025-11-07 19:30:00+00:00
[2025-11-03T11:01:02.553+0000] {processor.py:183} INFO - Processing /opt/airflow/dags/qi_refresh_intl.py took 0.557 seconds
[2025-11-03T11:01:32.852+0000] {processor.py:161} INFO - Started process (PID=4732) to work on /opt/airflow/dags/qi_refresh_intl.py
[2025-11-03T11:01:32.853+0000] {processor.py:830} INFO - Processing file /opt/airflow/dags/qi_refresh_intl.py for tasks to queue
[2025-11-03T11:01:32.854+0000] {logging_mixin.py:188} INFO - [2025-11-03T11:01:32.854+0000] {dagbag.py:545} INFO - Filling up the DagBag from /opt/airflow/dags/qi_refresh_intl.py
[2025-11-03T11:01:33.377+0000] {processor.py:840} INFO - DAG(s) 'refresh_intl_dag' retrieved from /opt/airflow/dags/qi_refresh_intl.py
[2025-11-03T11:01:33.396+0000] {logging_mixin.py:188} INFO - [2025-11-03T11:01:33.396+0000] {dag.py:3089} INFO - Sync 1 DAGs
[2025-11-03T11:01:33.408+0000] {logging_mixin.py:188} INFO - [2025-11-03T11:01:33.407+0000] {dag.py:3947} INFO - Setting next_dagrun for refresh_intl_dag to 2025-10-31 19:30:00+00:00, run_after=2025-11-07 19:30:00+00:00
[2025-11-03T11:01:33.420+0000] {processor.py:183} INFO - Processing /opt/airflow/dags/qi_refresh_intl.py took 0.571 seconds
[2025-11-03T11:02:03.619+0000] {processor.py:161} INFO - Started process (PID=4735) to work on /opt/airflow/dags/qi_refresh_intl.py
[2025-11-03T11:02:03.621+0000] {processor.py:830} INFO - Processing file /opt/airflow/dags/qi_refresh_intl.py for tasks to queue
[2025-11-03T11:02:03.623+0000] {logging_mixin.py:188} INFO - [2025-11-03T11:02:03.622+0000] {dagbag.py:545} INFO - Filling up the DagBag from /opt/airflow/dags/qi_refresh_intl.py
[2025-11-03T11:02:04.169+0000] {processor.py:840} INFO - DAG(s) 'refresh_intl_dag' retrieved from /opt/airflow/dags/qi_refresh_intl.py
[2025-11-03T11:02:04.187+0000] {logging_mixin.py:188} INFO - [2025-11-03T11:02:04.187+0000] {dag.py:3089} INFO - Sync 1 DAGs
[2025-11-03T11:02:04.197+0000] {logging_mixin.py:188} INFO - [2025-11-03T11:02:04.197+0000] {dag.py:3947} INFO - Setting next_dagrun for refresh_intl_dag to 2025-10-31 19:30:00+00:00, run_after=2025-11-07 19:30:00+00:00
[2025-11-03T11:02:04.209+0000] {processor.py:183} INFO - Processing /opt/airflow/dags/qi_refresh_intl.py took 0.593 seconds
[2025-11-03T11:02:34.456+0000] {processor.py:161} INFO - Started process (PID=4738) to work on /opt/airflow/dags/qi_refresh_intl.py
[2025-11-03T11:02:34.457+0000] {processor.py:830} INFO - Processing file /opt/airflow/dags/qi_refresh_intl.py for tasks to queue
[2025-11-03T11:02:34.458+0000] {logging_mixin.py:188} INFO - [2025-11-03T11:02:34.458+0000] {dagbag.py:545} INFO - Filling up the DagBag from /opt/airflow/dags/qi_refresh_intl.py
[2025-11-03T11:02:34.957+0000] {processor.py:840} INFO - DAG(s) 'refresh_intl_dag' retrieved from /opt/airflow/dags/qi_refresh_intl.py
[2025-11-03T11:02:34.970+0000] {logging_mixin.py:188} INFO - [2025-11-03T11:02:34.970+0000] {dag.py:3089} INFO - Sync 1 DAGs
[2025-11-03T11:02:34.979+0000] {logging_mixin.py:188} INFO - [2025-11-03T11:02:34.979+0000] {dag.py:3947} INFO - Setting next_dagrun for refresh_intl_dag to 2025-10-31 19:30:00+00:00, run_after=2025-11-07 19:30:00+00:00
[2025-11-03T11:02:34.991+0000] {processor.py:183} INFO - Processing /opt/airflow/dags/qi_refresh_intl.py took 0.538 seconds
[2025-11-03T11:03:05.249+0000] {processor.py:161} INFO - Started process (PID=4741) to work on /opt/airflow/dags/qi_refresh_intl.py
[2025-11-03T11:03:05.250+0000] {processor.py:830} INFO - Processing file /opt/airflow/dags/qi_refresh_intl.py for tasks to queue
[2025-11-03T11:03:05.252+0000] {logging_mixin.py:188} INFO - [2025-11-03T11:03:05.251+0000] {dagbag.py:545} INFO - Filling up the DagBag from /opt/airflow/dags/qi_refresh_intl.py
[2025-11-03T11:03:05.767+0000] {processor.py:840} INFO - DAG(s) 'refresh_intl_dag' retrieved from /opt/airflow/dags/qi_refresh_intl.py
[2025-11-03T11:03:05.782+0000] {logging_mixin.py:188} INFO - [2025-11-03T11:03:05.782+0000] {dag.py:3089} INFO - Sync 1 DAGs
[2025-11-03T11:03:05.795+0000] {logging_mixin.py:188} INFO - [2025-11-03T11:03:05.795+0000] {dag.py:3947} INFO - Setting next_dagrun for refresh_intl_dag to 2025-10-31 19:30:00+00:00, run_after=2025-11-07 19:30:00+00:00
[2025-11-03T11:03:05.807+0000] {processor.py:183} INFO - Processing /opt/airflow/dags/qi_refresh_intl.py took 0.564 seconds
[2025-11-03T11:03:35.995+0000] {processor.py:161} INFO - Started process (PID=4744) to work on /opt/airflow/dags/qi_refresh_intl.py
[2025-11-03T11:03:35.996+0000] {processor.py:830} INFO - Processing file /opt/airflow/dags/qi_refresh_intl.py for tasks to queue
[2025-11-03T11:03:35.997+0000] {logging_mixin.py:188} INFO - [2025-11-03T11:03:35.997+0000] {dagbag.py:545} INFO - Filling up the DagBag from /opt/airflow/dags/qi_refresh_intl.py
[2025-11-03T11:03:36.511+0000] {processor.py:840} INFO - DAG(s) 'refresh_intl_dag' retrieved from /opt/airflow/dags/qi_refresh_intl.py
[2025-11-03T11:03:36.525+0000] {logging_mixin.py:188} INFO - [2025-11-03T11:03:36.525+0000] {dag.py:3089} INFO - Sync 1 DAGs
[2025-11-03T11:03:36.536+0000] {logging_mixin.py:188} INFO - [2025-11-03T11:03:36.536+0000] {dag.py:3947} INFO - Setting next_dagrun for refresh_intl_dag to 2025-10-31 19:30:00+00:00, run_after=2025-11-07 19:30:00+00:00
[2025-11-03T11:03:36.548+0000] {processor.py:183} INFO - Processing /opt/airflow/dags/qi_refresh_intl.py took 0.557 seconds
[2025-11-03T11:04:06.757+0000] {processor.py:161} INFO - Started process (PID=4747) to work on /opt/airflow/dags/qi_refresh_intl.py
[2025-11-03T11:04:06.758+0000] {processor.py:830} INFO - Processing file /opt/airflow/dags/qi_refresh_intl.py for tasks to queue
[2025-11-03T11:04:06.760+0000] {logging_mixin.py:188} INFO - [2025-11-03T11:04:06.760+0000] {dagbag.py:545} INFO - Filling up the DagBag from /opt/airflow/dags/qi_refresh_intl.py
[2025-11-03T11:04:07.332+0000] {processor.py:840} INFO - DAG(s) 'refresh_intl_dag' retrieved from /opt/airflow/dags/qi_refresh_intl.py
[2025-11-03T11:04:07.348+0000] {logging_mixin.py:188} INFO - [2025-11-03T11:04:07.347+0000] {dag.py:3089} INFO - Sync 1 DAGs
[2025-11-03T11:04:07.359+0000] {logging_mixin.py:188} INFO - [2025-11-03T11:04:07.359+0000] {dag.py:3947} INFO - Setting next_dagrun for refresh_intl_dag to 2025-10-31 19:30:00+00:00, run_after=2025-11-07 19:30:00+00:00
[2025-11-03T11:04:07.373+0000] {processor.py:183} INFO - Processing /opt/airflow/dags/qi_refresh_intl.py took 0.619 seconds
[2025-11-03T11:04:37.593+0000] {processor.py:161} INFO - Started process (PID=4750) to work on /opt/airflow/dags/qi_refresh_intl.py
[2025-11-03T11:04:37.593+0000] {processor.py:830} INFO - Processing file /opt/airflow/dags/qi_refresh_intl.py for tasks to queue
[2025-11-03T11:04:37.595+0000] {logging_mixin.py:188} INFO - [2025-11-03T11:04:37.595+0000] {dagbag.py:545} INFO - Filling up the DagBag from /opt/airflow/dags/qi_refresh_intl.py
[2025-11-03T11:04:38.116+0000] {processor.py:840} INFO - DAG(s) 'refresh_intl_dag' retrieved from /opt/airflow/dags/qi_refresh_intl.py
[2025-11-03T11:04:38.130+0000] {logging_mixin.py:188} INFO - [2025-11-03T11:04:38.130+0000] {dag.py:3089} INFO - Sync 1 DAGs
[2025-11-03T11:04:38.139+0000] {logging_mixin.py:188} INFO - [2025-11-03T11:04:38.139+0000] {dag.py:3947} INFO - Setting next_dagrun for refresh_intl_dag to 2025-10-31 19:30:00+00:00, run_after=2025-11-07 19:30:00+00:00
[2025-11-03T11:04:38.151+0000] {processor.py:183} INFO - Processing /opt/airflow/dags/qi_refresh_intl.py took 0.562 seconds
[2025-11-03T11:05:08.370+0000] {processor.py:161} INFO - Started process (PID=4753) to work on /opt/airflow/dags/qi_refresh_intl.py
[2025-11-03T11:05:08.371+0000] {processor.py:830} INFO - Processing file /opt/airflow/dags/qi_refresh_intl.py for tasks to queue
[2025-11-03T11:05:08.372+0000] {logging_mixin.py:188} INFO - [2025-11-03T11:05:08.372+0000] {dagbag.py:545} INFO - Filling up the DagBag from /opt/airflow/dags/qi_refresh_intl.py
[2025-11-03T11:05:08.893+0000] {processor.py:840} INFO - DAG(s) 'refresh_intl_dag' retrieved from /opt/airflow/dags/qi_refresh_intl.py
[2025-11-03T11:05:08.908+0000] {logging_mixin.py:188} INFO - [2025-11-03T11:05:08.908+0000] {dag.py:3089} INFO - Sync 1 DAGs
[2025-11-03T11:05:08.920+0000] {logging_mixin.py:188} INFO - [2025-11-03T11:05:08.919+0000] {dag.py:3947} INFO - Setting next_dagrun for refresh_intl_dag to 2025-10-31 19:30:00+00:00, run_after=2025-11-07 19:30:00+00:00
[2025-11-03T11:05:08.929+0000] {processor.py:183} INFO - Processing /opt/airflow/dags/qi_refresh_intl.py took 0.562 seconds
[2025-11-03T11:05:39.134+0000] {processor.py:161} INFO - Started process (PID=4756) to work on /opt/airflow/dags/qi_refresh_intl.py
[2025-11-03T11:05:39.135+0000] {processor.py:830} INFO - Processing file /opt/airflow/dags/qi_refresh_intl.py for tasks to queue
[2025-11-03T11:05:39.136+0000] {logging_mixin.py:188} INFO - [2025-11-03T11:05:39.136+0000] {dagbag.py:545} INFO - Filling up the DagBag from /opt/airflow/dags/qi_refresh_intl.py
[2025-11-03T11:05:39.681+0000] {processor.py:840} INFO - DAG(s) 'refresh_intl_dag' retrieved from /opt/airflow/dags/qi_refresh_intl.py
[2025-11-03T11:05:39.698+0000] {logging_mixin.py:188} INFO - [2025-11-03T11:05:39.698+0000] {dag.py:3089} INFO - Sync 1 DAGs
[2025-11-03T11:05:39.708+0000] {logging_mixin.py:188} INFO - [2025-11-03T11:05:39.708+0000] {dag.py:3947} INFO - Setting next_dagrun for refresh_intl_dag to 2025-10-31 19:30:00+00:00, run_after=2025-11-07 19:30:00+00:00
[2025-11-03T11:05:39.721+0000] {processor.py:183} INFO - Processing /opt/airflow/dags/qi_refresh_intl.py took 0.590 seconds
[2025-11-03T11:06:09.916+0000] {processor.py:161} INFO - Started process (PID=4759) to work on /opt/airflow/dags/qi_refresh_intl.py
[2025-11-03T11:06:09.917+0000] {processor.py:830} INFO - Processing file /opt/airflow/dags/qi_refresh_intl.py for tasks to queue
[2025-11-03T11:06:09.919+0000] {logging_mixin.py:188} INFO - [2025-11-03T11:06:09.919+0000] {dagbag.py:545} INFO - Filling up the DagBag from /opt/airflow/dags/qi_refresh_intl.py
[2025-11-03T11:06:10.443+0000] {processor.py:840} INFO - DAG(s) 'refresh_intl_dag' retrieved from /opt/airflow/dags/qi_refresh_intl.py
[2025-11-03T11:06:10.460+0000] {logging_mixin.py:188} INFO - [2025-11-03T11:06:10.460+0000] {dag.py:3089} INFO - Sync 1 DAGs
[2025-11-03T11:06:10.472+0000] {logging_mixin.py:188} INFO - [2025-11-03T11:06:10.472+0000] {dag.py:3947} INFO - Setting next_dagrun for refresh_intl_dag to 2025-10-31 19:30:00+00:00, run_after=2025-11-07 19:30:00+00:00
[2025-11-03T11:06:10.486+0000] {processor.py:183} INFO - Processing /opt/airflow/dags/qi_refresh_intl.py took 0.573 seconds
[2025-11-03T11:06:40.811+0000] {processor.py:161} INFO - Started process (PID=4762) to work on /opt/airflow/dags/qi_refresh_intl.py
[2025-11-03T11:06:40.812+0000] {processor.py:830} INFO - Processing file /opt/airflow/dags/qi_refresh_intl.py for tasks to queue
[2025-11-03T11:06:40.814+0000] {logging_mixin.py:188} INFO - [2025-11-03T11:06:40.814+0000] {dagbag.py:545} INFO - Filling up the DagBag from /opt/airflow/dags/qi_refresh_intl.py
[2025-11-03T11:06:41.376+0000] {processor.py:840} INFO - DAG(s) 'refresh_intl_dag' retrieved from /opt/airflow/dags/qi_refresh_intl.py
[2025-11-03T11:06:41.393+0000] {logging_mixin.py:188} INFO - [2025-11-03T11:06:41.392+0000] {dag.py:3089} INFO - Sync 1 DAGs
[2025-11-03T11:06:41.403+0000] {logging_mixin.py:188} INFO - [2025-11-03T11:06:41.403+0000] {dag.py:3947} INFO - Setting next_dagrun for refresh_intl_dag to 2025-10-31 19:30:00+00:00, run_after=2025-11-07 19:30:00+00:00
[2025-11-03T11:06:41.413+0000] {processor.py:183} INFO - Processing /opt/airflow/dags/qi_refresh_intl.py took 0.609 seconds
[2025-11-03T11:07:11.677+0000] {processor.py:161} INFO - Started process (PID=4765) to work on /opt/airflow/dags/qi_refresh_intl.py
[2025-11-03T11:07:11.679+0000] {processor.py:830} INFO - Processing file /opt/airflow/dags/qi_refresh_intl.py for tasks to queue
[2025-11-03T11:07:11.681+0000] {logging_mixin.py:188} INFO - [2025-11-03T11:07:11.681+0000] {dagbag.py:545} INFO - Filling up the DagBag from /opt/airflow/dags/qi_refresh_intl.py
[2025-11-03T11:07:12.195+0000] {processor.py:840} INFO - DAG(s) 'refresh_intl_dag' retrieved from /opt/airflow/dags/qi_refresh_intl.py
[2025-11-03T11:07:12.210+0000] {logging_mixin.py:188} INFO - [2025-11-03T11:07:12.209+0000] {dag.py:3089} INFO - Sync 1 DAGs
[2025-11-03T11:07:12.220+0000] {logging_mixin.py:188} INFO - [2025-11-03T11:07:12.220+0000] {dag.py:3947} INFO - Setting next_dagrun for refresh_intl_dag to 2025-10-31 19:30:00+00:00, run_after=2025-11-07 19:30:00+00:00
[2025-11-03T11:07:12.231+0000] {processor.py:183} INFO - Processing /opt/airflow/dags/qi_refresh_intl.py took 0.563 seconds
[2025-11-03T11:07:42.492+0000] {processor.py:161} INFO - Started process (PID=4768) to work on /opt/airflow/dags/qi_refresh_intl.py
[2025-11-03T11:07:42.493+0000] {processor.py:830} INFO - Processing file /opt/airflow/dags/qi_refresh_intl.py for tasks to queue
[2025-11-03T11:07:42.494+0000] {logging_mixin.py:188} INFO - [2025-11-03T11:07:42.494+0000] {dagbag.py:545} INFO - Filling up the DagBag from /opt/airflow/dags/qi_refresh_intl.py
[2025-11-03T11:07:43.009+0000] {processor.py:840} INFO - DAG(s) 'refresh_intl_dag' retrieved from /opt/airflow/dags/qi_refresh_intl.py
[2025-11-03T11:07:43.022+0000] {logging_mixin.py:188} INFO - [2025-11-03T11:07:43.022+0000] {dag.py:3089} INFO - Sync 1 DAGs
[2025-11-03T11:07:43.033+0000] {logging_mixin.py:188} INFO - [2025-11-03T11:07:43.033+0000] {dag.py:3947} INFO - Setting next_dagrun for refresh_intl_dag to 2025-10-31 19:30:00+00:00, run_after=2025-11-07 19:30:00+00:00
[2025-11-03T11:07:43.042+0000] {processor.py:183} INFO - Processing /opt/airflow/dags/qi_refresh_intl.py took 0.554 seconds
[2025-11-03T11:08:13.264+0000] {processor.py:161} INFO - Started process (PID=4771) to work on /opt/airflow/dags/qi_refresh_intl.py
[2025-11-03T11:08:13.265+0000] {processor.py:830} INFO - Processing file /opt/airflow/dags/qi_refresh_intl.py for tasks to queue
[2025-11-03T11:08:13.266+0000] {logging_mixin.py:188} INFO - [2025-11-03T11:08:13.266+0000] {dagbag.py:545} INFO - Filling up the DagBag from /opt/airflow/dags/qi_refresh_intl.py
[2025-11-03T11:08:13.761+0000] {processor.py:840} INFO - DAG(s) 'refresh_intl_dag' retrieved from /opt/airflow/dags/qi_refresh_intl.py
[2025-11-03T11:08:13.775+0000] {logging_mixin.py:188} INFO - [2025-11-03T11:08:13.775+0000] {dag.py:3089} INFO - Sync 1 DAGs
[2025-11-03T11:08:13.784+0000] {logging_mixin.py:188} INFO - [2025-11-03T11:08:13.784+0000] {dag.py:3947} INFO - Setting next_dagrun for refresh_intl_dag to 2025-10-31 19:30:00+00:00, run_after=2025-11-07 19:30:00+00:00
[2025-11-03T11:08:13.795+0000] {processor.py:183} INFO - Processing /opt/airflow/dags/qi_refresh_intl.py took 0.536 seconds
[2025-11-03T11:08:44.030+0000] {processor.py:161} INFO - Started process (PID=4774) to work on /opt/airflow/dags/qi_refresh_intl.py
[2025-11-03T11:08:44.031+0000] {processor.py:830} INFO - Processing file /opt/airflow/dags/qi_refresh_intl.py for tasks to queue
[2025-11-03T11:08:44.032+0000] {logging_mixin.py:188} INFO - [2025-11-03T11:08:44.032+0000] {dagbag.py:545} INFO - Filling up the DagBag from /opt/airflow/dags/qi_refresh_intl.py
[2025-11-03T11:08:44.527+0000] {processor.py:840} INFO - DAG(s) 'refresh_intl_dag' retrieved from /opt/airflow/dags/qi_refresh_intl.py
[2025-11-03T11:08:44.541+0000] {logging_mixin.py:188} INFO - [2025-11-03T11:08:44.541+0000] {dag.py:3089} INFO - Sync 1 DAGs
[2025-11-03T11:08:44.551+0000] {logging_mixin.py:188} INFO - [2025-11-03T11:08:44.551+0000] {dag.py:3947} INFO - Setting next_dagrun for refresh_intl_dag to 2025-10-31 19:30:00+00:00, run_after=2025-11-07 19:30:00+00:00
[2025-11-03T11:08:44.562+0000] {processor.py:183} INFO - Processing /opt/airflow/dags/qi_refresh_intl.py took 0.539 seconds
