[2025-11-03T00:00:58.430+0000] {processor.py:161} INFO - Started process (PID=4592) to work on /opt/airflow/dags/qi_refresh_us.py
[2025-11-03T00:00:58.430+0000] {processor.py:830} INFO - Processing file /opt/airflow/dags/qi_refresh_us.py for tasks to queue
[2025-11-03T00:00:58.431+0000] {logging_mixin.py:188} INFO - [2025-11-03T00:00:58.431+0000] {dagbag.py:545} INFO - Filling up the DagBag from /opt/airflow/dags/qi_refresh_us.py
[2025-11-03T00:00:58.922+0000] {processor.py:840} INFO - DAG(s) 'refresh_us_dag' retrieved from /opt/airflow/dags/qi_refresh_us.py
[2025-11-03T00:00:58.936+0000] {logging_mixin.py:188} INFO - [2025-11-03T00:00:58.936+0000] {dag.py:3089} INFO - Sync 1 DAGs
[2025-11-03T00:00:58.945+0000] {logging_mixin.py:188} INFO - [2025-11-03T00:00:58.945+0000] {dag.py:3947} INFO - Setting next_dagrun for refresh_us_dag to 2025-10-31 19:30:00+00:00, run_after=2025-11-07 19:30:00+00:00
[2025-11-03T00:00:58.955+0000] {processor.py:183} INFO - Processing /opt/airflow/dags/qi_refresh_us.py took 0.528 seconds
[2025-11-03T00:14:49.349+0000] {processor.py:161} INFO - Started process (PID=4595) to work on /opt/airflow/dags/qi_refresh_us.py
[2025-11-03T00:14:49.350+0000] {processor.py:830} INFO - Processing file /opt/airflow/dags/qi_refresh_us.py for tasks to queue
[2025-11-03T00:14:49.351+0000] {logging_mixin.py:188} INFO - [2025-11-03T00:14:49.351+0000] {dagbag.py:545} INFO - Filling up the DagBag from /opt/airflow/dags/qi_refresh_us.py
[2025-11-03T00:14:49.841+0000] {processor.py:840} INFO - DAG(s) 'refresh_us_dag' retrieved from /opt/airflow/dags/qi_refresh_us.py
[2025-11-03T00:14:49.855+0000] {logging_mixin.py:188} INFO - [2025-11-03T00:14:49.855+0000] {dag.py:3089} INFO - Sync 1 DAGs
[2025-11-03T00:14:49.865+0000] {logging_mixin.py:188} INFO - [2025-11-03T00:14:49.865+0000] {dag.py:3947} INFO - Setting next_dagrun for refresh_us_dag to 2025-10-31 19:30:00+00:00, run_after=2025-11-07 19:30:00+00:00
[2025-11-03T00:14:49.875+0000] {processor.py:183} INFO - Processing /opt/airflow/dags/qi_refresh_us.py took 0.528 seconds
[2025-11-03T00:22:20.437+0000] {processor.py:161} INFO - Started process (PID=4598) to work on /opt/airflow/dags/qi_refresh_us.py
[2025-11-03T00:22:20.438+0000] {processor.py:830} INFO - Processing file /opt/airflow/dags/qi_refresh_us.py for tasks to queue
[2025-11-03T00:22:20.440+0000] {logging_mixin.py:188} INFO - [2025-11-03T00:22:20.439+0000] {dagbag.py:545} INFO - Filling up the DagBag from /opt/airflow/dags/qi_refresh_us.py
[2025-11-03T00:22:20.944+0000] {processor.py:840} INFO - DAG(s) 'refresh_us_dag' retrieved from /opt/airflow/dags/qi_refresh_us.py
[2025-11-03T00:22:20.961+0000] {logging_mixin.py:188} INFO - [2025-11-03T00:22:20.961+0000] {dag.py:3089} INFO - Sync 1 DAGs
[2025-11-03T00:22:20.971+0000] {logging_mixin.py:188} INFO - [2025-11-03T00:22:20.971+0000] {dag.py:3947} INFO - Setting next_dagrun for refresh_us_dag to 2025-10-31 19:30:00+00:00, run_after=2025-11-07 19:30:00+00:00
[2025-11-03T00:22:20.982+0000] {processor.py:183} INFO - Processing /opt/airflow/dags/qi_refresh_us.py took 0.547 seconds
[2025-11-03T00:28:23.500+0000] {processor.py:161} INFO - Started process (PID=4601) to work on /opt/airflow/dags/qi_refresh_us.py
[2025-11-03T00:28:23.501+0000] {processor.py:830} INFO - Processing file /opt/airflow/dags/qi_refresh_us.py for tasks to queue
[2025-11-03T00:28:23.502+0000] {logging_mixin.py:188} INFO - [2025-11-03T00:28:23.502+0000] {dagbag.py:545} INFO - Filling up the DagBag from /opt/airflow/dags/qi_refresh_us.py
[2025-11-03T00:28:23.981+0000] {processor.py:840} INFO - DAG(s) 'refresh_us_dag' retrieved from /opt/airflow/dags/qi_refresh_us.py
[2025-11-03T00:28:23.996+0000] {logging_mixin.py:188} INFO - [2025-11-03T00:28:23.996+0000] {dag.py:3089} INFO - Sync 1 DAGs
[2025-11-03T00:28:24.005+0000] {logging_mixin.py:188} INFO - [2025-11-03T00:28:24.005+0000] {dag.py:3947} INFO - Setting next_dagrun for refresh_us_dag to 2025-10-31 19:30:00+00:00, run_after=2025-11-07 19:30:00+00:00
[2025-11-03T00:28:24.015+0000] {processor.py:183} INFO - Processing /opt/airflow/dags/qi_refresh_us.py took 0.518 seconds
[2025-11-03T00:42:40.759+0000] {processor.py:161} INFO - Started process (PID=4604) to work on /opt/airflow/dags/qi_refresh_us.py
[2025-11-03T00:42:40.759+0000] {processor.py:830} INFO - Processing file /opt/airflow/dags/qi_refresh_us.py for tasks to queue
[2025-11-03T00:42:40.760+0000] {logging_mixin.py:188} INFO - [2025-11-03T00:42:40.760+0000] {dagbag.py:545} INFO - Filling up the DagBag from /opt/airflow/dags/qi_refresh_us.py
[2025-11-03T00:42:41.385+0000] {processor.py:840} INFO - DAG(s) 'refresh_us_dag' retrieved from /opt/airflow/dags/qi_refresh_us.py
[2025-11-03T00:42:41.401+0000] {logging_mixin.py:188} INFO - [2025-11-03T00:42:41.401+0000] {dag.py:3089} INFO - Sync 1 DAGs
[2025-11-03T00:42:41.411+0000] {logging_mixin.py:188} INFO - [2025-11-03T00:42:41.411+0000] {dag.py:3947} INFO - Setting next_dagrun for refresh_us_dag to 2025-10-31 19:30:00+00:00, run_after=2025-11-07 19:30:00+00:00
[2025-11-03T00:42:41.423+0000] {processor.py:183} INFO - Processing /opt/airflow/dags/qi_refresh_us.py took 0.668 seconds
[2025-11-03T00:44:17.706+0000] {processor.py:161} INFO - Started process (PID=4607) to work on /opt/airflow/dags/qi_refresh_us.py
[2025-11-03T00:44:17.707+0000] {processor.py:830} INFO - Processing file /opt/airflow/dags/qi_refresh_us.py for tasks to queue
[2025-11-03T00:44:17.709+0000] {logging_mixin.py:188} INFO - [2025-11-03T00:44:17.708+0000] {dagbag.py:545} INFO - Filling up the DagBag from /opt/airflow/dags/qi_refresh_us.py
[2025-11-03T00:44:18.337+0000] {processor.py:840} INFO - DAG(s) 'refresh_us_dag' retrieved from /opt/airflow/dags/qi_refresh_us.py
[2025-11-03T00:44:18.352+0000] {logging_mixin.py:188} INFO - [2025-11-03T00:44:18.352+0000] {dag.py:3089} INFO - Sync 1 DAGs
[2025-11-03T00:44:18.361+0000] {logging_mixin.py:188} INFO - [2025-11-03T00:44:18.361+0000] {dag.py:3947} INFO - Setting next_dagrun for refresh_us_dag to 2025-10-31 19:30:00+00:00, run_after=2025-11-07 19:30:00+00:00
[2025-11-03T00:44:18.372+0000] {processor.py:183} INFO - Processing /opt/airflow/dags/qi_refresh_us.py took 0.671 seconds
[2025-11-03T01:00:42.789+0000] {processor.py:161} INFO - Started process (PID=4610) to work on /opt/airflow/dags/qi_refresh_us.py
[2025-11-03T01:00:42.791+0000] {processor.py:830} INFO - Processing file /opt/airflow/dags/qi_refresh_us.py for tasks to queue
[2025-11-03T01:00:42.792+0000] {logging_mixin.py:188} INFO - [2025-11-03T01:00:42.792+0000] {dagbag.py:545} INFO - Filling up the DagBag from /opt/airflow/dags/qi_refresh_us.py
[2025-11-03T01:00:43.279+0000] {processor.py:840} INFO - DAG(s) 'refresh_us_dag' retrieved from /opt/airflow/dags/qi_refresh_us.py
[2025-11-03T01:00:43.292+0000] {logging_mixin.py:188} INFO - [2025-11-03T01:00:43.292+0000] {dag.py:3089} INFO - Sync 1 DAGs
[2025-11-03T01:00:43.303+0000] {logging_mixin.py:188} INFO - [2025-11-03T01:00:43.302+0000] {dag.py:3947} INFO - Setting next_dagrun for refresh_us_dag to 2025-10-31 19:30:00+00:00, run_after=2025-11-07 19:30:00+00:00
[2025-11-03T01:00:43.314+0000] {processor.py:183} INFO - Processing /opt/airflow/dags/qi_refresh_us.py took 0.527 seconds
[2025-11-03T01:16:18.008+0000] {processor.py:161} INFO - Started process (PID=4613) to work on /opt/airflow/dags/qi_refresh_us.py
[2025-11-03T01:16:18.010+0000] {processor.py:830} INFO - Processing file /opt/airflow/dags/qi_refresh_us.py for tasks to queue
[2025-11-03T01:16:18.011+0000] {logging_mixin.py:188} INFO - [2025-11-03T01:16:18.010+0000] {dagbag.py:545} INFO - Filling up the DagBag from /opt/airflow/dags/qi_refresh_us.py
[2025-11-03T01:16:18.504+0000] {processor.py:840} INFO - DAG(s) 'refresh_us_dag' retrieved from /opt/airflow/dags/qi_refresh_us.py
[2025-11-03T01:16:18.519+0000] {logging_mixin.py:188} INFO - [2025-11-03T01:16:18.519+0000] {dag.py:3089} INFO - Sync 1 DAGs
[2025-11-03T01:16:18.528+0000] {logging_mixin.py:188} INFO - [2025-11-03T01:16:18.528+0000] {dag.py:3947} INFO - Setting next_dagrun for refresh_us_dag to 2025-10-31 19:30:00+00:00, run_after=2025-11-07 19:30:00+00:00
[2025-11-03T01:16:18.539+0000] {processor.py:183} INFO - Processing /opt/airflow/dags/qi_refresh_us.py took 0.534 seconds
[2025-11-03T01:31:47.772+0000] {processor.py:161} INFO - Started process (PID=4616) to work on /opt/airflow/dags/qi_refresh_us.py
[2025-11-03T01:31:47.772+0000] {processor.py:830} INFO - Processing file /opt/airflow/dags/qi_refresh_us.py for tasks to queue
[2025-11-03T01:31:47.774+0000] {logging_mixin.py:188} INFO - [2025-11-03T01:31:47.774+0000] {dagbag.py:545} INFO - Filling up the DagBag from /opt/airflow/dags/qi_refresh_us.py
[2025-11-03T01:31:48.284+0000] {processor.py:840} INFO - DAG(s) 'refresh_us_dag' retrieved from /opt/airflow/dags/qi_refresh_us.py
[2025-11-03T01:31:48.302+0000] {logging_mixin.py:188} INFO - [2025-11-03T01:31:48.302+0000] {dag.py:3089} INFO - Sync 1 DAGs
[2025-11-03T01:31:48.313+0000] {logging_mixin.py:188} INFO - [2025-11-03T01:31:48.313+0000] {dag.py:3947} INFO - Setting next_dagrun for refresh_us_dag to 2025-10-31 19:30:00+00:00, run_after=2025-11-07 19:30:00+00:00
[2025-11-03T01:31:48.326+0000] {processor.py:183} INFO - Processing /opt/airflow/dags/qi_refresh_us.py took 0.558 seconds
[2025-11-03T01:47:18.334+0000] {processor.py:161} INFO - Started process (PID=4619) to work on /opt/airflow/dags/qi_refresh_us.py
[2025-11-03T01:47:18.334+0000] {processor.py:830} INFO - Processing file /opt/airflow/dags/qi_refresh_us.py for tasks to queue
[2025-11-03T01:47:18.335+0000] {logging_mixin.py:188} INFO - [2025-11-03T01:47:18.335+0000] {dagbag.py:545} INFO - Filling up the DagBag from /opt/airflow/dags/qi_refresh_us.py
[2025-11-03T01:47:18.828+0000] {processor.py:840} INFO - DAG(s) 'refresh_us_dag' retrieved from /opt/airflow/dags/qi_refresh_us.py
[2025-11-03T01:47:18.844+0000] {logging_mixin.py:188} INFO - [2025-11-03T01:47:18.844+0000] {dag.py:3089} INFO - Sync 1 DAGs
[2025-11-03T01:47:18.854+0000] {logging_mixin.py:188} INFO - [2025-11-03T01:47:18.854+0000] {dag.py:3947} INFO - Setting next_dagrun for refresh_us_dag to 2025-10-31 19:30:00+00:00, run_after=2025-11-07 19:30:00+00:00
[2025-11-03T01:47:18.867+0000] {processor.py:183} INFO - Processing /opt/airflow/dags/qi_refresh_us.py took 0.536 seconds
[2025-11-03T02:17:21.609+0000] {processor.py:161} INFO - Started process (PID=4622) to work on /opt/airflow/dags/qi_refresh_us.py
[2025-11-03T02:17:21.610+0000] {processor.py:830} INFO - Processing file /opt/airflow/dags/qi_refresh_us.py for tasks to queue
[2025-11-03T02:17:21.611+0000] {logging_mixin.py:188} INFO - [2025-11-03T02:17:21.611+0000] {dagbag.py:545} INFO - Filling up the DagBag from /opt/airflow/dags/qi_refresh_us.py
[2025-11-03T02:17:22.102+0000] {processor.py:840} INFO - DAG(s) 'refresh_us_dag' retrieved from /opt/airflow/dags/qi_refresh_us.py
[2025-11-03T02:17:22.118+0000] {logging_mixin.py:188} INFO - [2025-11-03T02:17:22.118+0000] {dag.py:3089} INFO - Sync 1 DAGs
[2025-11-03T02:17:22.129+0000] {logging_mixin.py:188} INFO - [2025-11-03T02:17:22.128+0000] {dag.py:3947} INFO - Setting next_dagrun for refresh_us_dag to 2025-10-31 19:30:00+00:00, run_after=2025-11-07 19:30:00+00:00
[2025-11-03T02:17:22.138+0000] {processor.py:183} INFO - Processing /opt/airflow/dags/qi_refresh_us.py took 0.532 seconds
[2025-11-03T02:32:52.372+0000] {processor.py:161} INFO - Started process (PID=4625) to work on /opt/airflow/dags/qi_refresh_us.py
[2025-11-03T02:32:52.372+0000] {processor.py:830} INFO - Processing file /opt/airflow/dags/qi_refresh_us.py for tasks to queue
[2025-11-03T02:32:52.374+0000] {logging_mixin.py:188} INFO - [2025-11-03T02:32:52.374+0000] {dagbag.py:545} INFO - Filling up the DagBag from /opt/airflow/dags/qi_refresh_us.py
[2025-11-03T02:32:52.865+0000] {processor.py:840} INFO - DAG(s) 'refresh_us_dag' retrieved from /opt/airflow/dags/qi_refresh_us.py
[2025-11-03T02:32:52.879+0000] {logging_mixin.py:188} INFO - [2025-11-03T02:32:52.879+0000] {dag.py:3089} INFO - Sync 1 DAGs
[2025-11-03T02:32:52.890+0000] {logging_mixin.py:188} INFO - [2025-11-03T02:32:52.889+0000] {dag.py:3947} INFO - Setting next_dagrun for refresh_us_dag to 2025-10-31 19:30:00+00:00, run_after=2025-11-07 19:30:00+00:00
[2025-11-03T02:32:52.903+0000] {processor.py:183} INFO - Processing /opt/airflow/dags/qi_refresh_us.py took 0.534 seconds
[2025-11-03T02:48:22.599+0000] {processor.py:161} INFO - Started process (PID=4628) to work on /opt/airflow/dags/qi_refresh_us.py
[2025-11-03T02:48:22.600+0000] {processor.py:830} INFO - Processing file /opt/airflow/dags/qi_refresh_us.py for tasks to queue
[2025-11-03T02:48:22.601+0000] {logging_mixin.py:188} INFO - [2025-11-03T02:48:22.601+0000] {dagbag.py:545} INFO - Filling up the DagBag from /opt/airflow/dags/qi_refresh_us.py
[2025-11-03T02:48:23.090+0000] {processor.py:840} INFO - DAG(s) 'refresh_us_dag' retrieved from /opt/airflow/dags/qi_refresh_us.py
[2025-11-03T02:48:23.103+0000] {logging_mixin.py:188} INFO - [2025-11-03T02:48:23.102+0000] {dag.py:3089} INFO - Sync 1 DAGs
[2025-11-03T02:48:23.112+0000] {logging_mixin.py:188} INFO - [2025-11-03T02:48:23.112+0000] {dag.py:3947} INFO - Setting next_dagrun for refresh_us_dag to 2025-10-31 19:30:00+00:00, run_after=2025-11-07 19:30:00+00:00
[2025-11-03T02:48:23.120+0000] {processor.py:183} INFO - Processing /opt/airflow/dags/qi_refresh_us.py took 0.524 seconds
[2025-11-03T03:18:23.988+0000] {processor.py:161} INFO - Started process (PID=4631) to work on /opt/airflow/dags/qi_refresh_us.py
[2025-11-03T03:18:23.988+0000] {processor.py:830} INFO - Processing file /opt/airflow/dags/qi_refresh_us.py for tasks to queue
[2025-11-03T03:18:23.990+0000] {logging_mixin.py:188} INFO - [2025-11-03T03:18:23.990+0000] {dagbag.py:545} INFO - Filling up the DagBag from /opt/airflow/dags/qi_refresh_us.py
[2025-11-03T03:18:24.487+0000] {processor.py:840} INFO - DAG(s) 'refresh_us_dag' retrieved from /opt/airflow/dags/qi_refresh_us.py
[2025-11-03T03:18:24.502+0000] {logging_mixin.py:188} INFO - [2025-11-03T03:18:24.502+0000] {dag.py:3089} INFO - Sync 1 DAGs
[2025-11-03T03:18:24.512+0000] {logging_mixin.py:188} INFO - [2025-11-03T03:18:24.512+0000] {dag.py:3947} INFO - Setting next_dagrun for refresh_us_dag to 2025-10-31 19:30:00+00:00, run_after=2025-11-07 19:30:00+00:00
[2025-11-03T03:18:24.524+0000] {processor.py:183} INFO - Processing /opt/airflow/dags/qi_refresh_us.py took 0.539 seconds
[2025-11-03T03:38:14.752+0000] {processor.py:161} INFO - Started process (PID=4634) to work on /opt/airflow/dags/qi_refresh_us.py
[2025-11-03T03:38:14.752+0000] {processor.py:830} INFO - Processing file /opt/airflow/dags/qi_refresh_us.py for tasks to queue
[2025-11-03T03:38:14.753+0000] {logging_mixin.py:188} INFO - [2025-11-03T03:38:14.753+0000] {dagbag.py:545} INFO - Filling up the DagBag from /opt/airflow/dags/qi_refresh_us.py
[2025-11-03T03:38:15.231+0000] {processor.py:840} INFO - DAG(s) 'refresh_us_dag' retrieved from /opt/airflow/dags/qi_refresh_us.py
[2025-11-03T03:38:15.244+0000] {logging_mixin.py:188} INFO - [2025-11-03T03:38:15.244+0000] {dag.py:3089} INFO - Sync 1 DAGs
[2025-11-03T03:38:15.253+0000] {logging_mixin.py:188} INFO - [2025-11-03T03:38:15.253+0000] {dag.py:3947} INFO - Setting next_dagrun for refresh_us_dag to 2025-10-31 19:30:00+00:00, run_after=2025-11-07 19:30:00+00:00
[2025-11-03T03:38:15.264+0000] {processor.py:183} INFO - Processing /opt/airflow/dags/qi_refresh_us.py took 0.515 seconds
[2025-11-03T04:03:30.472+0000] {processor.py:161} INFO - Started process (PID=4637) to work on /opt/airflow/dags/qi_refresh_us.py
[2025-11-03T04:03:30.472+0000] {processor.py:830} INFO - Processing file /opt/airflow/dags/qi_refresh_us.py for tasks to queue
[2025-11-03T04:03:30.474+0000] {logging_mixin.py:188} INFO - [2025-11-03T04:03:30.474+0000] {dagbag.py:545} INFO - Filling up the DagBag from /opt/airflow/dags/qi_refresh_us.py
[2025-11-03T04:03:30.976+0000] {processor.py:840} INFO - DAG(s) 'refresh_us_dag' retrieved from /opt/airflow/dags/qi_refresh_us.py
[2025-11-03T04:03:30.990+0000] {logging_mixin.py:188} INFO - [2025-11-03T04:03:30.989+0000] {dag.py:3089} INFO - Sync 1 DAGs
[2025-11-03T04:03:30.999+0000] {logging_mixin.py:188} INFO - [2025-11-03T04:03:30.999+0000] {dag.py:3947} INFO - Setting next_dagrun for refresh_us_dag to 2025-10-31 19:30:00+00:00, run_after=2025-11-07 19:30:00+00:00
[2025-11-03T04:03:31.009+0000] {processor.py:183} INFO - Processing /opt/airflow/dags/qi_refresh_us.py took 0.540 seconds
[2025-11-03T04:19:01.340+0000] {processor.py:161} INFO - Started process (PID=4640) to work on /opt/airflow/dags/qi_refresh_us.py
[2025-11-03T04:19:01.342+0000] {processor.py:830} INFO - Processing file /opt/airflow/dags/qi_refresh_us.py for tasks to queue
[2025-11-03T04:19:01.342+0000] {logging_mixin.py:188} INFO - [2025-11-03T04:19:01.342+0000] {dagbag.py:545} INFO - Filling up the DagBag from /opt/airflow/dags/qi_refresh_us.py
[2025-11-03T04:19:01.825+0000] {processor.py:840} INFO - DAG(s) 'refresh_us_dag' retrieved from /opt/airflow/dags/qi_refresh_us.py
[2025-11-03T04:19:01.839+0000] {logging_mixin.py:188} INFO - [2025-11-03T04:19:01.839+0000] {dag.py:3089} INFO - Sync 1 DAGs
[2025-11-03T04:19:01.849+0000] {logging_mixin.py:188} INFO - [2025-11-03T04:19:01.849+0000] {dag.py:3947} INFO - Setting next_dagrun for refresh_us_dag to 2025-10-31 19:30:00+00:00, run_after=2025-11-07 19:30:00+00:00
[2025-11-03T04:19:01.859+0000] {processor.py:183} INFO - Processing /opt/airflow/dags/qi_refresh_us.py took 0.522 seconds
[2025-11-03T04:34:31.739+0000] {processor.py:161} INFO - Started process (PID=4643) to work on /opt/airflow/dags/qi_refresh_us.py
[2025-11-03T04:34:31.739+0000] {processor.py:830} INFO - Processing file /opt/airflow/dags/qi_refresh_us.py for tasks to queue
[2025-11-03T04:34:31.741+0000] {logging_mixin.py:188} INFO - [2025-11-03T04:34:31.741+0000] {dagbag.py:545} INFO - Filling up the DagBag from /opt/airflow/dags/qi_refresh_us.py
[2025-11-03T04:34:32.235+0000] {processor.py:840} INFO - DAG(s) 'refresh_us_dag' retrieved from /opt/airflow/dags/qi_refresh_us.py
[2025-11-03T04:34:32.248+0000] {logging_mixin.py:188} INFO - [2025-11-03T04:34:32.248+0000] {dag.py:3089} INFO - Sync 1 DAGs
[2025-11-03T04:34:32.257+0000] {logging_mixin.py:188} INFO - [2025-11-03T04:34:32.257+0000] {dag.py:3947} INFO - Setting next_dagrun for refresh_us_dag to 2025-10-31 19:30:00+00:00, run_after=2025-11-07 19:30:00+00:00
[2025-11-03T04:34:32.266+0000] {processor.py:183} INFO - Processing /opt/airflow/dags/qi_refresh_us.py took 0.530 seconds
[2025-11-03T04:50:01.926+0000] {processor.py:161} INFO - Started process (PID=4646) to work on /opt/airflow/dags/qi_refresh_us.py
[2025-11-03T04:50:01.927+0000] {processor.py:830} INFO - Processing file /opt/airflow/dags/qi_refresh_us.py for tasks to queue
[2025-11-03T04:50:01.928+0000] {logging_mixin.py:188} INFO - [2025-11-03T04:50:01.928+0000] {dagbag.py:545} INFO - Filling up the DagBag from /opt/airflow/dags/qi_refresh_us.py
[2025-11-03T04:50:02.414+0000] {processor.py:840} INFO - DAG(s) 'refresh_us_dag' retrieved from /opt/airflow/dags/qi_refresh_us.py
[2025-11-03T04:50:02.427+0000] {logging_mixin.py:188} INFO - [2025-11-03T04:50:02.427+0000] {dag.py:3089} INFO - Sync 1 DAGs
[2025-11-03T04:50:02.436+0000] {logging_mixin.py:188} INFO - [2025-11-03T04:50:02.436+0000] {dag.py:3947} INFO - Setting next_dagrun for refresh_us_dag to 2025-10-31 19:30:00+00:00, run_after=2025-11-07 19:30:00+00:00
[2025-11-03T04:50:02.446+0000] {processor.py:183} INFO - Processing /opt/airflow/dags/qi_refresh_us.py took 0.523 seconds
[2025-11-03T04:58:32.473+0000] {processor.py:161} INFO - Started process (PID=4649) to work on /opt/airflow/dags/qi_refresh_us.py
[2025-11-03T04:58:32.474+0000] {processor.py:830} INFO - Processing file /opt/airflow/dags/qi_refresh_us.py for tasks to queue
[2025-11-03T04:58:32.478+0000] {logging_mixin.py:188} INFO - [2025-11-03T04:58:32.477+0000] {dagbag.py:545} INFO - Filling up the DagBag from /opt/airflow/dags/qi_refresh_us.py
[2025-11-03T04:58:32.994+0000] {processor.py:840} INFO - DAG(s) 'refresh_us_dag' retrieved from /opt/airflow/dags/qi_refresh_us.py
[2025-11-03T04:58:33.009+0000] {logging_mixin.py:188} INFO - [2025-11-03T04:58:33.009+0000] {dag.py:3089} INFO - Sync 1 DAGs
[2025-11-03T04:58:33.020+0000] {logging_mixin.py:188} INFO - [2025-11-03T04:58:33.020+0000] {dag.py:3947} INFO - Setting next_dagrun for refresh_us_dag to 2025-10-31 19:30:00+00:00, run_after=2025-11-07 19:30:00+00:00
[2025-11-03T04:58:33.030+0000] {processor.py:183} INFO - Processing /opt/airflow/dags/qi_refresh_us.py took 0.560 seconds
[2025-11-03T05:19:54.651+0000] {processor.py:161} INFO - Started process (PID=4652) to work on /opt/airflow/dags/qi_refresh_us.py
[2025-11-03T05:19:54.653+0000] {processor.py:830} INFO - Processing file /opt/airflow/dags/qi_refresh_us.py for tasks to queue
[2025-11-03T05:19:54.654+0000] {logging_mixin.py:188} INFO - [2025-11-03T05:19:54.654+0000] {dagbag.py:545} INFO - Filling up the DagBag from /opt/airflow/dags/qi_refresh_us.py
[2025-11-03T05:19:55.150+0000] {processor.py:840} INFO - DAG(s) 'refresh_us_dag' retrieved from /opt/airflow/dags/qi_refresh_us.py
[2025-11-03T05:19:55.165+0000] {logging_mixin.py:188} INFO - [2025-11-03T05:19:55.165+0000] {dag.py:3089} INFO - Sync 1 DAGs
[2025-11-03T05:19:55.177+0000] {logging_mixin.py:188} INFO - [2025-11-03T05:19:55.177+0000] {dag.py:3947} INFO - Setting next_dagrun for refresh_us_dag to 2025-10-31 19:30:00+00:00, run_after=2025-11-07 19:30:00+00:00
[2025-11-03T05:19:55.188+0000] {processor.py:183} INFO - Processing /opt/airflow/dags/qi_refresh_us.py took 0.540 seconds
[2025-11-03T05:42:41.891+0000] {processor.py:161} INFO - Started process (PID=4655) to work on /opt/airflow/dags/qi_refresh_us.py
[2025-11-03T05:42:41.892+0000] {processor.py:830} INFO - Processing file /opt/airflow/dags/qi_refresh_us.py for tasks to queue
[2025-11-03T05:42:41.894+0000] {logging_mixin.py:188} INFO - [2025-11-03T05:42:41.894+0000] {dagbag.py:545} INFO - Filling up the DagBag from /opt/airflow/dags/qi_refresh_us.py
[2025-11-03T05:42:42.393+0000] {processor.py:840} INFO - DAG(s) 'refresh_us_dag' retrieved from /opt/airflow/dags/qi_refresh_us.py
[2025-11-03T05:42:42.411+0000] {logging_mixin.py:188} INFO - [2025-11-03T05:42:42.410+0000] {dag.py:3089} INFO - Sync 1 DAGs
[2025-11-03T05:42:42.420+0000] {logging_mixin.py:188} INFO - [2025-11-03T05:42:42.420+0000] {dag.py:3947} INFO - Setting next_dagrun for refresh_us_dag to 2025-10-31 19:30:00+00:00, run_after=2025-11-07 19:30:00+00:00
[2025-11-03T05:42:42.434+0000] {processor.py:183} INFO - Processing /opt/airflow/dags/qi_refresh_us.py took 0.546 seconds
[2025-11-03T05:43:12.726+0000] {processor.py:161} INFO - Started process (PID=4658) to work on /opt/airflow/dags/qi_refresh_us.py
[2025-11-03T05:43:12.727+0000] {processor.py:830} INFO - Processing file /opt/airflow/dags/qi_refresh_us.py for tasks to queue
[2025-11-03T05:43:12.728+0000] {logging_mixin.py:188} INFO - [2025-11-03T05:43:12.728+0000] {dagbag.py:545} INFO - Filling up the DagBag from /opt/airflow/dags/qi_refresh_us.py
[2025-11-03T05:43:13.262+0000] {processor.py:840} INFO - DAG(s) 'refresh_us_dag' retrieved from /opt/airflow/dags/qi_refresh_us.py
[2025-11-03T05:43:13.282+0000] {logging_mixin.py:188} INFO - [2025-11-03T05:43:13.282+0000] {dag.py:3089} INFO - Sync 1 DAGs
[2025-11-03T05:43:13.293+0000] {logging_mixin.py:188} INFO - [2025-11-03T05:43:13.292+0000] {dag.py:3947} INFO - Setting next_dagrun for refresh_us_dag to 2025-10-31 19:30:00+00:00, run_after=2025-11-07 19:30:00+00:00
[2025-11-03T05:43:13.304+0000] {processor.py:183} INFO - Processing /opt/airflow/dags/qi_refresh_us.py took 0.581 seconds
[2025-11-03T06:10:47.512+0000] {processor.py:161} INFO - Started process (PID=4661) to work on /opt/airflow/dags/qi_refresh_us.py
[2025-11-03T06:10:47.513+0000] {processor.py:830} INFO - Processing file /opt/airflow/dags/qi_refresh_us.py for tasks to queue
[2025-11-03T06:10:47.514+0000] {logging_mixin.py:188} INFO - [2025-11-03T06:10:47.514+0000] {dagbag.py:545} INFO - Filling up the DagBag from /opt/airflow/dags/qi_refresh_us.py
[2025-11-03T06:10:48.045+0000] {processor.py:840} INFO - DAG(s) 'refresh_us_dag' retrieved from /opt/airflow/dags/qi_refresh_us.py
[2025-11-03T06:10:48.058+0000] {logging_mixin.py:188} INFO - [2025-11-03T06:10:48.058+0000] {dag.py:3089} INFO - Sync 1 DAGs
[2025-11-03T06:10:48.071+0000] {logging_mixin.py:188} INFO - [2025-11-03T06:10:48.070+0000] {dag.py:3947} INFO - Setting next_dagrun for refresh_us_dag to 2025-10-31 19:30:00+00:00, run_after=2025-11-07 19:30:00+00:00
[2025-11-03T06:10:48.089+0000] {processor.py:183} INFO - Processing /opt/airflow/dags/qi_refresh_us.py took 0.580 seconds
[2025-11-03T06:35:55.199+0000] {processor.py:161} INFO - Started process (PID=4664) to work on /opt/airflow/dags/qi_refresh_us.py
[2025-11-03T06:35:55.201+0000] {processor.py:830} INFO - Processing file /opt/airflow/dags/qi_refresh_us.py for tasks to queue
[2025-11-03T06:35:55.202+0000] {logging_mixin.py:188} INFO - [2025-11-03T06:35:55.202+0000] {dagbag.py:545} INFO - Filling up the DagBag from /opt/airflow/dags/qi_refresh_us.py
[2025-11-03T06:35:55.763+0000] {processor.py:840} INFO - DAG(s) 'refresh_us_dag' retrieved from /opt/airflow/dags/qi_refresh_us.py
[2025-11-03T06:35:55.778+0000] {logging_mixin.py:188} INFO - [2025-11-03T06:35:55.778+0000] {dag.py:3089} INFO - Sync 1 DAGs
[2025-11-03T06:35:55.788+0000] {logging_mixin.py:188} INFO - [2025-11-03T06:35:55.787+0000] {dag.py:3947} INFO - Setting next_dagrun for refresh_us_dag to 2025-10-31 19:30:00+00:00, run_after=2025-11-07 19:30:00+00:00
[2025-11-03T06:35:55.800+0000] {processor.py:183} INFO - Processing /opt/airflow/dags/qi_refresh_us.py took 0.604 seconds
[2025-11-03T06:56:42.190+0000] {processor.py:161} INFO - Started process (PID=4667) to work on /opt/airflow/dags/qi_refresh_us.py
[2025-11-03T06:56:42.191+0000] {processor.py:830} INFO - Processing file /opt/airflow/dags/qi_refresh_us.py for tasks to queue
[2025-11-03T06:56:42.193+0000] {logging_mixin.py:188} INFO - [2025-11-03T06:56:42.192+0000] {dagbag.py:545} INFO - Filling up the DagBag from /opt/airflow/dags/qi_refresh_us.py
[2025-11-03T06:56:42.689+0000] {processor.py:840} INFO - DAG(s) 'refresh_us_dag' retrieved from /opt/airflow/dags/qi_refresh_us.py
[2025-11-03T06:56:42.702+0000] {logging_mixin.py:188} INFO - [2025-11-03T06:56:42.702+0000] {dag.py:3089} INFO - Sync 1 DAGs
[2025-11-03T06:56:42.712+0000] {logging_mixin.py:188} INFO - [2025-11-03T06:56:42.712+0000] {dag.py:3947} INFO - Setting next_dagrun for refresh_us_dag to 2025-10-31 19:30:00+00:00, run_after=2025-11-07 19:30:00+00:00
[2025-11-03T06:56:42.722+0000] {processor.py:183} INFO - Processing /opt/airflow/dags/qi_refresh_us.py took 0.535 seconds
[2025-11-03T07:06:27.693+0000] {processor.py:161} INFO - Started process (PID=4670) to work on /opt/airflow/dags/qi_refresh_us.py
[2025-11-03T07:06:27.694+0000] {processor.py:830} INFO - Processing file /opt/airflow/dags/qi_refresh_us.py for tasks to queue
[2025-11-03T07:06:27.695+0000] {logging_mixin.py:188} INFO - [2025-11-03T07:06:27.694+0000] {dagbag.py:545} INFO - Filling up the DagBag from /opt/airflow/dags/qi_refresh_us.py
[2025-11-03T07:06:28.177+0000] {processor.py:840} INFO - DAG(s) 'refresh_us_dag' retrieved from /opt/airflow/dags/qi_refresh_us.py
[2025-11-03T07:06:28.191+0000] {logging_mixin.py:188} INFO - [2025-11-03T07:06:28.191+0000] {dag.py:3089} INFO - Sync 1 DAGs
[2025-11-03T07:06:28.200+0000] {logging_mixin.py:188} INFO - [2025-11-03T07:06:28.200+0000] {dag.py:3947} INFO - Setting next_dagrun for refresh_us_dag to 2025-10-31 19:30:00+00:00, run_after=2025-11-07 19:30:00+00:00
[2025-11-03T07:06:28.210+0000] {processor.py:183} INFO - Processing /opt/airflow/dags/qi_refresh_us.py took 0.520 seconds
[2025-11-03T07:37:04.529+0000] {processor.py:161} INFO - Started process (PID=4673) to work on /opt/airflow/dags/qi_refresh_us.py
[2025-11-03T07:37:04.529+0000] {processor.py:830} INFO - Processing file /opt/airflow/dags/qi_refresh_us.py for tasks to queue
[2025-11-03T07:37:04.530+0000] {logging_mixin.py:188} INFO - [2025-11-03T07:37:04.530+0000] {dagbag.py:545} INFO - Filling up the DagBag from /opt/airflow/dags/qi_refresh_us.py
[2025-11-03T07:37:05.127+0000] {processor.py:840} INFO - DAG(s) 'refresh_us_dag' retrieved from /opt/airflow/dags/qi_refresh_us.py
[2025-11-03T07:37:05.141+0000] {logging_mixin.py:188} INFO - [2025-11-03T07:37:05.141+0000] {dag.py:3089} INFO - Sync 1 DAGs
[2025-11-03T07:37:05.151+0000] {logging_mixin.py:188} INFO - [2025-11-03T07:37:05.151+0000] {dag.py:3947} INFO - Setting next_dagrun for refresh_us_dag to 2025-10-31 19:30:00+00:00, run_after=2025-11-07 19:30:00+00:00
[2025-11-03T07:37:05.161+0000] {processor.py:183} INFO - Processing /opt/airflow/dags/qi_refresh_us.py took 0.637 seconds
[2025-11-03T07:52:34.353+0000] {processor.py:161} INFO - Started process (PID=4676) to work on /opt/airflow/dags/qi_refresh_us.py
[2025-11-03T07:52:34.353+0000] {processor.py:830} INFO - Processing file /opt/airflow/dags/qi_refresh_us.py for tasks to queue
[2025-11-03T07:52:34.354+0000] {logging_mixin.py:188} INFO - [2025-11-03T07:52:34.354+0000] {dagbag.py:545} INFO - Filling up the DagBag from /opt/airflow/dags/qi_refresh_us.py
[2025-11-03T07:52:34.835+0000] {processor.py:840} INFO - DAG(s) 'refresh_us_dag' retrieved from /opt/airflow/dags/qi_refresh_us.py
[2025-11-03T07:52:34.849+0000] {logging_mixin.py:188} INFO - [2025-11-03T07:52:34.849+0000] {dag.py:3089} INFO - Sync 1 DAGs
[2025-11-03T07:52:34.860+0000] {logging_mixin.py:188} INFO - [2025-11-03T07:52:34.860+0000] {dag.py:3947} INFO - Setting next_dagrun for refresh_us_dag to 2025-10-31 19:30:00+00:00, run_after=2025-11-07 19:30:00+00:00
[2025-11-03T07:52:34.870+0000] {processor.py:183} INFO - Processing /opt/airflow/dags/qi_refresh_us.py took 0.522 seconds
[2025-11-03T08:21:46.320+0000] {processor.py:161} INFO - Started process (PID=4679) to work on /opt/airflow/dags/qi_refresh_us.py
[2025-11-03T08:21:46.320+0000] {processor.py:830} INFO - Processing file /opt/airflow/dags/qi_refresh_us.py for tasks to queue
[2025-11-03T08:21:46.321+0000] {logging_mixin.py:188} INFO - [2025-11-03T08:21:46.321+0000] {dagbag.py:545} INFO - Filling up the DagBag from /opt/airflow/dags/qi_refresh_us.py
[2025-11-03T08:21:46.815+0000] {processor.py:840} INFO - DAG(s) 'refresh_us_dag' retrieved from /opt/airflow/dags/qi_refresh_us.py
[2025-11-03T08:21:46.827+0000] {logging_mixin.py:188} INFO - [2025-11-03T08:21:46.827+0000] {dag.py:3089} INFO - Sync 1 DAGs
[2025-11-03T08:21:46.838+0000] {logging_mixin.py:188} INFO - [2025-11-03T08:21:46.838+0000] {dag.py:3947} INFO - Setting next_dagrun for refresh_us_dag to 2025-10-31 19:30:00+00:00, run_after=2025-11-07 19:30:00+00:00
[2025-11-03T08:21:46.848+0000] {processor.py:183} INFO - Processing /opt/airflow/dags/qi_refresh_us.py took 0.531 seconds
[2025-11-03T08:32:06.735+0000] {processor.py:161} INFO - Started process (PID=4682) to work on /opt/airflow/dags/qi_refresh_us.py
[2025-11-03T08:32:06.736+0000] {processor.py:830} INFO - Processing file /opt/airflow/dags/qi_refresh_us.py for tasks to queue
[2025-11-03T08:32:06.737+0000] {logging_mixin.py:188} INFO - [2025-11-03T08:32:06.737+0000] {dagbag.py:545} INFO - Filling up the DagBag from /opt/airflow/dags/qi_refresh_us.py
[2025-11-03T08:32:07.227+0000] {processor.py:840} INFO - DAG(s) 'refresh_us_dag' retrieved from /opt/airflow/dags/qi_refresh_us.py
[2025-11-03T08:32:07.244+0000] {logging_mixin.py:188} INFO - [2025-11-03T08:32:07.244+0000] {dag.py:3089} INFO - Sync 1 DAGs
[2025-11-03T08:32:07.256+0000] {logging_mixin.py:188} INFO - [2025-11-03T08:32:07.256+0000] {dag.py:3947} INFO - Setting next_dagrun for refresh_us_dag to 2025-10-31 19:30:00+00:00, run_after=2025-11-07 19:30:00+00:00
[2025-11-03T08:32:07.270+0000] {processor.py:183} INFO - Processing /opt/airflow/dags/qi_refresh_us.py took 0.537 seconds
[2025-11-03T08:52:23.617+0000] {processor.py:161} INFO - Started process (PID=4685) to work on /opt/airflow/dags/qi_refresh_us.py
[2025-11-03T08:52:23.618+0000] {processor.py:830} INFO - Processing file /opt/airflow/dags/qi_refresh_us.py for tasks to queue
[2025-11-03T08:52:23.620+0000] {logging_mixin.py:188} INFO - [2025-11-03T08:52:23.619+0000] {dagbag.py:545} INFO - Filling up the DagBag from /opt/airflow/dags/qi_refresh_us.py
[2025-11-03T08:52:24.113+0000] {processor.py:840} INFO - DAG(s) 'refresh_us_dag' retrieved from /opt/airflow/dags/qi_refresh_us.py
[2025-11-03T08:52:24.130+0000] {logging_mixin.py:188} INFO - [2025-11-03T08:52:24.130+0000] {dag.py:3089} INFO - Sync 1 DAGs
[2025-11-03T08:52:24.142+0000] {logging_mixin.py:188} INFO - [2025-11-03T08:52:24.142+0000] {dag.py:3947} INFO - Setting next_dagrun for refresh_us_dag to 2025-10-31 19:30:00+00:00, run_after=2025-11-07 19:30:00+00:00
[2025-11-03T08:52:24.159+0000] {processor.py:183} INFO - Processing /opt/airflow/dags/qi_refresh_us.py took 0.544 seconds
[2025-11-03T09:07:53.325+0000] {processor.py:161} INFO - Started process (PID=4688) to work on /opt/airflow/dags/qi_refresh_us.py
[2025-11-03T09:07:53.327+0000] {processor.py:830} INFO - Processing file /opt/airflow/dags/qi_refresh_us.py for tasks to queue
[2025-11-03T09:07:53.327+0000] {logging_mixin.py:188} INFO - [2025-11-03T09:07:53.327+0000] {dagbag.py:545} INFO - Filling up the DagBag from /opt/airflow/dags/qi_refresh_us.py
[2025-11-03T09:07:53.810+0000] {processor.py:840} INFO - DAG(s) 'refresh_us_dag' retrieved from /opt/airflow/dags/qi_refresh_us.py
[2025-11-03T09:07:53.826+0000] {logging_mixin.py:188} INFO - [2025-11-03T09:07:53.826+0000] {dag.py:3089} INFO - Sync 1 DAGs
[2025-11-03T09:07:53.835+0000] {logging_mixin.py:188} INFO - [2025-11-03T09:07:53.835+0000] {dag.py:3947} INFO - Setting next_dagrun for refresh_us_dag to 2025-10-31 19:30:00+00:00, run_after=2025-11-07 19:30:00+00:00
[2025-11-03T09:07:53.849+0000] {processor.py:183} INFO - Processing /opt/airflow/dags/qi_refresh_us.py took 0.527 seconds
[2025-11-03T09:23:23.590+0000] {processor.py:161} INFO - Started process (PID=4691) to work on /opt/airflow/dags/qi_refresh_us.py
[2025-11-03T09:23:23.591+0000] {processor.py:830} INFO - Processing file /opt/airflow/dags/qi_refresh_us.py for tasks to queue
[2025-11-03T09:23:23.592+0000] {logging_mixin.py:188} INFO - [2025-11-03T09:23:23.592+0000] {dagbag.py:545} INFO - Filling up the DagBag from /opt/airflow/dags/qi_refresh_us.py
[2025-11-03T09:23:24.071+0000] {processor.py:840} INFO - DAG(s) 'refresh_us_dag' retrieved from /opt/airflow/dags/qi_refresh_us.py
[2025-11-03T09:23:24.088+0000] {logging_mixin.py:188} INFO - [2025-11-03T09:23:24.088+0000] {dag.py:3089} INFO - Sync 1 DAGs
[2025-11-03T09:23:24.098+0000] {logging_mixin.py:188} INFO - [2025-11-03T09:23:24.098+0000] {dag.py:3947} INFO - Setting next_dagrun for refresh_us_dag to 2025-10-31 19:30:00+00:00, run_after=2025-11-07 19:30:00+00:00
[2025-11-03T09:23:24.111+0000] {processor.py:183} INFO - Processing /opt/airflow/dags/qi_refresh_us.py took 0.525 seconds
[2025-11-03T09:53:55.723+0000] {processor.py:161} INFO - Started process (PID=4694) to work on /opt/airflow/dags/qi_refresh_us.py
[2025-11-03T09:53:55.725+0000] {processor.py:830} INFO - Processing file /opt/airflow/dags/qi_refresh_us.py for tasks to queue
[2025-11-03T09:53:55.727+0000] {logging_mixin.py:188} INFO - [2025-11-03T09:53:55.727+0000] {dagbag.py:545} INFO - Filling up the DagBag from /opt/airflow/dags/qi_refresh_us.py
[2025-11-03T09:53:57.260+0000] {processor.py:840} INFO - DAG(s) 'refresh_us_dag' retrieved from /opt/airflow/dags/qi_refresh_us.py
[2025-11-03T09:53:57.316+0000] {logging_mixin.py:188} INFO - [2025-11-03T09:53:57.315+0000] {dag.py:3089} INFO - Sync 1 DAGs
[2025-11-03T09:53:57.360+0000] {logging_mixin.py:188} INFO - [2025-11-03T09:53:57.360+0000] {dag.py:3947} INFO - Setting next_dagrun for refresh_us_dag to 2025-10-31 19:30:00+00:00, run_after=2025-11-07 19:30:00+00:00
[2025-11-03T09:53:57.403+0000] {processor.py:183} INFO - Processing /opt/airflow/dags/qi_refresh_us.py took 1.688 seconds
[2025-11-03T10:09:25.757+0000] {processor.py:161} INFO - Started process (PID=4697) to work on /opt/airflow/dags/qi_refresh_us.py
[2025-11-03T10:09:25.758+0000] {processor.py:830} INFO - Processing file /opt/airflow/dags/qi_refresh_us.py for tasks to queue
[2025-11-03T10:09:25.759+0000] {logging_mixin.py:188} INFO - [2025-11-03T10:09:25.759+0000] {dagbag.py:545} INFO - Filling up the DagBag from /opt/airflow/dags/qi_refresh_us.py
[2025-11-03T10:09:26.259+0000] {processor.py:840} INFO - DAG(s) 'refresh_us_dag' retrieved from /opt/airflow/dags/qi_refresh_us.py
[2025-11-03T10:09:26.276+0000] {logging_mixin.py:188} INFO - [2025-11-03T10:09:26.276+0000] {dag.py:3089} INFO - Sync 1 DAGs
[2025-11-03T10:09:26.287+0000] {logging_mixin.py:188} INFO - [2025-11-03T10:09:26.287+0000] {dag.py:3947} INFO - Setting next_dagrun for refresh_us_dag to 2025-10-31 19:30:00+00:00, run_after=2025-11-07 19:30:00+00:00
[2025-11-03T10:09:26.300+0000] {processor.py:183} INFO - Processing /opt/airflow/dags/qi_refresh_us.py took 0.546 seconds
[2025-11-03T10:24:56.474+0000] {processor.py:161} INFO - Started process (PID=4700) to work on /opt/airflow/dags/qi_refresh_us.py
[2025-11-03T10:24:56.474+0000] {processor.py:830} INFO - Processing file /opt/airflow/dags/qi_refresh_us.py for tasks to queue
[2025-11-03T10:24:56.477+0000] {logging_mixin.py:188} INFO - [2025-11-03T10:24:56.477+0000] {dagbag.py:545} INFO - Filling up the DagBag from /opt/airflow/dags/qi_refresh_us.py
[2025-11-03T10:24:57.556+0000] {processor.py:840} INFO - DAG(s) 'refresh_us_dag' retrieved from /opt/airflow/dags/qi_refresh_us.py
[2025-11-03T10:24:57.657+0000] {logging_mixin.py:188} INFO - [2025-11-03T10:24:57.656+0000] {dag.py:3089} INFO - Sync 1 DAGs
[2025-11-03T10:24:57.739+0000] {logging_mixin.py:188} INFO - [2025-11-03T10:24:57.735+0000] {dag.py:3947} INFO - Setting next_dagrun for refresh_us_dag to 2025-10-31 19:30:00+00:00, run_after=2025-11-07 19:30:00+00:00
[2025-11-03T10:24:57.812+0000] {processor.py:183} INFO - Processing /opt/airflow/dags/qi_refresh_us.py took 1.341 seconds
[2025-11-03T10:48:11.352+0000] {processor.py:161} INFO - Started process (PID=4703) to work on /opt/airflow/dags/qi_refresh_us.py
[2025-11-03T10:48:11.356+0000] {processor.py:830} INFO - Processing file /opt/airflow/dags/qi_refresh_us.py for tasks to queue
[2025-11-03T10:48:11.360+0000] {logging_mixin.py:188} INFO - [2025-11-03T10:48:11.359+0000] {dagbag.py:545} INFO - Filling up the DagBag from /opt/airflow/dags/qi_refresh_us.py
[2025-11-03T10:48:13.746+0000] {processor.py:840} INFO - DAG(s) 'refresh_us_dag' retrieved from /opt/airflow/dags/qi_refresh_us.py
[2025-11-03T10:48:13.806+0000] {logging_mixin.py:188} INFO - [2025-11-03T10:48:13.806+0000] {dag.py:3089} INFO - Sync 1 DAGs
[2025-11-03T10:48:13.855+0000] {logging_mixin.py:188} INFO - [2025-11-03T10:48:13.854+0000] {dag.py:3947} INFO - Setting next_dagrun for refresh_us_dag to 2025-10-31 19:30:00+00:00, run_after=2025-11-07 19:30:00+00:00
[2025-11-03T10:48:13.897+0000] {processor.py:183} INFO - Processing /opt/airflow/dags/qi_refresh_us.py took 2.556 seconds
[2025-11-03T10:56:20.071+0000] {processor.py:161} INFO - Started process (PID=4706) to work on /opt/airflow/dags/qi_refresh_us.py
[2025-11-03T10:56:20.072+0000] {processor.py:830} INFO - Processing file /opt/airflow/dags/qi_refresh_us.py for tasks to queue
[2025-11-03T10:56:20.074+0000] {logging_mixin.py:188} INFO - [2025-11-03T10:56:20.074+0000] {dagbag.py:545} INFO - Filling up the DagBag from /opt/airflow/dags/qi_refresh_us.py
[2025-11-03T10:56:20.768+0000] {processor.py:840} INFO - DAG(s) 'refresh_us_dag' retrieved from /opt/airflow/dags/qi_refresh_us.py
[2025-11-03T10:56:20.794+0000] {logging_mixin.py:188} INFO - [2025-11-03T10:56:20.794+0000] {dag.py:3089} INFO - Sync 1 DAGs
[2025-11-03T10:56:20.805+0000] {logging_mixin.py:188} INFO - [2025-11-03T10:56:20.805+0000] {dag.py:3947} INFO - Setting next_dagrun for refresh_us_dag to 2025-10-31 19:30:00+00:00, run_after=2025-11-07 19:30:00+00:00
[2025-11-03T10:56:20.826+0000] {processor.py:183} INFO - Processing /opt/airflow/dags/qi_refresh_us.py took 0.758 seconds
[2025-11-03T10:57:26.183+0000] {processor.py:161} INFO - Started process (PID=4709) to work on /opt/airflow/dags/qi_refresh_us.py
[2025-11-03T10:57:26.183+0000] {processor.py:830} INFO - Processing file /opt/airflow/dags/qi_refresh_us.py for tasks to queue
[2025-11-03T10:57:26.184+0000] {logging_mixin.py:188} INFO - [2025-11-03T10:57:26.184+0000] {dagbag.py:545} INFO - Filling up the DagBag from /opt/airflow/dags/qi_refresh_us.py
[2025-11-03T10:57:26.707+0000] {processor.py:840} INFO - DAG(s) 'refresh_us_dag' retrieved from /opt/airflow/dags/qi_refresh_us.py
[2025-11-03T10:57:26.729+0000] {logging_mixin.py:188} INFO - [2025-11-03T10:57:26.729+0000] {dag.py:3089} INFO - Sync 1 DAGs
[2025-11-03T10:57:26.740+0000] {logging_mixin.py:188} INFO - [2025-11-03T10:57:26.740+0000] {dag.py:3947} INFO - Setting next_dagrun for refresh_us_dag to 2025-10-31 19:30:00+00:00, run_after=2025-11-07 19:30:00+00:00
[2025-11-03T10:57:26.757+0000] {processor.py:183} INFO - Processing /opt/airflow/dags/qi_refresh_us.py took 0.578 seconds
[2025-11-03T10:57:56.970+0000] {processor.py:161} INFO - Started process (PID=4712) to work on /opt/airflow/dags/qi_refresh_us.py
[2025-11-03T10:57:56.971+0000] {processor.py:830} INFO - Processing file /opt/airflow/dags/qi_refresh_us.py for tasks to queue
[2025-11-03T10:57:56.972+0000] {logging_mixin.py:188} INFO - [2025-11-03T10:57:56.972+0000] {dagbag.py:545} INFO - Filling up the DagBag from /opt/airflow/dags/qi_refresh_us.py
[2025-11-03T10:57:57.505+0000] {processor.py:840} INFO - DAG(s) 'refresh_us_dag' retrieved from /opt/airflow/dags/qi_refresh_us.py
[2025-11-03T10:57:57.525+0000] {logging_mixin.py:188} INFO - [2025-11-03T10:57:57.525+0000] {dag.py:3089} INFO - Sync 1 DAGs
[2025-11-03T10:57:57.540+0000] {logging_mixin.py:188} INFO - [2025-11-03T10:57:57.540+0000] {dag.py:3947} INFO - Setting next_dagrun for refresh_us_dag to 2025-10-31 19:30:00+00:00, run_after=2025-11-07 19:30:00+00:00
[2025-11-03T10:57:57.555+0000] {processor.py:183} INFO - Processing /opt/airflow/dags/qi_refresh_us.py took 0.589 seconds
[2025-11-03T10:58:27.855+0000] {processor.py:161} INFO - Started process (PID=4715) to work on /opt/airflow/dags/qi_refresh_us.py
[2025-11-03T10:58:27.857+0000] {processor.py:830} INFO - Processing file /opt/airflow/dags/qi_refresh_us.py for tasks to queue
[2025-11-03T10:58:27.858+0000] {logging_mixin.py:188} INFO - [2025-11-03T10:58:27.858+0000] {dagbag.py:545} INFO - Filling up the DagBag from /opt/airflow/dags/qi_refresh_us.py
[2025-11-03T10:58:28.350+0000] {processor.py:840} INFO - DAG(s) 'refresh_us_dag' retrieved from /opt/airflow/dags/qi_refresh_us.py
[2025-11-03T10:58:28.370+0000] {logging_mixin.py:188} INFO - [2025-11-03T10:58:28.370+0000] {dag.py:3089} INFO - Sync 1 DAGs
[2025-11-03T10:58:28.389+0000] {logging_mixin.py:188} INFO - [2025-11-03T10:58:28.389+0000] {dag.py:3947} INFO - Setting next_dagrun for refresh_us_dag to 2025-10-31 19:30:00+00:00, run_after=2025-11-07 19:30:00+00:00
[2025-11-03T10:58:28.404+0000] {processor.py:183} INFO - Processing /opt/airflow/dags/qi_refresh_us.py took 0.553 seconds
[2025-11-03T10:58:58.633+0000] {processor.py:161} INFO - Started process (PID=4718) to work on /opt/airflow/dags/qi_refresh_us.py
[2025-11-03T10:58:58.634+0000] {processor.py:830} INFO - Processing file /opt/airflow/dags/qi_refresh_us.py for tasks to queue
[2025-11-03T10:58:58.637+0000] {logging_mixin.py:188} INFO - [2025-11-03T10:58:58.636+0000] {dagbag.py:545} INFO - Filling up the DagBag from /opt/airflow/dags/qi_refresh_us.py
[2025-11-03T10:58:59.192+0000] {processor.py:840} INFO - DAG(s) 'refresh_us_dag' retrieved from /opt/airflow/dags/qi_refresh_us.py
[2025-11-03T10:58:59.216+0000] {logging_mixin.py:188} INFO - [2025-11-03T10:58:59.216+0000] {dag.py:3089} INFO - Sync 1 DAGs
[2025-11-03T10:58:59.230+0000] {logging_mixin.py:188} INFO - [2025-11-03T10:58:59.230+0000] {dag.py:3947} INFO - Setting next_dagrun for refresh_us_dag to 2025-10-31 19:30:00+00:00, run_after=2025-11-07 19:30:00+00:00
[2025-11-03T10:58:59.248+0000] {processor.py:183} INFO - Processing /opt/airflow/dags/qi_refresh_us.py took 0.620 seconds
[2025-11-03T10:59:29.565+0000] {processor.py:161} INFO - Started process (PID=4721) to work on /opt/airflow/dags/qi_refresh_us.py
[2025-11-03T10:59:29.566+0000] {processor.py:830} INFO - Processing file /opt/airflow/dags/qi_refresh_us.py for tasks to queue
[2025-11-03T10:59:29.568+0000] {logging_mixin.py:188} INFO - [2025-11-03T10:59:29.568+0000] {dagbag.py:545} INFO - Filling up the DagBag from /opt/airflow/dags/qi_refresh_us.py
[2025-11-03T10:59:30.080+0000] {processor.py:840} INFO - DAG(s) 'refresh_us_dag' retrieved from /opt/airflow/dags/qi_refresh_us.py
[2025-11-03T10:59:30.093+0000] {logging_mixin.py:188} INFO - [2025-11-03T10:59:30.093+0000] {dag.py:3089} INFO - Sync 1 DAGs
[2025-11-03T10:59:30.104+0000] {logging_mixin.py:188} INFO - [2025-11-03T10:59:30.104+0000] {dag.py:3947} INFO - Setting next_dagrun for refresh_us_dag to 2025-10-31 19:30:00+00:00, run_after=2025-11-07 19:30:00+00:00
[2025-11-03T10:59:30.114+0000] {processor.py:183} INFO - Processing /opt/airflow/dags/qi_refresh_us.py took 0.555 seconds
[2025-11-03T11:00:00.408+0000] {processor.py:161} INFO - Started process (PID=4724) to work on /opt/airflow/dags/qi_refresh_us.py
[2025-11-03T11:00:00.408+0000] {processor.py:830} INFO - Processing file /opt/airflow/dags/qi_refresh_us.py for tasks to queue
[2025-11-03T11:00:00.410+0000] {logging_mixin.py:188} INFO - [2025-11-03T11:00:00.409+0000] {dagbag.py:545} INFO - Filling up the DagBag from /opt/airflow/dags/qi_refresh_us.py
[2025-11-03T11:00:00.967+0000] {processor.py:840} INFO - DAG(s) 'refresh_us_dag' retrieved from /opt/airflow/dags/qi_refresh_us.py
[2025-11-03T11:00:00.980+0000] {logging_mixin.py:188} INFO - [2025-11-03T11:00:00.980+0000] {dag.py:3089} INFO - Sync 1 DAGs
[2025-11-03T11:00:00.990+0000] {logging_mixin.py:188} INFO - [2025-11-03T11:00:00.990+0000] {dag.py:3947} INFO - Setting next_dagrun for refresh_us_dag to 2025-10-31 19:30:00+00:00, run_after=2025-11-07 19:30:00+00:00
[2025-11-03T11:00:01.003+0000] {processor.py:183} INFO - Processing /opt/airflow/dags/qi_refresh_us.py took 0.599 seconds
[2025-11-03T11:00:31.236+0000] {processor.py:161} INFO - Started process (PID=4727) to work on /opt/airflow/dags/qi_refresh_us.py
[2025-11-03T11:00:31.236+0000] {processor.py:830} INFO - Processing file /opt/airflow/dags/qi_refresh_us.py for tasks to queue
[2025-11-03T11:00:31.238+0000] {logging_mixin.py:188} INFO - [2025-11-03T11:00:31.238+0000] {dagbag.py:545} INFO - Filling up the DagBag from /opt/airflow/dags/qi_refresh_us.py
[2025-11-03T11:00:31.742+0000] {processor.py:840} INFO - DAG(s) 'refresh_us_dag' retrieved from /opt/airflow/dags/qi_refresh_us.py
[2025-11-03T11:00:31.756+0000] {logging_mixin.py:188} INFO - [2025-11-03T11:00:31.756+0000] {dag.py:3089} INFO - Sync 1 DAGs
[2025-11-03T11:00:31.768+0000] {logging_mixin.py:188} INFO - [2025-11-03T11:00:31.768+0000] {dag.py:3947} INFO - Setting next_dagrun for refresh_us_dag to 2025-10-31 19:30:00+00:00, run_after=2025-11-07 19:30:00+00:00
[2025-11-03T11:00:31.776+0000] {processor.py:183} INFO - Processing /opt/airflow/dags/qi_refresh_us.py took 0.544 seconds
[2025-11-03T11:01:02.002+0000] {processor.py:161} INFO - Started process (PID=4730) to work on /opt/airflow/dags/qi_refresh_us.py
[2025-11-03T11:01:02.003+0000] {processor.py:830} INFO - Processing file /opt/airflow/dags/qi_refresh_us.py for tasks to queue
[2025-11-03T11:01:02.005+0000] {logging_mixin.py:188} INFO - [2025-11-03T11:01:02.004+0000] {dagbag.py:545} INFO - Filling up the DagBag from /opt/airflow/dags/qi_refresh_us.py
[2025-11-03T11:01:02.505+0000] {processor.py:840} INFO - DAG(s) 'refresh_us_dag' retrieved from /opt/airflow/dags/qi_refresh_us.py
[2025-11-03T11:01:02.520+0000] {logging_mixin.py:188} INFO - [2025-11-03T11:01:02.520+0000] {dag.py:3089} INFO - Sync 1 DAGs
[2025-11-03T11:01:02.530+0000] {logging_mixin.py:188} INFO - [2025-11-03T11:01:02.530+0000] {dag.py:3947} INFO - Setting next_dagrun for refresh_us_dag to 2025-10-31 19:30:00+00:00, run_after=2025-11-07 19:30:00+00:00
[2025-11-03T11:01:02.542+0000] {processor.py:183} INFO - Processing /opt/airflow/dags/qi_refresh_us.py took 0.545 seconds
[2025-11-03T11:01:32.852+0000] {processor.py:161} INFO - Started process (PID=4733) to work on /opt/airflow/dags/qi_refresh_us.py
[2025-11-03T11:01:32.853+0000] {processor.py:830} INFO - Processing file /opt/airflow/dags/qi_refresh_us.py for tasks to queue
[2025-11-03T11:01:32.855+0000] {logging_mixin.py:188} INFO - [2025-11-03T11:01:32.855+0000] {dagbag.py:545} INFO - Filling up the DagBag from /opt/airflow/dags/qi_refresh_us.py
[2025-11-03T11:01:33.364+0000] {processor.py:840} INFO - DAG(s) 'refresh_us_dag' retrieved from /opt/airflow/dags/qi_refresh_us.py
[2025-11-03T11:01:33.382+0000] {logging_mixin.py:188} INFO - [2025-11-03T11:01:33.382+0000] {dag.py:3089} INFO - Sync 1 DAGs
[2025-11-03T11:01:33.393+0000] {logging_mixin.py:188} INFO - [2025-11-03T11:01:33.393+0000] {dag.py:3947} INFO - Setting next_dagrun for refresh_us_dag to 2025-10-31 19:30:00+00:00, run_after=2025-11-07 19:30:00+00:00
[2025-11-03T11:01:33.410+0000] {processor.py:183} INFO - Processing /opt/airflow/dags/qi_refresh_us.py took 0.560 seconds
[2025-11-03T11:02:03.620+0000] {processor.py:161} INFO - Started process (PID=4736) to work on /opt/airflow/dags/qi_refresh_us.py
[2025-11-03T11:02:03.621+0000] {processor.py:830} INFO - Processing file /opt/airflow/dags/qi_refresh_us.py for tasks to queue
[2025-11-03T11:02:03.623+0000] {logging_mixin.py:188} INFO - [2025-11-03T11:02:03.622+0000] {dagbag.py:545} INFO - Filling up the DagBag from /opt/airflow/dags/qi_refresh_us.py
[2025-11-03T11:02:04.137+0000] {processor.py:840} INFO - DAG(s) 'refresh_us_dag' retrieved from /opt/airflow/dags/qi_refresh_us.py
[2025-11-03T11:02:04.151+0000] {logging_mixin.py:188} INFO - [2025-11-03T11:02:04.151+0000] {dag.py:3089} INFO - Sync 1 DAGs
[2025-11-03T11:02:04.160+0000] {logging_mixin.py:188} INFO - [2025-11-03T11:02:04.160+0000] {dag.py:3947} INFO - Setting next_dagrun for refresh_us_dag to 2025-10-31 19:30:00+00:00, run_after=2025-11-07 19:30:00+00:00
[2025-11-03T11:02:04.172+0000] {processor.py:183} INFO - Processing /opt/airflow/dags/qi_refresh_us.py took 0.556 seconds
[2025-11-03T11:02:34.456+0000] {processor.py:161} INFO - Started process (PID=4739) to work on /opt/airflow/dags/qi_refresh_us.py
[2025-11-03T11:02:34.457+0000] {processor.py:830} INFO - Processing file /opt/airflow/dags/qi_refresh_us.py for tasks to queue
[2025-11-03T11:02:34.458+0000] {logging_mixin.py:188} INFO - [2025-11-03T11:02:34.458+0000] {dagbag.py:545} INFO - Filling up the DagBag from /opt/airflow/dags/qi_refresh_us.py
[2025-11-03T11:02:34.957+0000] {processor.py:840} INFO - DAG(s) 'refresh_us_dag' retrieved from /opt/airflow/dags/qi_refresh_us.py
[2025-11-03T11:02:34.972+0000] {logging_mixin.py:188} INFO - [2025-11-03T11:02:34.972+0000] {dag.py:3089} INFO - Sync 1 DAGs
[2025-11-03T11:02:34.982+0000] {logging_mixin.py:188} INFO - [2025-11-03T11:02:34.982+0000] {dag.py:3947} INFO - Setting next_dagrun for refresh_us_dag to 2025-10-31 19:30:00+00:00, run_after=2025-11-07 19:30:00+00:00
[2025-11-03T11:02:34.995+0000] {processor.py:183} INFO - Processing /opt/airflow/dags/qi_refresh_us.py took 0.543 seconds
[2025-11-03T11:03:05.248+0000] {processor.py:161} INFO - Started process (PID=4742) to work on /opt/airflow/dags/qi_refresh_us.py
[2025-11-03T11:03:05.248+0000] {processor.py:830} INFO - Processing file /opt/airflow/dags/qi_refresh_us.py for tasks to queue
[2025-11-03T11:03:05.249+0000] {logging_mixin.py:188} INFO - [2025-11-03T11:03:05.249+0000] {dagbag.py:545} INFO - Filling up the DagBag from /opt/airflow/dags/qi_refresh_us.py
[2025-11-03T11:03:05.772+0000] {processor.py:840} INFO - DAG(s) 'refresh_us_dag' retrieved from /opt/airflow/dags/qi_refresh_us.py
[2025-11-03T11:03:05.785+0000] {logging_mixin.py:188} INFO - [2025-11-03T11:03:05.785+0000] {dag.py:3089} INFO - Sync 1 DAGs
[2025-11-03T11:03:05.798+0000] {logging_mixin.py:188} INFO - [2025-11-03T11:03:05.798+0000] {dag.py:3947} INFO - Setting next_dagrun for refresh_us_dag to 2025-10-31 19:30:00+00:00, run_after=2025-11-07 19:30:00+00:00
[2025-11-03T11:03:05.810+0000] {processor.py:183} INFO - Processing /opt/airflow/dags/qi_refresh_us.py took 0.566 seconds
[2025-11-03T11:03:35.995+0000] {processor.py:161} INFO - Started process (PID=4745) to work on /opt/airflow/dags/qi_refresh_us.py
[2025-11-03T11:03:35.997+0000] {processor.py:830} INFO - Processing file /opt/airflow/dags/qi_refresh_us.py for tasks to queue
[2025-11-03T11:03:35.998+0000] {logging_mixin.py:188} INFO - [2025-11-03T11:03:35.998+0000] {dagbag.py:545} INFO - Filling up the DagBag from /opt/airflow/dags/qi_refresh_us.py
[2025-11-03T11:03:36.509+0000] {processor.py:840} INFO - DAG(s) 'refresh_us_dag' retrieved from /opt/airflow/dags/qi_refresh_us.py
[2025-11-03T11:03:36.523+0000] {logging_mixin.py:188} INFO - [2025-11-03T11:03:36.523+0000] {dag.py:3089} INFO - Sync 1 DAGs
[2025-11-03T11:03:36.534+0000] {logging_mixin.py:188} INFO - [2025-11-03T11:03:36.534+0000] {dag.py:3947} INFO - Setting next_dagrun for refresh_us_dag to 2025-10-31 19:30:00+00:00, run_after=2025-11-07 19:30:00+00:00
[2025-11-03T11:03:36.546+0000] {processor.py:183} INFO - Processing /opt/airflow/dags/qi_refresh_us.py took 0.553 seconds
[2025-11-03T11:04:06.759+0000] {processor.py:161} INFO - Started process (PID=4748) to work on /opt/airflow/dags/qi_refresh_us.py
[2025-11-03T11:04:06.760+0000] {processor.py:830} INFO - Processing file /opt/airflow/dags/qi_refresh_us.py for tasks to queue
[2025-11-03T11:04:06.762+0000] {logging_mixin.py:188} INFO - [2025-11-03T11:04:06.762+0000] {dagbag.py:545} INFO - Filling up the DagBag from /opt/airflow/dags/qi_refresh_us.py
[2025-11-03T11:04:07.292+0000] {processor.py:840} INFO - DAG(s) 'refresh_us_dag' retrieved from /opt/airflow/dags/qi_refresh_us.py
[2025-11-03T11:04:07.307+0000] {logging_mixin.py:188} INFO - [2025-11-03T11:04:07.307+0000] {dag.py:3089} INFO - Sync 1 DAGs
[2025-11-03T11:04:07.318+0000] {logging_mixin.py:188} INFO - [2025-11-03T11:04:07.318+0000] {dag.py:3947} INFO - Setting next_dagrun for refresh_us_dag to 2025-10-31 19:30:00+00:00, run_after=2025-11-07 19:30:00+00:00
[2025-11-03T11:04:07.331+0000] {processor.py:183} INFO - Processing /opt/airflow/dags/qi_refresh_us.py took 0.575 seconds
[2025-11-03T11:04:37.593+0000] {processor.py:161} INFO - Started process (PID=4751) to work on /opt/airflow/dags/qi_refresh_us.py
[2025-11-03T11:04:37.594+0000] {processor.py:830} INFO - Processing file /opt/airflow/dags/qi_refresh_us.py for tasks to queue
[2025-11-03T11:04:37.596+0000] {logging_mixin.py:188} INFO - [2025-11-03T11:04:37.596+0000] {dagbag.py:545} INFO - Filling up the DagBag from /opt/airflow/dags/qi_refresh_us.py
[2025-11-03T11:04:38.114+0000] {processor.py:840} INFO - DAG(s) 'refresh_us_dag' retrieved from /opt/airflow/dags/qi_refresh_us.py
[2025-11-03T11:04:38.127+0000] {logging_mixin.py:188} INFO - [2025-11-03T11:04:38.127+0000] {dag.py:3089} INFO - Sync 1 DAGs
[2025-11-03T11:04:38.137+0000] {logging_mixin.py:188} INFO - [2025-11-03T11:04:38.137+0000] {dag.py:3947} INFO - Setting next_dagrun for refresh_us_dag to 2025-10-31 19:30:00+00:00, run_after=2025-11-07 19:30:00+00:00
[2025-11-03T11:04:38.148+0000] {processor.py:183} INFO - Processing /opt/airflow/dags/qi_refresh_us.py took 0.559 seconds
[2025-11-03T11:05:08.373+0000] {processor.py:161} INFO - Started process (PID=4754) to work on /opt/airflow/dags/qi_refresh_us.py
[2025-11-03T11:05:08.374+0000] {processor.py:830} INFO - Processing file /opt/airflow/dags/qi_refresh_us.py for tasks to queue
[2025-11-03T11:05:08.376+0000] {logging_mixin.py:188} INFO - [2025-11-03T11:05:08.376+0000] {dagbag.py:545} INFO - Filling up the DagBag from /opt/airflow/dags/qi_refresh_us.py
[2025-11-03T11:05:08.884+0000] {processor.py:840} INFO - DAG(s) 'refresh_us_dag' retrieved from /opt/airflow/dags/qi_refresh_us.py
[2025-11-03T11:05:08.898+0000] {logging_mixin.py:188} INFO - [2025-11-03T11:05:08.897+0000] {dag.py:3089} INFO - Sync 1 DAGs
[2025-11-03T11:05:08.906+0000] {logging_mixin.py:188} INFO - [2025-11-03T11:05:08.906+0000] {dag.py:3947} INFO - Setting next_dagrun for refresh_us_dag to 2025-10-31 19:30:00+00:00, run_after=2025-11-07 19:30:00+00:00
[2025-11-03T11:05:08.918+0000] {processor.py:183} INFO - Processing /opt/airflow/dags/qi_refresh_us.py took 0.550 seconds
[2025-11-03T11:05:39.134+0000] {processor.py:161} INFO - Started process (PID=4757) to work on /opt/airflow/dags/qi_refresh_us.py
[2025-11-03T11:05:39.135+0000] {processor.py:830} INFO - Processing file /opt/airflow/dags/qi_refresh_us.py for tasks to queue
[2025-11-03T11:05:39.136+0000] {logging_mixin.py:188} INFO - [2025-11-03T11:05:39.136+0000] {dagbag.py:545} INFO - Filling up the DagBag from /opt/airflow/dags/qi_refresh_us.py
[2025-11-03T11:05:39.666+0000] {processor.py:840} INFO - DAG(s) 'refresh_us_dag' retrieved from /opt/airflow/dags/qi_refresh_us.py
[2025-11-03T11:05:39.683+0000] {logging_mixin.py:188} INFO - [2025-11-03T11:05:39.683+0000] {dag.py:3089} INFO - Sync 1 DAGs
[2025-11-03T11:05:39.693+0000] {logging_mixin.py:188} INFO - [2025-11-03T11:05:39.693+0000] {dag.py:3947} INFO - Setting next_dagrun for refresh_us_dag to 2025-10-31 19:30:00+00:00, run_after=2025-11-07 19:30:00+00:00
[2025-11-03T11:05:39.702+0000] {processor.py:183} INFO - Processing /opt/airflow/dags/qi_refresh_us.py took 0.572 seconds
[2025-11-03T11:06:09.916+0000] {processor.py:161} INFO - Started process (PID=4760) to work on /opt/airflow/dags/qi_refresh_us.py
[2025-11-03T11:06:09.917+0000] {processor.py:830} INFO - Processing file /opt/airflow/dags/qi_refresh_us.py for tasks to queue
[2025-11-03T11:06:09.919+0000] {logging_mixin.py:188} INFO - [2025-11-03T11:06:09.919+0000] {dagbag.py:545} INFO - Filling up the DagBag from /opt/airflow/dags/qi_refresh_us.py
[2025-11-03T11:06:10.451+0000] {processor.py:840} INFO - DAG(s) 'refresh_us_dag' retrieved from /opt/airflow/dags/qi_refresh_us.py
[2025-11-03T11:06:10.464+0000] {logging_mixin.py:188} INFO - [2025-11-03T11:06:10.464+0000] {dag.py:3089} INFO - Sync 1 DAGs
[2025-11-03T11:06:10.476+0000] {logging_mixin.py:188} INFO - [2025-11-03T11:06:10.476+0000] {dag.py:3947} INFO - Setting next_dagrun for refresh_us_dag to 2025-10-31 19:30:00+00:00, run_after=2025-11-07 19:30:00+00:00
[2025-11-03T11:06:10.486+0000] {processor.py:183} INFO - Processing /opt/airflow/dags/qi_refresh_us.py took 0.573 seconds
[2025-11-03T11:06:40.814+0000] {processor.py:161} INFO - Started process (PID=4763) to work on /opt/airflow/dags/qi_refresh_us.py
[2025-11-03T11:06:40.815+0000] {processor.py:830} INFO - Processing file /opt/airflow/dags/qi_refresh_us.py for tasks to queue
[2025-11-03T11:06:40.816+0000] {logging_mixin.py:188} INFO - [2025-11-03T11:06:40.816+0000] {dagbag.py:545} INFO - Filling up the DagBag from /opt/airflow/dags/qi_refresh_us.py
[2025-11-03T11:06:41.363+0000] {processor.py:840} INFO - DAG(s) 'refresh_us_dag' retrieved from /opt/airflow/dags/qi_refresh_us.py
[2025-11-03T11:06:41.377+0000] {logging_mixin.py:188} INFO - [2025-11-03T11:06:41.377+0000] {dag.py:3089} INFO - Sync 1 DAGs
[2025-11-03T11:06:41.387+0000] {logging_mixin.py:188} INFO - [2025-11-03T11:06:41.387+0000] {dag.py:3947} INFO - Setting next_dagrun for refresh_us_dag to 2025-10-31 19:30:00+00:00, run_after=2025-11-07 19:30:00+00:00
[2025-11-03T11:06:41.396+0000] {processor.py:183} INFO - Processing /opt/airflow/dags/qi_refresh_us.py took 0.588 seconds
[2025-11-03T11:07:11.676+0000] {processor.py:161} INFO - Started process (PID=4766) to work on /opt/airflow/dags/qi_refresh_us.py
[2025-11-03T11:07:11.678+0000] {processor.py:830} INFO - Processing file /opt/airflow/dags/qi_refresh_us.py for tasks to queue
[2025-11-03T11:07:11.680+0000] {logging_mixin.py:188} INFO - [2025-11-03T11:07:11.680+0000] {dagbag.py:545} INFO - Filling up the DagBag from /opt/airflow/dags/qi_refresh_us.py
[2025-11-03T11:07:12.193+0000] {processor.py:840} INFO - DAG(s) 'refresh_us_dag' retrieved from /opt/airflow/dags/qi_refresh_us.py
[2025-11-03T11:07:12.208+0000] {logging_mixin.py:188} INFO - [2025-11-03T11:07:12.207+0000] {dag.py:3089} INFO - Sync 1 DAGs
[2025-11-03T11:07:12.218+0000] {logging_mixin.py:188} INFO - [2025-11-03T11:07:12.217+0000] {dag.py:3947} INFO - Setting next_dagrun for refresh_us_dag to 2025-10-31 19:30:00+00:00, run_after=2025-11-07 19:30:00+00:00
[2025-11-03T11:07:12.228+0000] {processor.py:183} INFO - Processing /opt/airflow/dags/qi_refresh_us.py took 0.558 seconds
[2025-11-03T11:07:42.491+0000] {processor.py:161} INFO - Started process (PID=4769) to work on /opt/airflow/dags/qi_refresh_us.py
[2025-11-03T11:07:42.492+0000] {processor.py:830} INFO - Processing file /opt/airflow/dags/qi_refresh_us.py for tasks to queue
[2025-11-03T11:07:42.493+0000] {logging_mixin.py:188} INFO - [2025-11-03T11:07:42.493+0000] {dagbag.py:545} INFO - Filling up the DagBag from /opt/airflow/dags/qi_refresh_us.py
[2025-11-03T11:07:42.999+0000] {processor.py:840} INFO - DAG(s) 'refresh_us_dag' retrieved from /opt/airflow/dags/qi_refresh_us.py
[2025-11-03T11:07:43.013+0000] {logging_mixin.py:188} INFO - [2025-11-03T11:07:43.013+0000] {dag.py:3089} INFO - Sync 1 DAGs
[2025-11-03T11:07:43.023+0000] {logging_mixin.py:188} INFO - [2025-11-03T11:07:43.023+0000] {dag.py:3947} INFO - Setting next_dagrun for refresh_us_dag to 2025-10-31 19:30:00+00:00, run_after=2025-11-07 19:30:00+00:00
[2025-11-03T11:07:43.033+0000] {processor.py:183} INFO - Processing /opt/airflow/dags/qi_refresh_us.py took 0.545 seconds
[2025-11-03T11:08:13.266+0000] {processor.py:161} INFO - Started process (PID=4772) to work on /opt/airflow/dags/qi_refresh_us.py
[2025-11-03T11:08:13.267+0000] {processor.py:830} INFO - Processing file /opt/airflow/dags/qi_refresh_us.py for tasks to queue
[2025-11-03T11:08:13.268+0000] {logging_mixin.py:188} INFO - [2025-11-03T11:08:13.268+0000] {dagbag.py:545} INFO - Filling up the DagBag from /opt/airflow/dags/qi_refresh_us.py
[2025-11-03T11:08:13.765+0000] {processor.py:840} INFO - DAG(s) 'refresh_us_dag' retrieved from /opt/airflow/dags/qi_refresh_us.py
[2025-11-03T11:08:13.777+0000] {logging_mixin.py:188} INFO - [2025-11-03T11:08:13.777+0000] {dag.py:3089} INFO - Sync 1 DAGs
[2025-11-03T11:08:13.787+0000] {logging_mixin.py:188} INFO - [2025-11-03T11:08:13.787+0000] {dag.py:3947} INFO - Setting next_dagrun for refresh_us_dag to 2025-10-31 19:30:00+00:00, run_after=2025-11-07 19:30:00+00:00
[2025-11-03T11:08:13.798+0000] {processor.py:183} INFO - Processing /opt/airflow/dags/qi_refresh_us.py took 0.536 seconds
[2025-11-03T11:08:44.033+0000] {processor.py:161} INFO - Started process (PID=4775) to work on /opt/airflow/dags/qi_refresh_us.py
[2025-11-03T11:08:44.033+0000] {processor.py:830} INFO - Processing file /opt/airflow/dags/qi_refresh_us.py for tasks to queue
[2025-11-03T11:08:44.036+0000] {logging_mixin.py:188} INFO - [2025-11-03T11:08:44.035+0000] {dagbag.py:545} INFO - Filling up the DagBag from /opt/airflow/dags/qi_refresh_us.py
[2025-11-03T11:08:44.532+0000] {processor.py:840} INFO - DAG(s) 'refresh_us_dag' retrieved from /opt/airflow/dags/qi_refresh_us.py
[2025-11-03T11:08:44.544+0000] {logging_mixin.py:188} INFO - [2025-11-03T11:08:44.544+0000] {dag.py:3089} INFO - Sync 1 DAGs
[2025-11-03T11:08:44.553+0000] {logging_mixin.py:188} INFO - [2025-11-03T11:08:44.553+0000] {dag.py:3947} INFO - Setting next_dagrun for refresh_us_dag to 2025-10-31 19:30:00+00:00, run_after=2025-11-07 19:30:00+00:00
[2025-11-03T11:08:44.564+0000] {processor.py:183} INFO - Processing /opt/airflow/dags/qi_refresh_us.py took 0.537 seconds
