[2025-11-03T00:00:58.974+0000] {processor.py:161} INFO - Started process (PID=4593) to work on /opt/airflow/dags/qi_refresh_fundamentals.py
[2025-11-03T00:00:58.975+0000] {processor.py:830} INFO - Processing file /opt/airflow/dags/qi_refresh_fundamentals.py for tasks to queue
[2025-11-03T00:00:58.976+0000] {logging_mixin.py:188} INFO - [2025-11-03T00:00:58.976+0000] {dagbag.py:545} INFO - Filling up the DagBag from /opt/airflow/dags/qi_refresh_fundamentals.py
[2025-11-03T00:00:58.983+0000] {processor.py:840} INFO - DAG(s) 'refresh_fundamentals_dag' retrieved from /opt/airflow/dags/qi_refresh_fundamentals.py
[2025-11-03T00:00:58.999+0000] {logging_mixin.py:188} INFO - [2025-11-03T00:00:58.998+0000] {dag.py:3089} INFO - Sync 1 DAGs
[2025-11-03T00:00:59.009+0000] {logging_mixin.py:188} INFO - [2025-11-03T00:00:59.009+0000] {dag.py:3947} INFO - Setting next_dagrun for refresh_fundamentals_dag to 2025-11-05 05:00:00+00:00, run_after=2025-12-05 05:00:00+00:00
[2025-11-03T00:00:59.018+0000] {processor.py:183} INFO - Processing /opt/airflow/dags/qi_refresh_fundamentals.py took 0.047 seconds
[2025-11-03T00:14:49.893+0000] {processor.py:161} INFO - Started process (PID=4596) to work on /opt/airflow/dags/qi_refresh_fundamentals.py
[2025-11-03T00:14:49.895+0000] {processor.py:830} INFO - Processing file /opt/airflow/dags/qi_refresh_fundamentals.py for tasks to queue
[2025-11-03T00:14:49.896+0000] {logging_mixin.py:188} INFO - [2025-11-03T00:14:49.896+0000] {dagbag.py:545} INFO - Filling up the DagBag from /opt/airflow/dags/qi_refresh_fundamentals.py
[2025-11-03T00:14:49.902+0000] {processor.py:840} INFO - DAG(s) 'refresh_fundamentals_dag' retrieved from /opt/airflow/dags/qi_refresh_fundamentals.py
[2025-11-03T00:14:49.918+0000] {logging_mixin.py:188} INFO - [2025-11-03T00:14:49.918+0000] {dag.py:3089} INFO - Sync 1 DAGs
[2025-11-03T00:14:49.929+0000] {logging_mixin.py:188} INFO - [2025-11-03T00:14:49.929+0000] {dag.py:3947} INFO - Setting next_dagrun for refresh_fundamentals_dag to 2025-11-05 05:00:00+00:00, run_after=2025-12-05 05:00:00+00:00
[2025-11-03T00:14:49.937+0000] {processor.py:183} INFO - Processing /opt/airflow/dags/qi_refresh_fundamentals.py took 0.047 seconds
[2025-11-03T00:22:20.995+0000] {processor.py:161} INFO - Started process (PID=4599) to work on /opt/airflow/dags/qi_refresh_fundamentals.py
[2025-11-03T00:22:20.996+0000] {processor.py:830} INFO - Processing file /opt/airflow/dags/qi_refresh_fundamentals.py for tasks to queue
[2025-11-03T00:22:20.997+0000] {logging_mixin.py:188} INFO - [2025-11-03T00:22:20.997+0000] {dagbag.py:545} INFO - Filling up the DagBag from /opt/airflow/dags/qi_refresh_fundamentals.py
[2025-11-03T00:22:21.004+0000] {processor.py:840} INFO - DAG(s) 'refresh_fundamentals_dag' retrieved from /opt/airflow/dags/qi_refresh_fundamentals.py
[2025-11-03T00:22:21.022+0000] {logging_mixin.py:188} INFO - [2025-11-03T00:22:21.022+0000] {dag.py:3089} INFO - Sync 1 DAGs
[2025-11-03T00:22:21.033+0000] {logging_mixin.py:188} INFO - [2025-11-03T00:22:21.033+0000] {dag.py:3947} INFO - Setting next_dagrun for refresh_fundamentals_dag to 2025-11-05 05:00:00+00:00, run_after=2025-12-05 05:00:00+00:00
[2025-11-03T00:22:21.041+0000] {processor.py:183} INFO - Processing /opt/airflow/dags/qi_refresh_fundamentals.py took 0.050 seconds
[2025-11-03T00:28:24.033+0000] {processor.py:161} INFO - Started process (PID=4602) to work on /opt/airflow/dags/qi_refresh_fundamentals.py
[2025-11-03T00:28:24.034+0000] {processor.py:830} INFO - Processing file /opt/airflow/dags/qi_refresh_fundamentals.py for tasks to queue
[2025-11-03T00:28:24.035+0000] {logging_mixin.py:188} INFO - [2025-11-03T00:28:24.035+0000] {dagbag.py:545} INFO - Filling up the DagBag from /opt/airflow/dags/qi_refresh_fundamentals.py
[2025-11-03T00:28:24.040+0000] {processor.py:840} INFO - DAG(s) 'refresh_fundamentals_dag' retrieved from /opt/airflow/dags/qi_refresh_fundamentals.py
[2025-11-03T00:28:24.055+0000] {logging_mixin.py:188} INFO - [2025-11-03T00:28:24.055+0000] {dag.py:3089} INFO - Sync 1 DAGs
[2025-11-03T00:28:24.065+0000] {logging_mixin.py:188} INFO - [2025-11-03T00:28:24.065+0000] {dag.py:3947} INFO - Setting next_dagrun for refresh_fundamentals_dag to 2025-11-05 05:00:00+00:00, run_after=2025-12-05 05:00:00+00:00
[2025-11-03T00:28:24.073+0000] {processor.py:183} INFO - Processing /opt/airflow/dags/qi_refresh_fundamentals.py took 0.042 seconds
[2025-11-03T00:42:41.427+0000] {processor.py:161} INFO - Started process (PID=4605) to work on /opt/airflow/dags/qi_refresh_fundamentals.py
[2025-11-03T00:42:41.432+0000] {processor.py:830} INFO - Processing file /opt/airflow/dags/qi_refresh_fundamentals.py for tasks to queue
[2025-11-03T00:42:41.433+0000] {logging_mixin.py:188} INFO - [2025-11-03T00:42:41.433+0000] {dagbag.py:545} INFO - Filling up the DagBag from /opt/airflow/dags/qi_refresh_fundamentals.py
[2025-11-03T00:42:41.440+0000] {processor.py:840} INFO - DAG(s) 'refresh_fundamentals_dag' retrieved from /opt/airflow/dags/qi_refresh_fundamentals.py
[2025-11-03T00:42:41.458+0000] {logging_mixin.py:188} INFO - [2025-11-03T00:42:41.458+0000] {dag.py:3089} INFO - Sync 1 DAGs
[2025-11-03T00:42:41.470+0000] {logging_mixin.py:188} INFO - [2025-11-03T00:42:41.469+0000] {dag.py:3947} INFO - Setting next_dagrun for refresh_fundamentals_dag to 2025-11-05 05:00:00+00:00, run_after=2025-12-05 05:00:00+00:00
[2025-11-03T00:42:41.479+0000] {processor.py:183} INFO - Processing /opt/airflow/dags/qi_refresh_fundamentals.py took 0.056 seconds
[2025-11-03T00:44:18.391+0000] {processor.py:161} INFO - Started process (PID=4608) to work on /opt/airflow/dags/qi_refresh_fundamentals.py
[2025-11-03T00:44:18.391+0000] {processor.py:830} INFO - Processing file /opt/airflow/dags/qi_refresh_fundamentals.py for tasks to queue
[2025-11-03T00:44:18.392+0000] {logging_mixin.py:188} INFO - [2025-11-03T00:44:18.392+0000] {dagbag.py:545} INFO - Filling up the DagBag from /opt/airflow/dags/qi_refresh_fundamentals.py
[2025-11-03T00:44:18.399+0000] {processor.py:840} INFO - DAG(s) 'refresh_fundamentals_dag' retrieved from /opt/airflow/dags/qi_refresh_fundamentals.py
[2025-11-03T00:44:18.418+0000] {logging_mixin.py:188} INFO - [2025-11-03T00:44:18.418+0000] {dag.py:3089} INFO - Sync 1 DAGs
[2025-11-03T00:44:18.430+0000] {logging_mixin.py:188} INFO - [2025-11-03T00:44:18.429+0000] {dag.py:3947} INFO - Setting next_dagrun for refresh_fundamentals_dag to 2025-11-05 05:00:00+00:00, run_after=2025-12-05 05:00:00+00:00
[2025-11-03T00:44:18.440+0000] {processor.py:183} INFO - Processing /opt/airflow/dags/qi_refresh_fundamentals.py took 0.052 seconds
[2025-11-03T01:00:43.329+0000] {processor.py:161} INFO - Started process (PID=4611) to work on /opt/airflow/dags/qi_refresh_fundamentals.py
[2025-11-03T01:00:43.330+0000] {processor.py:830} INFO - Processing file /opt/airflow/dags/qi_refresh_fundamentals.py for tasks to queue
[2025-11-03T01:00:43.331+0000] {logging_mixin.py:188} INFO - [2025-11-03T01:00:43.330+0000] {dagbag.py:545} INFO - Filling up the DagBag from /opt/airflow/dags/qi_refresh_fundamentals.py
[2025-11-03T01:00:43.336+0000] {processor.py:840} INFO - DAG(s) 'refresh_fundamentals_dag' retrieved from /opt/airflow/dags/qi_refresh_fundamentals.py
[2025-11-03T01:00:43.351+0000] {logging_mixin.py:188} INFO - [2025-11-03T01:00:43.351+0000] {dag.py:3089} INFO - Sync 1 DAGs
[2025-11-03T01:00:43.361+0000] {logging_mixin.py:188} INFO - [2025-11-03T01:00:43.361+0000] {dag.py:3947} INFO - Setting next_dagrun for refresh_fundamentals_dag to 2025-11-05 05:00:00+00:00, run_after=2025-12-05 05:00:00+00:00
[2025-11-03T01:00:43.369+0000] {processor.py:183} INFO - Processing /opt/airflow/dags/qi_refresh_fundamentals.py took 0.043 seconds
[2025-11-03T01:16:18.561+0000] {processor.py:161} INFO - Started process (PID=4614) to work on /opt/airflow/dags/qi_refresh_fundamentals.py
[2025-11-03T01:16:18.562+0000] {processor.py:830} INFO - Processing file /opt/airflow/dags/qi_refresh_fundamentals.py for tasks to queue
[2025-11-03T01:16:18.563+0000] {logging_mixin.py:188} INFO - [2025-11-03T01:16:18.562+0000] {dagbag.py:545} INFO - Filling up the DagBag from /opt/airflow/dags/qi_refresh_fundamentals.py
[2025-11-03T01:16:18.569+0000] {processor.py:840} INFO - DAG(s) 'refresh_fundamentals_dag' retrieved from /opt/airflow/dags/qi_refresh_fundamentals.py
[2025-11-03T01:16:18.591+0000] {logging_mixin.py:188} INFO - [2025-11-03T01:16:18.591+0000] {dag.py:3089} INFO - Sync 1 DAGs
[2025-11-03T01:16:18.603+0000] {logging_mixin.py:188} INFO - [2025-11-03T01:16:18.603+0000] {dag.py:3947} INFO - Setting next_dagrun for refresh_fundamentals_dag to 2025-11-05 05:00:00+00:00, run_after=2025-12-05 05:00:00+00:00
[2025-11-03T01:16:18.612+0000] {processor.py:183} INFO - Processing /opt/airflow/dags/qi_refresh_fundamentals.py took 0.054 seconds
[2025-11-03T01:31:48.343+0000] {processor.py:161} INFO - Started process (PID=4617) to work on /opt/airflow/dags/qi_refresh_fundamentals.py
[2025-11-03T01:31:48.344+0000] {processor.py:830} INFO - Processing file /opt/airflow/dags/qi_refresh_fundamentals.py for tasks to queue
[2025-11-03T01:31:48.345+0000] {logging_mixin.py:188} INFO - [2025-11-03T01:31:48.345+0000] {dagbag.py:545} INFO - Filling up the DagBag from /opt/airflow/dags/qi_refresh_fundamentals.py
[2025-11-03T01:31:48.351+0000] {processor.py:840} INFO - DAG(s) 'refresh_fundamentals_dag' retrieved from /opt/airflow/dags/qi_refresh_fundamentals.py
[2025-11-03T01:31:48.366+0000] {logging_mixin.py:188} INFO - [2025-11-03T01:31:48.366+0000] {dag.py:3089} INFO - Sync 1 DAGs
[2025-11-03T01:31:48.376+0000] {logging_mixin.py:188} INFO - [2025-11-03T01:31:48.376+0000] {dag.py:3947} INFO - Setting next_dagrun for refresh_fundamentals_dag to 2025-11-05 05:00:00+00:00, run_after=2025-12-05 05:00:00+00:00
[2025-11-03T01:31:48.384+0000] {processor.py:183} INFO - Processing /opt/airflow/dags/qi_refresh_fundamentals.py took 0.044 seconds
[2025-11-03T01:47:18.888+0000] {processor.py:161} INFO - Started process (PID=4620) to work on /opt/airflow/dags/qi_refresh_fundamentals.py
[2025-11-03T01:47:18.889+0000] {processor.py:830} INFO - Processing file /opt/airflow/dags/qi_refresh_fundamentals.py for tasks to queue
[2025-11-03T01:47:18.890+0000] {logging_mixin.py:188} INFO - [2025-11-03T01:47:18.890+0000] {dagbag.py:545} INFO - Filling up the DagBag from /opt/airflow/dags/qi_refresh_fundamentals.py
[2025-11-03T01:47:18.896+0000] {processor.py:840} INFO - DAG(s) 'refresh_fundamentals_dag' retrieved from /opt/airflow/dags/qi_refresh_fundamentals.py
[2025-11-03T01:47:18.912+0000] {logging_mixin.py:188} INFO - [2025-11-03T01:47:18.912+0000] {dag.py:3089} INFO - Sync 1 DAGs
[2025-11-03T01:47:18.922+0000] {logging_mixin.py:188} INFO - [2025-11-03T01:47:18.922+0000] {dag.py:3947} INFO - Setting next_dagrun for refresh_fundamentals_dag to 2025-11-05 05:00:00+00:00, run_after=2025-12-05 05:00:00+00:00
[2025-11-03T01:47:18.930+0000] {processor.py:183} INFO - Processing /opt/airflow/dags/qi_refresh_fundamentals.py took 0.044 seconds
[2025-11-03T02:17:22.162+0000] {processor.py:161} INFO - Started process (PID=4623) to work on /opt/airflow/dags/qi_refresh_fundamentals.py
[2025-11-03T02:17:22.162+0000] {processor.py:830} INFO - Processing file /opt/airflow/dags/qi_refresh_fundamentals.py for tasks to queue
[2025-11-03T02:17:22.163+0000] {logging_mixin.py:188} INFO - [2025-11-03T02:17:22.163+0000] {dagbag.py:545} INFO - Filling up the DagBag from /opt/airflow/dags/qi_refresh_fundamentals.py
[2025-11-03T02:17:22.170+0000] {processor.py:840} INFO - DAG(s) 'refresh_fundamentals_dag' retrieved from /opt/airflow/dags/qi_refresh_fundamentals.py
[2025-11-03T02:17:22.187+0000] {logging_mixin.py:188} INFO - [2025-11-03T02:17:22.187+0000] {dag.py:3089} INFO - Sync 1 DAGs
[2025-11-03T02:17:22.197+0000] {logging_mixin.py:188} INFO - [2025-11-03T02:17:22.197+0000] {dag.py:3947} INFO - Setting next_dagrun for refresh_fundamentals_dag to 2025-11-05 05:00:00+00:00, run_after=2025-12-05 05:00:00+00:00
[2025-11-03T02:17:22.207+0000] {processor.py:183} INFO - Processing /opt/airflow/dags/qi_refresh_fundamentals.py took 0.048 seconds
[2025-11-03T02:32:52.920+0000] {processor.py:161} INFO - Started process (PID=4626) to work on /opt/airflow/dags/qi_refresh_fundamentals.py
[2025-11-03T02:32:52.921+0000] {processor.py:830} INFO - Processing file /opt/airflow/dags/qi_refresh_fundamentals.py for tasks to queue
[2025-11-03T02:32:52.922+0000] {logging_mixin.py:188} INFO - [2025-11-03T02:32:52.921+0000] {dagbag.py:545} INFO - Filling up the DagBag from /opt/airflow/dags/qi_refresh_fundamentals.py
[2025-11-03T02:32:52.928+0000] {processor.py:840} INFO - DAG(s) 'refresh_fundamentals_dag' retrieved from /opt/airflow/dags/qi_refresh_fundamentals.py
[2025-11-03T02:32:52.943+0000] {logging_mixin.py:188} INFO - [2025-11-03T02:32:52.943+0000] {dag.py:3089} INFO - Sync 1 DAGs
[2025-11-03T02:32:52.952+0000] {logging_mixin.py:188} INFO - [2025-11-03T02:32:52.952+0000] {dag.py:3947} INFO - Setting next_dagrun for refresh_fundamentals_dag to 2025-11-05 05:00:00+00:00, run_after=2025-12-05 05:00:00+00:00
[2025-11-03T02:32:52.961+0000] {processor.py:183} INFO - Processing /opt/airflow/dags/qi_refresh_fundamentals.py took 0.044 seconds
[2025-11-03T02:48:23.139+0000] {processor.py:161} INFO - Started process (PID=4629) to work on /opt/airflow/dags/qi_refresh_fundamentals.py
[2025-11-03T02:48:23.141+0000] {processor.py:830} INFO - Processing file /opt/airflow/dags/qi_refresh_fundamentals.py for tasks to queue
[2025-11-03T02:48:23.143+0000] {logging_mixin.py:188} INFO - [2025-11-03T02:48:23.143+0000] {dagbag.py:545} INFO - Filling up the DagBag from /opt/airflow/dags/qi_refresh_fundamentals.py
[2025-11-03T02:48:23.151+0000] {processor.py:840} INFO - DAG(s) 'refresh_fundamentals_dag' retrieved from /opt/airflow/dags/qi_refresh_fundamentals.py
[2025-11-03T02:48:23.166+0000] {logging_mixin.py:188} INFO - [2025-11-03T02:48:23.166+0000] {dag.py:3089} INFO - Sync 1 DAGs
[2025-11-03T02:48:23.176+0000] {logging_mixin.py:188} INFO - [2025-11-03T02:48:23.176+0000] {dag.py:3947} INFO - Setting next_dagrun for refresh_fundamentals_dag to 2025-11-05 05:00:00+00:00, run_after=2025-12-05 05:00:00+00:00
[2025-11-03T02:48:23.186+0000] {processor.py:183} INFO - Processing /opt/airflow/dags/qi_refresh_fundamentals.py took 0.050 seconds
[2025-11-03T03:18:24.548+0000] {processor.py:161} INFO - Started process (PID=4632) to work on /opt/airflow/dags/qi_refresh_fundamentals.py
[2025-11-03T03:18:24.548+0000] {processor.py:830} INFO - Processing file /opt/airflow/dags/qi_refresh_fundamentals.py for tasks to queue
[2025-11-03T03:18:24.549+0000] {logging_mixin.py:188} INFO - [2025-11-03T03:18:24.549+0000] {dagbag.py:545} INFO - Filling up the DagBag from /opt/airflow/dags/qi_refresh_fundamentals.py
[2025-11-03T03:18:24.555+0000] {processor.py:840} INFO - DAG(s) 'refresh_fundamentals_dag' retrieved from /opt/airflow/dags/qi_refresh_fundamentals.py
[2025-11-03T03:18:24.571+0000] {logging_mixin.py:188} INFO - [2025-11-03T03:18:24.571+0000] {dag.py:3089} INFO - Sync 1 DAGs
[2025-11-03T03:18:24.581+0000] {logging_mixin.py:188} INFO - [2025-11-03T03:18:24.581+0000] {dag.py:3947} INFO - Setting next_dagrun for refresh_fundamentals_dag to 2025-11-05 05:00:00+00:00, run_after=2025-12-05 05:00:00+00:00
[2025-11-03T03:18:24.589+0000] {processor.py:183} INFO - Processing /opt/airflow/dags/qi_refresh_fundamentals.py took 0.044 seconds
[2025-11-03T03:38:15.284+0000] {processor.py:161} INFO - Started process (PID=4635) to work on /opt/airflow/dags/qi_refresh_fundamentals.py
[2025-11-03T03:38:15.285+0000] {processor.py:830} INFO - Processing file /opt/airflow/dags/qi_refresh_fundamentals.py for tasks to queue
[2025-11-03T03:38:15.286+0000] {logging_mixin.py:188} INFO - [2025-11-03T03:38:15.286+0000] {dagbag.py:545} INFO - Filling up the DagBag from /opt/airflow/dags/qi_refresh_fundamentals.py
[2025-11-03T03:38:15.294+0000] {processor.py:840} INFO - DAG(s) 'refresh_fundamentals_dag' retrieved from /opt/airflow/dags/qi_refresh_fundamentals.py
[2025-11-03T03:38:15.311+0000] {logging_mixin.py:188} INFO - [2025-11-03T03:38:15.311+0000] {dag.py:3089} INFO - Sync 1 DAGs
[2025-11-03T03:38:15.321+0000] {logging_mixin.py:188} INFO - [2025-11-03T03:38:15.321+0000] {dag.py:3947} INFO - Setting next_dagrun for refresh_fundamentals_dag to 2025-11-05 05:00:00+00:00, run_after=2025-12-05 05:00:00+00:00
[2025-11-03T03:38:15.329+0000] {processor.py:183} INFO - Processing /opt/airflow/dags/qi_refresh_fundamentals.py took 0.048 seconds
[2025-11-03T04:03:31.025+0000] {processor.py:161} INFO - Started process (PID=4638) to work on /opt/airflow/dags/qi_refresh_fundamentals.py
[2025-11-03T04:03:31.025+0000] {processor.py:830} INFO - Processing file /opt/airflow/dags/qi_refresh_fundamentals.py for tasks to queue
[2025-11-03T04:03:31.026+0000] {logging_mixin.py:188} INFO - [2025-11-03T04:03:31.026+0000] {dagbag.py:545} INFO - Filling up the DagBag from /opt/airflow/dags/qi_refresh_fundamentals.py
[2025-11-03T04:03:31.032+0000] {processor.py:840} INFO - DAG(s) 'refresh_fundamentals_dag' retrieved from /opt/airflow/dags/qi_refresh_fundamentals.py
[2025-11-03T04:03:31.047+0000] {logging_mixin.py:188} INFO - [2025-11-03T04:03:31.046+0000] {dag.py:3089} INFO - Sync 1 DAGs
[2025-11-03T04:03:31.056+0000] {logging_mixin.py:188} INFO - [2025-11-03T04:03:31.056+0000] {dag.py:3947} INFO - Setting next_dagrun for refresh_fundamentals_dag to 2025-11-05 05:00:00+00:00, run_after=2025-12-05 05:00:00+00:00
[2025-11-03T04:03:31.063+0000] {processor.py:183} INFO - Processing /opt/airflow/dags/qi_refresh_fundamentals.py took 0.042 seconds
[2025-11-03T04:19:01.877+0000] {processor.py:161} INFO - Started process (PID=4641) to work on /opt/airflow/dags/qi_refresh_fundamentals.py
[2025-11-03T04:19:01.877+0000] {processor.py:830} INFO - Processing file /opt/airflow/dags/qi_refresh_fundamentals.py for tasks to queue
[2025-11-03T04:19:01.879+0000] {logging_mixin.py:188} INFO - [2025-11-03T04:19:01.879+0000] {dagbag.py:545} INFO - Filling up the DagBag from /opt/airflow/dags/qi_refresh_fundamentals.py
[2025-11-03T04:19:01.884+0000] {processor.py:840} INFO - DAG(s) 'refresh_fundamentals_dag' retrieved from /opt/airflow/dags/qi_refresh_fundamentals.py
[2025-11-03T04:19:01.900+0000] {logging_mixin.py:188} INFO - [2025-11-03T04:19:01.899+0000] {dag.py:3089} INFO - Sync 1 DAGs
[2025-11-03T04:19:01.910+0000] {logging_mixin.py:188} INFO - [2025-11-03T04:19:01.910+0000] {dag.py:3947} INFO - Setting next_dagrun for refresh_fundamentals_dag to 2025-11-05 05:00:00+00:00, run_after=2025-12-05 05:00:00+00:00
[2025-11-03T04:19:01.918+0000] {processor.py:183} INFO - Processing /opt/airflow/dags/qi_refresh_fundamentals.py took 0.044 seconds
[2025-11-03T04:34:32.288+0000] {processor.py:161} INFO - Started process (PID=4644) to work on /opt/airflow/dags/qi_refresh_fundamentals.py
[2025-11-03T04:34:32.289+0000] {processor.py:830} INFO - Processing file /opt/airflow/dags/qi_refresh_fundamentals.py for tasks to queue
[2025-11-03T04:34:32.289+0000] {logging_mixin.py:188} INFO - [2025-11-03T04:34:32.289+0000] {dagbag.py:545} INFO - Filling up the DagBag from /opt/airflow/dags/qi_refresh_fundamentals.py
[2025-11-03T04:34:32.295+0000] {processor.py:840} INFO - DAG(s) 'refresh_fundamentals_dag' retrieved from /opt/airflow/dags/qi_refresh_fundamentals.py
[2025-11-03T04:34:32.311+0000] {logging_mixin.py:188} INFO - [2025-11-03T04:34:32.311+0000] {dag.py:3089} INFO - Sync 1 DAGs
[2025-11-03T04:34:32.321+0000] {logging_mixin.py:188} INFO - [2025-11-03T04:34:32.321+0000] {dag.py:3947} INFO - Setting next_dagrun for refresh_fundamentals_dag to 2025-11-05 05:00:00+00:00, run_after=2025-12-05 05:00:00+00:00
[2025-11-03T04:34:32.329+0000] {processor.py:183} INFO - Processing /opt/airflow/dags/qi_refresh_fundamentals.py took 0.044 seconds
[2025-11-03T04:50:02.460+0000] {processor.py:161} INFO - Started process (PID=4647) to work on /opt/airflow/dags/qi_refresh_fundamentals.py
[2025-11-03T04:50:02.461+0000] {processor.py:830} INFO - Processing file /opt/airflow/dags/qi_refresh_fundamentals.py for tasks to queue
[2025-11-03T04:50:02.462+0000] {logging_mixin.py:188} INFO - [2025-11-03T04:50:02.462+0000] {dagbag.py:545} INFO - Filling up the DagBag from /opt/airflow/dags/qi_refresh_fundamentals.py
[2025-11-03T04:50:02.468+0000] {processor.py:840} INFO - DAG(s) 'refresh_fundamentals_dag' retrieved from /opt/airflow/dags/qi_refresh_fundamentals.py
[2025-11-03T04:50:02.483+0000] {logging_mixin.py:188} INFO - [2025-11-03T04:50:02.483+0000] {dag.py:3089} INFO - Sync 1 DAGs
[2025-11-03T04:50:02.493+0000] {logging_mixin.py:188} INFO - [2025-11-03T04:50:02.493+0000] {dag.py:3947} INFO - Setting next_dagrun for refresh_fundamentals_dag to 2025-11-05 05:00:00+00:00, run_after=2025-12-05 05:00:00+00:00
[2025-11-03T04:50:02.501+0000] {processor.py:183} INFO - Processing /opt/airflow/dags/qi_refresh_fundamentals.py took 0.043 seconds
[2025-11-03T04:58:33.045+0000] {processor.py:161} INFO - Started process (PID=4650) to work on /opt/airflow/dags/qi_refresh_fundamentals.py
[2025-11-03T04:58:33.045+0000] {processor.py:830} INFO - Processing file /opt/airflow/dags/qi_refresh_fundamentals.py for tasks to queue
[2025-11-03T04:58:33.046+0000] {logging_mixin.py:188} INFO - [2025-11-03T04:58:33.046+0000] {dagbag.py:545} INFO - Filling up the DagBag from /opt/airflow/dags/qi_refresh_fundamentals.py
[2025-11-03T04:58:33.052+0000] {processor.py:840} INFO - DAG(s) 'refresh_fundamentals_dag' retrieved from /opt/airflow/dags/qi_refresh_fundamentals.py
[2025-11-03T04:58:33.066+0000] {logging_mixin.py:188} INFO - [2025-11-03T04:58:33.066+0000] {dag.py:3089} INFO - Sync 1 DAGs
[2025-11-03T04:58:33.076+0000] {logging_mixin.py:188} INFO - [2025-11-03T04:58:33.076+0000] {dag.py:3947} INFO - Setting next_dagrun for refresh_fundamentals_dag to 2025-11-05 05:00:00+00:00, run_after=2025-12-05 05:00:00+00:00
[2025-11-03T04:58:33.083+0000] {processor.py:183} INFO - Processing /opt/airflow/dags/qi_refresh_fundamentals.py took 0.042 seconds
[2025-11-03T05:19:55.206+0000] {processor.py:161} INFO - Started process (PID=4653) to work on /opt/airflow/dags/qi_refresh_fundamentals.py
[2025-11-03T05:19:55.206+0000] {processor.py:830} INFO - Processing file /opt/airflow/dags/qi_refresh_fundamentals.py for tasks to queue
[2025-11-03T05:19:55.208+0000] {logging_mixin.py:188} INFO - [2025-11-03T05:19:55.207+0000] {dagbag.py:545} INFO - Filling up the DagBag from /opt/airflow/dags/qi_refresh_fundamentals.py
[2025-11-03T05:19:55.213+0000] {processor.py:840} INFO - DAG(s) 'refresh_fundamentals_dag' retrieved from /opt/airflow/dags/qi_refresh_fundamentals.py
[2025-11-03T05:19:55.228+0000] {logging_mixin.py:188} INFO - [2025-11-03T05:19:55.228+0000] {dag.py:3089} INFO - Sync 1 DAGs
[2025-11-03T05:19:55.238+0000] {logging_mixin.py:188} INFO - [2025-11-03T05:19:55.238+0000] {dag.py:3947} INFO - Setting next_dagrun for refresh_fundamentals_dag to 2025-11-05 05:00:00+00:00, run_after=2025-12-05 05:00:00+00:00
[2025-11-03T05:19:55.247+0000] {processor.py:183} INFO - Processing /opt/airflow/dags/qi_refresh_fundamentals.py took 0.045 seconds
[2025-11-03T05:42:42.449+0000] {processor.py:161} INFO - Started process (PID=4656) to work on /opt/airflow/dags/qi_refresh_fundamentals.py
[2025-11-03T05:42:42.449+0000] {processor.py:830} INFO - Processing file /opt/airflow/dags/qi_refresh_fundamentals.py for tasks to queue
[2025-11-03T05:42:42.450+0000] {logging_mixin.py:188} INFO - [2025-11-03T05:42:42.450+0000] {dagbag.py:545} INFO - Filling up the DagBag from /opt/airflow/dags/qi_refresh_fundamentals.py
[2025-11-03T05:42:42.456+0000] {processor.py:840} INFO - DAG(s) 'refresh_fundamentals_dag' retrieved from /opt/airflow/dags/qi_refresh_fundamentals.py
[2025-11-03T05:42:42.473+0000] {logging_mixin.py:188} INFO - [2025-11-03T05:42:42.473+0000] {dag.py:3089} INFO - Sync 1 DAGs
[2025-11-03T05:42:42.483+0000] {logging_mixin.py:188} INFO - [2025-11-03T05:42:42.482+0000] {dag.py:3947} INFO - Setting next_dagrun for refresh_fundamentals_dag to 2025-11-05 05:00:00+00:00, run_after=2025-12-05 05:00:00+00:00
[2025-11-03T05:42:42.490+0000] {processor.py:183} INFO - Processing /opt/airflow/dags/qi_refresh_fundamentals.py took 0.044 seconds
[2025-11-03T05:43:13.324+0000] {processor.py:161} INFO - Started process (PID=4659) to work on /opt/airflow/dags/qi_refresh_fundamentals.py
[2025-11-03T05:43:13.329+0000] {processor.py:830} INFO - Processing file /opt/airflow/dags/qi_refresh_fundamentals.py for tasks to queue
[2025-11-03T05:43:13.330+0000] {logging_mixin.py:188} INFO - [2025-11-03T05:43:13.330+0000] {dagbag.py:545} INFO - Filling up the DagBag from /opt/airflow/dags/qi_refresh_fundamentals.py
[2025-11-03T05:43:13.336+0000] {processor.py:840} INFO - DAG(s) 'refresh_fundamentals_dag' retrieved from /opt/airflow/dags/qi_refresh_fundamentals.py
[2025-11-03T05:43:13.353+0000] {logging_mixin.py:188} INFO - [2025-11-03T05:43:13.353+0000] {dag.py:3089} INFO - Sync 1 DAGs
[2025-11-03T05:43:13.364+0000] {logging_mixin.py:188} INFO - [2025-11-03T05:43:13.364+0000] {dag.py:3947} INFO - Setting next_dagrun for refresh_fundamentals_dag to 2025-11-05 05:00:00+00:00, run_after=2025-12-05 05:00:00+00:00
[2025-11-03T05:43:13.374+0000] {processor.py:183} INFO - Processing /opt/airflow/dags/qi_refresh_fundamentals.py took 0.053 seconds
[2025-11-03T06:10:48.097+0000] {processor.py:161} INFO - Started process (PID=4662) to work on /opt/airflow/dags/qi_refresh_fundamentals.py
[2025-11-03T06:10:48.098+0000] {processor.py:830} INFO - Processing file /opt/airflow/dags/qi_refresh_fundamentals.py for tasks to queue
[2025-11-03T06:10:48.099+0000] {logging_mixin.py:188} INFO - [2025-11-03T06:10:48.099+0000] {dagbag.py:545} INFO - Filling up the DagBag from /opt/airflow/dags/qi_refresh_fundamentals.py
[2025-11-03T06:10:48.106+0000] {processor.py:840} INFO - DAG(s) 'refresh_fundamentals_dag' retrieved from /opt/airflow/dags/qi_refresh_fundamentals.py
[2025-11-03T06:10:48.123+0000] {logging_mixin.py:188} INFO - [2025-11-03T06:10:48.123+0000] {dag.py:3089} INFO - Sync 1 DAGs
[2025-11-03T06:10:48.134+0000] {logging_mixin.py:188} INFO - [2025-11-03T06:10:48.134+0000] {dag.py:3947} INFO - Setting next_dagrun for refresh_fundamentals_dag to 2025-11-05 05:00:00+00:00, run_after=2025-12-05 05:00:00+00:00
[2025-11-03T06:10:48.143+0000] {processor.py:183} INFO - Processing /opt/airflow/dags/qi_refresh_fundamentals.py took 0.049 seconds
[2025-11-03T06:35:55.818+0000] {processor.py:161} INFO - Started process (PID=4665) to work on /opt/airflow/dags/qi_refresh_fundamentals.py
[2025-11-03T06:35:55.818+0000] {processor.py:830} INFO - Processing file /opt/airflow/dags/qi_refresh_fundamentals.py for tasks to queue
[2025-11-03T06:35:55.819+0000] {logging_mixin.py:188} INFO - [2025-11-03T06:35:55.819+0000] {dagbag.py:545} INFO - Filling up the DagBag from /opt/airflow/dags/qi_refresh_fundamentals.py
[2025-11-03T06:35:55.825+0000] {processor.py:840} INFO - DAG(s) 'refresh_fundamentals_dag' retrieved from /opt/airflow/dags/qi_refresh_fundamentals.py
[2025-11-03T06:35:55.841+0000] {logging_mixin.py:188} INFO - [2025-11-03T06:35:55.841+0000] {dag.py:3089} INFO - Sync 1 DAGs
[2025-11-03T06:35:55.852+0000] {logging_mixin.py:188} INFO - [2025-11-03T06:35:55.852+0000] {dag.py:3947} INFO - Setting next_dagrun for refresh_fundamentals_dag to 2025-11-05 05:00:00+00:00, run_after=2025-12-05 05:00:00+00:00
[2025-11-03T06:35:55.862+0000] {processor.py:183} INFO - Processing /opt/airflow/dags/qi_refresh_fundamentals.py took 0.047 seconds
[2025-11-03T06:56:42.737+0000] {processor.py:161} INFO - Started process (PID=4668) to work on /opt/airflow/dags/qi_refresh_fundamentals.py
[2025-11-03T06:56:42.738+0000] {processor.py:830} INFO - Processing file /opt/airflow/dags/qi_refresh_fundamentals.py for tasks to queue
[2025-11-03T06:56:42.739+0000] {logging_mixin.py:188} INFO - [2025-11-03T06:56:42.739+0000] {dagbag.py:545} INFO - Filling up the DagBag from /opt/airflow/dags/qi_refresh_fundamentals.py
[2025-11-03T06:56:42.745+0000] {processor.py:840} INFO - DAG(s) 'refresh_fundamentals_dag' retrieved from /opt/airflow/dags/qi_refresh_fundamentals.py
[2025-11-03T06:56:42.760+0000] {logging_mixin.py:188} INFO - [2025-11-03T06:56:42.760+0000] {dag.py:3089} INFO - Sync 1 DAGs
[2025-11-03T06:56:42.770+0000] {logging_mixin.py:188} INFO - [2025-11-03T06:56:42.770+0000] {dag.py:3947} INFO - Setting next_dagrun for refresh_fundamentals_dag to 2025-11-05 05:00:00+00:00, run_after=2025-12-05 05:00:00+00:00
[2025-11-03T06:56:42.778+0000] {processor.py:183} INFO - Processing /opt/airflow/dags/qi_refresh_fundamentals.py took 0.044 seconds
[2025-11-03T07:06:28.225+0000] {processor.py:161} INFO - Started process (PID=4671) to work on /opt/airflow/dags/qi_refresh_fundamentals.py
[2025-11-03T07:06:28.225+0000] {processor.py:830} INFO - Processing file /opt/airflow/dags/qi_refresh_fundamentals.py for tasks to queue
[2025-11-03T07:06:28.226+0000] {logging_mixin.py:188} INFO - [2025-11-03T07:06:28.226+0000] {dagbag.py:545} INFO - Filling up the DagBag from /opt/airflow/dags/qi_refresh_fundamentals.py
[2025-11-03T07:06:28.232+0000] {processor.py:840} INFO - DAG(s) 'refresh_fundamentals_dag' retrieved from /opt/airflow/dags/qi_refresh_fundamentals.py
[2025-11-03T07:06:28.248+0000] {logging_mixin.py:188} INFO - [2025-11-03T07:06:28.248+0000] {dag.py:3089} INFO - Sync 1 DAGs
[2025-11-03T07:06:28.258+0000] {logging_mixin.py:188} INFO - [2025-11-03T07:06:28.258+0000] {dag.py:3947} INFO - Setting next_dagrun for refresh_fundamentals_dag to 2025-11-05 05:00:00+00:00, run_after=2025-12-05 05:00:00+00:00
[2025-11-03T07:06:28.267+0000] {processor.py:183} INFO - Processing /opt/airflow/dags/qi_refresh_fundamentals.py took 0.045 seconds
[2025-11-03T07:37:05.149+0000] {processor.py:161} INFO - Started process (PID=4674) to work on /opt/airflow/dags/qi_refresh_fundamentals.py
[2025-11-03T07:37:05.150+0000] {processor.py:830} INFO - Processing file /opt/airflow/dags/qi_refresh_fundamentals.py for tasks to queue
[2025-11-03T07:37:05.151+0000] {logging_mixin.py:188} INFO - [2025-11-03T07:37:05.151+0000] {dagbag.py:545} INFO - Filling up the DagBag from /opt/airflow/dags/qi_refresh_fundamentals.py
[2025-11-03T07:37:05.159+0000] {processor.py:840} INFO - DAG(s) 'refresh_fundamentals_dag' retrieved from /opt/airflow/dags/qi_refresh_fundamentals.py
[2025-11-03T07:37:05.177+0000] {logging_mixin.py:188} INFO - [2025-11-03T07:37:05.177+0000] {dag.py:3089} INFO - Sync 1 DAGs
[2025-11-03T07:37:05.188+0000] {logging_mixin.py:188} INFO - [2025-11-03T07:37:05.188+0000] {dag.py:3947} INFO - Setting next_dagrun for refresh_fundamentals_dag to 2025-11-05 05:00:00+00:00, run_after=2025-12-05 05:00:00+00:00
[2025-11-03T07:37:05.199+0000] {processor.py:183} INFO - Processing /opt/airflow/dags/qi_refresh_fundamentals.py took 0.053 seconds
[2025-11-03T07:52:34.888+0000] {processor.py:161} INFO - Started process (PID=4677) to work on /opt/airflow/dags/qi_refresh_fundamentals.py
[2025-11-03T07:52:34.889+0000] {processor.py:830} INFO - Processing file /opt/airflow/dags/qi_refresh_fundamentals.py for tasks to queue
[2025-11-03T07:52:34.890+0000] {logging_mixin.py:188} INFO - [2025-11-03T07:52:34.890+0000] {dagbag.py:545} INFO - Filling up the DagBag from /opt/airflow/dags/qi_refresh_fundamentals.py
[2025-11-03T07:52:34.896+0000] {processor.py:840} INFO - DAG(s) 'refresh_fundamentals_dag' retrieved from /opt/airflow/dags/qi_refresh_fundamentals.py
[2025-11-03T07:52:34.910+0000] {logging_mixin.py:188} INFO - [2025-11-03T07:52:34.910+0000] {dag.py:3089} INFO - Sync 1 DAGs
[2025-11-03T07:52:34.921+0000] {logging_mixin.py:188} INFO - [2025-11-03T07:52:34.921+0000] {dag.py:3947} INFO - Setting next_dagrun for refresh_fundamentals_dag to 2025-11-05 05:00:00+00:00, run_after=2025-12-05 05:00:00+00:00
[2025-11-03T07:52:34.928+0000] {processor.py:183} INFO - Processing /opt/airflow/dags/qi_refresh_fundamentals.py took 0.042 seconds
[2025-11-03T08:21:46.864+0000] {processor.py:161} INFO - Started process (PID=4680) to work on /opt/airflow/dags/qi_refresh_fundamentals.py
[2025-11-03T08:21:46.864+0000] {processor.py:830} INFO - Processing file /opt/airflow/dags/qi_refresh_fundamentals.py for tasks to queue
[2025-11-03T08:21:46.865+0000] {logging_mixin.py:188} INFO - [2025-11-03T08:21:46.865+0000] {dagbag.py:545} INFO - Filling up the DagBag from /opt/airflow/dags/qi_refresh_fundamentals.py
[2025-11-03T08:21:46.871+0000] {processor.py:840} INFO - DAG(s) 'refresh_fundamentals_dag' retrieved from /opt/airflow/dags/qi_refresh_fundamentals.py
[2025-11-03T08:21:46.887+0000] {logging_mixin.py:188} INFO - [2025-11-03T08:21:46.887+0000] {dag.py:3089} INFO - Sync 1 DAGs
[2025-11-03T08:21:46.898+0000] {logging_mixin.py:188} INFO - [2025-11-03T08:21:46.898+0000] {dag.py:3947} INFO - Setting next_dagrun for refresh_fundamentals_dag to 2025-11-05 05:00:00+00:00, run_after=2025-12-05 05:00:00+00:00
[2025-11-03T08:21:46.906+0000] {processor.py:183} INFO - Processing /opt/airflow/dags/qi_refresh_fundamentals.py took 0.045 seconds
[2025-11-03T08:32:07.288+0000] {processor.py:161} INFO - Started process (PID=4683) to work on /opt/airflow/dags/qi_refresh_fundamentals.py
[2025-11-03T08:32:07.289+0000] {processor.py:830} INFO - Processing file /opt/airflow/dags/qi_refresh_fundamentals.py for tasks to queue
[2025-11-03T08:32:07.290+0000] {logging_mixin.py:188} INFO - [2025-11-03T08:32:07.290+0000] {dagbag.py:545} INFO - Filling up the DagBag from /opt/airflow/dags/qi_refresh_fundamentals.py
[2025-11-03T08:32:07.297+0000] {processor.py:840} INFO - DAG(s) 'refresh_fundamentals_dag' retrieved from /opt/airflow/dags/qi_refresh_fundamentals.py
[2025-11-03T08:32:07.314+0000] {logging_mixin.py:188} INFO - [2025-11-03T08:32:07.314+0000] {dag.py:3089} INFO - Sync 1 DAGs
[2025-11-03T08:32:07.324+0000] {logging_mixin.py:188} INFO - [2025-11-03T08:32:07.324+0000] {dag.py:3947} INFO - Setting next_dagrun for refresh_fundamentals_dag to 2025-11-05 05:00:00+00:00, run_after=2025-12-05 05:00:00+00:00
[2025-11-03T08:32:07.331+0000] {processor.py:183} INFO - Processing /opt/airflow/dags/qi_refresh_fundamentals.py took 0.047 seconds
[2025-11-03T08:52:24.175+0000] {processor.py:161} INFO - Started process (PID=4686) to work on /opt/airflow/dags/qi_refresh_fundamentals.py
[2025-11-03T08:52:24.176+0000] {processor.py:830} INFO - Processing file /opt/airflow/dags/qi_refresh_fundamentals.py for tasks to queue
[2025-11-03T08:52:24.177+0000] {logging_mixin.py:188} INFO - [2025-11-03T08:52:24.177+0000] {dagbag.py:545} INFO - Filling up the DagBag from /opt/airflow/dags/qi_refresh_fundamentals.py
[2025-11-03T08:52:24.183+0000] {processor.py:840} INFO - DAG(s) 'refresh_fundamentals_dag' retrieved from /opt/airflow/dags/qi_refresh_fundamentals.py
[2025-11-03T08:52:24.198+0000] {logging_mixin.py:188} INFO - [2025-11-03T08:52:24.198+0000] {dag.py:3089} INFO - Sync 1 DAGs
[2025-11-03T08:52:24.208+0000] {logging_mixin.py:188} INFO - [2025-11-03T08:52:24.208+0000] {dag.py:3947} INFO - Setting next_dagrun for refresh_fundamentals_dag to 2025-11-05 05:00:00+00:00, run_after=2025-12-05 05:00:00+00:00
[2025-11-03T08:52:24.216+0000] {processor.py:183} INFO - Processing /opt/airflow/dags/qi_refresh_fundamentals.py took 0.043 seconds
[2025-11-03T09:07:53.864+0000] {processor.py:161} INFO - Started process (PID=4689) to work on /opt/airflow/dags/qi_refresh_fundamentals.py
[2025-11-03T09:07:53.865+0000] {processor.py:830} INFO - Processing file /opt/airflow/dags/qi_refresh_fundamentals.py for tasks to queue
[2025-11-03T09:07:53.866+0000] {logging_mixin.py:188} INFO - [2025-11-03T09:07:53.866+0000] {dagbag.py:545} INFO - Filling up the DagBag from /opt/airflow/dags/qi_refresh_fundamentals.py
[2025-11-03T09:07:53.872+0000] {processor.py:840} INFO - DAG(s) 'refresh_fundamentals_dag' retrieved from /opt/airflow/dags/qi_refresh_fundamentals.py
[2025-11-03T09:07:53.888+0000] {logging_mixin.py:188} INFO - [2025-11-03T09:07:53.888+0000] {dag.py:3089} INFO - Sync 1 DAGs
[2025-11-03T09:07:53.898+0000] {logging_mixin.py:188} INFO - [2025-11-03T09:07:53.898+0000] {dag.py:3947} INFO - Setting next_dagrun for refresh_fundamentals_dag to 2025-11-05 05:00:00+00:00, run_after=2025-12-05 05:00:00+00:00
[2025-11-03T09:07:53.905+0000] {processor.py:183} INFO - Processing /opt/airflow/dags/qi_refresh_fundamentals.py took 0.044 seconds
[2025-11-03T09:23:24.129+0000] {processor.py:161} INFO - Started process (PID=4692) to work on /opt/airflow/dags/qi_refresh_fundamentals.py
[2025-11-03T09:23:24.130+0000] {processor.py:830} INFO - Processing file /opt/airflow/dags/qi_refresh_fundamentals.py for tasks to queue
[2025-11-03T09:23:24.131+0000] {logging_mixin.py:188} INFO - [2025-11-03T09:23:24.131+0000] {dagbag.py:545} INFO - Filling up the DagBag from /opt/airflow/dags/qi_refresh_fundamentals.py
[2025-11-03T09:23:24.139+0000] {processor.py:840} INFO - DAG(s) 'refresh_fundamentals_dag' retrieved from /opt/airflow/dags/qi_refresh_fundamentals.py
[2025-11-03T09:23:24.155+0000] {logging_mixin.py:188} INFO - [2025-11-03T09:23:24.155+0000] {dag.py:3089} INFO - Sync 1 DAGs
[2025-11-03T09:23:24.166+0000] {logging_mixin.py:188} INFO - [2025-11-03T09:23:24.166+0000] {dag.py:3947} INFO - Setting next_dagrun for refresh_fundamentals_dag to 2025-11-05 05:00:00+00:00, run_after=2025-12-05 05:00:00+00:00
[2025-11-03T09:23:24.173+0000] {processor.py:183} INFO - Processing /opt/airflow/dags/qi_refresh_fundamentals.py took 0.048 seconds
[2025-11-03T09:53:57.511+0000] {processor.py:161} INFO - Started process (PID=4695) to work on /opt/airflow/dags/qi_refresh_fundamentals.py
[2025-11-03T09:53:57.513+0000] {processor.py:830} INFO - Processing file /opt/airflow/dags/qi_refresh_fundamentals.py for tasks to queue
[2025-11-03T09:53:57.517+0000] {logging_mixin.py:188} INFO - [2025-11-03T09:53:57.517+0000] {dagbag.py:545} INFO - Filling up the DagBag from /opt/airflow/dags/qi_refresh_fundamentals.py
[2025-11-03T09:53:57.543+0000] {processor.py:840} INFO - DAG(s) 'refresh_fundamentals_dag' retrieved from /opt/airflow/dags/qi_refresh_fundamentals.py
[2025-11-03T09:53:57.604+0000] {logging_mixin.py:188} INFO - [2025-11-03T09:53:57.603+0000] {dag.py:3089} INFO - Sync 1 DAGs
[2025-11-03T09:53:57.646+0000] {logging_mixin.py:188} INFO - [2025-11-03T09:53:57.646+0000] {dag.py:3947} INFO - Setting next_dagrun for refresh_fundamentals_dag to 2025-11-05 05:00:00+00:00, run_after=2025-12-05 05:00:00+00:00
[2025-11-03T09:53:57.684+0000] {processor.py:183} INFO - Processing /opt/airflow/dags/qi_refresh_fundamentals.py took 0.184 seconds
[2025-11-03T10:09:26.320+0000] {processor.py:161} INFO - Started process (PID=4698) to work on /opt/airflow/dags/qi_refresh_fundamentals.py
[2025-11-03T10:09:26.323+0000] {processor.py:830} INFO - Processing file /opt/airflow/dags/qi_refresh_fundamentals.py for tasks to queue
[2025-11-03T10:09:26.324+0000] {logging_mixin.py:188} INFO - [2025-11-03T10:09:26.324+0000] {dagbag.py:545} INFO - Filling up the DagBag from /opt/airflow/dags/qi_refresh_fundamentals.py
[2025-11-03T10:09:26.331+0000] {processor.py:840} INFO - DAG(s) 'refresh_fundamentals_dag' retrieved from /opt/airflow/dags/qi_refresh_fundamentals.py
[2025-11-03T10:09:26.347+0000] {logging_mixin.py:188} INFO - [2025-11-03T10:09:26.347+0000] {dag.py:3089} INFO - Sync 1 DAGs
[2025-11-03T10:09:26.357+0000] {logging_mixin.py:188} INFO - [2025-11-03T10:09:26.357+0000] {dag.py:3947} INFO - Setting next_dagrun for refresh_fundamentals_dag to 2025-11-05 05:00:00+00:00, run_after=2025-12-05 05:00:00+00:00
[2025-11-03T10:09:26.364+0000] {processor.py:183} INFO - Processing /opt/airflow/dags/qi_refresh_fundamentals.py took 0.048 seconds
[2025-11-03T10:24:57.904+0000] {processor.py:161} INFO - Started process (PID=4701) to work on /opt/airflow/dags/qi_refresh_fundamentals.py
[2025-11-03T10:24:57.906+0000] {processor.py:830} INFO - Processing file /opt/airflow/dags/qi_refresh_fundamentals.py for tasks to queue
[2025-11-03T10:24:57.910+0000] {logging_mixin.py:188} INFO - [2025-11-03T10:24:57.909+0000] {dagbag.py:545} INFO - Filling up the DagBag from /opt/airflow/dags/qi_refresh_fundamentals.py
[2025-11-03T10:24:57.935+0000] {processor.py:840} INFO - DAG(s) 'refresh_fundamentals_dag' retrieved from /opt/airflow/dags/qi_refresh_fundamentals.py
[2025-11-03T10:24:57.998+0000] {logging_mixin.py:188} INFO - [2025-11-03T10:24:57.997+0000] {dag.py:3089} INFO - Sync 1 DAGs
[2025-11-03T10:24:58.040+0000] {logging_mixin.py:188} INFO - [2025-11-03T10:24:58.039+0000] {dag.py:3947} INFO - Setting next_dagrun for refresh_fundamentals_dag to 2025-11-05 05:00:00+00:00, run_after=2025-12-05 05:00:00+00:00
[2025-11-03T10:24:58.070+0000] {processor.py:183} INFO - Processing /opt/airflow/dags/qi_refresh_fundamentals.py took 0.181 seconds
[2025-11-03T10:48:13.984+0000] {processor.py:161} INFO - Started process (PID=4704) to work on /opt/airflow/dags/qi_refresh_fundamentals.py
[2025-11-03T10:48:13.986+0000] {processor.py:830} INFO - Processing file /opt/airflow/dags/qi_refresh_fundamentals.py for tasks to queue
[2025-11-03T10:48:13.990+0000] {logging_mixin.py:188} INFO - [2025-11-03T10:48:13.989+0000] {dagbag.py:545} INFO - Filling up the DagBag from /opt/airflow/dags/qi_refresh_fundamentals.py
[2025-11-03T10:48:14.014+0000] {processor.py:840} INFO - DAG(s) 'refresh_fundamentals_dag' retrieved from /opt/airflow/dags/qi_refresh_fundamentals.py
[2025-11-03T10:48:14.077+0000] {logging_mixin.py:188} INFO - [2025-11-03T10:48:14.076+0000] {dag.py:3089} INFO - Sync 1 DAGs
[2025-11-03T10:48:14.114+0000] {logging_mixin.py:188} INFO - [2025-11-03T10:48:14.113+0000] {dag.py:3947} INFO - Setting next_dagrun for refresh_fundamentals_dag to 2025-11-05 05:00:00+00:00, run_after=2025-12-05 05:00:00+00:00
[2025-11-03T10:48:14.149+0000] {processor.py:183} INFO - Processing /opt/airflow/dags/qi_refresh_fundamentals.py took 0.176 seconds
[2025-11-03T10:56:20.847+0000] {processor.py:161} INFO - Started process (PID=4707) to work on /opt/airflow/dags/qi_refresh_fundamentals.py
[2025-11-03T10:56:20.848+0000] {processor.py:830} INFO - Processing file /opt/airflow/dags/qi_refresh_fundamentals.py for tasks to queue
[2025-11-03T10:56:20.850+0000] {logging_mixin.py:188} INFO - [2025-11-03T10:56:20.849+0000] {dagbag.py:545} INFO - Filling up the DagBag from /opt/airflow/dags/qi_refresh_fundamentals.py
[2025-11-03T10:56:20.858+0000] {processor.py:840} INFO - DAG(s) 'refresh_fundamentals_dag' retrieved from /opt/airflow/dags/qi_refresh_fundamentals.py
[2025-11-03T10:56:20.879+0000] {logging_mixin.py:188} INFO - [2025-11-03T10:56:20.878+0000] {dag.py:3089} INFO - Sync 1 DAGs
[2025-11-03T10:56:20.891+0000] {logging_mixin.py:188} INFO - [2025-11-03T10:56:20.890+0000] {dag.py:3947} INFO - Setting next_dagrun for refresh_fundamentals_dag to 2025-11-05 05:00:00+00:00, run_after=2025-12-05 05:00:00+00:00
[2025-11-03T10:56:20.901+0000] {processor.py:183} INFO - Processing /opt/airflow/dags/qi_refresh_fundamentals.py took 0.058 seconds
[2025-11-03T10:57:26.766+0000] {processor.py:161} INFO - Started process (PID=4710) to work on /opt/airflow/dags/qi_refresh_fundamentals.py
[2025-11-03T10:57:26.766+0000] {processor.py:830} INFO - Processing file /opt/airflow/dags/qi_refresh_fundamentals.py for tasks to queue
[2025-11-03T10:57:26.768+0000] {logging_mixin.py:188} INFO - [2025-11-03T10:57:26.768+0000] {dagbag.py:545} INFO - Filling up the DagBag from /opt/airflow/dags/qi_refresh_fundamentals.py
[2025-11-03T10:57:26.774+0000] {processor.py:840} INFO - DAG(s) 'refresh_fundamentals_dag' retrieved from /opt/airflow/dags/qi_refresh_fundamentals.py
[2025-11-03T10:57:26.790+0000] {logging_mixin.py:188} INFO - [2025-11-03T10:57:26.790+0000] {dag.py:3089} INFO - Sync 1 DAGs
[2025-11-03T10:57:26.800+0000] {logging_mixin.py:188} INFO - [2025-11-03T10:57:26.800+0000] {dag.py:3947} INFO - Setting next_dagrun for refresh_fundamentals_dag to 2025-11-05 05:00:00+00:00, run_after=2025-12-05 05:00:00+00:00
[2025-11-03T10:57:26.808+0000] {processor.py:183} INFO - Processing /opt/airflow/dags/qi_refresh_fundamentals.py took 0.046 seconds
[2025-11-03T10:57:57.575+0000] {processor.py:161} INFO - Started process (PID=4713) to work on /opt/airflow/dags/qi_refresh_fundamentals.py
[2025-11-03T10:57:57.576+0000] {processor.py:830} INFO - Processing file /opt/airflow/dags/qi_refresh_fundamentals.py for tasks to queue
[2025-11-03T10:57:57.577+0000] {logging_mixin.py:188} INFO - [2025-11-03T10:57:57.577+0000] {dagbag.py:545} INFO - Filling up the DagBag from /opt/airflow/dags/qi_refresh_fundamentals.py
[2025-11-03T10:57:57.584+0000] {processor.py:840} INFO - DAG(s) 'refresh_fundamentals_dag' retrieved from /opt/airflow/dags/qi_refresh_fundamentals.py
[2025-11-03T10:57:57.604+0000] {logging_mixin.py:188} INFO - [2025-11-03T10:57:57.603+0000] {dag.py:3089} INFO - Sync 1 DAGs
[2025-11-03T10:57:57.615+0000] {logging_mixin.py:188} INFO - [2025-11-03T10:57:57.615+0000] {dag.py:3947} INFO - Setting next_dagrun for refresh_fundamentals_dag to 2025-11-05 05:00:00+00:00, run_after=2025-12-05 05:00:00+00:00
[2025-11-03T10:57:57.626+0000] {processor.py:183} INFO - Processing /opt/airflow/dags/qi_refresh_fundamentals.py took 0.054 seconds
[2025-11-03T10:58:28.412+0000] {processor.py:161} INFO - Started process (PID=4716) to work on /opt/airflow/dags/qi_refresh_fundamentals.py
[2025-11-03T10:58:28.413+0000] {processor.py:830} INFO - Processing file /opt/airflow/dags/qi_refresh_fundamentals.py for tasks to queue
[2025-11-03T10:58:28.415+0000] {logging_mixin.py:188} INFO - [2025-11-03T10:58:28.415+0000] {dagbag.py:545} INFO - Filling up the DagBag from /opt/airflow/dags/qi_refresh_fundamentals.py
[2025-11-03T10:58:28.424+0000] {processor.py:840} INFO - DAG(s) 'refresh_fundamentals_dag' retrieved from /opt/airflow/dags/qi_refresh_fundamentals.py
[2025-11-03T10:58:28.441+0000] {logging_mixin.py:188} INFO - [2025-11-03T10:58:28.440+0000] {dag.py:3089} INFO - Sync 1 DAGs
[2025-11-03T10:58:28.451+0000] {logging_mixin.py:188} INFO - [2025-11-03T10:58:28.451+0000] {dag.py:3947} INFO - Setting next_dagrun for refresh_fundamentals_dag to 2025-11-05 05:00:00+00:00, run_after=2025-12-05 05:00:00+00:00
[2025-11-03T10:58:28.460+0000] {processor.py:183} INFO - Processing /opt/airflow/dags/qi_refresh_fundamentals.py took 0.052 seconds
[2025-11-03T10:58:59.265+0000] {processor.py:161} INFO - Started process (PID=4719) to work on /opt/airflow/dags/qi_refresh_fundamentals.py
[2025-11-03T10:58:59.266+0000] {processor.py:830} INFO - Processing file /opt/airflow/dags/qi_refresh_fundamentals.py for tasks to queue
[2025-11-03T10:58:59.267+0000] {logging_mixin.py:188} INFO - [2025-11-03T10:58:59.267+0000] {dagbag.py:545} INFO - Filling up the DagBag from /opt/airflow/dags/qi_refresh_fundamentals.py
[2025-11-03T10:58:59.274+0000] {processor.py:840} INFO - DAG(s) 'refresh_fundamentals_dag' retrieved from /opt/airflow/dags/qi_refresh_fundamentals.py
[2025-11-03T10:58:59.293+0000] {logging_mixin.py:188} INFO - [2025-11-03T10:58:59.293+0000] {dag.py:3089} INFO - Sync 1 DAGs
[2025-11-03T10:58:59.305+0000] {logging_mixin.py:188} INFO - [2025-11-03T10:58:59.305+0000] {dag.py:3947} INFO - Setting next_dagrun for refresh_fundamentals_dag to 2025-11-05 05:00:00+00:00, run_after=2025-12-05 05:00:00+00:00
[2025-11-03T10:58:59.315+0000] {processor.py:183} INFO - Processing /opt/airflow/dags/qi_refresh_fundamentals.py took 0.053 seconds
[2025-11-03T10:59:30.131+0000] {processor.py:161} INFO - Started process (PID=4722) to work on /opt/airflow/dags/qi_refresh_fundamentals.py
[2025-11-03T10:59:30.132+0000] {processor.py:830} INFO - Processing file /opt/airflow/dags/qi_refresh_fundamentals.py for tasks to queue
[2025-11-03T10:59:30.132+0000] {logging_mixin.py:188} INFO - [2025-11-03T10:59:30.132+0000] {dagbag.py:545} INFO - Filling up the DagBag from /opt/airflow/dags/qi_refresh_fundamentals.py
[2025-11-03T10:59:30.139+0000] {processor.py:840} INFO - DAG(s) 'refresh_fundamentals_dag' retrieved from /opt/airflow/dags/qi_refresh_fundamentals.py
[2025-11-03T10:59:30.155+0000] {logging_mixin.py:188} INFO - [2025-11-03T10:59:30.155+0000] {dag.py:3089} INFO - Sync 1 DAGs
[2025-11-03T10:59:30.165+0000] {logging_mixin.py:188} INFO - [2025-11-03T10:59:30.165+0000] {dag.py:3947} INFO - Setting next_dagrun for refresh_fundamentals_dag to 2025-11-05 05:00:00+00:00, run_after=2025-12-05 05:00:00+00:00
[2025-11-03T10:59:30.173+0000] {processor.py:183} INFO - Processing /opt/airflow/dags/qi_refresh_fundamentals.py took 0.045 seconds
[2025-11-03T11:00:01.011+0000] {processor.py:161} INFO - Started process (PID=4725) to work on /opt/airflow/dags/qi_refresh_fundamentals.py
[2025-11-03T11:00:01.012+0000] {processor.py:830} INFO - Processing file /opt/airflow/dags/qi_refresh_fundamentals.py for tasks to queue
[2025-11-03T11:00:01.015+0000] {logging_mixin.py:188} INFO - [2025-11-03T11:00:01.015+0000] {dagbag.py:545} INFO - Filling up the DagBag from /opt/airflow/dags/qi_refresh_fundamentals.py
[2025-11-03T11:00:01.022+0000] {processor.py:840} INFO - DAG(s) 'refresh_fundamentals_dag' retrieved from /opt/airflow/dags/qi_refresh_fundamentals.py
[2025-11-03T11:00:01.039+0000] {logging_mixin.py:188} INFO - [2025-11-03T11:00:01.039+0000] {dag.py:3089} INFO - Sync 1 DAGs
[2025-11-03T11:00:01.051+0000] {logging_mixin.py:188} INFO - [2025-11-03T11:00:01.050+0000] {dag.py:3947} INFO - Setting next_dagrun for refresh_fundamentals_dag to 2025-11-05 05:00:00+00:00, run_after=2025-12-05 05:00:00+00:00
[2025-11-03T11:00:01.059+0000] {processor.py:183} INFO - Processing /opt/airflow/dags/qi_refresh_fundamentals.py took 0.052 seconds
[2025-11-03T11:00:31.792+0000] {processor.py:161} INFO - Started process (PID=4728) to work on /opt/airflow/dags/qi_refresh_fundamentals.py
[2025-11-03T11:00:31.792+0000] {processor.py:830} INFO - Processing file /opt/airflow/dags/qi_refresh_fundamentals.py for tasks to queue
[2025-11-03T11:00:31.794+0000] {logging_mixin.py:188} INFO - [2025-11-03T11:00:31.793+0000] {dagbag.py:545} INFO - Filling up the DagBag from /opt/airflow/dags/qi_refresh_fundamentals.py
[2025-11-03T11:00:31.799+0000] {processor.py:840} INFO - DAG(s) 'refresh_fundamentals_dag' retrieved from /opt/airflow/dags/qi_refresh_fundamentals.py
[2025-11-03T11:00:31.815+0000] {logging_mixin.py:188} INFO - [2025-11-03T11:00:31.815+0000] {dag.py:3089} INFO - Sync 1 DAGs
[2025-11-03T11:00:31.826+0000] {logging_mixin.py:188} INFO - [2025-11-03T11:00:31.826+0000] {dag.py:3947} INFO - Setting next_dagrun for refresh_fundamentals_dag to 2025-11-05 05:00:00+00:00, run_after=2025-12-05 05:00:00+00:00
[2025-11-03T11:00:31.835+0000] {processor.py:183} INFO - Processing /opt/airflow/dags/qi_refresh_fundamentals.py took 0.046 seconds
[2025-11-03T11:01:02.564+0000] {processor.py:161} INFO - Started process (PID=4731) to work on /opt/airflow/dags/qi_refresh_fundamentals.py
[2025-11-03T11:01:02.564+0000] {processor.py:830} INFO - Processing file /opt/airflow/dags/qi_refresh_fundamentals.py for tasks to queue
[2025-11-03T11:01:02.566+0000] {logging_mixin.py:188} INFO - [2025-11-03T11:01:02.565+0000] {dagbag.py:545} INFO - Filling up the DagBag from /opt/airflow/dags/qi_refresh_fundamentals.py
[2025-11-03T11:01:02.571+0000] {processor.py:840} INFO - DAG(s) 'refresh_fundamentals_dag' retrieved from /opt/airflow/dags/qi_refresh_fundamentals.py
[2025-11-03T11:01:02.587+0000] {logging_mixin.py:188} INFO - [2025-11-03T11:01:02.587+0000] {dag.py:3089} INFO - Sync 1 DAGs
[2025-11-03T11:01:02.596+0000] {logging_mixin.py:188} INFO - [2025-11-03T11:01:02.596+0000] {dag.py:3947} INFO - Setting next_dagrun for refresh_fundamentals_dag to 2025-11-05 05:00:00+00:00, run_after=2025-12-05 05:00:00+00:00
[2025-11-03T11:01:02.604+0000] {processor.py:183} INFO - Processing /opt/airflow/dags/qi_refresh_fundamentals.py took 0.044 seconds
[2025-11-03T11:01:33.432+0000] {processor.py:161} INFO - Started process (PID=4734) to work on /opt/airflow/dags/qi_refresh_fundamentals.py
[2025-11-03T11:01:33.433+0000] {processor.py:830} INFO - Processing file /opt/airflow/dags/qi_refresh_fundamentals.py for tasks to queue
[2025-11-03T11:01:33.434+0000] {logging_mixin.py:188} INFO - [2025-11-03T11:01:33.434+0000] {dagbag.py:545} INFO - Filling up the DagBag from /opt/airflow/dags/qi_refresh_fundamentals.py
[2025-11-03T11:01:33.441+0000] {processor.py:840} INFO - DAG(s) 'refresh_fundamentals_dag' retrieved from /opt/airflow/dags/qi_refresh_fundamentals.py
[2025-11-03T11:01:33.458+0000] {logging_mixin.py:188} INFO - [2025-11-03T11:01:33.458+0000] {dag.py:3089} INFO - Sync 1 DAGs
[2025-11-03T11:01:33.469+0000] {logging_mixin.py:188} INFO - [2025-11-03T11:01:33.469+0000] {dag.py:3947} INFO - Setting next_dagrun for refresh_fundamentals_dag to 2025-11-05 05:00:00+00:00, run_after=2025-12-05 05:00:00+00:00
[2025-11-03T11:01:33.477+0000] {processor.py:183} INFO - Processing /opt/airflow/dags/qi_refresh_fundamentals.py took 0.048 seconds
[2025-11-03T11:02:04.195+0000] {processor.py:161} INFO - Started process (PID=4737) to work on /opt/airflow/dags/qi_refresh_fundamentals.py
[2025-11-03T11:02:04.196+0000] {processor.py:830} INFO - Processing file /opt/airflow/dags/qi_refresh_fundamentals.py for tasks to queue
[2025-11-03T11:02:04.197+0000] {logging_mixin.py:188} INFO - [2025-11-03T11:02:04.197+0000] {dagbag.py:545} INFO - Filling up the DagBag from /opt/airflow/dags/qi_refresh_fundamentals.py
[2025-11-03T11:02:04.207+0000] {processor.py:840} INFO - DAG(s) 'refresh_fundamentals_dag' retrieved from /opt/airflow/dags/qi_refresh_fundamentals.py
[2025-11-03T11:02:04.227+0000] {logging_mixin.py:188} INFO - [2025-11-03T11:02:04.227+0000] {dag.py:3089} INFO - Sync 1 DAGs
[2025-11-03T11:02:04.239+0000] {logging_mixin.py:188} INFO - [2025-11-03T11:02:04.239+0000] {dag.py:3947} INFO - Setting next_dagrun for refresh_fundamentals_dag to 2025-11-05 05:00:00+00:00, run_after=2025-12-05 05:00:00+00:00
[2025-11-03T11:02:04.249+0000] {processor.py:183} INFO - Processing /opt/airflow/dags/qi_refresh_fundamentals.py took 0.057 seconds
[2025-11-03T11:02:35.010+0000] {processor.py:161} INFO - Started process (PID=4740) to work on /opt/airflow/dags/qi_refresh_fundamentals.py
[2025-11-03T11:02:35.011+0000] {processor.py:830} INFO - Processing file /opt/airflow/dags/qi_refresh_fundamentals.py for tasks to queue
[2025-11-03T11:02:35.012+0000] {logging_mixin.py:188} INFO - [2025-11-03T11:02:35.012+0000] {dagbag.py:545} INFO - Filling up the DagBag from /opt/airflow/dags/qi_refresh_fundamentals.py
[2025-11-03T11:02:35.018+0000] {processor.py:840} INFO - DAG(s) 'refresh_fundamentals_dag' retrieved from /opt/airflow/dags/qi_refresh_fundamentals.py
[2025-11-03T11:02:35.036+0000] {logging_mixin.py:188} INFO - [2025-11-03T11:02:35.036+0000] {dag.py:3089} INFO - Sync 1 DAGs
[2025-11-03T11:02:35.048+0000] {logging_mixin.py:188} INFO - [2025-11-03T11:02:35.048+0000] {dag.py:3947} INFO - Setting next_dagrun for refresh_fundamentals_dag to 2025-11-05 05:00:00+00:00, run_after=2025-12-05 05:00:00+00:00
[2025-11-03T11:02:35.057+0000] {processor.py:183} INFO - Processing /opt/airflow/dags/qi_refresh_fundamentals.py took 0.050 seconds
[2025-11-03T11:03:05.828+0000] {processor.py:161} INFO - Started process (PID=4743) to work on /opt/airflow/dags/qi_refresh_fundamentals.py
[2025-11-03T11:03:05.829+0000] {processor.py:830} INFO - Processing file /opt/airflow/dags/qi_refresh_fundamentals.py for tasks to queue
[2025-11-03T11:03:05.830+0000] {logging_mixin.py:188} INFO - [2025-11-03T11:03:05.830+0000] {dagbag.py:545} INFO - Filling up the DagBag from /opt/airflow/dags/qi_refresh_fundamentals.py
[2025-11-03T11:03:05.837+0000] {processor.py:840} INFO - DAG(s) 'refresh_fundamentals_dag' retrieved from /opt/airflow/dags/qi_refresh_fundamentals.py
[2025-11-03T11:03:05.855+0000] {logging_mixin.py:188} INFO - [2025-11-03T11:03:05.855+0000] {dag.py:3089} INFO - Sync 1 DAGs
[2025-11-03T11:03:05.866+0000] {logging_mixin.py:188} INFO - [2025-11-03T11:03:05.866+0000] {dag.py:3947} INFO - Setting next_dagrun for refresh_fundamentals_dag to 2025-11-05 05:00:00+00:00, run_after=2025-12-05 05:00:00+00:00
[2025-11-03T11:03:05.875+0000] {processor.py:183} INFO - Processing /opt/airflow/dags/qi_refresh_fundamentals.py took 0.050 seconds
[2025-11-03T11:03:36.564+0000] {processor.py:161} INFO - Started process (PID=4746) to work on /opt/airflow/dags/qi_refresh_fundamentals.py
[2025-11-03T11:03:36.564+0000] {processor.py:830} INFO - Processing file /opt/airflow/dags/qi_refresh_fundamentals.py for tasks to queue
[2025-11-03T11:03:36.565+0000] {logging_mixin.py:188} INFO - [2025-11-03T11:03:36.565+0000] {dagbag.py:545} INFO - Filling up the DagBag from /opt/airflow/dags/qi_refresh_fundamentals.py
[2025-11-03T11:03:36.572+0000] {processor.py:840} INFO - DAG(s) 'refresh_fundamentals_dag' retrieved from /opt/airflow/dags/qi_refresh_fundamentals.py
[2025-11-03T11:03:36.589+0000] {logging_mixin.py:188} INFO - [2025-11-03T11:03:36.589+0000] {dag.py:3089} INFO - Sync 1 DAGs
[2025-11-03T11:03:36.601+0000] {logging_mixin.py:188} INFO - [2025-11-03T11:03:36.601+0000] {dag.py:3947} INFO - Setting next_dagrun for refresh_fundamentals_dag to 2025-11-05 05:00:00+00:00, run_after=2025-12-05 05:00:00+00:00
[2025-11-03T11:03:36.610+0000] {processor.py:183} INFO - Processing /opt/airflow/dags/qi_refresh_fundamentals.py took 0.050 seconds
[2025-11-03T11:04:07.356+0000] {processor.py:161} INFO - Started process (PID=4749) to work on /opt/airflow/dags/qi_refresh_fundamentals.py
[2025-11-03T11:04:07.357+0000] {processor.py:830} INFO - Processing file /opt/airflow/dags/qi_refresh_fundamentals.py for tasks to queue
[2025-11-03T11:04:07.358+0000] {logging_mixin.py:188} INFO - [2025-11-03T11:04:07.358+0000] {dagbag.py:545} INFO - Filling up the DagBag from /opt/airflow/dags/qi_refresh_fundamentals.py
[2025-11-03T11:04:07.368+0000] {processor.py:840} INFO - DAG(s) 'refresh_fundamentals_dag' retrieved from /opt/airflow/dags/qi_refresh_fundamentals.py
[2025-11-03T11:04:07.393+0000] {logging_mixin.py:188} INFO - [2025-11-03T11:04:07.393+0000] {dag.py:3089} INFO - Sync 1 DAGs
[2025-11-03T11:04:07.405+0000] {logging_mixin.py:188} INFO - [2025-11-03T11:04:07.405+0000] {dag.py:3947} INFO - Setting next_dagrun for refresh_fundamentals_dag to 2025-11-05 05:00:00+00:00, run_after=2025-12-05 05:00:00+00:00
[2025-11-03T11:04:07.415+0000] {processor.py:183} INFO - Processing /opt/airflow/dags/qi_refresh_fundamentals.py took 0.063 seconds
[2025-11-03T11:04:38.167+0000] {processor.py:161} INFO - Started process (PID=4752) to work on /opt/airflow/dags/qi_refresh_fundamentals.py
[2025-11-03T11:04:38.167+0000] {processor.py:830} INFO - Processing file /opt/airflow/dags/qi_refresh_fundamentals.py for tasks to queue
[2025-11-03T11:04:38.168+0000] {logging_mixin.py:188} INFO - [2025-11-03T11:04:38.168+0000] {dagbag.py:545} INFO - Filling up the DagBag from /opt/airflow/dags/qi_refresh_fundamentals.py
[2025-11-03T11:04:38.175+0000] {processor.py:840} INFO - DAG(s) 'refresh_fundamentals_dag' retrieved from /opt/airflow/dags/qi_refresh_fundamentals.py
[2025-11-03T11:04:38.192+0000] {logging_mixin.py:188} INFO - [2025-11-03T11:04:38.192+0000] {dag.py:3089} INFO - Sync 1 DAGs
[2025-11-03T11:04:38.203+0000] {logging_mixin.py:188} INFO - [2025-11-03T11:04:38.203+0000] {dag.py:3947} INFO - Setting next_dagrun for refresh_fundamentals_dag to 2025-11-05 05:00:00+00:00, run_after=2025-12-05 05:00:00+00:00
[2025-11-03T11:04:38.212+0000] {processor.py:183} INFO - Processing /opt/airflow/dags/qi_refresh_fundamentals.py took 0.048 seconds
[2025-11-03T11:05:08.939+0000] {processor.py:161} INFO - Started process (PID=4755) to work on /opt/airflow/dags/qi_refresh_fundamentals.py
[2025-11-03T11:05:08.940+0000] {processor.py:830} INFO - Processing file /opt/airflow/dags/qi_refresh_fundamentals.py for tasks to queue
[2025-11-03T11:05:08.941+0000] {logging_mixin.py:188} INFO - [2025-11-03T11:05:08.941+0000] {dagbag.py:545} INFO - Filling up the DagBag from /opt/airflow/dags/qi_refresh_fundamentals.py
[2025-11-03T11:05:08.948+0000] {processor.py:840} INFO - DAG(s) 'refresh_fundamentals_dag' retrieved from /opt/airflow/dags/qi_refresh_fundamentals.py
[2025-11-03T11:05:08.965+0000] {logging_mixin.py:188} INFO - [2025-11-03T11:05:08.965+0000] {dag.py:3089} INFO - Sync 1 DAGs
[2025-11-03T11:05:08.977+0000] {logging_mixin.py:188} INFO - [2025-11-03T11:05:08.977+0000] {dag.py:3947} INFO - Setting next_dagrun for refresh_fundamentals_dag to 2025-11-05 05:00:00+00:00, run_after=2025-12-05 05:00:00+00:00
[2025-11-03T11:05:08.986+0000] {processor.py:183} INFO - Processing /opt/airflow/dags/qi_refresh_fundamentals.py took 0.051 seconds
[2025-11-03T11:05:39.723+0000] {processor.py:161} INFO - Started process (PID=4758) to work on /opt/airflow/dags/qi_refresh_fundamentals.py
[2025-11-03T11:05:39.724+0000] {processor.py:830} INFO - Processing file /opt/airflow/dags/qi_refresh_fundamentals.py for tasks to queue
[2025-11-03T11:05:39.726+0000] {logging_mixin.py:188} INFO - [2025-11-03T11:05:39.725+0000] {dagbag.py:545} INFO - Filling up the DagBag from /opt/airflow/dags/qi_refresh_fundamentals.py
[2025-11-03T11:05:39.736+0000] {processor.py:840} INFO - DAG(s) 'refresh_fundamentals_dag' retrieved from /opt/airflow/dags/qi_refresh_fundamentals.py
[2025-11-03T11:05:39.754+0000] {logging_mixin.py:188} INFO - [2025-11-03T11:05:39.754+0000] {dag.py:3089} INFO - Sync 1 DAGs
[2025-11-03T11:05:39.766+0000] {logging_mixin.py:188} INFO - [2025-11-03T11:05:39.766+0000] {dag.py:3947} INFO - Setting next_dagrun for refresh_fundamentals_dag to 2025-11-05 05:00:00+00:00, run_after=2025-12-05 05:00:00+00:00
[2025-11-03T11:05:39.777+0000] {processor.py:183} INFO - Processing /opt/airflow/dags/qi_refresh_fundamentals.py took 0.057 seconds
[2025-11-03T11:06:10.504+0000] {processor.py:161} INFO - Started process (PID=4761) to work on /opt/airflow/dags/qi_refresh_fundamentals.py
[2025-11-03T11:06:10.505+0000] {processor.py:830} INFO - Processing file /opt/airflow/dags/qi_refresh_fundamentals.py for tasks to queue
[2025-11-03T11:06:10.506+0000] {logging_mixin.py:188} INFO - [2025-11-03T11:06:10.506+0000] {dagbag.py:545} INFO - Filling up the DagBag from /opt/airflow/dags/qi_refresh_fundamentals.py
[2025-11-03T11:06:10.513+0000] {processor.py:840} INFO - DAG(s) 'refresh_fundamentals_dag' retrieved from /opt/airflow/dags/qi_refresh_fundamentals.py
[2025-11-03T11:06:10.530+0000] {logging_mixin.py:188} INFO - [2025-11-03T11:06:10.530+0000] {dag.py:3089} INFO - Sync 1 DAGs
[2025-11-03T11:06:10.547+0000] {logging_mixin.py:188} INFO - [2025-11-03T11:06:10.547+0000] {dag.py:3947} INFO - Setting next_dagrun for refresh_fundamentals_dag to 2025-11-05 05:00:00+00:00, run_after=2025-12-05 05:00:00+00:00
[2025-11-03T11:06:10.557+0000] {processor.py:183} INFO - Processing /opt/airflow/dags/qi_refresh_fundamentals.py took 0.056 seconds
[2025-11-03T11:06:41.416+0000] {processor.py:161} INFO - Started process (PID=4764) to work on /opt/airflow/dags/qi_refresh_fundamentals.py
[2025-11-03T11:06:41.421+0000] {processor.py:830} INFO - Processing file /opt/airflow/dags/qi_refresh_fundamentals.py for tasks to queue
[2025-11-03T11:06:41.423+0000] {logging_mixin.py:188} INFO - [2025-11-03T11:06:41.422+0000] {dagbag.py:545} INFO - Filling up the DagBag from /opt/airflow/dags/qi_refresh_fundamentals.py
[2025-11-03T11:06:41.429+0000] {processor.py:840} INFO - DAG(s) 'refresh_fundamentals_dag' retrieved from /opt/airflow/dags/qi_refresh_fundamentals.py
[2025-11-03T11:06:41.448+0000] {logging_mixin.py:188} INFO - [2025-11-03T11:06:41.448+0000] {dag.py:3089} INFO - Sync 1 DAGs
[2025-11-03T11:06:41.458+0000] {logging_mixin.py:188} INFO - [2025-11-03T11:06:41.458+0000] {dag.py:3947} INFO - Setting next_dagrun for refresh_fundamentals_dag to 2025-11-05 05:00:00+00:00, run_after=2025-12-05 05:00:00+00:00
[2025-11-03T11:06:41.466+0000] {processor.py:183} INFO - Processing /opt/airflow/dags/qi_refresh_fundamentals.py took 0.053 seconds
[2025-11-03T11:07:12.246+0000] {processor.py:161} INFO - Started process (PID=4767) to work on /opt/airflow/dags/qi_refresh_fundamentals.py
[2025-11-03T11:07:12.246+0000] {processor.py:830} INFO - Processing file /opt/airflow/dags/qi_refresh_fundamentals.py for tasks to queue
[2025-11-03T11:07:12.247+0000] {logging_mixin.py:188} INFO - [2025-11-03T11:07:12.247+0000] {dagbag.py:545} INFO - Filling up the DagBag from /opt/airflow/dags/qi_refresh_fundamentals.py
[2025-11-03T11:07:12.254+0000] {processor.py:840} INFO - DAG(s) 'refresh_fundamentals_dag' retrieved from /opt/airflow/dags/qi_refresh_fundamentals.py
[2025-11-03T11:07:12.270+0000] {logging_mixin.py:188} INFO - [2025-11-03T11:07:12.270+0000] {dag.py:3089} INFO - Sync 1 DAGs
[2025-11-03T11:07:12.280+0000] {logging_mixin.py:188} INFO - [2025-11-03T11:07:12.280+0000] {dag.py:3947} INFO - Setting next_dagrun for refresh_fundamentals_dag to 2025-11-05 05:00:00+00:00, run_after=2025-12-05 05:00:00+00:00
[2025-11-03T11:07:12.288+0000] {processor.py:183} INFO - Processing /opt/airflow/dags/qi_refresh_fundamentals.py took 0.046 seconds
[2025-11-03T11:07:43.057+0000] {processor.py:161} INFO - Started process (PID=4770) to work on /opt/airflow/dags/qi_refresh_fundamentals.py
[2025-11-03T11:07:43.058+0000] {processor.py:830} INFO - Processing file /opt/airflow/dags/qi_refresh_fundamentals.py for tasks to queue
[2025-11-03T11:07:43.059+0000] {logging_mixin.py:188} INFO - [2025-11-03T11:07:43.058+0000] {dagbag.py:545} INFO - Filling up the DagBag from /opt/airflow/dags/qi_refresh_fundamentals.py
[2025-11-03T11:07:43.065+0000] {processor.py:840} INFO - DAG(s) 'refresh_fundamentals_dag' retrieved from /opt/airflow/dags/qi_refresh_fundamentals.py
[2025-11-03T11:07:43.083+0000] {logging_mixin.py:188} INFO - [2025-11-03T11:07:43.083+0000] {dag.py:3089} INFO - Sync 1 DAGs
[2025-11-03T11:07:43.094+0000] {logging_mixin.py:188} INFO - [2025-11-03T11:07:43.093+0000] {dag.py:3947} INFO - Setting next_dagrun for refresh_fundamentals_dag to 2025-11-05 05:00:00+00:00, run_after=2025-12-05 05:00:00+00:00
[2025-11-03T11:07:43.102+0000] {processor.py:183} INFO - Processing /opt/airflow/dags/qi_refresh_fundamentals.py took 0.049 seconds
[2025-11-03T11:08:13.813+0000] {processor.py:161} INFO - Started process (PID=4773) to work on /opt/airflow/dags/qi_refresh_fundamentals.py
[2025-11-03T11:08:13.814+0000] {processor.py:830} INFO - Processing file /opt/airflow/dags/qi_refresh_fundamentals.py for tasks to queue
[2025-11-03T11:08:13.815+0000] {logging_mixin.py:188} INFO - [2025-11-03T11:08:13.815+0000] {dagbag.py:545} INFO - Filling up the DagBag from /opt/airflow/dags/qi_refresh_fundamentals.py
[2025-11-03T11:08:13.821+0000] {processor.py:840} INFO - DAG(s) 'refresh_fundamentals_dag' retrieved from /opt/airflow/dags/qi_refresh_fundamentals.py
[2025-11-03T11:08:13.837+0000] {logging_mixin.py:188} INFO - [2025-11-03T11:08:13.837+0000] {dag.py:3089} INFO - Sync 1 DAGs
[2025-11-03T11:08:13.847+0000] {logging_mixin.py:188} INFO - [2025-11-03T11:08:13.847+0000] {dag.py:3947} INFO - Setting next_dagrun for refresh_fundamentals_dag to 2025-11-05 05:00:00+00:00, run_after=2025-12-05 05:00:00+00:00
[2025-11-03T11:08:13.855+0000] {processor.py:183} INFO - Processing /opt/airflow/dags/qi_refresh_fundamentals.py took 0.044 seconds
[2025-11-03T11:08:44.580+0000] {processor.py:161} INFO - Started process (PID=4776) to work on /opt/airflow/dags/qi_refresh_fundamentals.py
[2025-11-03T11:08:44.581+0000] {processor.py:830} INFO - Processing file /opt/airflow/dags/qi_refresh_fundamentals.py for tasks to queue
[2025-11-03T11:08:44.582+0000] {logging_mixin.py:188} INFO - [2025-11-03T11:08:44.581+0000] {dagbag.py:545} INFO - Filling up the DagBag from /opt/airflow/dags/qi_refresh_fundamentals.py
[2025-11-03T11:08:44.588+0000] {processor.py:840} INFO - DAG(s) 'refresh_fundamentals_dag' retrieved from /opt/airflow/dags/qi_refresh_fundamentals.py
[2025-11-03T11:08:44.605+0000] {logging_mixin.py:188} INFO - [2025-11-03T11:08:44.605+0000] {dag.py:3089} INFO - Sync 1 DAGs
[2025-11-03T11:08:44.615+0000] {logging_mixin.py:188} INFO - [2025-11-03T11:08:44.615+0000] {dag.py:3947} INFO - Setting next_dagrun for refresh_fundamentals_dag to 2025-11-05 05:00:00+00:00, run_after=2025-12-05 05:00:00+00:00
[2025-11-03T11:08:44.625+0000] {processor.py:183} INFO - Processing /opt/airflow/dags/qi_refresh_fundamentals.py took 0.048 seconds
